[0.411s] Invoking command in '/home/conner/mechatronics/pid/build/pid_controller': CMAKE_PREFIX_PATH=/home/conner/mechatronics/pid/install/robot_types:/home/conner/mechatronics/pid/install/pid_controller:/home/conner/mechatronics/pid/install/dummy_sensor:/home/conner/mechatronics/pid/install/dummy_brain:/opt/ros/foxy LD_LIBRARY_PATH=/home/conner/mechatronics/pid/install/robot_types/lib:/opt/ros/foxy/opt/yaml_cpp_vendor/lib:/opt/ros/foxy/opt/rviz_ogre_vendor/lib:/opt/ros/foxy/lib/x86_64-linux-gnu:/opt/ros/foxy/lib PYTHONPATH=/home/conner/mechatronics/pid/install/robot_types/lib/python3.8/site-packages:/opt/ros/foxy/lib/python3.8/site-packages /usr/bin/cmake --build /home/conner/mechatronics/pid/build/pid_controller -- -j8 -l8
[0.484s] [35m[1mScanning dependencies of target pid_controller[0m
[0.518s] [ 20%] [32mBuilding CXX object CMakeFiles/pid_controller.dir/src/scion_pid_controller.cpp.o[0m
[1.833s] [ 40%] [32m[1mLinking CXX executable pid_controller[0m
[2.437s] [100%] Built target pid_controller
[2.456s] Invoked command in '/home/conner/mechatronics/pid/build/pid_controller' returned '0': CMAKE_PREFIX_PATH=/home/conner/mechatronics/pid/install/robot_types:/home/conner/mechatronics/pid/install/pid_controller:/home/conner/mechatronics/pid/install/dummy_sensor:/home/conner/mechatronics/pid/install/dummy_brain:/opt/ros/foxy LD_LIBRARY_PATH=/home/conner/mechatronics/pid/install/robot_types/lib:/opt/ros/foxy/opt/yaml_cpp_vendor/lib:/opt/ros/foxy/opt/rviz_ogre_vendor/lib:/opt/ros/foxy/lib/x86_64-linux-gnu:/opt/ros/foxy/lib PYTHONPATH=/home/conner/mechatronics/pid/install/robot_types/lib/python3.8/site-packages:/opt/ros/foxy/lib/python3.8/site-packages /usr/bin/cmake --build /home/conner/mechatronics/pid/build/pid_controller -- -j8 -l8
[2.509s] Invoking command in '/home/conner/mechatronics/pid/build/pid_controller': CMAKE_PREFIX_PATH=/home/conner/mechatronics/pid/install/robot_types:/home/conner/mechatronics/pid/install/pid_controller:/home/conner/mechatronics/pid/install/dummy_sensor:/home/conner/mechatronics/pid/install/dummy_brain:/opt/ros/foxy LD_LIBRARY_PATH=/home/conner/mechatronics/pid/install/robot_types/lib:/opt/ros/foxy/opt/yaml_cpp_vendor/lib:/opt/ros/foxy/opt/rviz_ogre_vendor/lib:/opt/ros/foxy/lib/x86_64-linux-gnu:/opt/ros/foxy/lib PYTHONPATH=/home/conner/mechatronics/pid/install/robot_types/lib/python3.8/site-packages:/opt/ros/foxy/lib/python3.8/site-packages /usr/bin/cmake --install /home/conner/mechatronics/pid/build/pid_controller
[2.521s] -- Install configuration: ""
[2.521s] -- Installing: /home/conner/mechatronics/pid/install/pid_controller/lib/pid_controller/pid_controller
[2.541s] -- Set runtime path of "/home/conner/mechatronics/pid/install/pid_controller/lib/pid_controller/pid_controller" to ""
[2.542s] -- Up-to-date: /home/conner/mechatronics/pid/install/pid_controller/share/ament_index/resource_index/package_run_dependencies/pid_controller
[2.543s] -- Up-to-date: /home/conner/mechatronics/pid/install/pid_controller/share/ament_index/resource_index/parent_prefix_path/pid_controller
[2.543s] -- Up-to-date: /home/conner/mechatronics/pid/install/pid_controller/share/pid_controller/environment/ament_prefix_path.sh
[2.544s] -- Up-to-date: /home/conner/mechatronics/pid/install/pid_controller/share/pid_controller/environment/ament_prefix_path.dsv
[2.544s] -- Up-to-date: /home/conner/mechatronics/pid/install/pid_controller/share/pid_controller/environment/path.sh
[2.545s] -- Up-to-date: /home/conner/mechatronics/pid/install/pid_controller/share/pid_controller/environment/path.dsv
[2.545s] -- Up-to-date: /home/conner/mechatronics/pid/install/pid_controller/share/pid_controller/local_setup.bash
[2.545s] -- Up-to-date: /home/conner/mechatronics/pid/install/pid_controller/share/pid_controller/local_setup.sh
[2.545s] -- Up-to-date: /home/conner/mechatronics/pid/install/pid_controller/share/pid_controller/local_setup.zsh
[2.546s] -- Up-to-date: /home/conner/mechatronics/pid/install/pid_controller/share/pid_controller/local_setup.dsv
[2.546s] -- Installing: /home/conner/mechatronics/pid/install/pid_controller/share/pid_controller/package.dsv
[2.546s] -- Up-to-date: /home/conner/mechatronics/pid/install/pid_controller/share/ament_index/resource_index/packages/pid_controller
[2.546s] -- Up-to-date: /home/conner/mechatronics/pid/install/pid_controller/share/pid_controller/cmake/pid_controllerConfig.cmake
[2.546s] -- Up-to-date: /home/conner/mechatronics/pid/install/pid_controller/share/pid_controller/cmake/pid_controllerConfig-version.cmake
[2.547s] -- Up-to-date: /home/conner/mechatronics/pid/install/pid_controller/share/pid_controller/package.xml
[2.554s] Invoked command in '/home/conner/mechatronics/pid/build/pid_controller' returned '0': CMAKE_PREFIX_PATH=/home/conner/mechatronics/pid/install/robot_types:/home/conner/mechatronics/pid/install/pid_controller:/home/conner/mechatronics/pid/install/dummy_sensor:/home/conner/mechatronics/pid/install/dummy_brain:/opt/ros/foxy LD_LIBRARY_PATH=/home/conner/mechatronics/pid/install/robot_types/lib:/opt/ros/foxy/opt/yaml_cpp_vendor/lib:/opt/ros/foxy/opt/rviz_ogre_vendor/lib:/opt/ros/foxy/lib/x86_64-linux-gnu:/opt/ros/foxy/lib PYTHONPATH=/home/conner/mechatronics/pid/install/robot_types/lib/python3.8/site-packages:/opt/ros/foxy/lib/python3.8/site-packages /usr/bin/cmake --install /home/conner/mechatronics/pid/build/pid_controller
