[0.535s] DEBUG:colcon:Command line arguments: ['/usr/bin/colcon', 'build', '--packages-select', 'pid_controller']
[0.536s] DEBUG:colcon:Parsed command line arguments: Namespace(allow_overriding=[], ament_cmake_args=None, base_paths=['.'], build_base='build', catkin_cmake_args=None, catkin_skip_building_tests=False, cmake_args=None, cmake_clean_cache=False, cmake_clean_first=False, cmake_force_configure=False, cmake_target=None, cmake_target_skip_unavailable=False, continue_on_error=False, event_handlers=None, executor='parallel', ignore_user_meta=False, install_base='install', log_base=None, log_level=None, main=<bound method BuildVerb.main of <colcon_core.verb.build.BuildVerb object at 0x7fc44bdf76d0>>, merge_install=False, metas=['./colcon.meta'], packages_above=None, packages_above_and_dependencies=None, packages_above_depth=None, packages_end=None, packages_ignore=None, packages_ignore_regex=None, packages_select=['pid_controller'], packages_select_build_failed=False, packages_select_by_dep=None, packages_select_regex=None, packages_select_test_failures=False, packages_skip=None, packages_skip_build_finished=False, packages_skip_by_dep=None, packages_skip_regex=None, packages_skip_test_passed=False, packages_skip_up_to=None, packages_start=None, packages_up_to=None, packages_up_to_regex=None, parallel_workers=8, paths=None, symlink_install=False, test_result_base=None, verb_extension=<colcon_core.verb.build.BuildVerb object at 0x7fc44bdf76d0>, verb_name='build', verb_parser=<colcon_defaults.argument_parser.defaults.DefaultArgumentsDecorator object at 0x7fc44bdf7c10>)
[0.571s] Level 1:colcon.colcon_core.package_discovery:discover_packages(colcon_meta) check parameters
[0.571s] Level 1:colcon.colcon_core.package_discovery:discover_packages(recursive) check parameters
[0.571s] Level 1:colcon.colcon_core.package_discovery:discover_packages(ignore) check parameters
[0.571s] Level 1:colcon.colcon_core.package_discovery:discover_packages(path) check parameters
[0.571s] Level 1:colcon.colcon_core.package_discovery:discover_packages(colcon_meta) discover
[0.571s] Level 1:colcon.colcon_core.package_discovery:discover_packages(recursive) discover
[0.572s] INFO:colcon.colcon_core.package_discovery:Crawling recursively for packages in '/home/conner/mechatronics/pid/pid_controller'
[0.572s] Level 1:colcon.colcon_core.package_identification:_identify(.) by extensions ['ignore', 'ignore_ament_install']
[0.572s] Level 1:colcon.colcon_core.package_identification:_identify(.) by extension 'ignore'
[0.572s] Level 1:colcon.colcon_core.package_identification:_identify(.) by extension 'ignore_ament_install'
[0.572s] Level 1:colcon.colcon_core.package_identification:_identify(.) by extensions ['colcon_pkg']
[0.572s] Level 1:colcon.colcon_core.package_identification:_identify(.) by extension 'colcon_pkg'
[0.572s] Level 1:colcon.colcon_core.package_identification:_identify(.) by extensions ['colcon_meta']
[0.572s] Level 1:colcon.colcon_core.package_identification:_identify(.) by extension 'colcon_meta'
[0.573s] Level 1:colcon.colcon_core.package_identification:_identify(.) by extensions ['ros']
[0.573s] Level 1:colcon.colcon_core.package_identification:_identify(.) by extension 'ros'
[0.607s] DEBUG:colcon.colcon_core.package_identification:Package '.' with type 'ros.ament_cmake' and name 'pid_controller'
[0.607s] Level 1:colcon.colcon_core.package_discovery:discover_packages(recursive) using defaults
[0.607s] Level 1:colcon.colcon_core.package_discovery:discover_packages(ignore) discover
[0.607s] Level 1:colcon.colcon_core.package_discovery:discover_packages(ignore) using defaults
[0.607s] Level 1:colcon.colcon_core.package_discovery:discover_packages(path) discover
[0.607s] Level 1:colcon.colcon_core.package_discovery:discover_packages(path) using defaults
[0.632s] Level 1:colcon.colcon_core.package_discovery:discover_packages(prefix_path) check parameters
[0.632s] Level 1:colcon.colcon_core.package_discovery:discover_packages(prefix_path) discover
[0.636s] DEBUG:colcon.colcon_installed_package_information.package_discovery:Found 4 installed packages in /home/conner/mechatronics/pid/install
[0.639s] DEBUG:colcon.colcon_installed_package_information.package_discovery:Found 256 installed packages in /opt/ros/foxy
[0.643s] Level 1:colcon.colcon_core.package_discovery:discover_packages(prefix_path) using defaults
[0.723s] Level 5:colcon.colcon_core.verb:set package 'pid_controller' build argument 'cmake_args' from command line to 'None'
[0.724s] Level 5:colcon.colcon_core.verb:set package 'pid_controller' build argument 'cmake_target' from command line to 'None'
[0.724s] Level 5:colcon.colcon_core.verb:set package 'pid_controller' build argument 'cmake_target_skip_unavailable' from command line to 'False'
[0.724s] Level 5:colcon.colcon_core.verb:set package 'pid_controller' build argument 'cmake_clean_cache' from command line to 'False'
[0.724s] Level 5:colcon.colcon_core.verb:set package 'pid_controller' build argument 'cmake_clean_first' from command line to 'False'
[0.724s] Level 5:colcon.colcon_core.verb:set package 'pid_controller' build argument 'cmake_force_configure' from command line to 'False'
[0.724s] Level 5:colcon.colcon_core.verb:set package 'pid_controller' build argument 'ament_cmake_args' from command line to 'None'
[0.724s] Level 5:colcon.colcon_core.verb:set package 'pid_controller' build argument 'catkin_cmake_args' from command line to 'None'
[0.724s] Level 5:colcon.colcon_core.verb:set package 'pid_controller' build argument 'catkin_skip_building_tests' from command line to 'False'
[0.724s] DEBUG:colcon.colcon_core.verb:Building package 'pid_controller' with the following arguments: {'ament_cmake_args': None, 'build_base': '/home/conner/mechatronics/pid/pid_controller/build/pid_controller', 'catkin_cmake_args': None, 'catkin_skip_building_tests': False, 'cmake_args': None, 'cmake_clean_cache': False, 'cmake_clean_first': False, 'cmake_force_configure': False, 'cmake_target': None, 'cmake_target_skip_unavailable': False, 'install_base': '/home/conner/mechatronics/pid/pid_controller/install/pid_controller', 'merge_install': False, 'path': '/home/conner/mechatronics/pid/pid_controller', 'symlink_install': False, 'test_result_base': None}
[0.725s] INFO:colcon.colcon_core.executor:Executing jobs using 'parallel' executor
[0.733s] DEBUG:colcon.colcon_parallel_executor.executor.parallel:run_until_complete
[0.734s] INFO:colcon.colcon_ros.task.ament_cmake.build:Building ROS package in '/home/conner/mechatronics/pid/pid_controller' with build type 'ament_cmake'
[0.735s] INFO:colcon.colcon_cmake.task.cmake.build:Building CMake package in '/home/conner/mechatronics/pid/pid_controller'
[0.743s] INFO:colcon.colcon_core.plugin_system:Skipping extension 'colcon_core.shell.bat': Not used on non-Windows systems
[0.744s] INFO:colcon.colcon_core.shell:Skip shell extension 'powershell' for command environment: Not usable outside of PowerShell
[0.744s] DEBUG:colcon.colcon_core.shell:Skip shell extension 'dsv' for command environment
[0.783s] DEBUG:colcon.colcon_core.event_handler.log_command:Invoking command in '/home/conner/mechatronics/pid/pid_controller/build/pid_controller': CMAKE_PREFIX_PATH=${CMAKE_PREFIX_PATH}:/opt/ros/foxy /usr/bin/cmake /home/conner/mechatronics/pid/pid_controller -DCMAKE_INSTALL_PREFIX=/home/conner/mechatronics/pid/pid_controller/install/pid_controller
[12.318s] DEBUG:colcon.colcon_core.event_handler.log_command:Invoked command in '/home/conner/mechatronics/pid/pid_controller/build/pid_controller' returned '0': CMAKE_PREFIX_PATH=${CMAKE_PREFIX_PATH}:/opt/ros/foxy /usr/bin/cmake /home/conner/mechatronics/pid/pid_controller -DCMAKE_INSTALL_PREFIX=/home/conner/mechatronics/pid/pid_controller/install/pid_controller
[12.322s] DEBUG:colcon.colcon_core.event_handler.log_command:Invoking command in '/home/conner/mechatronics/pid/pid_controller/build/pid_controller': CMAKE_PREFIX_PATH=${CMAKE_PREFIX_PATH}:/opt/ros/foxy /usr/bin/cmake --build /home/conner/mechatronics/pid/pid_controller/build/pid_controller -- -j8 -l8
[21.272s] DEBUG:colcon.colcon_core.event_handler.log_command:Invoked command in '/home/conner/mechatronics/pid/pid_controller/build/pid_controller' returned '0': CMAKE_PREFIX_PATH=${CMAKE_PREFIX_PATH}:/opt/ros/foxy /usr/bin/cmake --build /home/conner/mechatronics/pid/pid_controller/build/pid_controller -- -j8 -l8
[21.338s] DEBUG:colcon.colcon_core.event_handler.log_command:Invoking command in '/home/conner/mechatronics/pid/pid_controller/build/pid_controller': CMAKE_PREFIX_PATH=${CMAKE_PREFIX_PATH}:/opt/ros/foxy /usr/bin/cmake --install /home/conner/mechatronics/pid/pid_controller/build/pid_controller
[21.369s] Level 1:colcon.colcon_core.environment:create_environment_scripts_only(pid_controller)
[21.374s] DEBUG:colcon.colcon_core.event_handler.log_command:Invoked command in '/home/conner/mechatronics/pid/pid_controller/build/pid_controller' returned '0': CMAKE_PREFIX_PATH=${CMAKE_PREFIX_PATH}:/opt/ros/foxy /usr/bin/cmake --install /home/conner/mechatronics/pid/pid_controller/build/pid_controller
[21.381s] Level 1:colcon.colcon_core.environment:checking '/home/conner/mechatronics/pid/pid_controller/install/pid_controller' for CMake module files
[21.382s] Level 1:colcon.colcon_core.environment:checking '/home/conner/mechatronics/pid/pid_controller/install/pid_controller' for CMake config files
[21.382s] Level 1:colcon.colcon_core.shell:create_environment_hook('pid_controller', 'cmake_prefix_path')
[21.385s] INFO:colcon.colcon_core.shell:Creating environment hook '/home/conner/mechatronics/pid/pid_controller/install/pid_controller/share/pid_controller/hook/cmake_prefix_path.ps1'
[21.387s] INFO:colcon.colcon_core.shell:Creating environment descriptor '/home/conner/mechatronics/pid/pid_controller/install/pid_controller/share/pid_controller/hook/cmake_prefix_path.dsv'
[21.389s] INFO:colcon.colcon_core.shell:Creating environment hook '/home/conner/mechatronics/pid/pid_controller/install/pid_controller/share/pid_controller/hook/cmake_prefix_path.sh'
[21.391s] Level 1:colcon.colcon_core.environment:checking '/home/conner/mechatronics/pid/pid_controller/install/pid_controller/lib'
[21.391s] Level 1:colcon.colcon_core.environment:checking '/home/conner/mechatronics/pid/pid_controller/install/pid_controller/bin'
[21.391s] Level 1:colcon.colcon_core.environment:checking '/home/conner/mechatronics/pid/pid_controller/install/pid_controller/lib/pkgconfig/pid_controller.pc'
[21.392s] Level 1:colcon.colcon_core.environment:checking '/home/conner/mechatronics/pid/pid_controller/install/pid_controller/lib/python3.8/site-packages'
[21.392s] Level 1:colcon.colcon_core.environment:checking '/home/conner/mechatronics/pid/pid_controller/install/pid_controller/bin'
[21.394s] INFO:colcon.colcon_core.shell:Creating package script '/home/conner/mechatronics/pid/pid_controller/install/pid_controller/share/pid_controller/package.ps1'
[21.396s] INFO:colcon.colcon_core.shell:Creating package descriptor '/home/conner/mechatronics/pid/pid_controller/install/pid_controller/share/pid_controller/package.dsv'
[21.397s] INFO:colcon.colcon_core.shell:Creating package script '/home/conner/mechatronics/pid/pid_controller/install/pid_controller/share/pid_controller/package.sh'
[21.399s] INFO:colcon.colcon_core.shell:Creating package script '/home/conner/mechatronics/pid/pid_controller/install/pid_controller/share/pid_controller/package.bash'
[21.401s] INFO:colcon.colcon_core.shell:Creating package script '/home/conner/mechatronics/pid/pid_controller/install/pid_controller/share/pid_controller/package.zsh'
[21.402s] Level 1:colcon.colcon_core.environment:create_file_with_runtime_dependencies(/home/conner/mechatronics/pid/pid_controller/install/pid_controller/share/colcon-core/packages/pid_controller)
[21.445s] Level 1:colcon.colcon_core.environment:create_environment_scripts_only(pid_controller)
[21.449s] Level 1:colcon.colcon_core.environment:checking '/home/conner/mechatronics/pid/pid_controller/install/pid_controller' for CMake module files
[21.450s] Level 1:colcon.colcon_core.environment:checking '/home/conner/mechatronics/pid/pid_controller/install/pid_controller' for CMake config files
[21.450s] Level 1:colcon.colcon_core.shell:create_environment_hook('pid_controller', 'cmake_prefix_path')
[21.453s] INFO:colcon.colcon_core.shell:Creating environment hook '/home/conner/mechatronics/pid/pid_controller/install/pid_controller/share/pid_controller/hook/cmake_prefix_path.ps1'
[21.454s] INFO:colcon.colcon_core.shell:Creating environment descriptor '/home/conner/mechatronics/pid/pid_controller/install/pid_controller/share/pid_controller/hook/cmake_prefix_path.dsv'
[21.455s] INFO:colcon.colcon_core.shell:Creating environment hook '/home/conner/mechatronics/pid/pid_controller/install/pid_controller/share/pid_controller/hook/cmake_prefix_path.sh'
[21.457s] Level 1:colcon.colcon_core.environment:checking '/home/conner/mechatronics/pid/pid_controller/install/pid_controller/lib'
[21.457s] Level 1:colcon.colcon_core.environment:checking '/home/conner/mechatronics/pid/pid_controller/install/pid_controller/bin'
[21.457s] Level 1:colcon.colcon_core.environment:checking '/home/conner/mechatronics/pid/pid_controller/install/pid_controller/lib/pkgconfig/pid_controller.pc'
[21.458s] Level 1:colcon.colcon_core.environment:checking '/home/conner/mechatronics/pid/pid_controller/install/pid_controller/lib/python3.8/site-packages'
[21.459s] Level 1:colcon.colcon_core.environment:checking '/home/conner/mechatronics/pid/pid_controller/install/pid_controller/bin'
[21.462s] INFO:colcon.colcon_core.shell:Creating package script '/home/conner/mechatronics/pid/pid_controller/install/pid_controller/share/pid_controller/package.ps1'
[21.463s] INFO:colcon.colcon_core.shell:Creating package descriptor '/home/conner/mechatronics/pid/pid_controller/install/pid_controller/share/pid_controller/package.dsv'
[21.466s] INFO:colcon.colcon_core.shell:Creating package script '/home/conner/mechatronics/pid/pid_controller/install/pid_controller/share/pid_controller/package.sh'
[21.467s] INFO:colcon.colcon_core.shell:Creating package script '/home/conner/mechatronics/pid/pid_controller/install/pid_controller/share/pid_controller/package.bash'
[21.468s] INFO:colcon.colcon_core.shell:Creating package script '/home/conner/mechatronics/pid/pid_controller/install/pid_controller/share/pid_controller/package.zsh'
[21.469s] Level 1:colcon.colcon_core.environment:create_file_with_runtime_dependencies(/home/conner/mechatronics/pid/pid_controller/install/pid_controller/share/colcon-core/packages/pid_controller)
[21.470s] DEBUG:colcon.colcon_parallel_executor.executor.parallel:closing loop
[21.471s] DEBUG:colcon.colcon_parallel_executor.executor.parallel:loop closed
[21.471s] DEBUG:colcon.colcon_parallel_executor.executor.parallel:run_until_complete finished with '0'
[21.471s] DEBUG:colcon.colcon_core.event_reactor:joining thread
[21.589s] INFO:colcon.colcon_core.plugin_system:Skipping extension 'colcon_notification.desktop_notification.notify_send': Could not find 'notify-send'
[21.590s] INFO:colcon.colcon_core.plugin_system:Skipping extension 'colcon_notification.desktop_notification.terminal_notifier': Not used on non-Darwin systems
[21.590s] INFO:colcon.colcon_core.plugin_system:Skipping extension 'colcon_notification.desktop_notification.win32': Not used on non-Windows systems
[21.590s] INFO:colcon.colcon_notification.desktop_notification:Sending desktop notification using 'notify2'
[21.605s] DEBUG:colcon.colcon_notification.desktop_notification.notify2:Failed to initialize notify2: org.freedesktop.DBus.Error.ServiceUnknown: The name org.freedesktop.Notifications was not provided by any .service files
[21.606s] DEBUG:colcon.colcon_core.event_reactor:joined thread
[21.610s] INFO:colcon.colcon_core.shell:Creating prefix script '/home/conner/mechatronics/pid/pid_controller/install/local_setup.ps1'
[21.612s] INFO:colcon.colcon_core.shell:Creating prefix util module '/home/conner/mechatronics/pid/pid_controller/install/_local_setup_util_ps1.py'
[21.615s] INFO:colcon.colcon_core.shell:Creating prefix chain script '/home/conner/mechatronics/pid/pid_controller/install/setup.ps1'
[21.620s] INFO:colcon.colcon_core.shell:Creating prefix script '/home/conner/mechatronics/pid/pid_controller/install/local_setup.sh'
[21.622s] INFO:colcon.colcon_core.shell:Creating prefix util module '/home/conner/mechatronics/pid/pid_controller/install/_local_setup_util_sh.py'
[21.623s] INFO:colcon.colcon_core.shell:Creating prefix chain script '/home/conner/mechatronics/pid/pid_controller/install/setup.sh'
[21.626s] INFO:colcon.colcon_core.shell:Creating prefix script '/home/conner/mechatronics/pid/pid_controller/install/local_setup.bash'
[21.627s] INFO:colcon.colcon_core.shell:Creating prefix chain script '/home/conner/mechatronics/pid/pid_controller/install/setup.bash'
[21.630s] INFO:colcon.colcon_core.shell:Creating prefix script '/home/conner/mechatronics/pid/pid_controller/install/local_setup.zsh'
[21.631s] INFO:colcon.colcon_core.shell:Creating prefix chain script '/home/conner/mechatronics/pid/pid_controller/install/setup.zsh'
