[0.649s] Invoking command in '/home/conner/mechatronics/pid/build/pid_controller': CMAKE_PREFIX_PATH=/home/conner/mechatronics/pid/install/robot_types:/home/conner/mechatronics/pid/install/dummy_sensor:/home/conner/mechatronics/pid/install/dummy_brain:/opt/ros/foxy /usr/bin/cmake --build /home/conner/mechatronics/pid/build/pid_controller -- -j8 -l8
[0.791s] [35m[1mScanning dependencies of target pid_controller[0m
[0.922s] [ 50%] [32mBuilding CXX object CMakeFiles/pid_controller.dir/src/pid_controller.cpp.o[0m
[13.005s] [100%] [32m[1mLinking CXX executable pid_controller[0m
[13.895s] [100%] Built target pid_controller
[13.928s] Invoked command in '/home/conner/mechatronics/pid/build/pid_controller' returned '0': CMAKE_PREFIX_PATH=/home/conner/mechatronics/pid/install/robot_types:/home/conner/mechatronics/pid/install/dummy_sensor:/home/conner/mechatronics/pid/install/dummy_brain:/opt/ros/foxy /usr/bin/cmake --build /home/conner/mechatronics/pid/build/pid_controller -- -j8 -l8
[14.019s] Invoking command in '/home/conner/mechatronics/pid/build/pid_controller': CMAKE_PREFIX_PATH=/home/conner/mechatronics/pid/install/robot_types:/home/conner/mechatronics/pid/install/dummy_sensor:/home/conner/mechatronics/pid/install/dummy_brain:/opt/ros/foxy /usr/bin/cmake --install /home/conner/mechatronics/pid/build/pid_controller
[14.036s] -- Install configuration: ""
[14.037s] -- Installing: /home/conner/mechatronics/pid/install/pid_controller/lib/pid_controller/pid_controller
[14.040s] -- Set runtime path of "/home/conner/mechatronics/pid/install/pid_controller/lib/pid_controller/pid_controller" to ""
[14.041s] -- Installing: /home/conner/mechatronics/pid/install/pid_controller/share/ament_index/resource_index/package_run_dependencies/pid_controller
[14.041s] -- Installing: /home/conner/mechatronics/pid/install/pid_controller/share/ament_index/resource_index/parent_prefix_path/pid_controller
[14.042s] -- Installing: /home/conner/mechatronics/pid/install/pid_controller/share/pid_controller/environment/ament_prefix_path.sh
[14.043s] -- Installing: /home/conner/mechatronics/pid/install/pid_controller/share/pid_controller/environment/ament_prefix_path.dsv
[14.043s] -- Installing: /home/conner/mechatronics/pid/install/pid_controller/share/pid_controller/environment/path.sh
[14.044s] -- Installing: /home/conner/mechatronics/pid/install/pid_controller/share/pid_controller/environment/path.dsv
[14.045s] -- Installing: /home/conner/mechatronics/pid/install/pid_controller/share/pid_controller/local_setup.bash
[14.046s] -- Installing: /home/conner/mechatronics/pid/install/pid_controller/share/pid_controller/local_setup.sh
[14.046s] -- Installing: /home/conner/mechatronics/pid/install/pid_controller/share/pid_controller/local_setup.zsh
[14.047s] -- Installing: /home/conner/mechatronics/pid/install/pid_controller/share/pid_controller/local_setup.dsv
[14.048s] -- Installing: /home/conner/mechatronics/pid/install/pid_controller/share/pid_controller/package.dsv
[14.049s] -- Installing: /home/conner/mechatronics/pid/install/pid_controller/share/ament_index/resource_index/packages/pid_controller
[14.049s] -- Installing: /home/conner/mechatronics/pid/install/pid_controller/share/pid_controller/cmake/pid_controllerConfig.cmake
[14.049s] -- Installing: /home/conner/mechatronics/pid/install/pid_controller/share/pid_controller/cmake/pid_controllerConfig-version.cmake
[14.050s] -- Installing: /home/conner/mechatronics/pid/install/pid_controller/share/pid_controller/package.xml
[14.063s] Invoked command in '/home/conner/mechatronics/pid/build/pid_controller' returned '0': CMAKE_PREFIX_PATH=/home/conner/mechatronics/pid/install/robot_types:/home/conner/mechatronics/pid/install/dummy_sensor:/home/conner/mechatronics/pid/install/dummy_brain:/opt/ros/foxy /usr/bin/cmake --install /home/conner/mechatronics/pid/build/pid_controller
