[0.098s] Invoking command in '/home/conner/mechatronics/pid/build/robot_types': CMAKE_PREFIX_PATH=${CMAKE_PREFIX_PATH}:/opt/ros/foxy /usr/bin/cmake --build /home/conner/mechatronics/pid/build/robot_types -- -j8 -l8
[0.390s] -- Found ament_cmake: 0.9.11 (/opt/ros/foxy/share/ament_cmake/cmake)
[0.483s] -- Found PythonInterp: /usr/bin/python3 (found suitable version "3.8.10", minimum required is "3") 
[0.483s] -- Using PYTHON_EXECUTABLE: /usr/bin/python3
[1.046s] -- Found rosidl_default_generators: 1.0.1 (/opt/ros/foxy/share/rosidl_default_generators/cmake)
[1.063s] -- Using all available rosidl_typesupport_c: rosidl_typesupport_fastrtps_c;rosidl_typesupport_introspection_c
[1.084s] -- Found rosidl_adapter: 1.3.0 (/opt/ros/foxy/share/rosidl_adapter/cmake)
[19.005s] -- Using all available rosidl_typesupport_cpp: rosidl_typesupport_fastrtps_cpp;rosidl_typesupport_introspection_cpp
[19.156s] -- Found PythonInterp: /usr/bin/python3 (found version "3.8.10") 
[19.495s] -- Found ament_cmake_ros: 0.9.2 (/opt/ros/foxy/share/ament_cmake_ros/cmake)
[34.541s] -- Using all available rosidl_typesupport_c: rosidl_typesupport_fastrtps_c;rosidl_typesupport_introspection_c
[34.578s] -- Using all available rosidl_typesupport_cpp: rosidl_typesupport_fastrtps_cpp;rosidl_typesupport_introspection_cpp
[34.628s] -- Found PythonInterp: /usr/bin/python3 (found suitable version "3.8.10", minimum required is "3.5") 
[34.631s] -- Found python_cmake_module: 0.8.1 (/opt/ros/foxy/share/python_cmake_module/cmake)
[34.694s] -- Using PYTHON_EXECUTABLE: /usr/bin/python3
[34.694s] -- Using PYTHON_INCLUDE_DIRS: /usr/include/python3.8
[34.694s] -- Using PYTHON_LIBRARIES: /usr/lib/x86_64-linux-gnu/libpython3.8.so
[34.814s] -- Configuring done
[35.026s] -- Generating done
[35.035s] -- Build files have been written to: /home/conner/mechatronics/pid/build/robot_types
[35.120s] [  3%] Built target robot_types__cpp
[35.127s] [ 12%] Built target robot_types__rosidl_generator_c
[35.191s] [ 32%] Built target robot_types__rosidl_typesupport_cpp
[35.191s] [ 32%] Built target robot_types__rosidl_typesupport_c
[35.194s] [ 41%] Built target robot_types__rosidl_typesupport_introspection_c
[35.196s] [ 51%] Built target robot_types__rosidl_typesupport_introspection_cpp
[35.197s] [ 61%] Built target robot_types__rosidl_typesupport_fastrtps_cpp
[35.284s] [ 70%] Built target robot_types__rosidl_typesupport_fastrtps_c
[35.369s] [ 70%] Built target robot_types
[35.439s] [ 74%] Built target robot_types__py
[35.534s] [ 80%] Built target robot_types__python
[35.677s] [ 87%] Built target robot_types__rosidl_typesupport_introspection_c__pyext
[35.685s] [ 93%] Built target robot_types__rosidl_typesupport_fastrtps_c__pyext
[35.689s] [100%] Built target robot_types__rosidl_typesupport_c__pyext
[35.730s] Invoked command in '/home/conner/mechatronics/pid/build/robot_types' returned '0': CMAKE_PREFIX_PATH=${CMAKE_PREFIX_PATH}:/opt/ros/foxy /usr/bin/cmake --build /home/conner/mechatronics/pid/build/robot_types -- -j8 -l8
[35.873s] Invoking command in '/home/conner/mechatronics/pid/build/robot_types': CMAKE_PREFIX_PATH=${CMAKE_PREFIX_PATH}:/opt/ros/foxy /usr/bin/cmake --install /home/conner/mechatronics/pid/build/robot_types
[35.891s] -- Install configuration: ""
[35.892s] -- Up-to-date: /home/conner/mechatronics/pid/install/robot_types/share/ament_index/resource_index/rosidl_interfaces/robot_types
[35.893s] -- Up-to-date: /home/conner/mechatronics/pid/install/robot_types/include/robot_types
[35.893s] -- Up-to-date: /home/conner/mechatronics/pid/install/robot_types/include/robot_types/msg
[35.893s] -- Up-to-date: /home/conner/mechatronics/pid/install/robot_types/include/robot_types/msg/rosidl_generator_c__visibility_control.h
[35.894s] -- Up-to-date: /home/conner/mechatronics/pid/install/robot_types/include/robot_types/msg/detail
[35.897s] -- Up-to-date: /home/conner/mechatronics/pid/install/robot_types/include/robot_types/msg/detail/position__functions.c
[35.898s] -- Up-to-date: /home/conner/mechatronics/pid/install/robot_types/include/robot_types/msg/detail/position__functions.h
[35.899s] -- Up-to-date: /home/conner/mechatronics/pid/install/robot_types/include/robot_types/msg/detail/position__struct.h
[35.900s] -- Up-to-date: /home/conner/mechatronics/pid/install/robot_types/include/robot_types/msg/detail/position__type_support.h
[35.900s] -- Up-to-date: /home/conner/mechatronics/pid/install/robot_types/include/robot_types/msg/position.h
[35.900s] -- Up-to-date: /home/conner/mechatronics/pid/install/robot_types/share/robot_types/environment/library_path.sh
[35.901s] -- Installing: /home/conner/mechatronics/pid/install/robot_types/share/robot_types/environment/library_path.dsv
[35.902s] -- Up-to-date: /home/conner/mechatronics/pid/install/robot_types/lib/librobot_types__rosidl_generator_c.so
[35.903s] -- Up-to-date: /home/conner/mechatronics/pid/install/robot_types/include/robot_types
[35.904s] -- Up-to-date: /home/conner/mechatronics/pid/install/robot_types/include/robot_types/msg
[35.906s] -- Up-to-date: /home/conner/mechatronics/pid/install/robot_types/include/robot_types/msg/rosidl_typesupport_fastrtps_c__visibility_control.h
[35.907s] -- Up-to-date: /home/conner/mechatronics/pid/install/robot_types/include/robot_types/msg/detail
[35.907s] -- Up-to-date: /home/conner/mechatronics/pid/install/robot_types/include/robot_types/msg/detail/position__rosidl_typesupport_fastrtps_c.h
[35.908s] -- Up-to-date: /home/conner/mechatronics/pid/install/robot_types/lib/librobot_types__rosidl_typesupport_fastrtps_c.so
[35.910s] -- Up-to-date: /home/conner/mechatronics/pid/install/robot_types/include/robot_types
[35.910s] -- Up-to-date: /home/conner/mechatronics/pid/install/robot_types/include/robot_types/msg
[35.911s] -- Up-to-date: /home/conner/mechatronics/pid/install/robot_types/include/robot_types/msg/rosidl_typesupport_fastrtps_cpp__visibility_control.h
[35.911s] -- Up-to-date: /home/conner/mechatronics/pid/install/robot_types/include/robot_types/msg/detail
[35.912s] -- Up-to-date: /home/conner/mechatronics/pid/install/robot_types/include/robot_types/msg/detail/position__rosidl_typesupport_fastrtps_cpp.hpp
[35.912s] -- Up-to-date: /home/conner/mechatronics/pid/install/robot_types/include/robot_types/msg/detail/dds_fastrtps
[35.915s] -- Up-to-date: /home/conner/mechatronics/pid/install/robot_types/lib/librobot_types__rosidl_typesupport_fastrtps_cpp.so
[35.917s] -- Up-to-date: /home/conner/mechatronics/pid/install/robot_types/include/robot_types
[35.918s] -- Up-to-date: /home/conner/mechatronics/pid/install/robot_types/include/robot_types/msg
[35.919s] -- Up-to-date: /home/conner/mechatronics/pid/install/robot_types/include/robot_types/msg/rosidl_typesupport_introspection_c__visibility_control.h
[35.919s] -- Up-to-date: /home/conner/mechatronics/pid/install/robot_types/include/robot_types/msg/detail
[35.919s] -- Up-to-date: /home/conner/mechatronics/pid/install/robot_types/include/robot_types/msg/detail/position__type_support.c
[35.920s] -- Up-to-date: /home/conner/mechatronics/pid/install/robot_types/include/robot_types/msg/detail/position__rosidl_typesupport_introspection_c.h
[35.921s] -- Up-to-date: /home/conner/mechatronics/pid/install/robot_types/lib/librobot_types__rosidl_typesupport_introspection_c.so
[35.924s] -- Up-to-date: /home/conner/mechatronics/pid/install/robot_types/lib/librobot_types__rosidl_typesupport_c.so
[35.926s] -- Up-to-date: /home/conner/mechatronics/pid/install/robot_types/include/robot_types
[35.926s] -- Up-to-date: /home/conner/mechatronics/pid/install/robot_types/include/robot_types/msg
[35.927s] -- Up-to-date: /home/conner/mechatronics/pid/install/robot_types/include/robot_types/msg/detail
[35.928s] -- Up-to-date: /home/conner/mechatronics/pid/install/robot_types/include/robot_types/msg/detail/position__traits.hpp
[35.928s] -- Up-to-date: /home/conner/mechatronics/pid/install/robot_types/include/robot_types/msg/detail/position__struct.hpp
[35.928s] -- Up-to-date: /home/conner/mechatronics/pid/install/robot_types/include/robot_types/msg/detail/position__builder.hpp
[35.928s] -- Up-to-date: /home/conner/mechatronics/pid/install/robot_types/include/robot_types/msg/position.hpp
[35.929s] -- Up-to-date: /home/conner/mechatronics/pid/install/robot_types/include/robot_types
[35.929s] -- Up-to-date: /home/conner/mechatronics/pid/install/robot_types/include/robot_types/msg
[35.929s] -- Up-to-date: /home/conner/mechatronics/pid/install/robot_types/include/robot_types/msg/detail
[35.930s] -- Up-to-date: /home/conner/mechatronics/pid/install/robot_types/include/robot_types/msg/detail/position__type_support.cpp
[35.930s] -- Up-to-date: /home/conner/mechatronics/pid/install/robot_types/include/robot_types/msg/detail/position__rosidl_typesupport_introspection_cpp.hpp
[35.932s] -- Up-to-date: /home/conner/mechatronics/pid/install/robot_types/lib/librobot_types__rosidl_typesupport_introspection_cpp.so
[35.936s] -- Up-to-date: /home/conner/mechatronics/pid/install/robot_types/lib/librobot_types__rosidl_typesupport_cpp.so
[35.937s] -- Up-to-date: /home/conner/mechatronics/pid/install/robot_types/share/robot_types/environment/pythonpath.sh
[35.937s] -- Installing: /home/conner/mechatronics/pid/install/robot_types/share/robot_types/environment/pythonpath.dsv
[35.938s] -- Installing: /home/conner/mechatronics/pid/install/robot_types/lib/python3.8/site-packages/robot_types/__init__.py
[36.017s] Compiling '/home/conner/mechatronics/pid/install/robot_types/lib/python3.8/site-packages/robot_types/__init__.py'...
[36.030s] -- Up-to-date: /home/conner/mechatronics/pid/install/robot_types/lib/python3.8/site-packages/robot_types/msg
[36.031s] -- Up-to-date: /home/conner/mechatronics/pid/install/robot_types/lib/python3.8/site-packages/robot_types/msg/_position.py
[36.031s] -- Up-to-date: /home/conner/mechatronics/pid/install/robot_types/lib/python3.8/site-packages/robot_types/msg/_position_s.c
[36.031s] -- Up-to-date: /home/conner/mechatronics/pid/install/robot_types/lib/python3.8/site-packages/robot_types/msg/__init__.py
[36.034s] -- Up-to-date: /home/conner/mechatronics/pid/install/robot_types/lib/python3.8/site-packages/robot_types/robot_types_s__rosidl_typesupport_fastrtps_c.cpython-38-x86_64-linux-gnu.so
[36.038s] -- Up-to-date: /home/conner/mechatronics/pid/install/robot_types/lib/python3.8/site-packages/robot_types/robot_types_s__rosidl_typesupport_introspection_c.cpython-38-x86_64-linux-gnu.so
[36.041s] -- Up-to-date: /home/conner/mechatronics/pid/install/robot_types/lib/python3.8/site-packages/robot_types/robot_types_s__rosidl_typesupport_c.cpython-38-x86_64-linux-gnu.so
[36.045s] -- Up-to-date: /home/conner/mechatronics/pid/install/robot_types/lib/librobot_types__python.so
[36.046s] -- Up-to-date: /home/conner/mechatronics/pid/install/robot_types/share/robot_types/msg/Position.idl
[36.046s] -- Up-to-date: /home/conner/mechatronics/pid/install/robot_types/share/robot_types/msg/Position.msg
[36.047s] -- Up-to-date: /home/conner/mechatronics/pid/install/robot_types/share/ament_index/resource_index/package_run_dependencies/robot_types
[36.047s] -- Installing: /home/conner/mechatronics/pid/install/robot_types/share/ament_index/resource_index/parent_prefix_path/robot_types
[36.048s] -- Up-to-date: /home/conner/mechatronics/pid/install/robot_types/share/robot_types/environment/ament_prefix_path.sh
[36.049s] -- Installing: /home/conner/mechatronics/pid/install/robot_types/share/robot_types/environment/ament_prefix_path.dsv
[36.050s] -- Up-to-date: /home/conner/mechatronics/pid/install/robot_types/share/robot_types/environment/path.sh
[36.050s] -- Installing: /home/conner/mechatronics/pid/install/robot_types/share/robot_types/environment/path.dsv
[36.051s] -- Up-to-date: /home/conner/mechatronics/pid/install/robot_types/share/robot_types/local_setup.bash
[36.051s] -- Up-to-date: /home/conner/mechatronics/pid/install/robot_types/share/robot_types/local_setup.sh
[36.052s] -- Up-to-date: /home/conner/mechatronics/pid/install/robot_types/share/robot_types/local_setup.zsh
[36.053s] -- Installing: /home/conner/mechatronics/pid/install/robot_types/share/robot_types/local_setup.dsv
[36.053s] -- Installing: /home/conner/mechatronics/pid/install/robot_types/share/robot_types/package.dsv
[36.053s] -- Up-to-date: /home/conner/mechatronics/pid/install/robot_types/share/ament_index/resource_index/packages/robot_types
[36.054s] -- Up-to-date: /home/conner/mechatronics/pid/install/robot_types/share/robot_types/cmake/robot_types__rosidl_generator_cExport.cmake
[36.054s] -- Installing: /home/conner/mechatronics/pid/install/robot_types/share/robot_types/cmake/robot_types__rosidl_generator_cExport-noconfig.cmake
[36.055s] -- Up-to-date: /home/conner/mechatronics/pid/install/robot_types/share/robot_types/cmake/robot_types__rosidl_typesupport_introspection_cExport.cmake
[36.056s] -- Installing: /home/conner/mechatronics/pid/install/robot_types/share/robot_types/cmake/robot_types__rosidl_typesupport_introspection_cExport-noconfig.cmake
[36.057s] -- Up-to-date: /home/conner/mechatronics/pid/install/robot_types/share/robot_types/cmake/robot_types__rosidl_typesupport_cExport.cmake
[36.058s] -- Installing: /home/conner/mechatronics/pid/install/robot_types/share/robot_types/cmake/robot_types__rosidl_typesupport_cExport-noconfig.cmake
[36.059s] -- Up-to-date: /home/conner/mechatronics/pid/install/robot_types/share/robot_types/cmake/robot_types__rosidl_generator_cppExport.cmake
[36.061s] -- Up-to-date: /home/conner/mechatronics/pid/install/robot_types/share/robot_types/cmake/robot_types__rosidl_typesupport_introspection_cppExport.cmake
[36.062s] -- Installing: /home/conner/mechatronics/pid/install/robot_types/share/robot_types/cmake/robot_types__rosidl_typesupport_introspection_cppExport-noconfig.cmake
[36.064s] -- Up-to-date: /home/conner/mechatronics/pid/install/robot_types/share/robot_types/cmake/robot_types__rosidl_typesupport_cppExport.cmake
[36.065s] -- Installing: /home/conner/mechatronics/pid/install/robot_types/share/robot_types/cmake/robot_types__rosidl_typesupport_cppExport-noconfig.cmake
[36.066s] -- Up-to-date: /home/conner/mechatronics/pid/install/robot_types/share/robot_types/cmake/rosidl_cmake-extras.cmake
[36.066s] -- Up-to-date: /home/conner/mechatronics/pid/install/robot_types/share/robot_types/cmake/ament_cmake_export_dependencies-extras.cmake
[36.067s] -- Up-to-date: /home/conner/mechatronics/pid/install/robot_types/share/robot_types/cmake/ament_cmake_export_libraries-extras.cmake
[36.067s] -- Up-to-date: /home/conner/mechatronics/pid/install/robot_types/share/robot_types/cmake/ament_cmake_export_targets-extras.cmake
[36.068s] -- Up-to-date: /home/conner/mechatronics/pid/install/robot_types/share/robot_types/cmake/ament_cmake_export_include_directories-extras.cmake
[36.069s] -- Up-to-date: /home/conner/mechatronics/pid/install/robot_types/share/robot_types/cmake/rosidl_cmake_export_typesupport_libraries-extras.cmake
[36.069s] -- Up-to-date: /home/conner/mechatronics/pid/install/robot_types/share/robot_types/cmake/rosidl_cmake_export_typesupport_targets-extras.cmake
[36.070s] -- Up-to-date: /home/conner/mechatronics/pid/install/robot_types/share/robot_types/cmake/robot_typesConfig.cmake
[36.070s] -- Up-to-date: /home/conner/mechatronics/pid/install/robot_types/share/robot_types/cmake/robot_typesConfig-version.cmake
[36.070s] -- Up-to-date: /home/conner/mechatronics/pid/install/robot_types/share/robot_types/package.xml
[36.075s] Invoked command in '/home/conner/mechatronics/pid/build/robot_types' returned '0': CMAKE_PREFIX_PATH=${CMAKE_PREFIX_PATH}:/opt/ros/foxy /usr/bin/cmake --install /home/conner/mechatronics/pid/build/robot_types
