[01m[K/home/conner/mechatronics/pid/dummy_brain/src/dummy_brain.cpp:[m[K In member function ‘[01m[Kstd::vector<int> DummyBrain::generateRandomCoordinates()[m[K’:
[01m[K/home/conner/mechatronics/pid/dummy_brain/src/dummy_brain.cpp:46:50:[m[K [01;31m[Kerror: [m[Kinvalid operands of types ‘[01m[Kdouble[m[K’ and ‘[01m[Kint[m[K’ to binary ‘[01m[Koperator%[m[K’
   46 |         int random_roll = [32m[K(double)(double)rand()[m[K [01;31m[K%[m[K [34m[K10[m[K;
      |                           [32m[K~~~~~~~~~~~~~~~~~~~~~~[m[K [01;31m[K^[m[K [34m[K~~[m[K
      |                           [32m[K|[m[K                        [34m[K|[m[K
      |                           [32m[Kdouble[m[K                   [34m[Kint[m[K
[01m[K/home/conner/mechatronics/pid/dummy_brain/src/dummy_brain.cpp:47:43:[m[K [01;31m[Kerror: [m[Kinvalid operands of types ‘[01m[Kdouble[m[K’ and ‘[01m[Kint[m[K’ to binary ‘[01m[Koperator%[m[K’
   47 |         int random_pitch = [32m[K(double)rand()[m[K [01;31m[K%[m[K [34m[K10[m[K;
      |                            [32m[K~~~~~~~~~~~~~~[m[K [01;31m[K^[m[K [34m[K~~[m[K
      |                            [32m[K|[m[K                [34m[K|[m[K
      |                            [32m[Kdouble[m[K           [34m[Kint[m[K
[01m[K/home/conner/mechatronics/pid/dummy_brain/src/dummy_brain.cpp:48:41:[m[K [01;31m[Kerror: [m[Kinvalid operands of types ‘[01m[Kdouble[m[K’ and ‘[01m[Kint[m[K’ to binary ‘[01m[Koperator%[m[K’
   48 |         int random_yaw = [32m[K(double)rand()[m[K [01;31m[K%[m[K [34m[K10[m[K;
      |                          [32m[K~~~~~~~~~~~~~~[m[K [01;31m[K^[m[K [34m[K~~[m[K
      |                          [32m[K|[m[K                [34m[K|[m[K
      |                          [32m[Kdouble[m[K           [34m[Kint[m[K
[01m[K/home/conner/mechatronics/pid/dummy_brain/src/dummy_brain.cpp:49:38:[m[K [01;31m[Kerror: [m[Kinvalid operands of types ‘[01m[Kdouble[m[K’ and ‘[01m[Kint[m[K’ to binary ‘[01m[Koperator%[m[K’
   49 |         int randomX = [32m[K(double)rand()[m[K [01;31m[K%[m[K [34m[K10[m[K;
      |                       [32m[K~~~~~~~~~~~~~~[m[K [01;31m[K^[m[K [34m[K~~[m[K
      |                       [32m[K|[m[K                [34m[K|[m[K
      |                       [32m[Kdouble[m[K           [34m[Kint[m[K
[01m[K/home/conner/mechatronics/pid/dummy_brain/src/dummy_brain.cpp:50:38:[m[K [01;31m[Kerror: [m[Kinvalid operands of types ‘[01m[Kdouble[m[K’ and ‘[01m[Kint[m[K’ to binary ‘[01m[Koperator%[m[K’
   50 |         int randomY = [32m[K(double)rand()[m[K [01;31m[K%[m[K [34m[K10[m[K;
      |                       [32m[K~~~~~~~~~~~~~~[m[K [01;31m[K^[m[K [34m[K~~[m[K
      |                       [32m[K|[m[K                [34m[K|[m[K
      |                       [32m[Kdouble[m[K           [34m[Kint[m[K
[01m[K/home/conner/mechatronics/pid/dummy_brain/src/dummy_brain.cpp:51:38:[m[K [01;31m[Kerror: [m[Kinvalid operands of types ‘[01m[Kdouble[m[K’ and ‘[01m[Kint[m[K’ to binary ‘[01m[Koperator%[m[K’
   51 |         int randomZ = [32m[K(double)rand()[m[K [01;31m[K%[m[K [34m[K10[m[K;
      |                       [32m[K~~~~~~~~~~~~~~[m[K [01;31m[K^[m[K [34m[K~~[m[K
      |                       [32m[K|[m[K                [34m[K|[m[K
      |                       [32m[Kdouble[m[K           [34m[Kint[m[K
[01m[K/home/conner/mechatronics/pid/dummy_brain/src/dummy_brain.cpp:[m[K In member function ‘[01m[Kvoid DummyBrain::publishMessage()[m[K’:
[01m[K/home/conner/mechatronics/pid/dummy_brain/src/dummy_brain.cpp:71:67:[m[K [01;31m[Kerror: [m[Kno match for ‘[01m[Koperator=[m[K’ (operand types are ‘[01m[Krobot_types::msg::Position_<std::allocator<void> >::_position_vector_type[m[K’ {aka ‘[01m[Kstd::vector<double, std::allocator<double> >[m[K’} and ‘[01m[Kstd::vector<int>[m[K’)
   71 |         message.position_vector = this->generateRandomCoordinates([01;31m[K)[m[K;
      |                                                                   [01;31m[K^[m[K
In file included from [01m[K/usr/include/c++/9/vector:72[m[K,
                 from [01m[K/home/conner/mechatronics/pid/dummy_brain/src/dummy_brain.cpp:5[m[K:
[01m[K/usr/include/c++/9/bits/vector.tcc:198:5:[m[K [01;36m[Knote: [m[Kcandidate: ‘[01m[Kstd::vector<_Tp, _Alloc>& std::vector<_Tp, _Alloc>::operator=(const std::vector<_Tp, _Alloc>&) [with _Tp = double; _Alloc = std::allocator<double>][m[K’
  198 |     [01;36m[Kvector<_Tp, _Alloc>[m[K::
      |     [01;36m[K^~~~~~~~~~~~~~~~~~~[m[K
[01m[K/usr/include/c++/9/bits/vector.tcc:199:42:[m[K [01;36m[Knote: [m[K  no known conversion for argument 1 from ‘[01m[Kstd::vector<int>[m[K’ to ‘[01m[Kconst std::vector<double, std::allocator<double> >&[m[K’
  199 |     operator=([01;36m[Kconst vector<_Tp, _Alloc>& __x[m[K)
      |               [01;36m[K~~~~~~~~~~~~~~~~~~~~~~~~~~~^~~[m[K
In file included from [01m[K/usr/include/c++/9/vector:67[m[K,
                 from [01m[K/home/conner/mechatronics/pid/dummy_brain/src/dummy_brain.cpp:5[m[K:
[01m[K/usr/include/c++/9/bits/stl_vector.h:706:7:[m[K [01;36m[Knote: [m[Kcandidate: ‘[01m[Kstd::vector<_Tp, _Alloc>& std::vector<_Tp, _Alloc>::operator=(std::vector<_Tp, _Alloc>&&) [with _Tp = double; _Alloc = std::allocator<double>][m[K’
  706 |       [01;36m[Koperator[m[K=(vector&& __x) noexcept(_Alloc_traits::_S_nothrow_move())
      |       [01;36m[K^~~~~~~~[m[K
[01m[K/usr/include/c++/9/bits/stl_vector.h:706:26:[m[K [01;36m[Knote: [m[K  no known conversion for argument 1 from ‘[01m[Kstd::vector<int>[m[K’ to ‘[01m[Kstd::vector<double, std::allocator<double> >&&[m[K’
  706 |       operator=([01;36m[Kvector&& __x[m[K) noexcept(_Alloc_traits::_S_nothrow_move())
      |                 [01;36m[K~~~~~~~~~^~~[m[K
[01m[K/usr/include/c++/9/bits/stl_vector.h:727:7:[m[K [01;36m[Knote: [m[Kcandidate: ‘[01m[Kstd::vector<_Tp, _Alloc>& std::vector<_Tp, _Alloc>::operator=(std::initializer_list<_Tp>) [with _Tp = double; _Alloc = std::allocator<double>][m[K’
  727 |       [01;36m[Koperator[m[K=(initializer_list<value_type> __l)
      |       [01;36m[K^~~~~~~~[m[K
[01m[K/usr/include/c++/9/bits/stl_vector.h:727:46:[m[K [01;36m[Knote: [m[K  no known conversion for argument 1 from ‘[01m[Kstd::vector<int>[m[K’ to ‘[01m[Kstd::initializer_list<double>[m[K’
  727 |       operator=([01;36m[Kinitializer_list<value_type> __l[m[K)
      |                 [01;36m[K~~~~~~~~~~~~~~~~~~~~~~~~~~~~~^~~[m[K
[01m[K/home/conner/mechatronics/pid/dummy_brain/src/dummy_brain.cpp:73:29:[m[K [01;31m[Kerror: [m[Kcannot convert ‘[01m[Kvector<[01;32m[Kdouble[m[K,allocator<[01;32m[Kdouble[m[K>>[m[K’ to ‘[01m[Kvector<[01;32m[Kint[m[K,allocator<[01;32m[Kint[m[K>>[m[K’
   73 |         printVector([01;31m[Kmessage.position_vector[m[K);
      |                     [01;31m[K~~~~~~~~^~~~~~~~~~~~~~~[m[K
      |                             [01;31m[K|[m[K
      |                             [01;31m[Kvector<double,allocator<double>>[m[K
[01m[K/home/conner/mechatronics/pid/dummy_brain/src/dummy_brain.cpp:56:34:[m[K [01;36m[Knote: [m[K  initializing argument 1 of ‘[01m[Kvoid DummyBrain::printVector(std::vector<int>)[m[K’
   56 |     void printVector([01;36m[Kvector<int> intVector[m[K)
      |                      [01;36m[K~~~~~~~~~~~~^~~~~~~~~[m[K
make[2]: *** [CMakeFiles/dummy_brain.dir/build.make:63: CMakeFiles/dummy_brain.dir/src/dummy_brain.cpp.o] Error 1
make[1]: *** [CMakeFiles/Makefile2:78: CMakeFiles/dummy_brain.dir/all] Error 2
make: *** [Makefile:141: all] Error 2
