[0.195s] Invoking command in '/home/conner/mechatronics/pid/build/dummy_brain': CMAKE_PREFIX_PATH=/home/conner/mechatronics/pid/install/robot_types:/home/conner/mechatronics/pid/install/pid_controller:/home/conner/mechatronics/pid/install/dummy_sensor:/home/conner/mechatronics/pid/install/dummy_brain:/opt/ros/foxy LD_LIBRARY_PATH=/home/conner/mechatronics/pid/install/robot_types/lib:/opt/ros/foxy/opt/yaml_cpp_vendor/lib:/opt/ros/foxy/opt/rviz_ogre_vendor/lib:/opt/ros/foxy/lib/x86_64-linux-gnu:/opt/ros/foxy/lib PYTHONPATH=/home/conner/mechatronics/pid/install/robot_types/lib/python3.8/site-packages:/opt/ros/foxy/lib/python3.8/site-packages /usr/bin/cmake --build /home/conner/mechatronics/pid/build/dummy_brain -- -j8 -l8
[0.233s] -- Found ament_cmake: 0.9.11 (/opt/ros/foxy/share/ament_cmake/cmake)
[0.261s] -- Using PYTHON_EXECUTABLE: /usr/bin/python3
[0.448s] -- Found rclcpp: 2.4.2 (/opt/ros/foxy/share/rclcpp/cmake)
[0.630s] -- Using all available rosidl_typesupport_c: rosidl_typesupport_fastrtps_c;rosidl_typesupport_introspection_c
[0.643s] -- Found rosidl_adapter: 1.3.0 (/opt/ros/foxy/share/rosidl_adapter/cmake)
[4.013s] -- Using all available rosidl_typesupport_cpp: rosidl_typesupport_fastrtps_cpp;rosidl_typesupport_introspection_cpp
[4.062s] -- Found rmw_implementation_cmake: 1.0.3 (/opt/ros/foxy/share/rmw_implementation_cmake/cmake)
[4.064s] -- Using RMW implementation 'rmw_fastrtps_cpp' as default
[4.220s] -- Found robot_types: 0.0.0 (/home/conner/mechatronics/pid/install/robot_types/share/robot_types/cmake)
[4.328s] -- Configuring done
[4.346s] -- Generating done
[4.350s] -- Build files have been written to: /home/conner/mechatronics/pid/build/dummy_brain
[4.408s] [35m[1mScanning dependencies of target dummy_brain[0m
[4.513s] [ 50%] [32mBuilding CXX object CMakeFiles/dummy_brain.dir/src/dummy_brain.cpp.o[0m
[6.213s] [01m[K/home/conner/mechatronics/pid/dummy_brain/src/dummy_brain.cpp:[m[K In member function ‘[01m[Kstd::vector<int> DummyBrain::generateRandomCoordinates()[m[K’:
[6.213s] [01m[K/home/conner/mechatronics/pid/dummy_brain/src/dummy_brain.cpp:46:50:[m[K [01;31m[Kerror: [m[Kinvalid operands of types ‘[01m[Kdouble[m[K’ and ‘[01m[Kint[m[K’ to binary ‘[01m[Koperator%[m[K’
[6.213s]    46 |         int random_roll = [32m[K(double)(double)rand()[m[K [01;31m[K%[m[K [34m[K10[m[K;
[6.214s]       |                           [32m[K~~~~~~~~~~~~~~~~~~~~~~[m[K [01;31m[K^[m[K [34m[K~~[m[K
[6.214s]       |                           [32m[K|[m[K                        [34m[K|[m[K
[6.214s]       |                           [32m[Kdouble[m[K                   [34m[Kint[m[K
[6.214s] [01m[K/home/conner/mechatronics/pid/dummy_brain/src/dummy_brain.cpp:47:43:[m[K [01;31m[Kerror: [m[Kinvalid operands of types ‘[01m[Kdouble[m[K’ and ‘[01m[Kint[m[K’ to binary ‘[01m[Koperator%[m[K’
[6.214s]    47 |         int random_pitch = [32m[K(double)rand()[m[K [01;31m[K%[m[K [34m[K10[m[K;
[6.214s]       |                            [32m[K~~~~~~~~~~~~~~[m[K [01;31m[K^[m[K [34m[K~~[m[K
[6.214s]       |                            [32m[K|[m[K                [34m[K|[m[K
[6.214s]       |                            [32m[Kdouble[m[K           [34m[Kint[m[K
[6.214s] [01m[K/home/conner/mechatronics/pid/dummy_brain/src/dummy_brain.cpp:48:41:[m[K [01;31m[Kerror: [m[Kinvalid operands of types ‘[01m[Kdouble[m[K’ and ‘[01m[Kint[m[K’ to binary ‘[01m[Koperator%[m[K’
[6.214s]    48 |         int random_yaw = [32m[K(double)rand()[m[K [01;31m[K%[m[K [34m[K10[m[K;
[6.215s]       |                          [32m[K~~~~~~~~~~~~~~[m[K [01;31m[K^[m[K [34m[K~~[m[K
[6.215s]       |                          [32m[K|[m[K                [34m[K|[m[K
[6.215s]       |                          [32m[Kdouble[m[K           [34m[Kint[m[K
[6.215s] [01m[K/home/conner/mechatronics/pid/dummy_brain/src/dummy_brain.cpp:49:38:[m[K [01;31m[Kerror: [m[Kinvalid operands of types ‘[01m[Kdouble[m[K’ and ‘[01m[Kint[m[K’ to binary ‘[01m[Koperator%[m[K’
[6.215s]    49 |         int randomX = [32m[K(double)rand()[m[K [01;31m[K%[m[K [34m[K10[m[K;
[6.215s]       |                       [32m[K~~~~~~~~~~~~~~[m[K [01;31m[K^[m[K [34m[K~~[m[K
[6.215s]       |                       [32m[K|[m[K                [34m[K|[m[K
[6.215s]       |                       [32m[Kdouble[m[K           [34m[Kint[m[K
[6.216s] [01m[K/home/conner/mechatronics/pid/dummy_brain/src/dummy_brain.cpp:50:38:[m[K [01;31m[Kerror: [m[Kinvalid operands of types ‘[01m[Kdouble[m[K’ and ‘[01m[Kint[m[K’ to binary ‘[01m[Koperator%[m[K’
[6.216s]    50 |         int randomY = [32m[K(double)rand()[m[K [01;31m[K%[m[K [34m[K10[m[K;
[6.216s]       |                       [32m[K~~~~~~~~~~~~~~[m[K [01;31m[K^[m[K [34m[K~~[m[K
[6.216s]       |                       [32m[K|[m[K                [34m[K|[m[K
[6.216s]       |                       [32m[Kdouble[m[K           [34m[Kint[m[K
[6.216s] [01m[K/home/conner/mechatronics/pid/dummy_brain/src/dummy_brain.cpp:51:38:[m[K [01;31m[Kerror: [m[Kinvalid operands of types ‘[01m[Kdouble[m[K’ and ‘[01m[Kint[m[K’ to binary ‘[01m[Koperator%[m[K’
[6.216s]    51 |         int randomZ = [32m[K(double)rand()[m[K [01;31m[K%[m[K [34m[K10[m[K;
[6.216s]       |                       [32m[K~~~~~~~~~~~~~~[m[K [01;31m[K^[m[K [34m[K~~[m[K
[6.216s]       |                       [32m[K|[m[K                [34m[K|[m[K
[6.216s]       |                       [32m[Kdouble[m[K           [34m[Kint[m[K
[6.217s] [01m[K/home/conner/mechatronics/pid/dummy_brain/src/dummy_brain.cpp:[m[K In member function ‘[01m[Kvoid DummyBrain::publishMessage()[m[K’:
[6.217s] [01m[K/home/conner/mechatronics/pid/dummy_brain/src/dummy_brain.cpp:71:67:[m[K [01;31m[Kerror: [m[Kno match for ‘[01m[Koperator=[m[K’ (operand types are ‘[01m[Krobot_types::msg::Position_<std::allocator<void> >::_position_vector_type[m[K’ {aka ‘[01m[Kstd::vector<double, std::allocator<double> >[m[K’} and ‘[01m[Kstd::vector<int>[m[K’)
[6.217s]    71 |         message.position_vector = this->generateRandomCoordinates([01;31m[K)[m[K;
[6.217s]       |                                                                   [01;31m[K^[m[K
[6.217s] In file included from [01m[K/usr/include/c++/9/vector:72[m[K,
[6.217s]                  from [01m[K/home/conner/mechatronics/pid/dummy_brain/src/dummy_brain.cpp:5[m[K:
[6.217s] [01m[K/usr/include/c++/9/bits/vector.tcc:198:5:[m[K [01;36m[Knote: [m[Kcandidate: ‘[01m[Kstd::vector<_Tp, _Alloc>& std::vector<_Tp, _Alloc>::operator=(const std::vector<_Tp, _Alloc>&) [with _Tp = double; _Alloc = std::allocator<double>][m[K’
[6.217s]   198 |     [01;36m[Kvector<_Tp, _Alloc>[m[K::
[6.218s]       |     [01;36m[K^~~~~~~~~~~~~~~~~~~[m[K
[6.218s] [01m[K/usr/include/c++/9/bits/vector.tcc:199:42:[m[K [01;36m[Knote: [m[K  no known conversion for argument 1 from ‘[01m[Kstd::vector<int>[m[K’ to ‘[01m[Kconst std::vector<double, std::allocator<double> >&[m[K’
[6.218s]   199 |     operator=([01;36m[Kconst vector<_Tp, _Alloc>& __x[m[K)
[6.218s]       |               [01;36m[K~~~~~~~~~~~~~~~~~~~~~~~~~~~^~~[m[K
[6.218s] In file included from [01m[K/usr/include/c++/9/vector:67[m[K,
[6.218s]                  from [01m[K/home/conner/mechatronics/pid/dummy_brain/src/dummy_brain.cpp:5[m[K:
[6.218s] [01m[K/usr/include/c++/9/bits/stl_vector.h:706:7:[m[K [01;36m[Knote: [m[Kcandidate: ‘[01m[Kstd::vector<_Tp, _Alloc>& std::vector<_Tp, _Alloc>::operator=(std::vector<_Tp, _Alloc>&&) [with _Tp = double; _Alloc = std::allocator<double>][m[K’
[6.218s]   706 |       [01;36m[Koperator[m[K=(vector&& __x) noexcept(_Alloc_traits::_S_nothrow_move())
[6.218s]       |       [01;36m[K^~~~~~~~[m[K
[6.219s] [01m[K/usr/include/c++/9/bits/stl_vector.h:706:26:[m[K [01;36m[Knote: [m[K  no known conversion for argument 1 from ‘[01m[Kstd::vector<int>[m[K’ to ‘[01m[Kstd::vector<double, std::allocator<double> >&&[m[K’
[6.219s]   706 |       operator=([01;36m[Kvector&& __x[m[K) noexcept(_Alloc_traits::_S_nothrow_move())
[6.219s]       |                 [01;36m[K~~~~~~~~~^~~[m[K
[6.219s] [01m[K/usr/include/c++/9/bits/stl_vector.h:727:7:[m[K [01;36m[Knote: [m[Kcandidate: ‘[01m[Kstd::vector<_Tp, _Alloc>& std::vector<_Tp, _Alloc>::operator=(std::initializer_list<_Tp>) [with _Tp = double; _Alloc = std::allocator<double>][m[K’
[6.219s]   727 |       [01;36m[Koperator[m[K=(initializer_list<value_type> __l)
[6.219s]       |       [01;36m[K^~~~~~~~[m[K
[6.219s] [01m[K/usr/include/c++/9/bits/stl_vector.h:727:46:[m[K [01;36m[Knote: [m[K  no known conversion for argument 1 from ‘[01m[Kstd::vector<int>[m[K’ to ‘[01m[Kstd::initializer_list<double>[m[K’
[6.219s]   727 |       operator=([01;36m[Kinitializer_list<value_type> __l[m[K)
[6.219s]       |                 [01;36m[K~~~~~~~~~~~~~~~~~~~~~~~~~~~~~^~~[m[K
[6.220s] [01m[K/home/conner/mechatronics/pid/dummy_brain/src/dummy_brain.cpp:73:29:[m[K [01;31m[Kerror: [m[Kcannot convert ‘[01m[Kvector<[01;32m[Kdouble[m[K,allocator<[01;32m[Kdouble[m[K>>[m[K’ to ‘[01m[Kvector<[01;32m[Kint[m[K,allocator<[01;32m[Kint[m[K>>[m[K’
[6.220s]    73 |         printVector([01;31m[Kmessage.position_vector[m[K);
[6.220s]       |                     [01;31m[K~~~~~~~~^~~~~~~~~~~~~~~[m[K
[6.220s]       |                             [01;31m[K|[m[K
[6.220s]       |                             [01;31m[Kvector<double,allocator<double>>[m[K
[6.220s] [01m[K/home/conner/mechatronics/pid/dummy_brain/src/dummy_brain.cpp:56:34:[m[K [01;36m[Knote: [m[K  initializing argument 1 of ‘[01m[Kvoid DummyBrain::printVector(std::vector<int>)[m[K’
[6.220s]    56 |     void printVector([01;36m[Kvector<int> intVector[m[K)
[6.220s]       |                      [01;36m[K~~~~~~~~~~~~^~~~~~~~~[m[K
[7.506s] make[2]: *** [CMakeFiles/dummy_brain.dir/build.make:63: CMakeFiles/dummy_brain.dir/src/dummy_brain.cpp.o] Error 1
[7.507s] make[1]: *** [CMakeFiles/Makefile2:78: CMakeFiles/dummy_brain.dir/all] Error 2
[7.507s] make: *** [Makefile:141: all] Error 2
[7.512s] Invoked command in '/home/conner/mechatronics/pid/build/dummy_brain' returned '2': CMAKE_PREFIX_PATH=/home/conner/mechatronics/pid/install/robot_types:/home/conner/mechatronics/pid/install/pid_controller:/home/conner/mechatronics/pid/install/dummy_sensor:/home/conner/mechatronics/pid/install/dummy_brain:/opt/ros/foxy LD_LIBRARY_PATH=/home/conner/mechatronics/pid/install/robot_types/lib:/opt/ros/foxy/opt/yaml_cpp_vendor/lib:/opt/ros/foxy/opt/rviz_ogre_vendor/lib:/opt/ros/foxy/lib/x86_64-linux-gnu:/opt/ros/foxy/lib PYTHONPATH=/home/conner/mechatronics/pid/install/robot_types/lib/python3.8/site-packages:/opt/ros/foxy/lib/python3.8/site-packages /usr/bin/cmake --build /home/conner/mechatronics/pid/build/dummy_brain -- -j8 -l8
