[0.530s] DEBUG:colcon:Command line arguments: ['/usr/bin/colcon', 'build', '--packages-select', 'dummy_sensor']
[0.530s] DEBUG:colcon:Parsed command line arguments: Namespace(allow_overriding=[], ament_cmake_args=None, base_paths=['.'], build_base='build', catkin_cmake_args=None, catkin_skip_building_tests=False, cmake_args=None, cmake_clean_cache=False, cmake_clean_first=False, cmake_force_configure=False, cmake_target=None, cmake_target_skip_unavailable=False, continue_on_error=False, event_handlers=None, executor='parallel', ignore_user_meta=False, install_base='install', log_base=None, log_level=None, main=<bound method BuildVerb.main of <colcon_core.verb.build.BuildVerb object at 0x7f74b0fa0cd0>>, merge_install=False, metas=['./colcon.meta'], packages_above=None, packages_above_and_dependencies=None, packages_above_depth=None, packages_end=None, packages_ignore=None, packages_ignore_regex=None, packages_select=['dummy_sensor'], packages_select_build_failed=False, packages_select_by_dep=None, packages_select_regex=None, packages_select_test_failures=False, packages_skip=None, packages_skip_build_finished=False, packages_skip_by_dep=None, packages_skip_regex=None, packages_skip_test_passed=False, packages_skip_up_to=None, packages_start=None, packages_up_to=None, packages_up_to_regex=None, parallel_workers=8, paths=None, symlink_install=False, test_result_base=None, verb_extension=<colcon_core.verb.build.BuildVerb object at 0x7f74b0fa0cd0>, verb_name='build', verb_parser=<colcon_defaults.argument_parser.defaults.DefaultArgumentsDecorator object at 0x7f74b0fa7280>)
[0.560s] Level 1:colcon.colcon_core.package_discovery:discover_packages(colcon_meta) check parameters
[0.560s] Level 1:colcon.colcon_core.package_discovery:discover_packages(recursive) check parameters
[0.560s] Level 1:colcon.colcon_core.package_discovery:discover_packages(ignore) check parameters
[0.560s] Level 1:colcon.colcon_core.package_discovery:discover_packages(path) check parameters
[0.560s] Level 1:colcon.colcon_core.package_discovery:discover_packages(colcon_meta) discover
[0.560s] Level 1:colcon.colcon_core.package_discovery:discover_packages(recursive) discover
[0.560s] INFO:colcon.colcon_core.package_discovery:Crawling recursively for packages in '/home/conner/mechatronics/pid'
[0.561s] Level 1:colcon.colcon_core.package_identification:_identify(.) by extensions ['ignore', 'ignore_ament_install']
[0.561s] Level 1:colcon.colcon_core.package_identification:_identify(.) by extension 'ignore'
[0.561s] Level 1:colcon.colcon_core.package_identification:_identify(.) by extension 'ignore_ament_install'
[0.561s] Level 1:colcon.colcon_core.package_identification:_identify(.) by extensions ['colcon_pkg']
[0.561s] Level 1:colcon.colcon_core.package_identification:_identify(.) by extension 'colcon_pkg'
[0.561s] Level 1:colcon.colcon_core.package_identification:_identify(.) by extensions ['colcon_meta']
[0.562s] Level 1:colcon.colcon_core.package_identification:_identify(.) by extension 'colcon_meta'
[0.562s] Level 1:colcon.colcon_core.package_identification:_identify(.) by extensions ['ros']
[0.562s] Level 1:colcon.colcon_core.package_identification:_identify(.) by extension 'ros'
[0.576s] Level 1:colcon.colcon_core.package_identification:_identify(.) by extensions ['cmake', 'python']
[0.576s] Level 1:colcon.colcon_core.package_identification:_identify(.) by extension 'cmake'
[0.576s] Level 1:colcon.colcon_core.package_identification:_identify(.) by extension 'python'
[0.576s] Level 1:colcon.colcon_core.package_identification:_identify(.) by extensions ['python_setup_py']
[0.576s] Level 1:colcon.colcon_core.package_identification:_identify(.) by extension 'python_setup_py'
[0.577s] Level 1:colcon.colcon_core.package_identification:_identify(build) by extensions ['ignore', 'ignore_ament_install']
[0.577s] Level 1:colcon.colcon_core.package_identification:_identify(build) by extension 'ignore'
[0.577s] Level 1:colcon.colcon_core.package_identification:_identify(build) ignored
[0.577s] Level 1:colcon.colcon_core.package_identification:_identify(dummy_sensor) by extensions ['ignore', 'ignore_ament_install']
[0.578s] Level 1:colcon.colcon_core.package_identification:_identify(dummy_sensor) by extension 'ignore'
[0.578s] Level 1:colcon.colcon_core.package_identification:_identify(dummy_sensor) by extension 'ignore_ament_install'
[0.578s] Level 1:colcon.colcon_core.package_identification:_identify(dummy_sensor) by extensions ['colcon_pkg']
[0.578s] Level 1:colcon.colcon_core.package_identification:_identify(dummy_sensor) by extension 'colcon_pkg'
[0.578s] Level 1:colcon.colcon_core.package_identification:_identify(dummy_sensor) by extensions ['colcon_meta']
[0.578s] Level 1:colcon.colcon_core.package_identification:_identify(dummy_sensor) by extension 'colcon_meta'
[0.579s] Level 1:colcon.colcon_core.package_identification:_identify(dummy_sensor) by extensions ['ros']
[0.579s] Level 1:colcon.colcon_core.package_identification:_identify(dummy_sensor) by extension 'ros'
[0.584s] DEBUG:colcon.colcon_core.package_identification:Package 'dummy_sensor' with type 'ros.ament_cmake' and name 'dummy_sensor'
[0.584s] Level 1:colcon.colcon_core.package_identification:_identify(install) by extensions ['ignore', 'ignore_ament_install']
[0.585s] Level 1:colcon.colcon_core.package_identification:_identify(install) by extension 'ignore'
[0.585s] Level 1:colcon.colcon_core.package_identification:_identify(install) ignored
[0.585s] Level 1:colcon.colcon_core.package_identification:_identify(log) by extensions ['ignore', 'ignore_ament_install']
[0.586s] Level 1:colcon.colcon_core.package_identification:_identify(log) by extension 'ignore'
[0.586s] Level 1:colcon.colcon_core.package_identification:_identify(log) ignored
[0.586s] Level 1:colcon.colcon_core.package_identification:_identify(robot_types) by extensions ['ignore', 'ignore_ament_install']
[0.586s] Level 1:colcon.colcon_core.package_identification:_identify(robot_types) by extension 'ignore'
[0.586s] Level 1:colcon.colcon_core.package_identification:_identify(robot_types) by extension 'ignore_ament_install'
[0.586s] Level 1:colcon.colcon_core.package_identification:_identify(robot_types) by extensions ['colcon_pkg']
[0.587s] Level 1:colcon.colcon_core.package_identification:_identify(robot_types) by extension 'colcon_pkg'
[0.587s] Level 1:colcon.colcon_core.package_identification:_identify(robot_types) by extensions ['colcon_meta']
[0.587s] Level 1:colcon.colcon_core.package_identification:_identify(robot_types) by extension 'colcon_meta'
[0.587s] Level 1:colcon.colcon_core.package_identification:_identify(robot_types) by extensions ['ros']
[0.587s] Level 1:colcon.colcon_core.package_identification:_identify(robot_types) by extension 'ros'
[0.588s] DEBUG:colcon.colcon_core.package_identification:Package 'robot_types' with type 'ros.ament_cmake' and name 'robot_types'
[0.588s] Level 1:colcon.colcon_core.package_discovery:discover_packages(recursive) using defaults
[0.588s] Level 1:colcon.colcon_core.package_discovery:discover_packages(ignore) discover
[0.588s] Level 1:colcon.colcon_core.package_discovery:discover_packages(ignore) using defaults
[0.588s] Level 1:colcon.colcon_core.package_discovery:discover_packages(path) discover
[0.588s] Level 1:colcon.colcon_core.package_discovery:discover_packages(path) using defaults
[0.627s] INFO:colcon.colcon_core.package_selection:Skipping not selected package 'robot_types' in 'robot_types'
[0.628s] Level 1:colcon.colcon_core.package_discovery:discover_packages(prefix_path) check parameters
[0.629s] Level 1:colcon.colcon_core.package_discovery:discover_packages(prefix_path) discover
[0.633s] DEBUG:colcon.colcon_installed_package_information.package_discovery:Found 2 installed packages in /home/conner/mechatronics/pid/install
[0.635s] DEBUG:colcon.colcon_installed_package_information.package_discovery:Found 256 installed packages in /opt/ros/foxy
[0.637s] Level 1:colcon.colcon_core.package_discovery:discover_packages(prefix_path) using defaults
[0.739s] Level 5:colcon.colcon_core.verb:set package 'dummy_sensor' build argument 'cmake_args' from command line to 'None'
[0.739s] Level 5:colcon.colcon_core.verb:set package 'dummy_sensor' build argument 'cmake_target' from command line to 'None'
[0.739s] Level 5:colcon.colcon_core.verb:set package 'dummy_sensor' build argument 'cmake_target_skip_unavailable' from command line to 'False'
[0.739s] Level 5:colcon.colcon_core.verb:set package 'dummy_sensor' build argument 'cmake_clean_cache' from command line to 'False'
[0.739s] Level 5:colcon.colcon_core.verb:set package 'dummy_sensor' build argument 'cmake_clean_first' from command line to 'False'
[0.739s] Level 5:colcon.colcon_core.verb:set package 'dummy_sensor' build argument 'cmake_force_configure' from command line to 'False'
[0.739s] Level 5:colcon.colcon_core.verb:set package 'dummy_sensor' build argument 'ament_cmake_args' from command line to 'None'
[0.740s] Level 5:colcon.colcon_core.verb:set package 'dummy_sensor' build argument 'catkin_cmake_args' from command line to 'None'
[0.740s] Level 5:colcon.colcon_core.verb:set package 'dummy_sensor' build argument 'catkin_skip_building_tests' from command line to 'False'
[0.740s] DEBUG:colcon.colcon_core.verb:Building package 'dummy_sensor' with the following arguments: {'ament_cmake_args': None, 'build_base': '/home/conner/mechatronics/pid/build/dummy_sensor', 'catkin_cmake_args': None, 'catkin_skip_building_tests': False, 'cmake_args': None, 'cmake_clean_cache': False, 'cmake_clean_first': False, 'cmake_force_configure': False, 'cmake_target': None, 'cmake_target_skip_unavailable': False, 'install_base': '/home/conner/mechatronics/pid/install/dummy_sensor', 'merge_install': False, 'path': '/home/conner/mechatronics/pid/dummy_sensor', 'symlink_install': False, 'test_result_base': None}
[0.741s] INFO:colcon.colcon_core.executor:Executing jobs using 'parallel' executor
[0.748s] DEBUG:colcon.colcon_parallel_executor.executor.parallel:run_until_complete
[0.749s] INFO:colcon.colcon_ros.task.ament_cmake.build:Building ROS package in '/home/conner/mechatronics/pid/dummy_sensor' with build type 'ament_cmake'
[0.749s] INFO:colcon.colcon_cmake.task.cmake.build:Building CMake package in '/home/conner/mechatronics/pid/dummy_sensor'
[0.761s] INFO:colcon.colcon_core.plugin_system:Skipping extension 'colcon_core.shell.bat': Not used on non-Windows systems
[0.761s] INFO:colcon.colcon_core.shell:Skip shell extension 'powershell' for command environment: Not usable outside of PowerShell
[0.762s] DEBUG:colcon.colcon_core.shell:Skip shell extension 'dsv' for command environment
[1.239s] DEBUG:colcon.colcon_core.event_handler.log_command:Invoking command in '/home/conner/mechatronics/pid/build/dummy_sensor': CMAKE_PREFIX_PATH=/home/conner/mechatronics/pid/install/robot_types:/home/conner/mechatronics/pid/install/dummy_sensor:/opt/ros/foxy /usr/bin/cmake --build /home/conner/mechatronics/pid/build/dummy_sensor -- -j8 -l8
[9.078s] DEBUG:colcon.colcon_core.event_handler.log_command:Invoked command in '/home/conner/mechatronics/pid/build/dummy_sensor' returned '0': CMAKE_PREFIX_PATH=/home/conner/mechatronics/pid/install/robot_types:/home/conner/mechatronics/pid/install/dummy_sensor:/opt/ros/foxy /usr/bin/cmake --build /home/conner/mechatronics/pid/build/dummy_sensor -- -j8 -l8
[9.175s] DEBUG:colcon.colcon_core.event_handler.log_command:Invoking command in '/home/conner/mechatronics/pid/build/dummy_sensor': CMAKE_PREFIX_PATH=/home/conner/mechatronics/pid/install/robot_types:/home/conner/mechatronics/pid/install/dummy_sensor:/opt/ros/foxy /usr/bin/cmake --install /home/conner/mechatronics/pid/build/dummy_sensor
[9.212s] Level 1:colcon.colcon_core.environment:create_environment_scripts_only(dummy_sensor)
[9.213s] DEBUG:colcon.colcon_core.event_handler.log_command:Invoked command in '/home/conner/mechatronics/pid/build/dummy_sensor' returned '0': CMAKE_PREFIX_PATH=/home/conner/mechatronics/pid/install/robot_types:/home/conner/mechatronics/pid/install/dummy_sensor:/opt/ros/foxy /usr/bin/cmake --install /home/conner/mechatronics/pid/build/dummy_sensor
[9.226s] Level 1:colcon.colcon_core.environment:checking '/home/conner/mechatronics/pid/install/dummy_sensor' for CMake module files
[9.227s] Level 1:colcon.colcon_core.environment:checking '/home/conner/mechatronics/pid/install/dummy_sensor' for CMake config files
[9.227s] Level 1:colcon.colcon_core.shell:create_environment_hook('dummy_sensor', 'cmake_prefix_path')
[9.230s] INFO:colcon.colcon_core.shell:Creating environment hook '/home/conner/mechatronics/pid/install/dummy_sensor/share/dummy_sensor/hook/cmake_prefix_path.ps1'
[9.232s] INFO:colcon.colcon_core.shell:Creating environment descriptor '/home/conner/mechatronics/pid/install/dummy_sensor/share/dummy_sensor/hook/cmake_prefix_path.dsv'
[9.233s] INFO:colcon.colcon_core.shell:Creating environment hook '/home/conner/mechatronics/pid/install/dummy_sensor/share/dummy_sensor/hook/cmake_prefix_path.sh'
[9.236s] Level 1:colcon.colcon_core.environment:checking '/home/conner/mechatronics/pid/install/dummy_sensor/lib'
[9.237s] Level 1:colcon.colcon_core.environment:checking '/home/conner/mechatronics/pid/install/dummy_sensor/bin'
[9.237s] Level 1:colcon.colcon_core.environment:checking '/home/conner/mechatronics/pid/install/dummy_sensor/lib/pkgconfig/dummy_sensor.pc'
[9.238s] Level 1:colcon.colcon_core.environment:checking '/home/conner/mechatronics/pid/install/dummy_sensor/lib/python3.8/site-packages'
[9.239s] Level 1:colcon.colcon_core.environment:checking '/home/conner/mechatronics/pid/install/dummy_sensor/bin'
[9.243s] INFO:colcon.colcon_core.shell:Creating package script '/home/conner/mechatronics/pid/install/dummy_sensor/share/dummy_sensor/package.ps1'
[9.246s] INFO:colcon.colcon_core.shell:Creating package descriptor '/home/conner/mechatronics/pid/install/dummy_sensor/share/dummy_sensor/package.dsv'
[9.247s] INFO:colcon.colcon_core.shell:Creating package script '/home/conner/mechatronics/pid/install/dummy_sensor/share/dummy_sensor/package.sh'
[9.249s] INFO:colcon.colcon_core.shell:Creating package script '/home/conner/mechatronics/pid/install/dummy_sensor/share/dummy_sensor/package.bash'
[9.251s] INFO:colcon.colcon_core.shell:Creating package script '/home/conner/mechatronics/pid/install/dummy_sensor/share/dummy_sensor/package.zsh'
[9.253s] Level 1:colcon.colcon_core.environment:create_file_with_runtime_dependencies(/home/conner/mechatronics/pid/install/dummy_sensor/share/colcon-core/packages/dummy_sensor)
[9.307s] Level 1:colcon.colcon_core.environment:create_environment_scripts_only(dummy_sensor)
[9.314s] Level 1:colcon.colcon_core.environment:checking '/home/conner/mechatronics/pid/install/dummy_sensor' for CMake module files
[9.315s] Level 1:colcon.colcon_core.environment:checking '/home/conner/mechatronics/pid/install/dummy_sensor' for CMake config files
[9.315s] Level 1:colcon.colcon_core.shell:create_environment_hook('dummy_sensor', 'cmake_prefix_path')
[9.318s] INFO:colcon.colcon_core.shell:Creating environment hook '/home/conner/mechatronics/pid/install/dummy_sensor/share/dummy_sensor/hook/cmake_prefix_path.ps1'
[9.319s] INFO:colcon.colcon_core.shell:Creating environment descriptor '/home/conner/mechatronics/pid/install/dummy_sensor/share/dummy_sensor/hook/cmake_prefix_path.dsv'
[9.320s] INFO:colcon.colcon_core.shell:Creating environment hook '/home/conner/mechatronics/pid/install/dummy_sensor/share/dummy_sensor/hook/cmake_prefix_path.sh'
[9.322s] Level 1:colcon.colcon_core.environment:checking '/home/conner/mechatronics/pid/install/dummy_sensor/lib'
[9.322s] Level 1:colcon.colcon_core.environment:checking '/home/conner/mechatronics/pid/install/dummy_sensor/bin'
[9.323s] Level 1:colcon.colcon_core.environment:checking '/home/conner/mechatronics/pid/install/dummy_sensor/lib/pkgconfig/dummy_sensor.pc'
[9.323s] Level 1:colcon.colcon_core.environment:checking '/home/conner/mechatronics/pid/install/dummy_sensor/lib/python3.8/site-packages'
[9.324s] Level 1:colcon.colcon_core.environment:checking '/home/conner/mechatronics/pid/install/dummy_sensor/bin'
[9.327s] INFO:colcon.colcon_core.shell:Creating package script '/home/conner/mechatronics/pid/install/dummy_sensor/share/dummy_sensor/package.ps1'
[9.329s] INFO:colcon.colcon_core.shell:Creating package descriptor '/home/conner/mechatronics/pid/install/dummy_sensor/share/dummy_sensor/package.dsv'
[9.330s] INFO:colcon.colcon_core.shell:Creating package script '/home/conner/mechatronics/pid/install/dummy_sensor/share/dummy_sensor/package.sh'
[9.332s] INFO:colcon.colcon_core.shell:Creating package script '/home/conner/mechatronics/pid/install/dummy_sensor/share/dummy_sensor/package.bash'
[9.333s] INFO:colcon.colcon_core.shell:Creating package script '/home/conner/mechatronics/pid/install/dummy_sensor/share/dummy_sensor/package.zsh'
[9.334s] Level 1:colcon.colcon_core.environment:create_file_with_runtime_dependencies(/home/conner/mechatronics/pid/install/dummy_sensor/share/colcon-core/packages/dummy_sensor)
[9.335s] DEBUG:colcon.colcon_parallel_executor.executor.parallel:closing loop
[9.337s] DEBUG:colcon.colcon_parallel_executor.executor.parallel:loop closed
[9.338s] DEBUG:colcon.colcon_parallel_executor.executor.parallel:run_until_complete finished with '0'
[9.339s] DEBUG:colcon.colcon_core.event_reactor:joining thread
[9.503s] INFO:colcon.colcon_core.plugin_system:Skipping extension 'colcon_notification.desktop_notification.notify_send': Could not find 'notify-send'
[9.503s] INFO:colcon.colcon_core.plugin_system:Skipping extension 'colcon_notification.desktop_notification.terminal_notifier': Not used on non-Darwin systems
[9.504s] INFO:colcon.colcon_core.plugin_system:Skipping extension 'colcon_notification.desktop_notification.win32': Not used on non-Windows systems
[9.504s] INFO:colcon.colcon_notification.desktop_notification:Sending desktop notification using 'notify2'
[9.523s] DEBUG:colcon.colcon_notification.desktop_notification.notify2:Failed to initialize notify2: org.freedesktop.DBus.Error.ServiceUnknown: The name org.freedesktop.Notifications was not provided by any .service files
[9.524s] DEBUG:colcon.colcon_core.event_reactor:joined thread
[9.529s] INFO:colcon.colcon_core.shell:Creating prefix script '/home/conner/mechatronics/pid/install/local_setup.ps1'
[9.531s] INFO:colcon.colcon_core.shell:Creating prefix util module '/home/conner/mechatronics/pid/install/_local_setup_util_ps1.py'
[9.543s] INFO:colcon.colcon_core.shell:Creating prefix chain script '/home/conner/mechatronics/pid/install/setup.ps1'
[9.548s] INFO:colcon.colcon_core.shell:Creating prefix script '/home/conner/mechatronics/pid/install/local_setup.sh'
[9.550s] INFO:colcon.colcon_core.shell:Creating prefix util module '/home/conner/mechatronics/pid/install/_local_setup_util_sh.py'
[9.551s] INFO:colcon.colcon_core.shell:Creating prefix chain script '/home/conner/mechatronics/pid/install/setup.sh'
[9.555s] INFO:colcon.colcon_core.shell:Creating prefix script '/home/conner/mechatronics/pid/install/local_setup.bash'
[9.557s] INFO:colcon.colcon_core.shell:Creating prefix chain script '/home/conner/mechatronics/pid/install/setup.bash'
[9.561s] INFO:colcon.colcon_core.shell:Creating prefix script '/home/conner/mechatronics/pid/install/local_setup.zsh'
[9.563s] INFO:colcon.colcon_core.shell:Creating prefix chain script '/home/conner/mechatronics/pid/install/setup.zsh'
