[0.046s] Invoking command in '/home/conner/mechatronics/pid/build/robot_types': CMAKE_PREFIX_PATH=${CMAKE_PREFIX_PATH}:/opt/ros/foxy /usr/bin/cmake --build /home/conner/mechatronics/pid/build/robot_types -- -j8 -l8
[0.270s] -- Found ament_cmake: 0.9.11 (/opt/ros/foxy/share/ament_cmake/cmake)
[0.321s] -- Found PythonInterp: /usr/bin/python3 (found suitable version "3.8.10", minimum required is "3") 
[0.321s] -- Using PYTHON_EXECUTABLE: /usr/bin/python3
[0.535s] -- Found rosidl_default_generators: 1.0.1 (/opt/ros/foxy/share/rosidl_default_generators/cmake)
[0.546s] -- Using all available rosidl_typesupport_c: rosidl_typesupport_fastrtps_c;rosidl_typesupport_introspection_c
[0.553s] -- Found rosidl_adapter: 1.3.0 (/opt/ros/foxy/share/rosidl_adapter/cmake)
[4.755s] -- Using all available rosidl_typesupport_cpp: rosidl_typesupport_fastrtps_cpp;rosidl_typesupport_introspection_cpp
[4.816s] -- Found PythonInterp: /usr/bin/python3 (found version "3.8.10") 
[5.327s] CMake Error at /opt/ros/foxy/share/rosidl_adapter/cmake/rosidl_adapt_interfaces.cmake:60 (message):
[5.327s]   execute_process(/usr/bin/python3 -m rosidl_adapter --package-name
[5.327s]   robot_types --arguments-file
[5.327s]   /home/conner/mechatronics/pid/build/robot_types/rosidl_adapter__arguments__robot_types.json
[5.327s]   --output-dir
[5.327s]   /home/conner/mechatronics/pid/build/robot_types/rosidl_adapter/robot_types
[5.327s]   --output-file
[5.327s]   /home/conner/mechatronics/pid/build/robot_types/rosidl_adapter/robot_types.idls)
[5.327s]   returned error code 1:
[5.328s] 
[5.328s]   Error processing 'double[] position_vector' of 'robot_types/Position':
[5.328s]   ''double' is an invalid message name.  It should have the pattern
[5.328s]   '^[A-Z][A-Za-z0-9]*$''
[5.328s] 
[5.328s]   Traceback (most recent call last):
[5.328s] 
[5.328s]     File "/usr/lib/python3.8/runpy.py", line 194, in _run_module_as_main
[5.328s]       return _run_code(code, main_globals, None,
[5.328s]     File "/usr/lib/python3.8/runpy.py", line 87, in _run_code
[5.328s]       exec(code, run_globals)
[5.328s]     File "/opt/ros/foxy/lib/python3.8/site-packages/rosidl_adapter/__main__.py", line 19, in <module>
[5.328s]       sys.exit(main())
[5.328s]     File "/opt/ros/foxy/lib/python3.8/site-packages/rosidl_adapter/main.py", line 53, in main
[5.328s]       abs_idl_file = convert_to_idl(
[5.328s]     File "/opt/ros/foxy/lib/python3.8/site-packages/rosidl_adapter/__init__.py", line 19, in convert_to_idl
[5.328s]       return convert_msg_to_idl(
[5.329s]     File "/opt/ros/foxy/lib/python3.8/site-packages/rosidl_adapter/msg/__init__.py", line 28, in convert_msg_to_idl
[5.329s]       msg = parse_message_string(package_name, input_file.stem, content)
[5.329s]     File "/opt/ros/foxy/lib/python3.8/site-packages/rosidl_adapter/parser.py", line 516, in parse_message_string
[5.329s]       Type(type_string, context_package_name=pkg_name),
[5.329s]     File "/opt/ros/foxy/lib/python3.8/site-packages/rosidl_adapter/parser.py", line 276, in __init__
[5.329s]       super(Type, self).__init__(
[5.329s]     File "/opt/ros/foxy/lib/python3.8/site-packages/rosidl_adapter/parser.py", line 204, in __init__
[5.329s]       raise InvalidResourceName(
[5.329s] 
[5.329s]   rosidl_adapter.parser.InvalidResourceName: 'double' is an invalid message
[5.329s]   name.  It should have the pattern '^[A-Z][A-Za-z0-9]*$'
[5.329s] 
[5.330s] Call Stack (most recent call first):
[5.330s]   /opt/ros/foxy/share/rosidl_cmake/cmake/rosidl_generate_interfaces.cmake:130 (rosidl_adapt_interfaces)
[5.330s]   CMakeLists.txt:18 (rosidl_generate_interfaces)
[5.330s] 
[5.330s] 
[5.331s] -- Configuring incomplete, errors occurred!
[5.331s] See also "/home/conner/mechatronics/pid/build/robot_types/CMakeFiles/CMakeOutput.log".
[5.345s] make: *** [Makefile:748: cmake_check_build_system] Error 1
[5.349s] Invoked command in '/home/conner/mechatronics/pid/build/robot_types' returned '2': CMAKE_PREFIX_PATH=${CMAKE_PREFIX_PATH}:/opt/ros/foxy /usr/bin/cmake --build /home/conner/mechatronics/pid/build/robot_types -- -j8 -l8
