[0.142s] Invoking command in '/home/conner/mechatronics/pid/build/dummy_sensor': CMAKE_PREFIX_PATH=/home/conner/mechatronics/pid/install/robot_types:/home/conner/mechatronics/pid/install/dummy_sensor:/home/conner/mechatronics/pid/install/dummy_brain:/opt/ros/foxy /usr/bin/cmake --build /home/conner/mechatronics/pid/build/dummy_sensor -- -j8 -l8
[0.195s] [100%] Built target position_data
[0.208s] Invoked command in '/home/conner/mechatronics/pid/build/dummy_sensor' returned '0': CMAKE_PREFIX_PATH=/home/conner/mechatronics/pid/install/robot_types:/home/conner/mechatronics/pid/install/dummy_sensor:/home/conner/mechatronics/pid/install/dummy_brain:/opt/ros/foxy /usr/bin/cmake --build /home/conner/mechatronics/pid/build/dummy_sensor -- -j8 -l8
[0.236s] Invoking command in '/home/conner/mechatronics/pid/build/dummy_sensor': CMAKE_PREFIX_PATH=/home/conner/mechatronics/pid/install/robot_types:/home/conner/mechatronics/pid/install/dummy_sensor:/home/conner/mechatronics/pid/install/dummy_brain:/opt/ros/foxy /usr/bin/cmake --install /home/conner/mechatronics/pid/build/dummy_sensor
[0.248s] -- Install configuration: ""
[0.249s] -- Up-to-date: /home/conner/mechatronics/pid/install/dummy_sensor/lib/dummy_sensor/position_data
[0.250s] -- Up-to-date: /home/conner/mechatronics/pid/install/dummy_sensor/share/ament_index/resource_index/package_run_dependencies/dummy_sensor
[0.251s] -- Up-to-date: /home/conner/mechatronics/pid/install/dummy_sensor/share/ament_index/resource_index/parent_prefix_path/dummy_sensor
[0.251s] -- Up-to-date: /home/conner/mechatronics/pid/install/dummy_sensor/share/dummy_sensor/environment/ament_prefix_path.sh
[0.251s] -- Up-to-date: /home/conner/mechatronics/pid/install/dummy_sensor/share/dummy_sensor/environment/ament_prefix_path.dsv
[0.251s] -- Up-to-date: /home/conner/mechatronics/pid/install/dummy_sensor/share/dummy_sensor/environment/path.sh
[0.252s] -- Up-to-date: /home/conner/mechatronics/pid/install/dummy_sensor/share/dummy_sensor/environment/path.dsv
[0.252s] -- Up-to-date: /home/conner/mechatronics/pid/install/dummy_sensor/share/dummy_sensor/local_setup.bash
[0.252s] -- Up-to-date: /home/conner/mechatronics/pid/install/dummy_sensor/share/dummy_sensor/local_setup.sh
[0.252s] -- Up-to-date: /home/conner/mechatronics/pid/install/dummy_sensor/share/dummy_sensor/local_setup.zsh
[0.253s] -- Up-to-date: /home/conner/mechatronics/pid/install/dummy_sensor/share/dummy_sensor/local_setup.dsv
[0.253s] -- Installing: /home/conner/mechatronics/pid/install/dummy_sensor/share/dummy_sensor/package.dsv
[0.253s] -- Up-to-date: /home/conner/mechatronics/pid/install/dummy_sensor/share/ament_index/resource_index/packages/dummy_sensor
[0.254s] -- Up-to-date: /home/conner/mechatronics/pid/install/dummy_sensor/share/dummy_sensor/cmake/dummy_sensorConfig.cmake
[0.254s] -- Up-to-date: /home/conner/mechatronics/pid/install/dummy_sensor/share/dummy_sensor/cmake/dummy_sensorConfig-version.cmake
[0.254s] -- Up-to-date: /home/conner/mechatronics/pid/install/dummy_sensor/share/dummy_sensor/package.xml
[0.270s] Invoked command in '/home/conner/mechatronics/pid/build/dummy_sensor' returned '0': CMAKE_PREFIX_PATH=/home/conner/mechatronics/pid/install/robot_types:/home/conner/mechatronics/pid/install/dummy_sensor:/home/conner/mechatronics/pid/install/dummy_brain:/opt/ros/foxy /usr/bin/cmake --install /home/conner/mechatronics/pid/build/dummy_sensor
