[35m[1mScanning dependencies of target pid_controller[0m
[ 50%] [32mBuilding CXX object CMakeFiles/pid_controller.dir/src/pid_controller.cpp.o[0m
[01m[K/home/conner/mechatronics/pid/pid_controller/src/pid_controller.cpp:[m[K In constructor ‘[01m[KController::Controller()[m[K’:
[01m[K/home/conner/mechatronics/pid/pid_controller/src/pid_controller.cpp:34:10:[m[K [01;31m[Kerror: [m[K‘[01m[Kdesired_poisition[m[K’ was not declared in this scope; did you mean ‘[01m[Kdesired_position_[m[K’?
   34 |         ([01;31m[Kdesired_poisition[m[K, 10, std::bind(&Controller::desired_position_callback, this, _1));
      |          [01;31m[K^~~~~~~~~~~~~~~~~[m[K
      |          [32m[Kdesired_position_[m[K
[01m[K/home/conner/mechatronics/pid/pid_controller/src/pid_controller.cpp:34:56:[m[K [01;31m[Kerror: [m[K‘[01m[Kdesired_position_callback[m[K’ is not a member of ‘[01m[KController[m[K’
   34 |         (desired_poisition, 10, std::bind(&Controller::[01;31m[Kdesired_position_callback[m[K, this, _1));
      |                                                        [01;31m[K^~~~~~~~~~~~~~~~~~~~~~~~~[m[K
[01m[K/home/conner/mechatronics/pid/pid_controller/src/pid_controller.cpp:[m[K In member function ‘[01m[Kvoid Controller::position_sensor_callback(robot_types::msg::Position_<std::allocator<void> >::SharedPtr)[m[K’:
[01m[K/home/conner/mechatronics/pid/pid_controller/src/pid_controller.cpp:51:31:[m[K [01;31m[Kerror: [m[Kno matching function for call to ‘[01m[KController::getError()[m[K’
   51 |          printVector(getError([01;31m[K)[m[K);
      |                               [01;31m[K^[m[K
[01m[K/home/conner/mechatronics/pid/pid_controller/src/pid_controller.cpp:62:17:[m[K [01;36m[Knote: [m[Kcandidate: ‘[01m[Kstd::vector<int> Controller::getError(std::vector<int>, std::vector<int>)[m[K’
   62 |     vector<int> [01;36m[KgetError[m[K(vector<int> desired_position, vector<int> current_position)
      |                 [01;36m[K^~~~~~~~[m[K
[01m[K/home/conner/mechatronics/pid/pid_controller/src/pid_controller.cpp:62:17:[m[K [01;36m[Knote: [m[K  candidate expects 2 arguments, 0 provided
[01m[K/home/conner/mechatronics/pid/pid_controller/src/pid_controller.cpp:[m[K In member function ‘[01m[Kstd::vector<int> Controller::getError(std::vector<int>, std::vector<int>)[m[K’:
[01m[K/home/conner/mechatronics/pid/pid_controller/src/pid_controller.cpp:65:46:[m[K [01;31m[Kerror: [m[Kinvalid use of member function ‘[01m[Kstd::vector<_Tp, _Alloc>::size_type std::vector<_Tp, _Alloc>::size() const [with _Tp = int; _Alloc = std::allocator<int>; std::vector<_Tp, _Alloc>::size_type = long unsigned int][m[K’ (did you forget the ‘[01m[K()[m[K’ ?)
   65 |         for (int i = 0; i < [01;31m[Kdesired_position.size[m[K; i++)
      |                             [01;31m[K~~~~~~~~~~~~~~~~~^~~~[m[K
      |                                                  [32m[K()[m[K
make[2]: *** [CMakeFiles/pid_controller.dir/build.make:63: CMakeFiles/pid_controller.dir/src/pid_controller.cpp.o] Error 1
make[1]: *** [CMakeFiles/Makefile2:78: CMakeFiles/pid_controller.dir/all] Error 2
make: *** [Makefile:141: all] Error 2
