[0.187s] Invoking command in '/home/conner/mechatronics/pid/build/pid_controller': CMAKE_PREFIX_PATH=/home/conner/mechatronics/pid/install/robot_types:/home/conner/mechatronics/pid/install/dummy_sensor:/home/conner/mechatronics/pid/install/dummy_brain:/opt/ros/foxy /usr/bin/cmake --build /home/conner/mechatronics/pid/build/pid_controller -- -j8 -l8
[0.228s] [35m[1mScanning dependencies of target pid_controller[0m
[0.261s] [ 50%] [32mBuilding CXX object CMakeFiles/pid_controller.dir/src/pid_controller.cpp.o[0m
[1.773s] [01m[K/home/conner/mechatronics/pid/pid_controller/src/pid_controller.cpp:[m[K In constructor ‘[01m[KController::Controller()[m[K’:
[1.774s] [01m[K/home/conner/mechatronics/pid/pid_controller/src/pid_controller.cpp:34:92:[m[K [01;31m[Kerror: [m[Kno matching function for call to ‘[01m[KController::create_subscription<robot_types::msg::Position>(rclcpp::Subscription<robot_types::msg::Position_<std::allocator<void> > >::SharedPtr&, int, std::_Bind_helper<false, void (Controller::*)(std::shared_ptr<robot_types::msg::Position_<std::allocator<void> > >), Controller*, const std::_Placeholder<1>&>::type)[m[K’
[1.774s]    34 |         (desired_position_, 10, std::bind(&Controller::desired_position_callback, this, _1)[01;31m[K)[m[K;
[1.774s]       |                                                                                            [01;31m[K^[m[K
[1.774s] In file included from [01m[K/opt/ros/foxy/include/rclcpp/node.hpp:1224[m[K,
[1.774s]                  from [01m[K/opt/ros/foxy/include/rclcpp/executors/single_threaded_executor.hpp:28[m[K,
[1.774s]                  from [01m[K/opt/ros/foxy/include/rclcpp/executors.hpp:22[m[K,
[1.774s]                  from [01m[K/opt/ros/foxy/include/rclcpp/rclcpp.hpp:146[m[K,
[1.774s]                  from [01m[K/home/conner/mechatronics/pid/pid_controller/src/pid_controller.cpp:10[m[K:
[1.774s] [01m[K/opt/ros/foxy/include/rclcpp/node_impl.hpp:91:1:[m[K [01;36m[Knote: [m[Kcandidate: ‘[01m[Ktemplate<class MessageT, class CallbackT, class AllocatorT, class CallbackMessageT, class SubscriptionT, class MessageMemoryStrategyT> std::shared_ptr<SubscriptionT> rclcpp::Node::create_subscription(const string&, const rclcpp::QoS&, CallbackT&&, const rclcpp::SubscriptionOptionsWithAllocator<AllocatorT>&, typename MessageMemoryStrategyT::SharedPtr)[m[K’
[1.774s]    91 | [01;36m[KNode[m[K::create_subscription(
[1.774s]       | [01;36m[K^~~~[m[K
[1.774s] [01m[K/opt/ros/foxy/include/rclcpp/node_impl.hpp:91:1:[m[K [01;36m[Knote: [m[K  template argument deduction/substitution failed:
[1.774s] [01m[K/home/conner/mechatronics/pid/pid_controller/src/pid_controller.cpp:34:10:[m[K [01;36m[Knote: [m[K  cannot convert ‘[01m[K((Controller*)this)->Controller::desired_position_[m[K’ (type ‘[01m[Krclcpp::Subscription<robot_types::msg::Position_<std::allocator<void> > >::SharedPtr[m[K’ {aka ‘[01m[Kstd::shared_ptr<rclcpp::Subscription<robot_types::msg::Position_<std::allocator<void> > > >[m[K’}) to type ‘[01m[Kconst string&[m[K’ {aka ‘[01m[Kconst std::__cxx11::basic_string<char>&[m[K’}
[1.774s]    34 |         ([01;36m[Kdesired_position_[m[K, 10, std::bind(&Controller::desired_position_callback, this, _1));
[1.775s]       |          [01;36m[K^~~~~~~~~~~~~~~~~[m[K
[3.227s] make[2]: *** [CMakeFiles/pid_controller.dir/build.make:63: CMakeFiles/pid_controller.dir/src/pid_controller.cpp.o] Error 1
[3.227s] make[1]: *** [CMakeFiles/Makefile2:78: CMakeFiles/pid_controller.dir/all] Error 2
[3.227s] make: *** [Makefile:141: all] Error 2
[3.230s] Invoked command in '/home/conner/mechatronics/pid/build/pid_controller' returned '2': CMAKE_PREFIX_PATH=/home/conner/mechatronics/pid/install/robot_types:/home/conner/mechatronics/pid/install/dummy_sensor:/home/conner/mechatronics/pid/install/dummy_brain:/opt/ros/foxy /usr/bin/cmake --build /home/conner/mechatronics/pid/build/pid_controller -- -j8 -l8
