[0.179s] Invoking command in '/home/conner/mechatronics/pid/build/pid_controller': CMAKE_PREFIX_PATH=/home/conner/mechatronics/pid/install/robot_types:/home/conner/mechatronics/pid/install/pid_controller:/home/conner/mechatronics/pid/install/dummy_sensor:/home/conner/mechatronics/pid/install/dummy_brain:/opt/ros/foxy LD_LIBRARY_PATH=/home/conner/mechatronics/pid/install/robot_types/lib:/opt/ros/foxy/opt/yaml_cpp_vendor/lib:/opt/ros/foxy/opt/rviz_ogre_vendor/lib:/opt/ros/foxy/lib/x86_64-linux-gnu:/opt/ros/foxy/lib PYTHONPATH=/home/conner/mechatronics/pid/install/robot_types/lib/python3.8/site-packages:/opt/ros/foxy/lib/python3.8/site-packages /usr/bin/cmake --build /home/conner/mechatronics/pid/build/pid_controller -- -j8 -l8
[0.242s] [100%] Built target pid_controller
[0.258s] Invoked command in '/home/conner/mechatronics/pid/build/pid_controller' returned '0': CMAKE_PREFIX_PATH=/home/conner/mechatronics/pid/install/robot_types:/home/conner/mechatronics/pid/install/pid_controller:/home/conner/mechatronics/pid/install/dummy_sensor:/home/conner/mechatronics/pid/install/dummy_brain:/opt/ros/foxy LD_LIBRARY_PATH=/home/conner/mechatronics/pid/install/robot_types/lib:/opt/ros/foxy/opt/yaml_cpp_vendor/lib:/opt/ros/foxy/opt/rviz_ogre_vendor/lib:/opt/ros/foxy/lib/x86_64-linux-gnu:/opt/ros/foxy/lib PYTHONPATH=/home/conner/mechatronics/pid/install/robot_types/lib/python3.8/site-packages:/opt/ros/foxy/lib/python3.8/site-packages /usr/bin/cmake --build /home/conner/mechatronics/pid/build/pid_controller -- -j8 -l8
[0.300s] Invoking command in '/home/conner/mechatronics/pid/build/pid_controller': CMAKE_PREFIX_PATH=/home/conner/mechatronics/pid/install/robot_types:/home/conner/mechatronics/pid/install/pid_controller:/home/conner/mechatronics/pid/install/dummy_sensor:/home/conner/mechatronics/pid/install/dummy_brain:/opt/ros/foxy LD_LIBRARY_PATH=/home/conner/mechatronics/pid/install/robot_types/lib:/opt/ros/foxy/opt/yaml_cpp_vendor/lib:/opt/ros/foxy/opt/rviz_ogre_vendor/lib:/opt/ros/foxy/lib/x86_64-linux-gnu:/opt/ros/foxy/lib PYTHONPATH=/home/conner/mechatronics/pid/install/robot_types/lib/python3.8/site-packages:/opt/ros/foxy/lib/python3.8/site-packages /usr/bin/cmake --install /home/conner/mechatronics/pid/build/pid_controller
[0.309s] -- Install configuration: ""
[0.309s] -- Installing: /home/conner/mechatronics/pid/install/pid_controller/lib/pid_controller/pid_controller
[0.344s] -- Set runtime path of "/home/conner/mechatronics/pid/install/pid_controller/lib/pid_controller/pid_controller" to ""
[0.345s] -- Up-to-date: /home/conner/mechatronics/pid/install/pid_controller/share/ament_index/resource_index/package_run_dependencies/pid_controller
[0.345s] -- Up-to-date: /home/conner/mechatronics/pid/install/pid_controller/share/ament_index/resource_index/parent_prefix_path/pid_controller
[0.345s] -- Up-to-date: /home/conner/mechatronics/pid/install/pid_controller/share/pid_controller/environment/ament_prefix_path.sh
[0.346s] -- Installing: /home/conner/mechatronics/pid/install/pid_controller/share/pid_controller/environment/ament_prefix_path.dsv
[0.346s] -- Up-to-date: /home/conner/mechatronics/pid/install/pid_controller/share/pid_controller/environment/path.sh
[0.346s] -- Installing: /home/conner/mechatronics/pid/install/pid_controller/share/pid_controller/environment/path.dsv
[0.346s] -- Up-to-date: /home/conner/mechatronics/pid/install/pid_controller/share/pid_controller/local_setup.bash
[0.347s] -- Up-to-date: /home/conner/mechatronics/pid/install/pid_controller/share/pid_controller/local_setup.sh
[0.347s] -- Up-to-date: /home/conner/mechatronics/pid/install/pid_controller/share/pid_controller/local_setup.zsh
[0.347s] -- Installing: /home/conner/mechatronics/pid/install/pid_controller/share/pid_controller/local_setup.dsv
[0.348s] -- Installing: /home/conner/mechatronics/pid/install/pid_controller/share/pid_controller/package.dsv
[0.348s] -- Up-to-date: /home/conner/mechatronics/pid/install/pid_controller/share/ament_index/resource_index/packages/pid_controller
[0.349s] -- Up-to-date: /home/conner/mechatronics/pid/install/pid_controller/share/pid_controller/cmake/pid_controllerConfig.cmake
[0.349s] -- Up-to-date: /home/conner/mechatronics/pid/install/pid_controller/share/pid_controller/cmake/pid_controllerConfig-version.cmake
[0.349s] -- Up-to-date: /home/conner/mechatronics/pid/install/pid_controller/share/pid_controller/package.xml
[0.354s] Invoked command in '/home/conner/mechatronics/pid/build/pid_controller' returned '0': CMAKE_PREFIX_PATH=/home/conner/mechatronics/pid/install/robot_types:/home/conner/mechatronics/pid/install/pid_controller:/home/conner/mechatronics/pid/install/dummy_sensor:/home/conner/mechatronics/pid/install/dummy_brain:/opt/ros/foxy LD_LIBRARY_PATH=/home/conner/mechatronics/pid/install/robot_types/lib:/opt/ros/foxy/opt/yaml_cpp_vendor/lib:/opt/ros/foxy/opt/rviz_ogre_vendor/lib:/opt/ros/foxy/lib/x86_64-linux-gnu:/opt/ros/foxy/lib PYTHONPATH=/home/conner/mechatronics/pid/install/robot_types/lib/python3.8/site-packages:/opt/ros/foxy/lib/python3.8/site-packages /usr/bin/cmake --install /home/conner/mechatronics/pid/build/pid_controller
