[35m[1mScanning dependencies of target position_data[0m
[ 50%] [32mBuilding CXX object CMakeFiles/position_data.dir/src/dummy_sensor.cpp.o[0m
[100%] [32m[1mLinking CXX executable position_data[0m
[100%] Built target position_data
-- Install configuration: ""
-- Installing: /home/conner/mechatronics/pid/install/dummy_sensor/share/ament_index/resource_index/package_run_dependencies/dummy_sensor
-- Installing: /home/conner/mechatronics/pid/install/dummy_sensor/share/ament_index/resource_index/parent_prefix_path/dummy_sensor
-- Installing: /home/conner/mechatronics/pid/install/dummy_sensor/share/dummy_sensor/environment/ament_prefix_path.sh
-- Installing: /home/conner/mechatronics/pid/install/dummy_sensor/share/dummy_sensor/environment/ament_prefix_path.dsv
-- Installing: /home/conner/mechatronics/pid/install/dummy_sensor/share/dummy_sensor/environment/path.sh
-- Installing: /home/conner/mechatronics/pid/install/dummy_sensor/share/dummy_sensor/environment/path.dsv
-- Installing: /home/conner/mechatronics/pid/install/dummy_sensor/share/dummy_sensor/local_setup.bash
-- Installing: /home/conner/mechatronics/pid/install/dummy_sensor/share/dummy_sensor/local_setup.sh
-- Installing: /home/conner/mechatronics/pid/install/dummy_sensor/share/dummy_sensor/local_setup.zsh
-- Installing: /home/conner/mechatronics/pid/install/dummy_sensor/share/dummy_sensor/local_setup.dsv
-- Installing: /home/conner/mechatronics/pid/install/dummy_sensor/share/dummy_sensor/package.dsv
-- Installing: /home/conner/mechatronics/pid/install/dummy_sensor/share/ament_index/resource_index/packages/dummy_sensor
-- Installing: /home/conner/mechatronics/pid/install/dummy_sensor/share/dummy_sensor/cmake/dummy_sensorConfig.cmake
-- Installing: /home/conner/mechatronics/pid/install/dummy_sensor/share/dummy_sensor/cmake/dummy_sensorConfig-version.cmake
-- Installing: /home/conner/mechatronics/pid/install/dummy_sensor/share/dummy_sensor/package.xml
