[0.553s] DEBUG:colcon:Command line arguments: ['/usr/bin/colcon', 'build', '--packages-select', 'dummy_sensor']
[0.553s] DEBUG:colcon:Parsed command line arguments: Namespace(allow_overriding=[], ament_cmake_args=None, base_paths=['.'], build_base='build', catkin_cmake_args=None, catkin_skip_building_tests=False, cmake_args=None, cmake_clean_cache=False, cmake_clean_first=False, cmake_force_configure=False, cmake_target=None, cmake_target_skip_unavailable=False, continue_on_error=False, event_handlers=None, executor='parallel', ignore_user_meta=False, install_base='install', log_base=None, log_level=None, main=<bound method BuildVerb.main of <colcon_core.verb.build.BuildVerb object at 0x7fdfe3eb7250>>, merge_install=False, metas=['./colcon.meta'], packages_above=None, packages_above_and_dependencies=None, packages_above_depth=None, packages_end=None, packages_ignore=None, packages_ignore_regex=None, packages_select=['dummy_sensor'], packages_select_build_failed=False, packages_select_by_dep=None, packages_select_regex=None, packages_select_test_failures=False, packages_skip=None, packages_skip_build_finished=False, packages_skip_by_dep=None, packages_skip_regex=None, packages_skip_test_passed=False, packages_skip_up_to=None, packages_start=None, packages_up_to=None, packages_up_to_regex=None, parallel_workers=8, paths=None, symlink_install=False, test_result_base=None, verb_extension=<colcon_core.verb.build.BuildVerb object at 0x7fdfe3eb7250>, verb_name='build', verb_parser=<colcon_defaults.argument_parser.defaults.DefaultArgumentsDecorator object at 0x7fdfe3eb7790>)
[0.585s] Level 1:colcon.colcon_core.package_discovery:discover_packages(colcon_meta) check parameters
[0.585s] Level 1:colcon.colcon_core.package_discovery:discover_packages(recursive) check parameters
[0.585s] Level 1:colcon.colcon_core.package_discovery:discover_packages(ignore) check parameters
[0.586s] Level 1:colcon.colcon_core.package_discovery:discover_packages(path) check parameters
[0.586s] Level 1:colcon.colcon_core.package_discovery:discover_packages(colcon_meta) discover
[0.586s] Level 1:colcon.colcon_core.package_discovery:discover_packages(recursive) discover
[0.586s] INFO:colcon.colcon_core.package_discovery:Crawling recursively for packages in '/home/conner/mechatronics/pid'
[0.586s] Level 1:colcon.colcon_core.package_identification:_identify(.) by extensions ['ignore', 'ignore_ament_install']
[0.586s] Level 1:colcon.colcon_core.package_identification:_identify(.) by extension 'ignore'
[0.586s] Level 1:colcon.colcon_core.package_identification:_identify(.) by extension 'ignore_ament_install'
[0.587s] Level 1:colcon.colcon_core.package_identification:_identify(.) by extensions ['colcon_pkg']
[0.587s] Level 1:colcon.colcon_core.package_identification:_identify(.) by extension 'colcon_pkg'
[0.587s] Level 1:colcon.colcon_core.package_identification:_identify(.) by extensions ['colcon_meta']
[0.587s] Level 1:colcon.colcon_core.package_identification:_identify(.) by extension 'colcon_meta'
[0.587s] Level 1:colcon.colcon_core.package_identification:_identify(.) by extensions ['ros']
[0.587s] Level 1:colcon.colcon_core.package_identification:_identify(.) by extension 'ros'
[0.602s] Level 1:colcon.colcon_core.package_identification:_identify(.) by extensions ['cmake', 'python']
[0.602s] Level 1:colcon.colcon_core.package_identification:_identify(.) by extension 'cmake'
[0.602s] Level 1:colcon.colcon_core.package_identification:_identify(.) by extension 'python'
[0.602s] Level 1:colcon.colcon_core.package_identification:_identify(.) by extensions ['python_setup_py']
[0.602s] Level 1:colcon.colcon_core.package_identification:_identify(.) by extension 'python_setup_py'
[0.602s] Level 1:colcon.colcon_core.package_identification:_identify(build) by extensions ['ignore', 'ignore_ament_install']
[0.602s] Level 1:colcon.colcon_core.package_identification:_identify(build) by extension 'ignore'
[0.603s] Level 1:colcon.colcon_core.package_identification:_identify(build) ignored
[0.603s] Level 1:colcon.colcon_core.package_identification:_identify(dummy_sensor) by extensions ['ignore', 'ignore_ament_install']
[0.603s] Level 1:colcon.colcon_core.package_identification:_identify(dummy_sensor) by extension 'ignore'
[0.603s] Level 1:colcon.colcon_core.package_identification:_identify(dummy_sensor) by extension 'ignore_ament_install'
[0.604s] Level 1:colcon.colcon_core.package_identification:_identify(dummy_sensor) by extensions ['colcon_pkg']
[0.604s] Level 1:colcon.colcon_core.package_identification:_identify(dummy_sensor) by extension 'colcon_pkg'
[0.604s] Level 1:colcon.colcon_core.package_identification:_identify(dummy_sensor) by extensions ['colcon_meta']
[0.604s] Level 1:colcon.colcon_core.package_identification:_identify(dummy_sensor) by extension 'colcon_meta'
[0.604s] Level 1:colcon.colcon_core.package_identification:_identify(dummy_sensor) by extensions ['ros']
[0.604s] Level 1:colcon.colcon_core.package_identification:_identify(dummy_sensor) by extension 'ros'
[0.609s] DEBUG:colcon.colcon_core.package_identification:Package 'dummy_sensor' with type 'ros.ament_cmake' and name 'dummy_sensor'
[0.609s] Level 1:colcon.colcon_core.package_identification:_identify(install) by extensions ['ignore', 'ignore_ament_install']
[0.610s] Level 1:colcon.colcon_core.package_identification:_identify(install) by extension 'ignore'
[0.610s] Level 1:colcon.colcon_core.package_identification:_identify(install) ignored
[0.610s] Level 1:colcon.colcon_core.package_identification:_identify(log) by extensions ['ignore', 'ignore_ament_install']
[0.611s] Level 1:colcon.colcon_core.package_identification:_identify(log) by extension 'ignore'
[0.611s] Level 1:colcon.colcon_core.package_identification:_identify(log) ignored
[0.611s] Level 1:colcon.colcon_core.package_identification:_identify(robot_types) by extensions ['ignore', 'ignore_ament_install']
[0.611s] Level 1:colcon.colcon_core.package_identification:_identify(robot_types) by extension 'ignore'
[0.612s] Level 1:colcon.colcon_core.package_identification:_identify(robot_types) by extension 'ignore_ament_install'
[0.612s] Level 1:colcon.colcon_core.package_identification:_identify(robot_types) by extensions ['colcon_pkg']
[0.612s] Level 1:colcon.colcon_core.package_identification:_identify(robot_types) by extension 'colcon_pkg'
[0.612s] Level 1:colcon.colcon_core.package_identification:_identify(robot_types) by extensions ['colcon_meta']
[0.612s] Level 1:colcon.colcon_core.package_identification:_identify(robot_types) by extension 'colcon_meta'
[0.612s] Level 1:colcon.colcon_core.package_identification:_identify(robot_types) by extensions ['ros']
[0.613s] Level 1:colcon.colcon_core.package_identification:_identify(robot_types) by extension 'ros'
[0.614s] DEBUG:colcon.colcon_core.package_identification:Package 'robot_types' with type 'ros.ament_cmake' and name 'robot_types'
[0.614s] Level 1:colcon.colcon_core.package_discovery:discover_packages(recursive) using defaults
[0.614s] Level 1:colcon.colcon_core.package_discovery:discover_packages(ignore) discover
[0.614s] Level 1:colcon.colcon_core.package_discovery:discover_packages(ignore) using defaults
[0.614s] Level 1:colcon.colcon_core.package_discovery:discover_packages(path) discover
[0.614s] Level 1:colcon.colcon_core.package_discovery:discover_packages(path) using defaults
[0.656s] INFO:colcon.colcon_core.package_selection:Skipping not selected package 'robot_types' in 'robot_types'
[0.657s] Level 1:colcon.colcon_core.package_discovery:discover_packages(prefix_path) check parameters
[0.657s] Level 1:colcon.colcon_core.package_discovery:discover_packages(prefix_path) discover
[0.661s] DEBUG:colcon.colcon_installed_package_information.package_discovery:Found 2 installed packages in /home/conner/mechatronics/pid/install
[0.664s] DEBUG:colcon.colcon_installed_package_information.package_discovery:Found 256 installed packages in /opt/ros/foxy
[0.666s] Level 1:colcon.colcon_core.package_discovery:discover_packages(prefix_path) using defaults
[0.761s] Level 5:colcon.colcon_core.verb:set package 'dummy_sensor' build argument 'cmake_args' from command line to 'None'
[0.761s] Level 5:colcon.colcon_core.verb:set package 'dummy_sensor' build argument 'cmake_target' from command line to 'None'
[0.761s] Level 5:colcon.colcon_core.verb:set package 'dummy_sensor' build argument 'cmake_target_skip_unavailable' from command line to 'False'
[0.761s] Level 5:colcon.colcon_core.verb:set package 'dummy_sensor' build argument 'cmake_clean_cache' from command line to 'False'
[0.761s] Level 5:colcon.colcon_core.verb:set package 'dummy_sensor' build argument 'cmake_clean_first' from command line to 'False'
[0.762s] Level 5:colcon.colcon_core.verb:set package 'dummy_sensor' build argument 'cmake_force_configure' from command line to 'False'
[0.762s] Level 5:colcon.colcon_core.verb:set package 'dummy_sensor' build argument 'ament_cmake_args' from command line to 'None'
[0.762s] Level 5:colcon.colcon_core.verb:set package 'dummy_sensor' build argument 'catkin_cmake_args' from command line to 'None'
[0.762s] Level 5:colcon.colcon_core.verb:set package 'dummy_sensor' build argument 'catkin_skip_building_tests' from command line to 'False'
[0.762s] DEBUG:colcon.colcon_core.verb:Building package 'dummy_sensor' with the following arguments: {'ament_cmake_args': None, 'build_base': '/home/conner/mechatronics/pid/build/dummy_sensor', 'catkin_cmake_args': None, 'catkin_skip_building_tests': False, 'cmake_args': None, 'cmake_clean_cache': False, 'cmake_clean_first': False, 'cmake_force_configure': False, 'cmake_target': None, 'cmake_target_skip_unavailable': False, 'install_base': '/home/conner/mechatronics/pid/install/dummy_sensor', 'merge_install': False, 'path': '/home/conner/mechatronics/pid/dummy_sensor', 'symlink_install': False, 'test_result_base': None}
[0.763s] INFO:colcon.colcon_core.executor:Executing jobs using 'parallel' executor
[0.771s] DEBUG:colcon.colcon_parallel_executor.executor.parallel:run_until_complete
[0.773s] INFO:colcon.colcon_ros.task.ament_cmake.build:Building ROS package in '/home/conner/mechatronics/pid/dummy_sensor' with build type 'ament_cmake'
[0.775s] INFO:colcon.colcon_cmake.task.cmake.build:Building CMake package in '/home/conner/mechatronics/pid/dummy_sensor'
[0.784s] INFO:colcon.colcon_core.plugin_system:Skipping extension 'colcon_core.shell.bat': Not used on non-Windows systems
[0.784s] INFO:colcon.colcon_core.shell:Skip shell extension 'powershell' for command environment: Not usable outside of PowerShell
[0.785s] DEBUG:colcon.colcon_core.shell:Skip shell extension 'dsv' for command environment
[1.296s] DEBUG:colcon.colcon_core.event_handler.log_command:Invoking command in '/home/conner/mechatronics/pid/build/dummy_sensor': CMAKE_PREFIX_PATH=/home/conner/mechatronics/pid/install/robot_types:/home/conner/mechatronics/pid/install/dummy_sensor:/opt/ros/foxy /usr/bin/cmake --build /home/conner/mechatronics/pid/build/dummy_sensor -- -j8 -l8
[18.439s] DEBUG:colcon.colcon_core.event_handler.log_command:Invoked command in '/home/conner/mechatronics/pid/build/dummy_sensor' returned '0': CMAKE_PREFIX_PATH=/home/conner/mechatronics/pid/install/robot_types:/home/conner/mechatronics/pid/install/dummy_sensor:/opt/ros/foxy /usr/bin/cmake --build /home/conner/mechatronics/pid/build/dummy_sensor -- -j8 -l8
[18.518s] DEBUG:colcon.colcon_core.event_handler.log_command:Invoking command in '/home/conner/mechatronics/pid/build/dummy_sensor': CMAKE_PREFIX_PATH=/home/conner/mechatronics/pid/install/robot_types:/home/conner/mechatronics/pid/install/dummy_sensor:/opt/ros/foxy /usr/bin/cmake --install /home/conner/mechatronics/pid/build/dummy_sensor
[18.547s] Level 1:colcon.colcon_core.environment:create_environment_scripts_only(dummy_sensor)
[18.552s] DEBUG:colcon.colcon_core.event_handler.log_command:Invoked command in '/home/conner/mechatronics/pid/build/dummy_sensor' returned '0': CMAKE_PREFIX_PATH=/home/conner/mechatronics/pid/install/robot_types:/home/conner/mechatronics/pid/install/dummy_sensor:/opt/ros/foxy /usr/bin/cmake --install /home/conner/mechatronics/pid/build/dummy_sensor
[18.559s] Level 1:colcon.colcon_core.environment:checking '/home/conner/mechatronics/pid/install/dummy_sensor' for CMake module files
[18.560s] Level 1:colcon.colcon_core.environment:checking '/home/conner/mechatronics/pid/install/dummy_sensor' for CMake config files
[18.561s] Level 1:colcon.colcon_core.shell:create_environment_hook('dummy_sensor', 'cmake_prefix_path')
[18.564s] INFO:colcon.colcon_core.shell:Creating environment hook '/home/conner/mechatronics/pid/install/dummy_sensor/share/dummy_sensor/hook/cmake_prefix_path.ps1'
[18.566s] INFO:colcon.colcon_core.shell:Creating environment descriptor '/home/conner/mechatronics/pid/install/dummy_sensor/share/dummy_sensor/hook/cmake_prefix_path.dsv'
[18.567s] INFO:colcon.colcon_core.shell:Creating environment hook '/home/conner/mechatronics/pid/install/dummy_sensor/share/dummy_sensor/hook/cmake_prefix_path.sh'
[18.570s] Level 1:colcon.colcon_core.environment:checking '/home/conner/mechatronics/pid/install/dummy_sensor/lib'
[18.570s] Level 1:colcon.colcon_core.environment:checking '/home/conner/mechatronics/pid/install/dummy_sensor/bin'
[18.571s] Level 1:colcon.colcon_core.environment:checking '/home/conner/mechatronics/pid/install/dummy_sensor/lib/pkgconfig/dummy_sensor.pc'
[18.571s] Level 1:colcon.colcon_core.environment:checking '/home/conner/mechatronics/pid/install/dummy_sensor/lib/python3.8/site-packages'
[18.572s] Level 1:colcon.colcon_core.environment:checking '/home/conner/mechatronics/pid/install/dummy_sensor/bin'
[18.576s] INFO:colcon.colcon_core.shell:Creating package script '/home/conner/mechatronics/pid/install/dummy_sensor/share/dummy_sensor/package.ps1'
[18.578s] INFO:colcon.colcon_core.shell:Creating package descriptor '/home/conner/mechatronics/pid/install/dummy_sensor/share/dummy_sensor/package.dsv'
[18.580s] INFO:colcon.colcon_core.shell:Creating package script '/home/conner/mechatronics/pid/install/dummy_sensor/share/dummy_sensor/package.sh'
[18.583s] INFO:colcon.colcon_core.shell:Creating package script '/home/conner/mechatronics/pid/install/dummy_sensor/share/dummy_sensor/package.bash'
[18.584s] INFO:colcon.colcon_core.shell:Creating package script '/home/conner/mechatronics/pid/install/dummy_sensor/share/dummy_sensor/package.zsh'
[18.586s] Level 1:colcon.colcon_core.environment:create_file_with_runtime_dependencies(/home/conner/mechatronics/pid/install/dummy_sensor/share/colcon-core/packages/dummy_sensor)
[18.633s] Level 1:colcon.colcon_core.environment:create_environment_scripts_only(dummy_sensor)
[18.637s] Level 1:colcon.colcon_core.environment:checking '/home/conner/mechatronics/pid/install/dummy_sensor' for CMake module files
[18.638s] Level 1:colcon.colcon_core.environment:checking '/home/conner/mechatronics/pid/install/dummy_sensor' for CMake config files
[18.638s] Level 1:colcon.colcon_core.shell:create_environment_hook('dummy_sensor', 'cmake_prefix_path')
[18.641s] INFO:colcon.colcon_core.shell:Creating environment hook '/home/conner/mechatronics/pid/install/dummy_sensor/share/dummy_sensor/hook/cmake_prefix_path.ps1'
[18.642s] INFO:colcon.colcon_core.shell:Creating environment descriptor '/home/conner/mechatronics/pid/install/dummy_sensor/share/dummy_sensor/hook/cmake_prefix_path.dsv'
[18.643s] INFO:colcon.colcon_core.shell:Creating environment hook '/home/conner/mechatronics/pid/install/dummy_sensor/share/dummy_sensor/hook/cmake_prefix_path.sh'
[18.645s] Level 1:colcon.colcon_core.environment:checking '/home/conner/mechatronics/pid/install/dummy_sensor/lib'
[18.645s] Level 1:colcon.colcon_core.environment:checking '/home/conner/mechatronics/pid/install/dummy_sensor/bin'
[18.646s] Level 1:colcon.colcon_core.environment:checking '/home/conner/mechatronics/pid/install/dummy_sensor/lib/pkgconfig/dummy_sensor.pc'
[18.646s] Level 1:colcon.colcon_core.environment:checking '/home/conner/mechatronics/pid/install/dummy_sensor/lib/python3.8/site-packages'
[18.646s] Level 1:colcon.colcon_core.environment:checking '/home/conner/mechatronics/pid/install/dummy_sensor/bin'
[18.649s] INFO:colcon.colcon_core.shell:Creating package script '/home/conner/mechatronics/pid/install/dummy_sensor/share/dummy_sensor/package.ps1'
[18.650s] INFO:colcon.colcon_core.shell:Creating package descriptor '/home/conner/mechatronics/pid/install/dummy_sensor/share/dummy_sensor/package.dsv'
[18.650s] INFO:colcon.colcon_core.shell:Creating package script '/home/conner/mechatronics/pid/install/dummy_sensor/share/dummy_sensor/package.sh'
[18.651s] INFO:colcon.colcon_core.shell:Creating package script '/home/conner/mechatronics/pid/install/dummy_sensor/share/dummy_sensor/package.bash'
[18.652s] INFO:colcon.colcon_core.shell:Creating package script '/home/conner/mechatronics/pid/install/dummy_sensor/share/dummy_sensor/package.zsh'
[18.653s] Level 1:colcon.colcon_core.environment:create_file_with_runtime_dependencies(/home/conner/mechatronics/pid/install/dummy_sensor/share/colcon-core/packages/dummy_sensor)
[18.654s] DEBUG:colcon.colcon_parallel_executor.executor.parallel:closing loop
[18.656s] DEBUG:colcon.colcon_parallel_executor.executor.parallel:loop closed
[18.658s] DEBUG:colcon.colcon_parallel_executor.executor.parallel:run_until_complete finished with '0'
[18.659s] DEBUG:colcon.colcon_core.event_reactor:joining thread
[18.829s] INFO:colcon.colcon_core.plugin_system:Skipping extension 'colcon_notification.desktop_notification.notify_send': Could not find 'notify-send'
[18.829s] INFO:colcon.colcon_core.plugin_system:Skipping extension 'colcon_notification.desktop_notification.terminal_notifier': Not used on non-Darwin systems
[18.830s] INFO:colcon.colcon_core.plugin_system:Skipping extension 'colcon_notification.desktop_notification.win32': Not used on non-Windows systems
[18.830s] INFO:colcon.colcon_notification.desktop_notification:Sending desktop notification using 'notify2'
[18.844s] DEBUG:colcon.colcon_notification.desktop_notification.notify2:Failed to initialize notify2: org.freedesktop.DBus.Error.ServiceUnknown: The name org.freedesktop.Notifications was not provided by any .service files
[18.845s] DEBUG:colcon.colcon_core.event_reactor:joined thread
[18.849s] INFO:colcon.colcon_core.shell:Creating prefix script '/home/conner/mechatronics/pid/install/local_setup.ps1'
[18.851s] INFO:colcon.colcon_core.shell:Creating prefix util module '/home/conner/mechatronics/pid/install/_local_setup_util_ps1.py'
[18.855s] INFO:colcon.colcon_core.shell:Creating prefix chain script '/home/conner/mechatronics/pid/install/setup.ps1'
[18.859s] INFO:colcon.colcon_core.shell:Creating prefix script '/home/conner/mechatronics/pid/install/local_setup.sh'
[18.860s] INFO:colcon.colcon_core.shell:Creating prefix util module '/home/conner/mechatronics/pid/install/_local_setup_util_sh.py'
[18.862s] INFO:colcon.colcon_core.shell:Creating prefix chain script '/home/conner/mechatronics/pid/install/setup.sh'
[18.865s] INFO:colcon.colcon_core.shell:Creating prefix script '/home/conner/mechatronics/pid/install/local_setup.bash'
[18.866s] INFO:colcon.colcon_core.shell:Creating prefix chain script '/home/conner/mechatronics/pid/install/setup.bash'
[18.869s] INFO:colcon.colcon_core.shell:Creating prefix script '/home/conner/mechatronics/pid/install/local_setup.zsh'
[18.870s] INFO:colcon.colcon_core.shell:Creating prefix chain script '/home/conner/mechatronics/pid/install/setup.zsh'
