[0.294s] Invoking command in '/home/conner/mechatronics/pid/build/dummy_brain': CMAKE_PREFIX_PATH=/home/conner/mechatronics/pid/install/robot_types:/home/conner/mechatronics/pid/install/dummy_sensor:/opt/ros/foxy /usr/bin/cmake /home/conner/mechatronics/pid/dummy_brain -DCMAKE_INSTALL_PREFIX=/home/conner/mechatronics/pid/install/dummy_brain
[0.982s] -- The C compiler identification is GNU 9.4.0
[1.712s] -- The CXX compiler identification is GNU 9.4.0
[2.009s] -- Check for working C compiler: /usr/bin/cc
[2.390s] -- Check for working C compiler: /usr/bin/cc -- works
[2.397s] -- Detecting C compiler ABI info
[3.123s] -- Detecting C compiler ABI info - done
[3.147s] -- Detecting C compile features
[3.149s] -- Detecting C compile features - done
[3.158s] -- Check for working CXX compiler: /usr/bin/c++
[3.485s] -- Check for working CXX compiler: /usr/bin/c++ -- works
[3.487s] -- Detecting CXX compiler ABI info
[3.783s] -- Detecting CXX compiler ABI info - done
[3.798s] -- Detecting CXX compile features
[3.799s] -- Detecting CXX compile features - done
[3.829s] -- Found ament_cmake: 0.9.11 (/opt/ros/foxy/share/ament_cmake/cmake)
[3.862s] -- Found PythonInterp: /usr/bin/python3 (found suitable version "3.8.10", minimum required is "3") 
[3.862s] -- Using PYTHON_EXECUTABLE: /usr/bin/python3
[4.105s] -- Found rclcpp: 2.4.2 (/opt/ros/foxy/share/rclcpp/cmake)
[5.878s] -- Using all available rosidl_typesupport_c: rosidl_typesupport_fastrtps_c;rosidl_typesupport_introspection_c
[5.904s] -- Found rosidl_adapter: 1.3.0 (/opt/ros/foxy/share/rosidl_adapter/cmake)
[9.262s] -- Found OpenSSL: /usr/lib/x86_64-linux-gnu/libcrypto.so (found version "1.1.1f")  
[12.253s] -- Found FastRTPS: /opt/ros/foxy/include  
[16.549s] -- Using all available rosidl_typesupport_cpp: rosidl_typesupport_fastrtps_cpp;rosidl_typesupport_introspection_cpp
[16.635s] -- Found rmw_implementation_cmake: 1.0.3 (/opt/ros/foxy/share/rmw_implementation_cmake/cmake)
[16.642s] -- Using RMW implementation 'rmw_fastrtps_cpp' as default
[16.646s] -- Looking for pthread.h
[16.933s] -- Looking for pthread.h - found
[16.934s] -- Performing Test CMAKE_HAVE_LIBC_PTHREAD
[17.298s] -- Performing Test CMAKE_HAVE_LIBC_PTHREAD - Failed
[17.299s] -- Looking for pthread_create in pthreads
[17.630s] -- Looking for pthread_create in pthreads - not found
[17.631s] -- Looking for pthread_create in pthread
[17.880s] -- Looking for pthread_create in pthread - found
[17.881s] -- Found Threads: TRUE  
[18.096s] -- Found robot_types: 0.0.0 (/home/conner/mechatronics/pid/install/robot_types/share/robot_types/cmake)
[18.201s] -- Configuring done
[18.221s] -- Generating done
[18.225s] -- Build files have been written to: /home/conner/mechatronics/pid/build/dummy_brain
[18.247s] Invoked command in '/home/conner/mechatronics/pid/build/dummy_brain' returned '0': CMAKE_PREFIX_PATH=/home/conner/mechatronics/pid/install/robot_types:/home/conner/mechatronics/pid/install/dummy_sensor:/opt/ros/foxy /usr/bin/cmake /home/conner/mechatronics/pid/dummy_brain -DCMAKE_INSTALL_PREFIX=/home/conner/mechatronics/pid/install/dummy_brain
[18.251s] Invoking command in '/home/conner/mechatronics/pid/build/dummy_brain': CMAKE_PREFIX_PATH=/home/conner/mechatronics/pid/install/robot_types:/home/conner/mechatronics/pid/install/dummy_sensor:/opt/ros/foxy /usr/bin/cmake --build /home/conner/mechatronics/pid/build/dummy_brain -- -j8 -l8
[18.298s] [35m[1mScanning dependencies of target dummy_brain[0m
[18.420s] [ 50%] [32mBuilding CXX object CMakeFiles/dummy_brain.dir/src/dummy_brain.cpp.o[0m
[23.454s] [100%] [32m[1mLinking CXX executable dummy_brain[0m
[23.898s] [100%] Built target dummy_brain
[23.920s] Invoked command in '/home/conner/mechatronics/pid/build/dummy_brain' returned '0': CMAKE_PREFIX_PATH=/home/conner/mechatronics/pid/install/robot_types:/home/conner/mechatronics/pid/install/dummy_sensor:/opt/ros/foxy /usr/bin/cmake --build /home/conner/mechatronics/pid/build/dummy_brain -- -j8 -l8
[23.983s] Invoking command in '/home/conner/mechatronics/pid/build/dummy_brain': CMAKE_PREFIX_PATH=/home/conner/mechatronics/pid/install/robot_types:/home/conner/mechatronics/pid/install/dummy_sensor:/opt/ros/foxy /usr/bin/cmake --install /home/conner/mechatronics/pid/build/dummy_brain
[23.993s] -- Install configuration: ""
[23.994s] -- Installing: /home/conner/mechatronics/pid/install/dummy_brain/lib/dummy_brain/dummy_brain
[23.998s] -- Set runtime path of "/home/conner/mechatronics/pid/install/dummy_brain/lib/dummy_brain/dummy_brain" to ""
[23.999s] -- Installing: /home/conner/mechatronics/pid/install/dummy_brain/share/ament_index/resource_index/package_run_dependencies/dummy_brain
[24.000s] -- Installing: /home/conner/mechatronics/pid/install/dummy_brain/share/ament_index/resource_index/parent_prefix_path/dummy_brain
[24.000s] -- Installing: /home/conner/mechatronics/pid/install/dummy_brain/share/dummy_brain/environment/ament_prefix_path.sh
[24.001s] -- Installing: /home/conner/mechatronics/pid/install/dummy_brain/share/dummy_brain/environment/ament_prefix_path.dsv
[24.002s] -- Installing: /home/conner/mechatronics/pid/install/dummy_brain/share/dummy_brain/environment/path.sh
[24.003s] -- Installing: /home/conner/mechatronics/pid/install/dummy_brain/share/dummy_brain/environment/path.dsv
[24.004s] -- Installing: /home/conner/mechatronics/pid/install/dummy_brain/share/dummy_brain/local_setup.bash
[24.004s] -- Installing: /home/conner/mechatronics/pid/install/dummy_brain/share/dummy_brain/local_setup.sh
[24.005s] -- Installing: /home/conner/mechatronics/pid/install/dummy_brain/share/dummy_brain/local_setup.zsh
[24.005s] -- Installing: /home/conner/mechatronics/pid/install/dummy_brain/share/dummy_brain/local_setup.dsv
[24.006s] -- Installing: /home/conner/mechatronics/pid/install/dummy_brain/share/dummy_brain/package.dsv
[24.006s] -- Installing: /home/conner/mechatronics/pid/install/dummy_brain/share/ament_index/resource_index/packages/dummy_brain
[24.007s] -- Installing: /home/conner/mechatronics/pid/install/dummy_brain/share/dummy_brain/cmake/dummy_brainConfig.cmake
[24.008s] -- Installing: /home/conner/mechatronics/pid/install/dummy_brain/share/dummy_brain/cmake/dummy_brainConfig-version.cmake
[24.008s] -- Installing: /home/conner/mechatronics/pid/install/dummy_brain/share/dummy_brain/package.xml
[24.013s] Invoked command in '/home/conner/mechatronics/pid/build/dummy_brain' returned '0': CMAKE_PREFIX_PATH=/home/conner/mechatronics/pid/install/robot_types:/home/conner/mechatronics/pid/install/dummy_sensor:/opt/ros/foxy /usr/bin/cmake --install /home/conner/mechatronics/pid/build/dummy_brain
