[0.227s] Invoking command in '/home/conner/mechatronics/pid/build/pid_controller': CMAKE_PREFIX_PATH=/home/conner/mechatronics/pid/install/robot_types:/home/conner/mechatronics/pid/install/dummy_sensor:/home/conner/mechatronics/pid/install/dummy_brain:/opt/ros/foxy /usr/bin/cmake --build /home/conner/mechatronics/pid/build/pid_controller -- -j8 -l8
[0.275s] [35m[1mScanning dependencies of target pid_controller[0m
[0.323s] [ 50%] [32mBuilding CXX object CMakeFiles/pid_controller.dir/src/pid_controller.cpp.o[0m
[2.186s] [01m[K/home/conner/mechatronics/pid/pid_controller/src/pid_controller.cpp:[m[K In constructor ‘[01m[KController::Controller()[m[K’:
[2.186s] [01m[K/home/conner/mechatronics/pid/pid_controller/src/pid_controller.cpp:34:10:[m[K [01;31m[Kerror: [m[K‘[01m[Kdesired_poisition[m[K’ was not declared in this scope; did you mean ‘[01m[Kdesired_position_[m[K’?
[2.186s]    34 |         ([01;31m[Kdesired_poisition[m[K, 10, std::bind(&Controller::desired_position_callback, this, _1));
[2.187s]       |          [01;31m[K^~~~~~~~~~~~~~~~~[m[K
[2.187s]       |          [32m[Kdesired_position_[m[K
[2.187s] [01m[K/home/conner/mechatronics/pid/pid_controller/src/pid_controller.cpp:34:56:[m[K [01;31m[Kerror: [m[K‘[01m[Kdesired_position_callback[m[K’ is not a member of ‘[01m[KController[m[K’
[2.187s]    34 |         (desired_poisition, 10, std::bind(&Controller::[01;31m[Kdesired_position_callback[m[K, this, _1));
[2.187s]       |                                                        [01;31m[K^~~~~~~~~~~~~~~~~~~~~~~~~[m[K
[2.191s] [01m[K/home/conner/mechatronics/pid/pid_controller/src/pid_controller.cpp:[m[K In member function ‘[01m[Kvoid Controller::position_sensor_callback(robot_types::msg::Position_<std::allocator<void> >::SharedPtr)[m[K’:
[2.191s] [01m[K/home/conner/mechatronics/pid/pid_controller/src/pid_controller.cpp:51:31:[m[K [01;31m[Kerror: [m[Kno matching function for call to ‘[01m[KController::getError()[m[K’
[2.191s]    51 |          printVector(getError([01;31m[K)[m[K);
[2.192s]       |                               [01;31m[K^[m[K
[2.192s] [01m[K/home/conner/mechatronics/pid/pid_controller/src/pid_controller.cpp:62:17:[m[K [01;36m[Knote: [m[Kcandidate: ‘[01m[Kstd::vector<int> Controller::getError(std::vector<int>, std::vector<int>)[m[K’
[2.192s]    62 |     vector<int> [01;36m[KgetError[m[K(vector<int> desired_position, vector<int> current_position)
[2.192s]       |                 [01;36m[K^~~~~~~~[m[K
[2.192s] [01m[K/home/conner/mechatronics/pid/pid_controller/src/pid_controller.cpp:62:17:[m[K [01;36m[Knote: [m[K  candidate expects 2 arguments, 0 provided
[2.193s] [01m[K/home/conner/mechatronics/pid/pid_controller/src/pid_controller.cpp:[m[K In member function ‘[01m[Kstd::vector<int> Controller::getError(std::vector<int>, std::vector<int>)[m[K’:
[2.193s] [01m[K/home/conner/mechatronics/pid/pid_controller/src/pid_controller.cpp:65:27:[m[K [01;35m[Kwarning: [m[Kcomparison of integer expressions of different signedness: ‘[01m[Kint[m[K’ and ‘[01m[Kstd::vector<int>::size_type[m[K’ {aka ‘[01m[Klong unsigned int[m[K’} [[01;35m[K-Wsign-compare[m[K]
[2.193s]    65 |         for (int i = 0; [01;35m[Ki < desired_position.size()[m[K; i++)
[2.193s]       |                         [01;35m[K~~^~~~~~~~~~~~~~~~~~~~~~~~~[m[K
[3.759s] make[2]: *** [CMakeFiles/pid_controller.dir/build.make:63: CMakeFiles/pid_controller.dir/src/pid_controller.cpp.o] Error 1
[3.759s] make[1]: *** [CMakeFiles/Makefile2:78: CMakeFiles/pid_controller.dir/all] Error 2
[3.759s] make: *** [Makefile:141: all] Error 2
[3.762s] Invoked command in '/home/conner/mechatronics/pid/build/pid_controller' returned '2': CMAKE_PREFIX_PATH=/home/conner/mechatronics/pid/install/robot_types:/home/conner/mechatronics/pid/install/dummy_sensor:/home/conner/mechatronics/pid/install/dummy_brain:/opt/ros/foxy /usr/bin/cmake --build /home/conner/mechatronics/pid/build/pid_controller -- -j8 -l8
