[0.543s] Invoking command in '/home/conner/mechatronics/pid/build/dummy_sensor': CMAKE_PREFIX_PATH=/home/conner/mechatronics/pid/install/robot_types:/home/conner/mechatronics/pid/install/dummy_sensor:/opt/ros/foxy /usr/bin/cmake --build /home/conner/mechatronics/pid/build/dummy_sensor -- -j8 -l8
[0.660s] [35m[1mScanning dependencies of target position_data[0m
[0.755s] [ 50%] [32mBuilding CXX object CMakeFiles/position_data.dir/src/dummy_sensor.cpp.o[0m
[8.426s] [100%] [32m[1mLinking CXX executable position_data[0m
[9.041s] [100%] Built target position_data
[9.071s] Invoked command in '/home/conner/mechatronics/pid/build/dummy_sensor' returned '0': CMAKE_PREFIX_PATH=/home/conner/mechatronics/pid/install/robot_types:/home/conner/mechatronics/pid/install/dummy_sensor:/opt/ros/foxy /usr/bin/cmake --build /home/conner/mechatronics/pid/build/dummy_sensor -- -j8 -l8
[9.183s] Invoking command in '/home/conner/mechatronics/pid/build/dummy_sensor': CMAKE_PREFIX_PATH=/home/conner/mechatronics/pid/install/robot_types:/home/conner/mechatronics/pid/install/dummy_sensor:/opt/ros/foxy /usr/bin/cmake --install /home/conner/mechatronics/pid/build/dummy_sensor
[9.201s] -- Install configuration: ""
[9.201s] -- Installing: /home/conner/mechatronics/pid/install/dummy_sensor/lib/dummy_sensor/position_data
[9.206s] -- Set runtime path of "/home/conner/mechatronics/pid/install/dummy_sensor/lib/dummy_sensor/position_data" to ""
[9.209s] -- Up-to-date: /home/conner/mechatronics/pid/install/dummy_sensor/share/ament_index/resource_index/package_run_dependencies/dummy_sensor
[9.210s] -- Up-to-date: /home/conner/mechatronics/pid/install/dummy_sensor/share/ament_index/resource_index/parent_prefix_path/dummy_sensor
[9.210s] -- Up-to-date: /home/conner/mechatronics/pid/install/dummy_sensor/share/dummy_sensor/environment/ament_prefix_path.sh
[9.210s] -- Up-to-date: /home/conner/mechatronics/pid/install/dummy_sensor/share/dummy_sensor/environment/ament_prefix_path.dsv
[9.211s] -- Up-to-date: /home/conner/mechatronics/pid/install/dummy_sensor/share/dummy_sensor/environment/path.sh
[9.212s] -- Up-to-date: /home/conner/mechatronics/pid/install/dummy_sensor/share/dummy_sensor/environment/path.dsv
[9.213s] -- Up-to-date: /home/conner/mechatronics/pid/install/dummy_sensor/share/dummy_sensor/local_setup.bash
[9.215s] -- Up-to-date: /home/conner/mechatronics/pid/install/dummy_sensor/share/dummy_sensor/local_setup.sh
[9.215s] -- Up-to-date: /home/conner/mechatronics/pid/install/dummy_sensor/share/dummy_sensor/local_setup.zsh
[9.221s] -- Up-to-date: /home/conner/mechatronics/pid/install/dummy_sensor/share/dummy_sensor/local_setup.dsv
[9.222s] -- Up-to-date: /home/conner/mechatronics/pid/install/dummy_sensor/share/dummy_sensor/package.dsv
[9.223s] -- Up-to-date: /home/conner/mechatronics/pid/install/dummy_sensor/share/ament_index/resource_index/packages/dummy_sensor
[9.225s] -- Up-to-date: /home/conner/mechatronics/pid/install/dummy_sensor/share/dummy_sensor/cmake/dummy_sensorConfig.cmake
[9.226s] -- Up-to-date: /home/conner/mechatronics/pid/install/dummy_sensor/share/dummy_sensor/cmake/dummy_sensorConfig-version.cmake
[9.227s] -- Up-to-date: /home/conner/mechatronics/pid/install/dummy_sensor/share/dummy_sensor/package.xml
[9.228s] Invoked command in '/home/conner/mechatronics/pid/build/dummy_sensor' returned '0': CMAKE_PREFIX_PATH=/home/conner/mechatronics/pid/install/robot_types:/home/conner/mechatronics/pid/install/dummy_sensor:/opt/ros/foxy /usr/bin/cmake --install /home/conner/mechatronics/pid/build/dummy_sensor
