[0.025s] Invoking command in '/home/conner/mechatronics/pid/build/robot_types': CMAKE_PREFIX_PATH=${CMAKE_PREFIX_PATH}:/opt/ros/foxy /usr/bin/cmake --build /home/conner/mechatronics/pid/build/robot_types -- -j8 -l8
[0.075s] [  6%] Built target robot_types__cpp
[0.075s] [ 12%] Built target robot_types__rosidl_generator_c
[0.096s] [ 41%] Built target robot_types__rosidl_typesupport_c
[0.097s] [ 41%] Built target robot_types__rosidl_typesupport_cpp
[0.097s] [ 41%] Built target robot_types__rosidl_typesupport_introspection_cpp
[0.098s] [ 51%] Built target robot_types__rosidl_typesupport_fastrtps_cpp
[0.118s] [ 61%] Built target robot_types__rosidl_typesupport_introspection_c
[0.122s] [ 70%] Built target robot_types__rosidl_typesupport_fastrtps_c
[0.141s] [ 70%] Built target robot_types
[0.161s] [ 74%] Built target robot_types__py
[0.184s] [ 80%] Built target robot_types__python
[0.208s] [100%] Built target robot_types__rosidl_typesupport_c__pyext
[0.208s] [100%] Built target robot_types__rosidl_typesupport_introspection_c__pyext
[0.208s] [100%] Built target robot_types__rosidl_typesupport_fastrtps_c__pyext
[0.219s] Invoked command in '/home/conner/mechatronics/pid/build/robot_types' returned '0': CMAKE_PREFIX_PATH=${CMAKE_PREFIX_PATH}:/opt/ros/foxy /usr/bin/cmake --build /home/conner/mechatronics/pid/build/robot_types -- -j8 -l8
[0.276s] Invoking command in '/home/conner/mechatronics/pid/build/robot_types': CMAKE_PREFIX_PATH=${CMAKE_PREFIX_PATH}:/opt/ros/foxy /usr/bin/cmake --install /home/conner/mechatronics/pid/build/robot_types
[0.284s] -- Install configuration: ""
[0.285s] -- Up-to-date: /home/conner/mechatronics/pid/install/robot_types/share/ament_index/resource_index/rosidl_interfaces/robot_types
[0.285s] -- Up-to-date: /home/conner/mechatronics/pid/install/robot_types/include/robot_types
[0.285s] -- Up-to-date: /home/conner/mechatronics/pid/install/robot_types/include/robot_types/msg
[0.285s] -- Up-to-date: /home/conner/mechatronics/pid/install/robot_types/include/robot_types/msg/rosidl_generator_c__visibility_control.h
[0.286s] -- Up-to-date: /home/conner/mechatronics/pid/install/robot_types/include/robot_types/msg/detail
[0.286s] -- Up-to-date: /home/conner/mechatronics/pid/install/robot_types/include/robot_types/msg/detail/position__functions.c
[0.286s] -- Up-to-date: /home/conner/mechatronics/pid/install/robot_types/include/robot_types/msg/detail/position__functions.h
[0.286s] -- Up-to-date: /home/conner/mechatronics/pid/install/robot_types/include/robot_types/msg/detail/position__struct.h
[0.286s] -- Up-to-date: /home/conner/mechatronics/pid/install/robot_types/include/robot_types/msg/detail/position__type_support.h
[0.286s] -- Up-to-date: /home/conner/mechatronics/pid/install/robot_types/include/robot_types/msg/position.h
[0.287s] -- Up-to-date: /home/conner/mechatronics/pid/install/robot_types/share/robot_types/environment/library_path.sh
[0.287s] -- Up-to-date: /home/conner/mechatronics/pid/install/robot_types/share/robot_types/environment/library_path.dsv
[0.287s] -- Up-to-date: /home/conner/mechatronics/pid/install/robot_types/lib/librobot_types__rosidl_generator_c.so
[0.287s] -- Up-to-date: /home/conner/mechatronics/pid/install/robot_types/include/robot_types
[0.287s] -- Up-to-date: /home/conner/mechatronics/pid/install/robot_types/include/robot_types/msg
[0.287s] -- Up-to-date: /home/conner/mechatronics/pid/install/robot_types/include/robot_types/msg/rosidl_typesupport_fastrtps_c__visibility_control.h
[0.287s] -- Up-to-date: /home/conner/mechatronics/pid/install/robot_types/include/robot_types/msg/detail
[0.287s] -- Up-to-date: /home/conner/mechatronics/pid/install/robot_types/include/robot_types/msg/detail/position__rosidl_typesupport_fastrtps_c.h
[0.288s] -- Up-to-date: /home/conner/mechatronics/pid/install/robot_types/lib/librobot_types__rosidl_typesupport_fastrtps_c.so
[0.288s] -- Up-to-date: /home/conner/mechatronics/pid/install/robot_types/include/robot_types
[0.288s] -- Up-to-date: /home/conner/mechatronics/pid/install/robot_types/include/robot_types/msg
[0.288s] -- Up-to-date: /home/conner/mechatronics/pid/install/robot_types/include/robot_types/msg/rosidl_typesupport_fastrtps_cpp__visibility_control.h
[0.288s] -- Up-to-date: /home/conner/mechatronics/pid/install/robot_types/include/robot_types/msg/detail
[0.289s] -- Up-to-date: /home/conner/mechatronics/pid/install/robot_types/include/robot_types/msg/detail/position__rosidl_typesupport_fastrtps_cpp.hpp
[0.289s] -- Up-to-date: /home/conner/mechatronics/pid/install/robot_types/include/robot_types/msg/detail/dds_fastrtps
[0.289s] -- Up-to-date: /home/conner/mechatronics/pid/install/robot_types/lib/librobot_types__rosidl_typesupport_fastrtps_cpp.so
[0.289s] -- Up-to-date: /home/conner/mechatronics/pid/install/robot_types/include/robot_types
[0.289s] -- Up-to-date: /home/conner/mechatronics/pid/install/robot_types/include/robot_types/msg
[0.289s] -- Up-to-date: /home/conner/mechatronics/pid/install/robot_types/include/robot_types/msg/rosidl_typesupport_introspection_c__visibility_control.h
[0.289s] -- Up-to-date: /home/conner/mechatronics/pid/install/robot_types/include/robot_types/msg/detail
[0.290s] -- Up-to-date: /home/conner/mechatronics/pid/install/robot_types/include/robot_types/msg/detail/position__type_support.c
[0.290s] -- Up-to-date: /home/conner/mechatronics/pid/install/robot_types/include/robot_types/msg/detail/position__rosidl_typesupport_introspection_c.h
[0.290s] -- Up-to-date: /home/conner/mechatronics/pid/install/robot_types/lib/librobot_types__rosidl_typesupport_introspection_c.so
[0.290s] -- Up-to-date: /home/conner/mechatronics/pid/install/robot_types/lib/librobot_types__rosidl_typesupport_c.so
[0.290s] -- Up-to-date: /home/conner/mechatronics/pid/install/robot_types/include/robot_types
[0.290s] -- Up-to-date: /home/conner/mechatronics/pid/install/robot_types/include/robot_types/msg
[0.290s] -- Up-to-date: /home/conner/mechatronics/pid/install/robot_types/include/robot_types/msg/detail
[0.290s] -- Up-to-date: /home/conner/mechatronics/pid/install/robot_types/include/robot_types/msg/detail/position__traits.hpp
[0.290s] -- Up-to-date: /home/conner/mechatronics/pid/install/robot_types/include/robot_types/msg/detail/position__struct.hpp
[0.290s] -- Up-to-date: /home/conner/mechatronics/pid/install/robot_types/include/robot_types/msg/detail/position__builder.hpp
[0.290s] -- Up-to-date: /home/conner/mechatronics/pid/install/robot_types/include/robot_types/msg/position.hpp
[0.290s] -- Up-to-date: /home/conner/mechatronics/pid/install/robot_types/include/robot_types
[0.290s] -- Up-to-date: /home/conner/mechatronics/pid/install/robot_types/include/robot_types/msg
[0.290s] -- Up-to-date: /home/conner/mechatronics/pid/install/robot_types/include/robot_types/msg/detail
[0.290s] -- Up-to-date: /home/conner/mechatronics/pid/install/robot_types/include/robot_types/msg/detail/position__type_support.cpp
[0.290s] -- Up-to-date: /home/conner/mechatronics/pid/install/robot_types/include/robot_types/msg/detail/position__rosidl_typesupport_introspection_cpp.hpp
[0.290s] -- Up-to-date: /home/conner/mechatronics/pid/install/robot_types/lib/librobot_types__rosidl_typesupport_introspection_cpp.so
[0.290s] -- Up-to-date: /home/conner/mechatronics/pid/install/robot_types/lib/librobot_types__rosidl_typesupport_cpp.so
[0.291s] -- Up-to-date: /home/conner/mechatronics/pid/install/robot_types/share/robot_types/environment/pythonpath.sh
[0.291s] -- Up-to-date: /home/conner/mechatronics/pid/install/robot_types/share/robot_types/environment/pythonpath.dsv
[0.291s] -- Up-to-date: /home/conner/mechatronics/pid/install/robot_types/lib/python3.8/site-packages/robot_types/__init__.py
[0.320s] -- Up-to-date: /home/conner/mechatronics/pid/install/robot_types/lib/python3.8/site-packages/robot_types/msg
[0.320s] -- Up-to-date: /home/conner/mechatronics/pid/install/robot_types/lib/python3.8/site-packages/robot_types/msg/_position.py
[0.320s] -- Up-to-date: /home/conner/mechatronics/pid/install/robot_types/lib/python3.8/site-packages/robot_types/msg/_position_s.c
[0.320s] -- Up-to-date: /home/conner/mechatronics/pid/install/robot_types/lib/python3.8/site-packages/robot_types/msg/__init__.py
[0.321s] -- Up-to-date: /home/conner/mechatronics/pid/install/robot_types/lib/python3.8/site-packages/robot_types/robot_types_s__rosidl_typesupport_fastrtps_c.cpython-38-x86_64-linux-gnu.so
[0.321s] -- Up-to-date: /home/conner/mechatronics/pid/install/robot_types/lib/python3.8/site-packages/robot_types/robot_types_s__rosidl_typesupport_introspection_c.cpython-38-x86_64-linux-gnu.so
[0.321s] -- Up-to-date: /home/conner/mechatronics/pid/install/robot_types/lib/python3.8/site-packages/robot_types/robot_types_s__rosidl_typesupport_c.cpython-38-x86_64-linux-gnu.so
[0.322s] -- Up-to-date: /home/conner/mechatronics/pid/install/robot_types/lib/librobot_types__python.so
[0.322s] -- Up-to-date: /home/conner/mechatronics/pid/install/robot_types/share/robot_types/msg/Position.idl
[0.322s] -- Up-to-date: /home/conner/mechatronics/pid/install/robot_types/share/robot_types/msg/Position.msg
[0.323s] -- Up-to-date: /home/conner/mechatronics/pid/install/robot_types/share/ament_index/resource_index/package_run_dependencies/robot_types
[0.323s] -- Up-to-date: /home/conner/mechatronics/pid/install/robot_types/share/ament_index/resource_index/parent_prefix_path/robot_types
[0.323s] -- Up-to-date: /home/conner/mechatronics/pid/install/robot_types/share/robot_types/environment/ament_prefix_path.sh
[0.323s] -- Up-to-date: /home/conner/mechatronics/pid/install/robot_types/share/robot_types/environment/ament_prefix_path.dsv
[0.323s] -- Up-to-date: /home/conner/mechatronics/pid/install/robot_types/share/robot_types/environment/path.sh
[0.324s] -- Up-to-date: /home/conner/mechatronics/pid/install/robot_types/share/robot_types/environment/path.dsv
[0.324s] -- Up-to-date: /home/conner/mechatronics/pid/install/robot_types/share/robot_types/local_setup.bash
[0.324s] -- Up-to-date: /home/conner/mechatronics/pid/install/robot_types/share/robot_types/local_setup.sh
[0.324s] -- Up-to-date: /home/conner/mechatronics/pid/install/robot_types/share/robot_types/local_setup.zsh
[0.325s] -- Up-to-date: /home/conner/mechatronics/pid/install/robot_types/share/robot_types/local_setup.dsv
[0.325s] -- Installing: /home/conner/mechatronics/pid/install/robot_types/share/robot_types/package.dsv
[0.325s] -- Up-to-date: /home/conner/mechatronics/pid/install/robot_types/share/ament_index/resource_index/packages/robot_types
[0.325s] -- Up-to-date: /home/conner/mechatronics/pid/install/robot_types/share/robot_types/cmake/robot_types__rosidl_generator_cExport.cmake
[0.326s] -- Up-to-date: /home/conner/mechatronics/pid/install/robot_types/share/robot_types/cmake/robot_types__rosidl_generator_cExport-noconfig.cmake
[0.326s] -- Up-to-date: /home/conner/mechatronics/pid/install/robot_types/share/robot_types/cmake/robot_types__rosidl_typesupport_introspection_cExport.cmake
[0.326s] -- Up-to-date: /home/conner/mechatronics/pid/install/robot_types/share/robot_types/cmake/robot_types__rosidl_typesupport_introspection_cExport-noconfig.cmake
[0.326s] -- Up-to-date: /home/conner/mechatronics/pid/install/robot_types/share/robot_types/cmake/robot_types__rosidl_typesupport_cExport.cmake
[0.326s] -- Up-to-date: /home/conner/mechatronics/pid/install/robot_types/share/robot_types/cmake/robot_types__rosidl_typesupport_cExport-noconfig.cmake
[0.326s] -- Up-to-date: /home/conner/mechatronics/pid/install/robot_types/share/robot_types/cmake/robot_types__rosidl_generator_cppExport.cmake
[0.326s] -- Up-to-date: /home/conner/mechatronics/pid/install/robot_types/share/robot_types/cmake/robot_types__rosidl_typesupport_introspection_cppExport.cmake
[0.326s] -- Up-to-date: /home/conner/mechatronics/pid/install/robot_types/share/robot_types/cmake/robot_types__rosidl_typesupport_introspection_cppExport-noconfig.cmake
[0.326s] -- Up-to-date: /home/conner/mechatronics/pid/install/robot_types/share/robot_types/cmake/robot_types__rosidl_typesupport_cppExport.cmake
[0.326s] -- Up-to-date: /home/conner/mechatronics/pid/install/robot_types/share/robot_types/cmake/robot_types__rosidl_typesupport_cppExport-noconfig.cmake
[0.326s] -- Up-to-date: /home/conner/mechatronics/pid/install/robot_types/share/robot_types/cmake/rosidl_cmake-extras.cmake
[0.326s] -- Up-to-date: /home/conner/mechatronics/pid/install/robot_types/share/robot_types/cmake/ament_cmake_export_dependencies-extras.cmake
[0.327s] -- Up-to-date: /home/conner/mechatronics/pid/install/robot_types/share/robot_types/cmake/ament_cmake_export_libraries-extras.cmake
[0.329s] -- Up-to-date: /home/conner/mechatronics/pid/install/robot_types/share/robot_types/cmake/ament_cmake_export_targets-extras.cmake
[0.329s] -- Up-to-date: /home/conner/mechatronics/pid/install/robot_types/share/robot_types/cmake/ament_cmake_export_include_directories-extras.cmake
[0.329s] -- Up-to-date: /home/conner/mechatronics/pid/install/robot_types/share/robot_types/cmake/rosidl_cmake_export_typesupport_libraries-extras.cmake
[0.330s] -- Up-to-date: /home/conner/mechatronics/pid/install/robot_types/share/robot_types/cmake/rosidl_cmake_export_typesupport_targets-extras.cmake
[0.330s] -- Up-to-date: /home/conner/mechatronics/pid/install/robot_types/share/robot_types/cmake/robot_typesConfig.cmake
[0.330s] -- Up-to-date: /home/conner/mechatronics/pid/install/robot_types/share/robot_types/cmake/robot_typesConfig-version.cmake
[0.330s] -- Up-to-date: /home/conner/mechatronics/pid/install/robot_types/share/robot_types/package.xml
[0.332s] Invoked command in '/home/conner/mechatronics/pid/build/robot_types' returned '0': CMAKE_PREFIX_PATH=${CMAKE_PREFIX_PATH}:/opt/ros/foxy /usr/bin/cmake --install /home/conner/mechatronics/pid/build/robot_types
