[0.045s] Invoking command in '/home/conner/mechatronics/pid/pid_controller/build/pid_controller': CMAKE_PREFIX_PATH=${CMAKE_PREFIX_PATH}:/opt/ros/foxy /usr/bin/cmake /home/conner/mechatronics/pid/pid_controller -DCMAKE_INSTALL_PREFIX=/home/conner/mechatronics/pid/pid_controller/install/pid_controller
[0.065s] -- Found ament_cmake: 0.9.11 (/opt/ros/foxy/share/ament_cmake/cmake)
[0.094s] -- Using PYTHON_EXECUTABLE: /usr/bin/python3
[0.340s] -- Found rclcpp: 2.4.2 (/opt/ros/foxy/share/rclcpp/cmake)
[0.786s] -- Using all available rosidl_typesupport_c: rosidl_typesupport_fastrtps_c;rosidl_typesupport_introspection_c
[0.794s] -- Found rosidl_adapter: 1.3.0 (/opt/ros/foxy/share/rosidl_adapter/cmake)
[13.922s] -- Using all available rosidl_typesupport_cpp: rosidl_typesupport_fastrtps_cpp;rosidl_typesupport_introspection_cpp
[14.061s] -- Found rmw_implementation_cmake: 1.0.3 (/opt/ros/foxy/share/rmw_implementation_cmake/cmake)
[14.065s] -- Using RMW implementation 'rmw_fastrtps_cpp' as default
[14.411s] -- Found robot_types: 0.0.0 (/home/conner/mechatronics/pid/install/robot_types/share/robot_types/cmake)
[14.426s] CMake Error at CMakeLists.txt:18 (target_link_directories):
[14.427s]   Cannot specify link directories for target "pid_controller" which is not
[14.427s]   built by this project.
[14.427s] 
[14.428s] 
[14.428s] CMake Error at CMakeLists.txt:19 (target_link_directories):
[14.428s]   Cannot specify link directories for target "pid_controller" which is not
[14.429s]   built by this project.
[14.429s] 
[14.429s] 
[14.599s] -- Configuring incomplete, errors occurred!
[14.600s] See also "/home/conner/mechatronics/pid/pid_controller/build/pid_controller/CMakeFiles/CMakeOutput.log".
[14.600s] See also "/home/conner/mechatronics/pid/pid_controller/build/pid_controller/CMakeFiles/CMakeError.log".
[14.624s] Invoked command in '/home/conner/mechatronics/pid/pid_controller/build/pid_controller' returned '1': CMAKE_PREFIX_PATH=${CMAKE_PREFIX_PATH}:/opt/ros/foxy /usr/bin/cmake /home/conner/mechatronics/pid/pid_controller -DCMAKE_INSTALL_PREFIX=/home/conner/mechatronics/pid/pid_controller/install/pid_controller
