[0.527s] Invoking command in '/home/conner/mechatronics/pid/build/pid_controller': CMAKE_PREFIX_PATH=/home/conner/mechatronics/pid/install/robot_types:/home/conner/mechatronics/pid/install/dummy_sensor:/home/conner/mechatronics/pid/install/dummy_brain:/opt/ros/foxy /usr/bin/cmake --build /home/conner/mechatronics/pid/build/pid_controller -- -j8 -l8
[0.649s] [35m[1mScanning dependencies of target pid_controller[0m
[0.740s] [ 50%] [32mBuilding CXX object CMakeFiles/pid_controller.dir/src/pid_controller.cpp.o[0m
[4.146s] [01m[K/home/conner/mechatronics/pid/pid_controller/src/pid_controller.cpp:37:42:[m[K [01;31m[Kerror: [m[K‘[01m[KTime[m[K’ is not a member of ‘[01m[Krobot_types::msg[m[K’
[4.146s]    37 |   rclcpp::Subscription<robot_types::msg::[01;31m[KTime[m[K>::SharedPtr subscription_;
[4.147s]       |                                          [01;31m[K^~~~[m[K
[4.147s] [01m[K/home/conner/mechatronics/pid/pid_controller/src/pid_controller.cpp:37:42:[m[K [01;36m[Knote: [m[Ksuggested alternatives:
[4.147s] In file included from [01m[K/opt/ros/foxy/include/rclcpp/clock.hpp:23[m[K,
[4.147s]                  from [01m[K/opt/ros/foxy/include/rclcpp/timer.hpp:27[m[K,
[4.147s]                  from [01m[K/opt/ros/foxy/include/rclcpp/callback_group.hpp:27[m[K,
[4.148s]                  from [01m[K/opt/ros/foxy/include/rclcpp/any_executable.hpp:20[m[K,
[4.148s]                  from [01m[K/opt/ros/foxy/include/rclcpp/memory_strategy.hpp:24[m[K,
[4.148s]                  from [01m[K/opt/ros/foxy/include/rclcpp/memory_strategies.hpp:18[m[K,
[4.148s]                  from [01m[K/opt/ros/foxy/include/rclcpp/executor_options.hpp:20[m[K,
[4.149s]                  from [01m[K/opt/ros/foxy/include/rclcpp/executor.hpp:33[m[K,
[4.149s]                  from [01m[K/opt/ros/foxy/include/rclcpp/executors/multi_threaded_executor.hpp:26[m[K,
[4.149s]                  from [01m[K/opt/ros/foxy/include/rclcpp/executors.hpp:21[m[K,
[4.149s]                  from [01m[K/opt/ros/foxy/include/rclcpp/rclcpp.hpp:146[m[K,
[4.149s]                  from [01m[K/home/conner/mechatronics/pid/pid_controller/src/pid_controller.cpp:10[m[K:
[4.150s] [01m[K/opt/ros/foxy/include/rclcpp/time.hpp:31:7:[m[K [01;36m[Knote: [m[K  ‘[01m[Krclcpp::Time[m[K’
[4.150s]    31 | class [01;36m[KTime[m[K
[4.150s]       |       [01;36m[K^~~~[m[K
[4.150s] In file included from [01m[K/opt/ros/foxy/include/builtin_interfaces/msg/time.hpp:7[m[K,
[4.150s]                  from [01m[K/opt/ros/foxy/include/rclcpp/time.hpp:18[m[K,
[4.151s]                  from [01m[K/opt/ros/foxy/include/rclcpp/clock.hpp:23[m[K,
[4.151s]                  from [01m[K/opt/ros/foxy/include/rclcpp/timer.hpp:27[m[K,
[4.153s]                  from [01m[K/opt/ros/foxy/include/rclcpp/callback_group.hpp:27[m[K,
[4.154s]                  from [01m[K/opt/ros/foxy/include/rclcpp/any_executable.hpp:20[m[K,
[4.154s]                  from [01m[K/opt/ros/foxy/include/rclcpp/memory_strategy.hpp:24[m[K,
[4.155s]                  from [01m[K/opt/ros/foxy/include/rclcpp/memory_strategies.hpp:18[m[K,
[4.155s]                  from [01m[K/opt/ros/foxy/include/rclcpp/executor_options.hpp:20[m[K,
[4.156s]                  from [01m[K/opt/ros/foxy/include/rclcpp/executor.hpp:33[m[K,
[4.156s]                  from [01m[K/opt/ros/foxy/include/rclcpp/executors/multi_threaded_executor.hpp:26[m[K,
[4.156s]                  from [01m[K/opt/ros/foxy/include/rclcpp/executors.hpp:21[m[K,
[4.157s]                  from [01m[K/opt/ros/foxy/include/rclcpp/rclcpp.hpp:146[m[K,
[4.157s]                  from [01m[K/home/conner/mechatronics/pid/pid_controller/src/pid_controller.cpp:10[m[K:
[4.158s] [01m[K/opt/ros/foxy/include/builtin_interfaces/msg/detail/time__struct.hpp:135:7:[m[K [01;36m[Knote: [m[K  ‘[01m[Kbuiltin_interfaces::msg::Time[m[K’
[4.158s]   135 | using [01;36m[KTime[m[K =
[4.158s]       |       [01;36m[K^~~~[m[K
[4.159s] [01m[K/home/conner/mechatronics/pid/pid_controller/src/pid_controller.cpp:37:42:[m[K [01;31m[Kerror: [m[K‘[01m[KTime[m[K’ is not a member of ‘[01m[Krobot_types::msg[m[K’
[4.159s]    37 |   rclcpp::Subscription<robot_types::msg::[01;31m[KTime[m[K>::SharedPtr subscription_;
[4.159s]       |                                          [01;31m[K^~~~[m[K
[4.159s] [01m[K/home/conner/mechatronics/pid/pid_controller/src/pid_controller.cpp:37:42:[m[K [01;36m[Knote: [m[Ksuggested alternatives:
[4.159s] In file included from [01m[K/opt/ros/foxy/include/rclcpp/clock.hpp:23[m[K,
[4.160s]                  from [01m[K/opt/ros/foxy/include/rclcpp/timer.hpp:27[m[K,
[4.160s]                  from [01m[K/opt/ros/foxy/include/rclcpp/callback_group.hpp:27[m[K,
[4.160s]                  from [01m[K/opt/ros/foxy/include/rclcpp/any_executable.hpp:20[m[K,
[4.160s]                  from [01m[K/opt/ros/foxy/include/rclcpp/memory_strategy.hpp:24[m[K,
[4.160s]                  from [01m[K/opt/ros/foxy/include/rclcpp/memory_strategies.hpp:18[m[K,
[4.160s]                  from [01m[K/opt/ros/foxy/include/rclcpp/executor_options.hpp:20[m[K,
[4.160s]                  from [01m[K/opt/ros/foxy/include/rclcpp/executor.hpp:33[m[K,
[4.161s]                  from [01m[K/opt/ros/foxy/include/rclcpp/executors/multi_threaded_executor.hpp:26[m[K,
[4.161s]                  from [01m[K/opt/ros/foxy/include/rclcpp/executors.hpp:21[m[K,
[4.161s]                  from [01m[K/opt/ros/foxy/include/rclcpp/rclcpp.hpp:146[m[K,
[4.161s]                  from [01m[K/home/conner/mechatronics/pid/pid_controller/src/pid_controller.cpp:10[m[K:
[4.161s] [01m[K/opt/ros/foxy/include/rclcpp/time.hpp:31:7:[m[K [01;36m[Knote: [m[K  ‘[01m[Krclcpp::Time[m[K’
[4.161s]    31 | class [01;36m[KTime[m[K
[4.161s]       |       [01;36m[K^~~~[m[K
[4.162s] In file included from [01m[K/opt/ros/foxy/include/builtin_interfaces/msg/time.hpp:7[m[K,
[4.162s]                  from [01m[K/opt/ros/foxy/include/rclcpp/time.hpp:18[m[K,
[4.162s]                  from [01m[K/opt/ros/foxy/include/rclcpp/clock.hpp:23[m[K,
[4.162s]                  from [01m[K/opt/ros/foxy/include/rclcpp/timer.hpp:27[m[K,
[4.162s]                  from [01m[K/opt/ros/foxy/include/rclcpp/callback_group.hpp:27[m[K,
[4.163s]                  from [01m[K/opt/ros/foxy/include/rclcpp/any_executable.hpp:20[m[K,
[4.163s]                  from [01m[K/opt/ros/foxy/include/rclcpp/memory_strategy.hpp:24[m[K,
[4.164s]                  from [01m[K/opt/ros/foxy/include/rclcpp/memory_strategies.hpp:18[m[K,
[4.164s]                  from [01m[K/opt/ros/foxy/include/rclcpp/executor_options.hpp:20[m[K,
[4.164s]                  from [01m[K/opt/ros/foxy/include/rclcpp/executor.hpp:33[m[K,
[4.165s]                  from [01m[K/opt/ros/foxy/include/rclcpp/executors/multi_threaded_executor.hpp:26[m[K,
[4.165s]                  from [01m[K/opt/ros/foxy/include/rclcpp/executors.hpp:21[m[K,
[4.166s]                  from [01m[K/opt/ros/foxy/include/rclcpp/rclcpp.hpp:146[m[K,
[4.166s]                  from [01m[K/home/conner/mechatronics/pid/pid_controller/src/pid_controller.cpp:10[m[K:
[4.166s] [01m[K/opt/ros/foxy/include/builtin_interfaces/msg/detail/time__struct.hpp:135:7:[m[K [01;36m[Knote: [m[K  ‘[01m[Kbuiltin_interfaces::msg::Time[m[K’
[4.166s]   135 | using [01;36m[KTime[m[K =
[4.167s]       |       [01;36m[K^~~~[m[K
[4.167s] [01m[K/home/conner/mechatronics/pid/pid_controller/src/pid_controller.cpp:37:46:[m[K [01;31m[Kerror: [m[Ktemplate argument 1 is invalid
[4.167s]    37 |   rclcpp::Subscription<robot_types::msg::Time[01;31m[K>[m[K::SharedPtr subscription_;
[4.168s]       |                                              [01;31m[K^[m[K
[4.168s] [01m[K/home/conner/mechatronics/pid/pid_controller/src/pid_controller.cpp:37:46:[m[K [01;31m[Kerror: [m[Ktemplate argument 3 is invalid
[4.168s] [01m[K/home/conner/mechatronics/pid/pid_controller/src/pid_controller.cpp:37:49:[m[K [01;31m[Kerror: [m[Kexpected ‘[01m[K;[m[K’ at end of member declaration
[4.169s]    37 |   rclcpp::Subscription<robot_types::msg::Time>::[01;31m[KSharedPtr[m[K subscription_;
[4.170s]       |                                                 [01;31m[K^~~~~~~~~[m[K
[4.171s]       |                                                          [32m[K;[m[K
[4.172s] [01m[K/home/conner/mechatronics/pid/pid_controller/src/pid_controller.cpp:37:59:[m[K [01;31m[Kerror: [m[K‘[01m[Ksubscription_[m[K’ does not name a type; did you mean ‘[01m[Krcl_subscription_t[m[K’?
[4.172s]    37 |   rclcpp::Subscription<robot_types::msg::Time>::SharedPtr [01;31m[Ksubscription_[m[K;
[4.173s]       |                                                           [01;31m[K^~~~~~~~~~~~~[m[K
[4.173s]       |                                                           [32m[Krcl_subscription_t[m[K
[4.173s] [01m[K/home/conner/mechatronics/pid/pid_controller/src/pid_controller.cpp:[m[K In constructor ‘[01m[KController::Controller()[m[K’:
[4.174s] [01m[K/home/conner/mechatronics/pid/pid_controller/src/pid_controller.cpp:31:5:[m[K [01;31m[Kerror: [m[K‘[01m[Ksubscription_[m[K’ was not declared in this scope; did you mean ‘[01m[Krcl_subscription_t[m[K’?
[4.175s]    31 |     [01;31m[Ksubscription_[m[K = this->create_subscription<robot_types::msg::Position>
[4.175s]       |     [01;31m[K^~~~~~~~~~~~~[m[K
[4.175s]       |     [32m[Krcl_subscription_t[m[K
[4.223s] [01m[K/home/conner/mechatronics/pid/pid_controller/src/pid_controller.cpp:[m[K In member function ‘[01m[Kvoid Controller::position_sensor_callback(robot_types::msg::Position_<std::allocator<void> >::SharedPtr) const[m[K’:
[4.223s] [01m[K/home/conner/mechatronics/pid/pid_controller/src/pid_controller.cpp:45:37:[m[K [01;31m[Kerror: [m[Kpassing ‘[01m[Kconst Controller[m[K’ as ‘[01m[Kthis[m[K’ argument discards qualifiers [[01;31m[K-fpermissive[m[K]
[4.223s]    45 |     printVector(msg->position_vector[01;31m[K)[m[K;
[4.223s]       |                                     [01;31m[K^[m[K
[4.224s] [01m[K/home/conner/mechatronics/pid/pid_controller/src/pid_controller.cpp:48:10:[m[K [01;36m[Knote: [m[K  in call to ‘[01m[Kvoid Controller::printVector(std::vector<int>)[m[K’
[4.224s]    48 |     void [01;36m[KprintVector[m[K(vector<int> intVector)
[4.224s]       |          [01;36m[K^~~~~~~~~~~[m[K
[8.279s] make[2]: *** [CMakeFiles/pid_controller.dir/build.make:63: CMakeFiles/pid_controller.dir/src/pid_controller.cpp.o] Error 1
[8.279s] make[1]: *** [CMakeFiles/Makefile2:78: CMakeFiles/pid_controller.dir/all] Error 2
[8.280s] make: *** [Makefile:141: all] Error 2
[8.293s] Invoked command in '/home/conner/mechatronics/pid/build/pid_controller' returned '2': CMAKE_PREFIX_PATH=/home/conner/mechatronics/pid/install/robot_types:/home/conner/mechatronics/pid/install/dummy_sensor:/home/conner/mechatronics/pid/install/dummy_brain:/opt/ros/foxy /usr/bin/cmake --build /home/conner/mechatronics/pid/build/pid_controller -- -j8 -l8
