[0.472s] Invoking command in '/home/conner/mechatronics/pid/build/pid_controller': CMAKE_PREFIX_PATH=/home/conner/mechatronics/pid/install/robot_types:/home/conner/mechatronics/pid/install/pid_controller:/home/conner/mechatronics/pid/install/dummy_sensor:/home/conner/mechatronics/pid/install/dummy_brain:/opt/ros/foxy LD_LIBRARY_PATH=/home/conner/mechatronics/pid/install/robot_types/lib:/opt/ros/foxy/opt/yaml_cpp_vendor/lib:/opt/ros/foxy/opt/rviz_ogre_vendor/lib:/opt/ros/foxy/lib/x86_64-linux-gnu:/opt/ros/foxy/lib PYTHONPATH=/home/conner/mechatronics/pid/install/robot_types/lib/python3.8/site-packages:/opt/ros/foxy/lib/python3.8/site-packages /usr/bin/cmake --build /home/conner/mechatronics/pid/build/pid_controller -- -j8 -l8
[0.545s] [35m[1mScanning dependencies of target pid_controller[0m
[0.626s] [ 20%] [32mBuilding CXX object CMakeFiles/pid_controller.dir/src/pid_controller_node.cpp.o[0m
[9.436s] [ 40%] [32m[1mLinking CXX executable pid_controller[0m
[10.131s] [100%] Built target pid_controller
[10.159s] Invoked command in '/home/conner/mechatronics/pid/build/pid_controller' returned '0': CMAKE_PREFIX_PATH=/home/conner/mechatronics/pid/install/robot_types:/home/conner/mechatronics/pid/install/pid_controller:/home/conner/mechatronics/pid/install/dummy_sensor:/home/conner/mechatronics/pid/install/dummy_brain:/opt/ros/foxy LD_LIBRARY_PATH=/home/conner/mechatronics/pid/install/robot_types/lib:/opt/ros/foxy/opt/yaml_cpp_vendor/lib:/opt/ros/foxy/opt/rviz_ogre_vendor/lib:/opt/ros/foxy/lib/x86_64-linux-gnu:/opt/ros/foxy/lib PYTHONPATH=/home/conner/mechatronics/pid/install/robot_types/lib/python3.8/site-packages:/opt/ros/foxy/lib/python3.8/site-packages /usr/bin/cmake --build /home/conner/mechatronics/pid/build/pid_controller -- -j8 -l8
[10.255s] Invoking command in '/home/conner/mechatronics/pid/build/pid_controller': CMAKE_PREFIX_PATH=/home/conner/mechatronics/pid/install/robot_types:/home/conner/mechatronics/pid/install/pid_controller:/home/conner/mechatronics/pid/install/dummy_sensor:/home/conner/mechatronics/pid/install/dummy_brain:/opt/ros/foxy LD_LIBRARY_PATH=/home/conner/mechatronics/pid/install/robot_types/lib:/opt/ros/foxy/opt/yaml_cpp_vendor/lib:/opt/ros/foxy/opt/rviz_ogre_vendor/lib:/opt/ros/foxy/lib/x86_64-linux-gnu:/opt/ros/foxy/lib PYTHONPATH=/home/conner/mechatronics/pid/install/robot_types/lib/python3.8/site-packages:/opt/ros/foxy/lib/python3.8/site-packages /usr/bin/cmake --install /home/conner/mechatronics/pid/build/pid_controller
[10.272s] -- Install configuration: ""
[10.272s] -- Installing: /home/conner/mechatronics/pid/install/pid_controller/lib/pid_controller/pid_controller
[10.277s] -- Set runtime path of "/home/conner/mechatronics/pid/install/pid_controller/lib/pid_controller/pid_controller" to ""
[10.277s] -- Up-to-date: /home/conner/mechatronics/pid/install/pid_controller/share/ament_index/resource_index/package_run_dependencies/pid_controller
[10.278s] -- Up-to-date: /home/conner/mechatronics/pid/install/pid_controller/share/ament_index/resource_index/parent_prefix_path/pid_controller
[10.279s] -- Up-to-date: /home/conner/mechatronics/pid/install/pid_controller/share/pid_controller/environment/ament_prefix_path.sh
[10.279s] -- Up-to-date: /home/conner/mechatronics/pid/install/pid_controller/share/pid_controller/environment/ament_prefix_path.dsv
[10.280s] -- Up-to-date: /home/conner/mechatronics/pid/install/pid_controller/share/pid_controller/environment/path.sh
[10.280s] -- Up-to-date: /home/conner/mechatronics/pid/install/pid_controller/share/pid_controller/environment/path.dsv
[10.280s] -- Up-to-date: /home/conner/mechatronics/pid/install/pid_controller/share/pid_controller/local_setup.bash
[10.280s] -- Up-to-date: /home/conner/mechatronics/pid/install/pid_controller/share/pid_controller/local_setup.sh
[10.280s] -- Up-to-date: /home/conner/mechatronics/pid/install/pid_controller/share/pid_controller/local_setup.zsh
[10.280s] -- Up-to-date: /home/conner/mechatronics/pid/install/pid_controller/share/pid_controller/local_setup.dsv
[10.281s] -- Installing: /home/conner/mechatronics/pid/install/pid_controller/share/pid_controller/package.dsv
[10.281s] -- Up-to-date: /home/conner/mechatronics/pid/install/pid_controller/share/ament_index/resource_index/packages/pid_controller
[10.281s] -- Up-to-date: /home/conner/mechatronics/pid/install/pid_controller/share/pid_controller/cmake/pid_controllerConfig.cmake
[10.281s] -- Up-to-date: /home/conner/mechatronics/pid/install/pid_controller/share/pid_controller/cmake/pid_controllerConfig-version.cmake
[10.281s] -- Up-to-date: /home/conner/mechatronics/pid/install/pid_controller/share/pid_controller/package.xml
[10.290s] Invoked command in '/home/conner/mechatronics/pid/build/pid_controller' returned '0': CMAKE_PREFIX_PATH=/home/conner/mechatronics/pid/install/robot_types:/home/conner/mechatronics/pid/install/pid_controller:/home/conner/mechatronics/pid/install/dummy_sensor:/home/conner/mechatronics/pid/install/dummy_brain:/opt/ros/foxy LD_LIBRARY_PATH=/home/conner/mechatronics/pid/install/robot_types/lib:/opt/ros/foxy/opt/yaml_cpp_vendor/lib:/opt/ros/foxy/opt/rviz_ogre_vendor/lib:/opt/ros/foxy/lib/x86_64-linux-gnu:/opt/ros/foxy/lib PYTHONPATH=/home/conner/mechatronics/pid/install/robot_types/lib/python3.8/site-packages:/opt/ros/foxy/lib/python3.8/site-packages /usr/bin/cmake --install /home/conner/mechatronics/pid/build/pid_controller
