[01m[K/home/conner/mechatronics/pid/pid_controller/src/pid_controller.cpp:34:42:[m[K [01;31m[Kerror: [m[K‘[01m[KTime[m[K’ is not a member of ‘[01m[Krobot_types::msg[m[K’
   34 |   rclcpp::Subscription<robot_types::msg::[01;31m[KTime[m[K>::SharedPtr subscription_;
      |                                          [01;31m[K^~~~[m[K
[01m[K/home/conner/mechatronics/pid/pid_controller/src/pid_controller.cpp:34:42:[m[K [01;36m[Knote: [m[Ksuggested alternatives:
In file included from [01m[K/opt/ros/foxy/include/rclcpp/clock.hpp:23[m[K,
                 from [01m[K/opt/ros/foxy/include/rclcpp/timer.hpp:27[m[K,
                 from [01m[K/opt/ros/foxy/include/rclcpp/callback_group.hpp:27[m[K,
                 from [01m[K/opt/ros/foxy/include/rclcpp/any_executable.hpp:20[m[K,
                 from [01m[K/opt/ros/foxy/include/rclcpp/memory_strategy.hpp:24[m[K,
                 from [01m[K/opt/ros/foxy/include/rclcpp/memory_strategies.hpp:18[m[K,
                 from [01m[K/opt/ros/foxy/include/rclcpp/executor_options.hpp:20[m[K,
                 from [01m[K/opt/ros/foxy/include/rclcpp/executor.hpp:33[m[K,
                 from [01m[K/opt/ros/foxy/include/rclcpp/executors/multi_threaded_executor.hpp:26[m[K,
                 from [01m[K/opt/ros/foxy/include/rclcpp/executors.hpp:21[m[K,
                 from [01m[K/opt/ros/foxy/include/rclcpp/rclcpp.hpp:146[m[K,
                 from [01m[K/home/conner/mechatronics/pid/pid_controller/src/pid_controller.cpp:9[m[K:
[01m[K/opt/ros/foxy/include/rclcpp/time.hpp:31:7:[m[K [01;36m[Knote: [m[K  ‘[01m[Krclcpp::Time[m[K’
   31 | class [01;36m[KTime[m[K
      |       [01;36m[K^~~~[m[K
In file included from [01m[K/opt/ros/foxy/include/builtin_interfaces/msg/time.hpp:7[m[K,
                 from [01m[K/opt/ros/foxy/include/rclcpp/time.hpp:18[m[K,
                 from [01m[K/opt/ros/foxy/include/rclcpp/clock.hpp:23[m[K,
                 from [01m[K/opt/ros/foxy/include/rclcpp/timer.hpp:27[m[K,
                 from [01m[K/opt/ros/foxy/include/rclcpp/callback_group.hpp:27[m[K,
                 from [01m[K/opt/ros/foxy/include/rclcpp/any_executable.hpp:20[m[K,
                 from [01m[K/opt/ros/foxy/include/rclcpp/memory_strategy.hpp:24[m[K,
                 from [01m[K/opt/ros/foxy/include/rclcpp/memory_strategies.hpp:18[m[K,
                 from [01m[K/opt/ros/foxy/include/rclcpp/executor_options.hpp:20[m[K,
                 from [01m[K/opt/ros/foxy/include/rclcpp/executor.hpp:33[m[K,
                 from [01m[K/opt/ros/foxy/include/rclcpp/executors/multi_threaded_executor.hpp:26[m[K,
                 from [01m[K/opt/ros/foxy/include/rclcpp/executors.hpp:21[m[K,
                 from [01m[K/opt/ros/foxy/include/rclcpp/rclcpp.hpp:146[m[K,
                 from [01m[K/home/conner/mechatronics/pid/pid_controller/src/pid_controller.cpp:9[m[K:
[01m[K/opt/ros/foxy/include/builtin_interfaces/msg/detail/time__struct.hpp:135:7:[m[K [01;36m[Knote: [m[K  ‘[01m[Kbuiltin_interfaces::msg::Time[m[K’
  135 | using [01;36m[KTime[m[K =
      |       [01;36m[K^~~~[m[K
[01m[K/home/conner/mechatronics/pid/pid_controller/src/pid_controller.cpp:34:42:[m[K [01;31m[Kerror: [m[K‘[01m[KTime[m[K’ is not a member of ‘[01m[Krobot_types::msg[m[K’
   34 |   rclcpp::Subscription<robot_types::msg::[01;31m[KTime[m[K>::SharedPtr subscription_;
      |                                          [01;31m[K^~~~[m[K
[01m[K/home/conner/mechatronics/pid/pid_controller/src/pid_controller.cpp:34:42:[m[K [01;36m[Knote: [m[Ksuggested alternatives:
In file included from [01m[K/opt/ros/foxy/include/rclcpp/clock.hpp:23[m[K,
                 from [01m[K/opt/ros/foxy/include/rclcpp/timer.hpp:27[m[K,
                 from [01m[K/opt/ros/foxy/include/rclcpp/callback_group.hpp:27[m[K,
                 from [01m[K/opt/ros/foxy/include/rclcpp/any_executable.hpp:20[m[K,
                 from [01m[K/opt/ros/foxy/include/rclcpp/memory_strategy.hpp:24[m[K,
                 from [01m[K/opt/ros/foxy/include/rclcpp/memory_strategies.hpp:18[m[K,
                 from [01m[K/opt/ros/foxy/include/rclcpp/executor_options.hpp:20[m[K,
                 from [01m[K/opt/ros/foxy/include/rclcpp/executor.hpp:33[m[K,
                 from [01m[K/opt/ros/foxy/include/rclcpp/executors/multi_threaded_executor.hpp:26[m[K,
                 from [01m[K/opt/ros/foxy/include/rclcpp/executors.hpp:21[m[K,
                 from [01m[K/opt/ros/foxy/include/rclcpp/rclcpp.hpp:146[m[K,
                 from [01m[K/home/conner/mechatronics/pid/pid_controller/src/pid_controller.cpp:9[m[K:
[01m[K/opt/ros/foxy/include/rclcpp/time.hpp:31:7:[m[K [01;36m[Knote: [m[K  ‘[01m[Krclcpp::Time[m[K’
   31 | class [01;36m[KTime[m[K
      |       [01;36m[K^~~~[m[K
In file included from [01m[K/opt/ros/foxy/include/builtin_interfaces/msg/time.hpp:7[m[K,
                 from [01m[K/opt/ros/foxy/include/rclcpp/time.hpp:18[m[K,
                 from [01m[K/opt/ros/foxy/include/rclcpp/clock.hpp:23[m[K,
                 from [01m[K/opt/ros/foxy/include/rclcpp/timer.hpp:27[m[K,
                 from [01m[K/opt/ros/foxy/include/rclcpp/callback_group.hpp:27[m[K,
                 from [01m[K/opt/ros/foxy/include/rclcpp/any_executable.hpp:20[m[K,
                 from [01m[K/opt/ros/foxy/include/rclcpp/memory_strategy.hpp:24[m[K,
                 from [01m[K/opt/ros/foxy/include/rclcpp/memory_strategies.hpp:18[m[K,
                 from [01m[K/opt/ros/foxy/include/rclcpp/executor_options.hpp:20[m[K,
                 from [01m[K/opt/ros/foxy/include/rclcpp/executor.hpp:33[m[K,
                 from [01m[K/opt/ros/foxy/include/rclcpp/executors/multi_threaded_executor.hpp:26[m[K,
                 from [01m[K/opt/ros/foxy/include/rclcpp/executors.hpp:21[m[K,
                 from [01m[K/opt/ros/foxy/include/rclcpp/rclcpp.hpp:146[m[K,
                 from [01m[K/home/conner/mechatronics/pid/pid_controller/src/pid_controller.cpp:9[m[K:
[01m[K/opt/ros/foxy/include/builtin_interfaces/msg/detail/time__struct.hpp:135:7:[m[K [01;36m[Knote: [m[K  ‘[01m[Kbuiltin_interfaces::msg::Time[m[K’
  135 | using [01;36m[KTime[m[K =
      |       [01;36m[K^~~~[m[K
[01m[K/home/conner/mechatronics/pid/pid_controller/src/pid_controller.cpp:34:46:[m[K [01;31m[Kerror: [m[Ktemplate argument 1 is invalid
   34 |   rclcpp::Subscription<robot_types::msg::Time[01;31m[K>[m[K::SharedPtr subscription_;
      |                                              [01;31m[K^[m[K
[01m[K/home/conner/mechatronics/pid/pid_controller/src/pid_controller.cpp:34:46:[m[K [01;31m[Kerror: [m[Ktemplate argument 3 is invalid
[01m[K/home/conner/mechatronics/pid/pid_controller/src/pid_controller.cpp:34:49:[m[K [01;31m[Kerror: [m[Kexpected ‘[01m[K;[m[K’ at end of member declaration
   34 |   rclcpp::Subscription<robot_types::msg::Time>::[01;31m[KSharedPtr[m[K subscription_;
      |                                                 [01;31m[K^~~~~~~~~[m[K
      |                                                          [32m[K;[m[K
[01m[K/home/conner/mechatronics/pid/pid_controller/src/pid_controller.cpp:34:59:[m[K [01;31m[Kerror: [m[K‘[01m[Ksubscription_[m[K’ does not name a type; did you mean ‘[01m[Krcl_subscription_t[m[K’?
   34 |   rclcpp::Subscription<robot_types::msg::Time>::SharedPtr [01;31m[Ksubscription_[m[K;
      |                                                           [01;31m[K^~~~~~~~~~~~~[m[K
      |                                                           [32m[Krcl_subscription_t[m[K
[01m[K/home/conner/mechatronics/pid/pid_controller/src/pid_controller.cpp:45:22:[m[K [01;31m[Kerror: [m[K‘[01m[Kvector[m[K’ has not been declared
   45 |     void printVector([01;31m[Kvector[m[K<int> intVector)
      |                      [01;31m[K^~~~~~[m[K
[01m[K/home/conner/mechatronics/pid/pid_controller/src/pid_controller.cpp:45:28:[m[K [01;31m[Kerror: [m[Kexpected ‘[01m[K,[m[K’ or ‘[01m[K...[m[K’ before ‘[01m[K<[m[K’ token
   45 |     void printVector(vector[01;31m[K<[m[Kint> intVector)
      |                            [01;31m[K^[m[K
[01m[K/home/conner/mechatronics/pid/pid_controller/src/pid_controller.cpp:[m[K In constructor ‘[01m[KController::Controller()[m[K’:
[01m[K/home/conner/mechatronics/pid/pid_controller/src/pid_controller.cpp:28:5:[m[K [01;31m[Kerror: [m[K‘[01m[Ksubscription_[m[K’ was not declared in this scope; did you mean ‘[01m[Krcl_subscription_t[m[K’?
   28 |     [01;31m[Ksubscription_[m[K = this->create_subscription<robot_types::msg::Position>
      |     [01;31m[K^~~~~~~~~~~~~[m[K
      |     [32m[Krcl_subscription_t[m[K
[01m[K/home/conner/mechatronics/pid/pid_controller/src/pid_controller.cpp:[m[K In member function ‘[01m[Kvoid Controller::position_sensor_callback(robot_types::msg::Position_<std::allocator<void> >::SharedPtr) const[m[K’:
[01m[K/home/conner/mechatronics/pid/pid_controller/src/pid_controller.cpp:42:22:[m[K [01;31m[Kerror: [m[Kcannot convert ‘[01m[Krobot_types::msg::Position_<std::allocator<void> >::_position_vector_type[m[K’ {aka ‘[01m[Kstd::vector<int>[m[K’} to ‘[01m[Kint[m[K’
   42 |     printVector([01;31m[Kmsg->position_vector[m[K);
      |                 [01;31m[K~~~~~^~~~~~~~~~~~~~~[m[K
      |                      [01;31m[K|[m[K
      |                      [01;31m[Krobot_types::msg::Position_<std::allocator<void> >::_position_vector_type {aka std::vector<int>}[m[K
[01m[K/home/conner/mechatronics/pid/pid_controller/src/pid_controller.cpp:45:22:[m[K [01;36m[Knote: [m[K  initializing argument 1 of ‘[01m[Kvoid Controller::printVector(int)[m[K’
   45 |     void printVector([01;36m[Kvector[m[K<int> intVector)
      |                      [01;36m[K^~~~~~[m[K
[01m[K/home/conner/mechatronics/pid/pid_controller/src/pid_controller.cpp:[m[K In member function ‘[01m[Kvoid Controller::printVector(int)[m[K’:
[01m[K/home/conner/mechatronics/pid/pid_controller/src/pid_controller.cpp:47:27:[m[K [01;31m[Kerror: [m[K‘[01m[KintVector[m[K’ was not declared in this scope; did you mean ‘[01m[KprintVector[m[K’?
   47 |         for (int number : [01;31m[KintVector[m[K)
      |                           [01;31m[K^~~~~~~~~[m[K
      |                           [32m[KprintVector[m[K
[01m[K/home/conner/mechatronics/pid/pid_controller/src/pid_controller.cpp:49:43:[m[K [01;31m[Kerror: [m[K‘[01m[Kendl[m[K’ was not declared in this scope; did you mean ‘[01m[Kstd::endl[m[K’?
   49 |             std::cout << number << " " << [01;31m[Kendl[m[K;
      |                                           [01;31m[K^~~~[m[K
      |                                           [32m[Kstd::endl[m[K
In file included from [01m[K/usr/include/c++/9/iostream:39[m[K,
                 from [01m[K/home/conner/mechatronics/pid/pid_controller/src/pid_controller.cpp:5[m[K:
[01m[K/usr/include/c++/9/ostream:599:5:[m[K [01;36m[Knote: [m[K‘[01m[Kstd::endl[m[K’ declared here
  599 |     [01;36m[Kendl[m[K(basic_ostream<_CharT, _Traits>& __os)
      |     [01;36m[K^~~~[m[K
make[2]: *** [CMakeFiles/pid_controller.dir/build.make:63: CMakeFiles/pid_controller.dir/src/pid_controller.cpp.o] Error 1
make[1]: *** [CMakeFiles/Makefile2:78: CMakeFiles/pid_controller.dir/all] Error 2
make: *** [Makefile:141: all] Error 2
