[0.553s] Invoking command in '/home/conner/mechatronics/pid/build/pid_controller': CMAKE_PREFIX_PATH=/home/conner/mechatronics/pid/install/robot_types:/home/conner/mechatronics/pid/install/dummy_sensor:/home/conner/mechatronics/pid/install/dummy_brain:/opt/ros/foxy /usr/bin/cmake --build /home/conner/mechatronics/pid/build/pid_controller -- -j8 -l8
[0.641s] [35m[1mScanning dependencies of target pid_controller[0m
[0.701s] [ 50%] [32mBuilding CXX object CMakeFiles/pid_controller.dir/src/pid_controller.cpp.o[0m
[3.879s] [01m[K/home/conner/mechatronics/pid/pid_controller/src/pid_controller.cpp:34:42:[m[K [01;31m[Kerror: [m[K‘[01m[KTime[m[K’ is not a member of ‘[01m[Krobot_types::msg[m[K’
[3.879s]    34 |   rclcpp::Subscription<robot_types::msg::[01;31m[KTime[m[K>::SharedPtr subscription_;
[3.880s]       |                                          [01;31m[K^~~~[m[K
[3.880s] [01m[K/home/conner/mechatronics/pid/pid_controller/src/pid_controller.cpp:34:42:[m[K [01;36m[Knote: [m[Ksuggested alternatives:
[3.881s] In file included from [01m[K/opt/ros/foxy/include/rclcpp/clock.hpp:23[m[K,
[3.881s]                  from [01m[K/opt/ros/foxy/include/rclcpp/timer.hpp:27[m[K,
[3.882s]                  from [01m[K/opt/ros/foxy/include/rclcpp/callback_group.hpp:27[m[K,
[3.883s]                  from [01m[K/opt/ros/foxy/include/rclcpp/any_executable.hpp:20[m[K,
[3.883s]                  from [01m[K/opt/ros/foxy/include/rclcpp/memory_strategy.hpp:24[m[K,
[3.884s]                  from [01m[K/opt/ros/foxy/include/rclcpp/memory_strategies.hpp:18[m[K,
[3.884s]                  from [01m[K/opt/ros/foxy/include/rclcpp/executor_options.hpp:20[m[K,
[3.885s]                  from [01m[K/opt/ros/foxy/include/rclcpp/executor.hpp:33[m[K,
[3.885s]                  from [01m[K/opt/ros/foxy/include/rclcpp/executors/multi_threaded_executor.hpp:26[m[K,
[3.887s]                  from [01m[K/opt/ros/foxy/include/rclcpp/executors.hpp:21[m[K,
[3.888s]                  from [01m[K/opt/ros/foxy/include/rclcpp/rclcpp.hpp:146[m[K,
[3.888s]                  from [01m[K/home/conner/mechatronics/pid/pid_controller/src/pid_controller.cpp:9[m[K:
[3.888s] [01m[K/opt/ros/foxy/include/rclcpp/time.hpp:31:7:[m[K [01;36m[Knote: [m[K  ‘[01m[Krclcpp::Time[m[K’
[3.888s]    31 | class [01;36m[KTime[m[K
[3.889s]       |       [01;36m[K^~~~[m[K
[3.890s] In file included from [01m[K/opt/ros/foxy/include/builtin_interfaces/msg/time.hpp:7[m[K,
[3.890s]                  from [01m[K/opt/ros/foxy/include/rclcpp/time.hpp:18[m[K,
[3.890s]                  from [01m[K/opt/ros/foxy/include/rclcpp/clock.hpp:23[m[K,
[3.890s]                  from [01m[K/opt/ros/foxy/include/rclcpp/timer.hpp:27[m[K,
[3.891s]                  from [01m[K/opt/ros/foxy/include/rclcpp/callback_group.hpp:27[m[K,
[3.891s]                  from [01m[K/opt/ros/foxy/include/rclcpp/any_executable.hpp:20[m[K,
[3.891s]                  from [01m[K/opt/ros/foxy/include/rclcpp/memory_strategy.hpp:24[m[K,
[3.891s]                  from [01m[K/opt/ros/foxy/include/rclcpp/memory_strategies.hpp:18[m[K,
[3.891s]                  from [01m[K/opt/ros/foxy/include/rclcpp/executor_options.hpp:20[m[K,
[3.892s]                  from [01m[K/opt/ros/foxy/include/rclcpp/executor.hpp:33[m[K,
[3.892s]                  from [01m[K/opt/ros/foxy/include/rclcpp/executors/multi_threaded_executor.hpp:26[m[K,
[3.892s]                  from [01m[K/opt/ros/foxy/include/rclcpp/executors.hpp:21[m[K,
[3.892s]                  from [01m[K/opt/ros/foxy/include/rclcpp/rclcpp.hpp:146[m[K,
[3.892s]                  from [01m[K/home/conner/mechatronics/pid/pid_controller/src/pid_controller.cpp:9[m[K:
[3.892s] [01m[K/opt/ros/foxy/include/builtin_interfaces/msg/detail/time__struct.hpp:135:7:[m[K [01;36m[Knote: [m[K  ‘[01m[Kbuiltin_interfaces::msg::Time[m[K’
[3.893s]   135 | using [01;36m[KTime[m[K =
[3.893s]       |       [01;36m[K^~~~[m[K
[3.893s] [01m[K/home/conner/mechatronics/pid/pid_controller/src/pid_controller.cpp:34:42:[m[K [01;31m[Kerror: [m[K‘[01m[KTime[m[K’ is not a member of ‘[01m[Krobot_types::msg[m[K’
[3.893s]    34 |   rclcpp::Subscription<robot_types::msg::[01;31m[KTime[m[K>::SharedPtr subscription_;
[3.893s]       |                                          [01;31m[K^~~~[m[K
[3.894s] [01m[K/home/conner/mechatronics/pid/pid_controller/src/pid_controller.cpp:34:42:[m[K [01;36m[Knote: [m[Ksuggested alternatives:
[3.894s] In file included from [01m[K/opt/ros/foxy/include/rclcpp/clock.hpp:23[m[K,
[3.894s]                  from [01m[K/opt/ros/foxy/include/rclcpp/timer.hpp:27[m[K,
[3.894s]                  from [01m[K/opt/ros/foxy/include/rclcpp/callback_group.hpp:27[m[K,
[3.894s]                  from [01m[K/opt/ros/foxy/include/rclcpp/any_executable.hpp:20[m[K,
[3.895s]                  from [01m[K/opt/ros/foxy/include/rclcpp/memory_strategy.hpp:24[m[K,
[3.895s]                  from [01m[K/opt/ros/foxy/include/rclcpp/memory_strategies.hpp:18[m[K,
[3.895s]                  from [01m[K/opt/ros/foxy/include/rclcpp/executor_options.hpp:20[m[K,
[3.895s]                  from [01m[K/opt/ros/foxy/include/rclcpp/executor.hpp:33[m[K,
[3.895s]                  from [01m[K/opt/ros/foxy/include/rclcpp/executors/multi_threaded_executor.hpp:26[m[K,
[3.896s]                  from [01m[K/opt/ros/foxy/include/rclcpp/executors.hpp:21[m[K,
[3.896s]                  from [01m[K/opt/ros/foxy/include/rclcpp/rclcpp.hpp:146[m[K,
[3.896s]                  from [01m[K/home/conner/mechatronics/pid/pid_controller/src/pid_controller.cpp:9[m[K:
[3.896s] [01m[K/opt/ros/foxy/include/rclcpp/time.hpp:31:7:[m[K [01;36m[Knote: [m[K  ‘[01m[Krclcpp::Time[m[K’
[3.896s]    31 | class [01;36m[KTime[m[K
[3.897s]       |       [01;36m[K^~~~[m[K
[3.897s] In file included from [01m[K/opt/ros/foxy/include/builtin_interfaces/msg/time.hpp:7[m[K,
[3.897s]                  from [01m[K/opt/ros/foxy/include/rclcpp/time.hpp:18[m[K,
[3.897s]                  from [01m[K/opt/ros/foxy/include/rclcpp/clock.hpp:23[m[K,
[3.897s]                  from [01m[K/opt/ros/foxy/include/rclcpp/timer.hpp:27[m[K,
[3.897s]                  from [01m[K/opt/ros/foxy/include/rclcpp/callback_group.hpp:27[m[K,
[3.898s]                  from [01m[K/opt/ros/foxy/include/rclcpp/any_executable.hpp:20[m[K,
[3.898s]                  from [01m[K/opt/ros/foxy/include/rclcpp/memory_strategy.hpp:24[m[K,
[3.898s]                  from [01m[K/opt/ros/foxy/include/rclcpp/memory_strategies.hpp:18[m[K,
[3.898s]                  from [01m[K/opt/ros/foxy/include/rclcpp/executor_options.hpp:20[m[K,
[3.898s]                  from [01m[K/opt/ros/foxy/include/rclcpp/executor.hpp:33[m[K,
[3.898s]                  from [01m[K/opt/ros/foxy/include/rclcpp/executors/multi_threaded_executor.hpp:26[m[K,
[3.898s]                  from [01m[K/opt/ros/foxy/include/rclcpp/executors.hpp:21[m[K,
[3.899s]                  from [01m[K/opt/ros/foxy/include/rclcpp/rclcpp.hpp:146[m[K,
[3.899s]                  from [01m[K/home/conner/mechatronics/pid/pid_controller/src/pid_controller.cpp:9[m[K:
[3.899s] [01m[K/opt/ros/foxy/include/builtin_interfaces/msg/detail/time__struct.hpp:135:7:[m[K [01;36m[Knote: [m[K  ‘[01m[Kbuiltin_interfaces::msg::Time[m[K’
[3.900s]   135 | using [01;36m[KTime[m[K =
[3.901s]       |       [01;36m[K^~~~[m[K
[3.901s] [01m[K/home/conner/mechatronics/pid/pid_controller/src/pid_controller.cpp:34:46:[m[K [01;31m[Kerror: [m[Ktemplate argument 1 is invalid
[3.901s]    34 |   rclcpp::Subscription<robot_types::msg::Time[01;31m[K>[m[K::SharedPtr subscription_;
[3.901s]       |                                              [01;31m[K^[m[K
[3.901s] [01m[K/home/conner/mechatronics/pid/pid_controller/src/pid_controller.cpp:34:46:[m[K [01;31m[Kerror: [m[Ktemplate argument 3 is invalid
[3.901s] [01m[K/home/conner/mechatronics/pid/pid_controller/src/pid_controller.cpp:34:49:[m[K [01;31m[Kerror: [m[Kexpected ‘[01m[K;[m[K’ at end of member declaration
[3.901s]    34 |   rclcpp::Subscription<robot_types::msg::Time>::[01;31m[KSharedPtr[m[K subscription_;
[3.902s]       |                                                 [01;31m[K^~~~~~~~~[m[K
[3.902s]       |                                                          [32m[K;[m[K
[3.902s] [01m[K/home/conner/mechatronics/pid/pid_controller/src/pid_controller.cpp:34:59:[m[K [01;31m[Kerror: [m[K‘[01m[Ksubscription_[m[K’ does not name a type; did you mean ‘[01m[Krcl_subscription_t[m[K’?
[3.902s]    34 |   rclcpp::Subscription<robot_types::msg::Time>::SharedPtr [01;31m[Ksubscription_[m[K;
[3.902s]       |                                                           [01;31m[K^~~~~~~~~~~~~[m[K
[3.902s]       |                                                           [32m[Krcl_subscription_t[m[K
[3.903s] [01m[K/home/conner/mechatronics/pid/pid_controller/src/pid_controller.cpp:45:22:[m[K [01;31m[Kerror: [m[K‘[01m[Kvector[m[K’ has not been declared
[3.903s]    45 |     void printVector([01;31m[Kvector[m[K<int> intVector)
[3.903s]       |                      [01;31m[K^~~~~~[m[K
[3.903s] [01m[K/home/conner/mechatronics/pid/pid_controller/src/pid_controller.cpp:45:28:[m[K [01;31m[Kerror: [m[Kexpected ‘[01m[K,[m[K’ or ‘[01m[K...[m[K’ before ‘[01m[K<[m[K’ token
[3.903s]    45 |     void printVector(vector[01;31m[K<[m[Kint> intVector)
[3.903s]       |                            [01;31m[K^[m[K
[3.904s] [01m[K/home/conner/mechatronics/pid/pid_controller/src/pid_controller.cpp:[m[K In constructor ‘[01m[KController::Controller()[m[K’:
[3.904s] [01m[K/home/conner/mechatronics/pid/pid_controller/src/pid_controller.cpp:28:5:[m[K [01;31m[Kerror: [m[K‘[01m[Ksubscription_[m[K’ was not declared in this scope; did you mean ‘[01m[Krcl_subscription_t[m[K’?
[3.904s]    28 |     [01;31m[Ksubscription_[m[K = this->create_subscription<robot_types::msg::Position>
[3.904s]       |     [01;31m[K^~~~~~~~~~~~~[m[K
[3.904s]       |     [32m[Krcl_subscription_t[m[K
[3.986s] [01m[K/home/conner/mechatronics/pid/pid_controller/src/pid_controller.cpp:[m[K In member function ‘[01m[Kvoid Controller::position_sensor_callback(robot_types::msg::Position_<std::allocator<void> >::SharedPtr) const[m[K’:
[3.986s] [01m[K/home/conner/mechatronics/pid/pid_controller/src/pid_controller.cpp:42:22:[m[K [01;31m[Kerror: [m[Kcannot convert ‘[01m[Krobot_types::msg::Position_<std::allocator<void> >::_position_vector_type[m[K’ {aka ‘[01m[Kstd::vector<int>[m[K’} to ‘[01m[Kint[m[K’
[3.986s]    42 |     printVector([01;31m[Kmsg->position_vector[m[K);
[3.986s]       |                 [01;31m[K~~~~~^~~~~~~~~~~~~~~[m[K
[3.986s]       |                      [01;31m[K|[m[K
[3.987s]       |                      [01;31m[Krobot_types::msg::Position_<std::allocator<void> >::_position_vector_type {aka std::vector<int>}[m[K
[3.987s] [01m[K/home/conner/mechatronics/pid/pid_controller/src/pid_controller.cpp:45:22:[m[K [01;36m[Knote: [m[K  initializing argument 1 of ‘[01m[Kvoid Controller::printVector(int)[m[K’
[3.987s]    45 |     void printVector([01;36m[Kvector[m[K<int> intVector)
[3.987s]       |                      [01;36m[K^~~~~~[m[K
[3.992s] [01m[K/home/conner/mechatronics/pid/pid_controller/src/pid_controller.cpp:[m[K In member function ‘[01m[Kvoid Controller::printVector(int)[m[K’:
[3.993s] [01m[K/home/conner/mechatronics/pid/pid_controller/src/pid_controller.cpp:47:27:[m[K [01;31m[Kerror: [m[K‘[01m[KintVector[m[K’ was not declared in this scope; did you mean ‘[01m[KprintVector[m[K’?
[3.993s]    47 |         for (int number : [01;31m[KintVector[m[K)
[3.993s]       |                           [01;31m[K^~~~~~~~~[m[K
[3.993s]       |                           [32m[KprintVector[m[K
[3.997s] [01m[K/home/conner/mechatronics/pid/pid_controller/src/pid_controller.cpp:49:43:[m[K [01;31m[Kerror: [m[K‘[01m[Kendl[m[K’ was not declared in this scope; did you mean ‘[01m[Kstd::endl[m[K’?
[3.998s]    49 |             std::cout << number << " " << [01;31m[Kendl[m[K;
[3.998s]       |                                           [01;31m[K^~~~[m[K
[3.999s]       |                                           [32m[Kstd::endl[m[K
[4.000s] In file included from [01m[K/usr/include/c++/9/iostream:39[m[K,
[4.000s]                  from [01m[K/home/conner/mechatronics/pid/pid_controller/src/pid_controller.cpp:5[m[K:
[4.001s] [01m[K/usr/include/c++/9/ostream:599:5:[m[K [01;36m[Knote: [m[K‘[01m[Kstd::endl[m[K’ declared here
[4.001s]   599 |     [01;36m[Kendl[m[K(basic_ostream<_CharT, _Traits>& __os)
[4.002s]       |     [01;36m[K^~~~[m[K
[7.822s] make[2]: *** [CMakeFiles/pid_controller.dir/build.make:63: CMakeFiles/pid_controller.dir/src/pid_controller.cpp.o] Error 1
[7.823s] make[1]: *** [CMakeFiles/Makefile2:78: CMakeFiles/pid_controller.dir/all] Error 2
[7.823s] make: *** [Makefile:141: all] Error 2
[7.833s] Invoked command in '/home/conner/mechatronics/pid/build/pid_controller' returned '2': CMAKE_PREFIX_PATH=/home/conner/mechatronics/pid/install/robot_types:/home/conner/mechatronics/pid/install/dummy_sensor:/home/conner/mechatronics/pid/install/dummy_brain:/opt/ros/foxy /usr/bin/cmake --build /home/conner/mechatronics/pid/build/pid_controller -- -j8 -l8
