[0.442s] Invoking command in '/home/conner/mechatronics/pid/build/dummy_sensor': CMAKE_PREFIX_PATH=/home/conner/mechatronics/pid/install/robot_types:/home/conner/mechatronics/pid/install/dummy_sensor:/opt/ros/foxy /usr/bin/cmake --build /home/conner/mechatronics/pid/build/dummy_sensor -- -j8 -l8
[0.502s] -- Found ament_cmake: 0.9.11 (/opt/ros/foxy/share/ament_cmake/cmake)
[0.549s] -- Using PYTHON_EXECUTABLE: /usr/bin/python3
[0.828s] -- Found rclcpp: 2.4.2 (/opt/ros/foxy/share/rclcpp/cmake)
[1.410s] -- Using all available rosidl_typesupport_c: rosidl_typesupport_fastrtps_c;rosidl_typesupport_introspection_c
[1.416s] -- Found rosidl_adapter: 1.3.0 (/opt/ros/foxy/share/rosidl_adapter/cmake)
[16.678s] -- Using all available rosidl_typesupport_cpp: rosidl_typesupport_fastrtps_cpp;rosidl_typesupport_introspection_cpp
[16.769s] -- Found rmw_implementation_cmake: 1.0.3 (/opt/ros/foxy/share/rmw_implementation_cmake/cmake)
[16.773s] -- Using RMW implementation 'rmw_fastrtps_cpp' as default
[16.973s] -- Found robot_types: 0.0.0 (/home/conner/mechatronics/pid/install/robot_types/share/robot_types/cmake)
[17.098s] -- Configuring done
[17.114s] -- Generating done
[17.120s] -- Build files have been written to: /home/conner/mechatronics/pid/build/dummy_sensor
[17.192s] [100%] Built target position_data
[17.220s] Invoked command in '/home/conner/mechatronics/pid/build/dummy_sensor' returned '0': CMAKE_PREFIX_PATH=/home/conner/mechatronics/pid/install/robot_types:/home/conner/mechatronics/pid/install/dummy_sensor:/opt/ros/foxy /usr/bin/cmake --build /home/conner/mechatronics/pid/build/dummy_sensor -- -j8 -l8
[17.303s] Invoking command in '/home/conner/mechatronics/pid/build/dummy_sensor': CMAKE_PREFIX_PATH=/home/conner/mechatronics/pid/install/robot_types:/home/conner/mechatronics/pid/install/dummy_sensor:/opt/ros/foxy /usr/bin/cmake --install /home/conner/mechatronics/pid/build/dummy_sensor
[17.318s] -- Install configuration: ""
[17.319s] -- Installing: /home/conner/mechatronics/pid/install/dummy_sensor/share/ament_index/resource_index/package_run_dependencies/dummy_sensor
[17.320s] -- Installing: /home/conner/mechatronics/pid/install/dummy_sensor/share/ament_index/resource_index/parent_prefix_path/dummy_sensor
[17.321s] -- Up-to-date: /home/conner/mechatronics/pid/install/dummy_sensor/share/dummy_sensor/environment/ament_prefix_path.sh
[17.322s] -- Installing: /home/conner/mechatronics/pid/install/dummy_sensor/share/dummy_sensor/environment/ament_prefix_path.dsv
[17.323s] -- Up-to-date: /home/conner/mechatronics/pid/install/dummy_sensor/share/dummy_sensor/environment/path.sh
[17.324s] -- Installing: /home/conner/mechatronics/pid/install/dummy_sensor/share/dummy_sensor/environment/path.dsv
[17.325s] -- Up-to-date: /home/conner/mechatronics/pid/install/dummy_sensor/share/dummy_sensor/local_setup.bash
[17.325s] -- Up-to-date: /home/conner/mechatronics/pid/install/dummy_sensor/share/dummy_sensor/local_setup.sh
[17.326s] -- Up-to-date: /home/conner/mechatronics/pid/install/dummy_sensor/share/dummy_sensor/local_setup.zsh
[17.327s] -- Installing: /home/conner/mechatronics/pid/install/dummy_sensor/share/dummy_sensor/local_setup.dsv
[17.329s] -- Installing: /home/conner/mechatronics/pid/install/dummy_sensor/share/dummy_sensor/package.dsv
[17.331s] -- Up-to-date: /home/conner/mechatronics/pid/install/dummy_sensor/share/ament_index/resource_index/packages/dummy_sensor
[17.334s] -- Up-to-date: /home/conner/mechatronics/pid/install/dummy_sensor/share/dummy_sensor/cmake/dummy_sensorConfig.cmake
[17.338s] -- Up-to-date: /home/conner/mechatronics/pid/install/dummy_sensor/share/dummy_sensor/cmake/dummy_sensorConfig-version.cmake
[17.339s] -- Installing: /home/conner/mechatronics/pid/install/dummy_sensor/share/dummy_sensor/package.xml
[17.340s] Invoked command in '/home/conner/mechatronics/pid/build/dummy_sensor' returned '0': CMAKE_PREFIX_PATH=/home/conner/mechatronics/pid/install/robot_types:/home/conner/mechatronics/pid/install/dummy_sensor:/opt/ros/foxy /usr/bin/cmake --install /home/conner/mechatronics/pid/build/dummy_sensor
