[0.161s] Invoking command in '/home/conner/mechatronics/pid/build/dummy_brain': CMAKE_PREFIX_PATH=/home/conner/mechatronics/pid/install/robot_types:/home/conner/mechatronics/pid/install/pid_controller:/home/conner/mechatronics/pid/install/dummy_sensor:/home/conner/mechatronics/pid/install/dummy_brain:/opt/ros/foxy LD_LIBRARY_PATH=/home/conner/mechatronics/pid/install/robot_types/lib:/opt/ros/foxy/opt/yaml_cpp_vendor/lib:/opt/ros/foxy/opt/rviz_ogre_vendor/lib:/opt/ros/foxy/lib/x86_64-linux-gnu:/opt/ros/foxy/lib PYTHONPATH=/home/conner/mechatronics/pid/install/robot_types/lib/python3.8/site-packages:/opt/ros/foxy/lib/python3.8/site-packages /usr/bin/cmake --build /home/conner/mechatronics/pid/build/dummy_brain -- -j8 -l8
[0.221s] [35m[1mScanning dependencies of target dummy_brain[0m
[0.253s] [ 50%] [32mBuilding CXX object CMakeFiles/dummy_brain.dir/src/dummy_brain.cpp.o[0m
[6.522s] [100%] [32m[1mLinking CXX executable dummy_brain[0m
[6.872s] [100%] Built target dummy_brain
[6.899s] Invoked command in '/home/conner/mechatronics/pid/build/dummy_brain' returned '0': CMAKE_PREFIX_PATH=/home/conner/mechatronics/pid/install/robot_types:/home/conner/mechatronics/pid/install/pid_controller:/home/conner/mechatronics/pid/install/dummy_sensor:/home/conner/mechatronics/pid/install/dummy_brain:/opt/ros/foxy LD_LIBRARY_PATH=/home/conner/mechatronics/pid/install/robot_types/lib:/opt/ros/foxy/opt/yaml_cpp_vendor/lib:/opt/ros/foxy/opt/rviz_ogre_vendor/lib:/opt/ros/foxy/lib/x86_64-linux-gnu:/opt/ros/foxy/lib PYTHONPATH=/home/conner/mechatronics/pid/install/robot_types/lib/python3.8/site-packages:/opt/ros/foxy/lib/python3.8/site-packages /usr/bin/cmake --build /home/conner/mechatronics/pid/build/dummy_brain -- -j8 -l8
[6.923s] Invoking command in '/home/conner/mechatronics/pid/build/dummy_brain': CMAKE_PREFIX_PATH=/home/conner/mechatronics/pid/install/robot_types:/home/conner/mechatronics/pid/install/pid_controller:/home/conner/mechatronics/pid/install/dummy_sensor:/home/conner/mechatronics/pid/install/dummy_brain:/opt/ros/foxy LD_LIBRARY_PATH=/home/conner/mechatronics/pid/install/robot_types/lib:/opt/ros/foxy/opt/yaml_cpp_vendor/lib:/opt/ros/foxy/opt/rviz_ogre_vendor/lib:/opt/ros/foxy/lib/x86_64-linux-gnu:/opt/ros/foxy/lib PYTHONPATH=/home/conner/mechatronics/pid/install/robot_types/lib/python3.8/site-packages:/opt/ros/foxy/lib/python3.8/site-packages /usr/bin/cmake --install /home/conner/mechatronics/pid/build/dummy_brain
[6.930s] -- Install configuration: ""
[6.931s] -- Installing: /home/conner/mechatronics/pid/install/dummy_brain/lib/dummy_brain/dummy_brain
[6.947s] -- Set runtime path of "/home/conner/mechatronics/pid/install/dummy_brain/lib/dummy_brain/dummy_brain" to ""
[6.947s] -- Up-to-date: /home/conner/mechatronics/pid/install/dummy_brain/share/ament_index/resource_index/package_run_dependencies/dummy_brain
[6.947s] -- Installing: /home/conner/mechatronics/pid/install/dummy_brain/share/ament_index/resource_index/parent_prefix_path/dummy_brain
[6.948s] -- Up-to-date: /home/conner/mechatronics/pid/install/dummy_brain/share/dummy_brain/environment/ament_prefix_path.sh
[6.948s] -- Installing: /home/conner/mechatronics/pid/install/dummy_brain/share/dummy_brain/environment/ament_prefix_path.dsv
[6.949s] -- Up-to-date: /home/conner/mechatronics/pid/install/dummy_brain/share/dummy_brain/environment/path.sh
[6.949s] -- Installing: /home/conner/mechatronics/pid/install/dummy_brain/share/dummy_brain/environment/path.dsv
[6.949s] -- Up-to-date: /home/conner/mechatronics/pid/install/dummy_brain/share/dummy_brain/local_setup.bash
[6.950s] -- Up-to-date: /home/conner/mechatronics/pid/install/dummy_brain/share/dummy_brain/local_setup.sh
[6.950s] -- Up-to-date: /home/conner/mechatronics/pid/install/dummy_brain/share/dummy_brain/local_setup.zsh
[6.950s] -- Installing: /home/conner/mechatronics/pid/install/dummy_brain/share/dummy_brain/local_setup.dsv
[6.950s] -- Installing: /home/conner/mechatronics/pid/install/dummy_brain/share/dummy_brain/package.dsv
[6.950s] -- Up-to-date: /home/conner/mechatronics/pid/install/dummy_brain/share/ament_index/resource_index/packages/dummy_brain
[6.951s] -- Up-to-date: /home/conner/mechatronics/pid/install/dummy_brain/share/dummy_brain/cmake/dummy_brainConfig.cmake
[6.951s] -- Up-to-date: /home/conner/mechatronics/pid/install/dummy_brain/share/dummy_brain/cmake/dummy_brainConfig-version.cmake
[6.951s] -- Up-to-date: /home/conner/mechatronics/pid/install/dummy_brain/share/dummy_brain/package.xml
[6.956s] Invoked command in '/home/conner/mechatronics/pid/build/dummy_brain' returned '0': CMAKE_PREFIX_PATH=/home/conner/mechatronics/pid/install/robot_types:/home/conner/mechatronics/pid/install/pid_controller:/home/conner/mechatronics/pid/install/dummy_sensor:/home/conner/mechatronics/pid/install/dummy_brain:/opt/ros/foxy LD_LIBRARY_PATH=/home/conner/mechatronics/pid/install/robot_types/lib:/opt/ros/foxy/opt/yaml_cpp_vendor/lib:/opt/ros/foxy/opt/rviz_ogre_vendor/lib:/opt/ros/foxy/lib/x86_64-linux-gnu:/opt/ros/foxy/lib PYTHONPATH=/home/conner/mechatronics/pid/install/robot_types/lib/python3.8/site-packages:/opt/ros/foxy/lib/python3.8/site-packages /usr/bin/cmake --install /home/conner/mechatronics/pid/build/dummy_brain
