[0.304s] Invoking command in '/home/conner/mechatronics/pid/build/dummy_brain': CMAKE_PREFIX_PATH=/home/conner/mechatronics/pid/install/robot_types:/home/conner/mechatronics/pid/install/pid_controller:/home/conner/mechatronics/pid/install/dummy_sensor:/home/conner/mechatronics/pid/install/dummy_brain /usr/bin/cmake --build /home/conner/mechatronics/pid/build/dummy_brain -- -j8 -l8
[0.424s] [100%] Built target dummy_brain
[0.442s] Invoked command in '/home/conner/mechatronics/pid/build/dummy_brain' returned '0': CMAKE_PREFIX_PATH=/home/conner/mechatronics/pid/install/robot_types:/home/conner/mechatronics/pid/install/pid_controller:/home/conner/mechatronics/pid/install/dummy_sensor:/home/conner/mechatronics/pid/install/dummy_brain /usr/bin/cmake --build /home/conner/mechatronics/pid/build/dummy_brain -- -j8 -l8
[0.484s] Invoking command in '/home/conner/mechatronics/pid/build/dummy_brain': CMAKE_PREFIX_PATH=/home/conner/mechatronics/pid/install/robot_types:/home/conner/mechatronics/pid/install/pid_controller:/home/conner/mechatronics/pid/install/dummy_sensor:/home/conner/mechatronics/pid/install/dummy_brain /usr/bin/cmake --install /home/conner/mechatronics/pid/build/dummy_brain
[0.499s] -- Install configuration: ""
[0.500s] -- Installing: /home/conner/mechatronics/pid/install/dummy_brain/lib/dummy_brain/dummy_brain
[0.508s] -- Set runtime path of "/home/conner/mechatronics/pid/install/dummy_brain/lib/dummy_brain/dummy_brain" to ""
[0.508s] -- Up-to-date: /home/conner/mechatronics/pid/install/dummy_brain/share/ament_index/resource_index/package_run_dependencies/dummy_brain
[0.509s] -- Up-to-date: /home/conner/mechatronics/pid/install/dummy_brain/share/ament_index/resource_index/parent_prefix_path/dummy_brain
[0.509s] -- Up-to-date: /home/conner/mechatronics/pid/install/dummy_brain/share/dummy_brain/environment/ament_prefix_path.sh
[0.510s] -- Up-to-date: /home/conner/mechatronics/pid/install/dummy_brain/share/dummy_brain/environment/ament_prefix_path.dsv
[0.511s] -- Up-to-date: /home/conner/mechatronics/pid/install/dummy_brain/share/dummy_brain/environment/path.sh
[0.511s] -- Up-to-date: /home/conner/mechatronics/pid/install/dummy_brain/share/dummy_brain/environment/path.dsv
[0.512s] -- Up-to-date: /home/conner/mechatronics/pid/install/dummy_brain/share/dummy_brain/local_setup.bash
[0.513s] -- Up-to-date: /home/conner/mechatronics/pid/install/dummy_brain/share/dummy_brain/local_setup.sh
[0.514s] -- Up-to-date: /home/conner/mechatronics/pid/install/dummy_brain/share/dummy_brain/local_setup.zsh
[0.514s] -- Up-to-date: /home/conner/mechatronics/pid/install/dummy_brain/share/dummy_brain/local_setup.dsv
[0.515s] -- Installing: /home/conner/mechatronics/pid/install/dummy_brain/share/dummy_brain/package.dsv
[0.515s] -- Up-to-date: /home/conner/mechatronics/pid/install/dummy_brain/share/ament_index/resource_index/packages/dummy_brain
[0.515s] -- Up-to-date: /home/conner/mechatronics/pid/install/dummy_brain/share/dummy_brain/cmake/dummy_brainConfig.cmake
[0.516s] -- Up-to-date: /home/conner/mechatronics/pid/install/dummy_brain/share/dummy_brain/cmake/dummy_brainConfig-version.cmake
[0.516s] -- Up-to-date: /home/conner/mechatronics/pid/install/dummy_brain/share/dummy_brain/package.xml
[0.547s] Invoked command in '/home/conner/mechatronics/pid/build/dummy_brain' returned '0': CMAKE_PREFIX_PATH=/home/conner/mechatronics/pid/install/robot_types:/home/conner/mechatronics/pid/install/pid_controller:/home/conner/mechatronics/pid/install/dummy_sensor:/home/conner/mechatronics/pid/install/dummy_brain /usr/bin/cmake --install /home/conner/mechatronics/pid/build/dummy_brain
