[0.198s] Invoking command in '/home/conner/mechatronics/pid/build/dummy_sensor': CMAKE_PREFIX_PATH=/home/conner/mechatronics/pid/install/robot_types:/home/conner/mechatronics/pid/install/pid_controller:/home/conner/mechatronics/pid/install/dummy_sensor:/home/conner/mechatronics/pid/install/dummy_brain:/opt/ros/foxy LD_LIBRARY_PATH=/home/conner/mechatronics/pid/install/robot_types/lib:/opt/ros/foxy/opt/yaml_cpp_vendor/lib:/opt/ros/foxy/opt/rviz_ogre_vendor/lib:/opt/ros/foxy/lib/x86_64-linux-gnu:/opt/ros/foxy/lib PYTHONPATH=/home/conner/mechatronics/pid/install/robot_types/lib/python3.8/site-packages:/opt/ros/foxy/lib/python3.8/site-packages /usr/bin/cmake --build /home/conner/mechatronics/pid/build/dummy_sensor -- -j8 -l8
[0.239s] [35m[1mScanning dependencies of target position_data[0m
[0.275s] [ 50%] [32mBuilding CXX object CMakeFiles/position_data.dir/src/dummy_sensor.cpp.o[0m
[4.042s] [100%] [32m[1mLinking CXX executable position_data[0m
[4.351s] [100%] Built target position_data
[4.365s] Invoked command in '/home/conner/mechatronics/pid/build/dummy_sensor' returned '0': CMAKE_PREFIX_PATH=/home/conner/mechatronics/pid/install/robot_types:/home/conner/mechatronics/pid/install/pid_controller:/home/conner/mechatronics/pid/install/dummy_sensor:/home/conner/mechatronics/pid/install/dummy_brain:/opt/ros/foxy LD_LIBRARY_PATH=/home/conner/mechatronics/pid/install/robot_types/lib:/opt/ros/foxy/opt/yaml_cpp_vendor/lib:/opt/ros/foxy/opt/rviz_ogre_vendor/lib:/opt/ros/foxy/lib/x86_64-linux-gnu:/opt/ros/foxy/lib PYTHONPATH=/home/conner/mechatronics/pid/install/robot_types/lib/python3.8/site-packages:/opt/ros/foxy/lib/python3.8/site-packages /usr/bin/cmake --build /home/conner/mechatronics/pid/build/dummy_sensor -- -j8 -l8
[4.395s] Invoking command in '/home/conner/mechatronics/pid/build/dummy_sensor': CMAKE_PREFIX_PATH=/home/conner/mechatronics/pid/install/robot_types:/home/conner/mechatronics/pid/install/pid_controller:/home/conner/mechatronics/pid/install/dummy_sensor:/home/conner/mechatronics/pid/install/dummy_brain:/opt/ros/foxy LD_LIBRARY_PATH=/home/conner/mechatronics/pid/install/robot_types/lib:/opt/ros/foxy/opt/yaml_cpp_vendor/lib:/opt/ros/foxy/opt/rviz_ogre_vendor/lib:/opt/ros/foxy/lib/x86_64-linux-gnu:/opt/ros/foxy/lib PYTHONPATH=/home/conner/mechatronics/pid/install/robot_types/lib/python3.8/site-packages:/opt/ros/foxy/lib/python3.8/site-packages /usr/bin/cmake --install /home/conner/mechatronics/pid/build/dummy_sensor
[4.403s] -- Install configuration: ""
[4.404s] -- Installing: /home/conner/mechatronics/pid/install/dummy_sensor/lib/dummy_sensor/position_data
[4.413s] -- Set runtime path of "/home/conner/mechatronics/pid/install/dummy_sensor/lib/dummy_sensor/position_data" to ""
[4.414s] -- Up-to-date: /home/conner/mechatronics/pid/install/dummy_sensor/share/ament_index/resource_index/package_run_dependencies/dummy_sensor
[4.418s] -- Up-to-date: /home/conner/mechatronics/pid/install/dummy_sensor/share/ament_index/resource_index/parent_prefix_path/dummy_sensor
[4.418s] -- Up-to-date: /home/conner/mechatronics/pid/install/dummy_sensor/share/dummy_sensor/environment/ament_prefix_path.sh
[4.419s] -- Up-to-date: /home/conner/mechatronics/pid/install/dummy_sensor/share/dummy_sensor/environment/ament_prefix_path.dsv
[4.420s] -- Up-to-date: /home/conner/mechatronics/pid/install/dummy_sensor/share/dummy_sensor/environment/path.sh
[4.420s] -- Up-to-date: /home/conner/mechatronics/pid/install/dummy_sensor/share/dummy_sensor/environment/path.dsv
[4.421s] -- Up-to-date: /home/conner/mechatronics/pid/install/dummy_sensor/share/dummy_sensor/local_setup.bash
[4.421s] -- Up-to-date: /home/conner/mechatronics/pid/install/dummy_sensor/share/dummy_sensor/local_setup.sh
[4.422s] -- Up-to-date: /home/conner/mechatronics/pid/install/dummy_sensor/share/dummy_sensor/local_setup.zsh
[4.425s] -- Up-to-date: /home/conner/mechatronics/pid/install/dummy_sensor/share/dummy_sensor/local_setup.dsv
[4.426s] -- Installing: /home/conner/mechatronics/pid/install/dummy_sensor/share/dummy_sensor/package.dsv
[4.426s] -- Up-to-date: /home/conner/mechatronics/pid/install/dummy_sensor/share/ament_index/resource_index/packages/dummy_sensor
[4.428s] -- Up-to-date: /home/conner/mechatronics/pid/install/dummy_sensor/share/dummy_sensor/cmake/dummy_sensorConfig.cmake
[4.428s] -- Up-to-date: /home/conner/mechatronics/pid/install/dummy_sensor/share/dummy_sensor/cmake/dummy_sensorConfig-version.cmake
[4.428s] -- Up-to-date: /home/conner/mechatronics/pid/install/dummy_sensor/share/dummy_sensor/package.xml
[4.429s] Invoked command in '/home/conner/mechatronics/pid/build/dummy_sensor' returned '0': CMAKE_PREFIX_PATH=/home/conner/mechatronics/pid/install/robot_types:/home/conner/mechatronics/pid/install/pid_controller:/home/conner/mechatronics/pid/install/dummy_sensor:/home/conner/mechatronics/pid/install/dummy_brain:/opt/ros/foxy LD_LIBRARY_PATH=/home/conner/mechatronics/pid/install/robot_types/lib:/opt/ros/foxy/opt/yaml_cpp_vendor/lib:/opt/ros/foxy/opt/rviz_ogre_vendor/lib:/opt/ros/foxy/lib/x86_64-linux-gnu:/opt/ros/foxy/lib PYTHONPATH=/home/conner/mechatronics/pid/install/robot_types/lib/python3.8/site-packages:/opt/ros/foxy/lib/python3.8/site-packages /usr/bin/cmake --install /home/conner/mechatronics/pid/build/dummy_sensor
