[01m[K/home/conner/mechatronics/pid/dummy_sensor/src/dummy_sensor.cpp:[m[K In member function ‘[01m[Kstd::vector<int>* DummySensor::generateRandomCoordinates()[m[K’:
[01m[K/home/conner/mechatronics/pid/dummy_sensor/src/dummy_sensor.cpp:51:16:[m[K [01;31m[Kerror: [m[Kcannot convert ‘[01m[Kstd::vector<int>[m[K’ to ‘[01m[Kstd::vector<int>*[m[K’ in return
   51 |         return [01;31m[KrandomPosition[m[K;
      |                [01;31m[K^~~~~~~~~~~~~~[m[K
[01m[K/home/conner/mechatronics/pid/dummy_sensor/src/dummy_sensor.cpp:[m[K In member function ‘[01m[Kvoid DummySensor::publishMessage()[m[K’:
[01m[K/home/conner/mechatronics/pid/dummy_sensor/src/dummy_sensor.cpp:69:67:[m[K [01;31m[Kerror: [m[Kno match for ‘[01m[Koperator=[m[K’ (operand types are ‘[01m[Krobot_types::msg::Position_<std::allocator<void> >::_position_vector_type[m[K’ {aka ‘[01m[Kstd::vector<int>[m[K’} and ‘[01m[Kstd::vector<int>*[m[K’)
   69 |         message.position_vector = this->generateRandomCoordinates([01;31m[K)[m[K;
      |                                                                   [01;31m[K^[m[K
In file included from [01m[K/usr/include/c++/9/vector:72[m[K,
                 from [01m[K/home/conner/mechatronics/pid/dummy_sensor/src/dummy_sensor.cpp:5[m[K:
[01m[K/usr/include/c++/9/bits/vector.tcc:198:5:[m[K [01;36m[Knote: [m[Kcandidate: ‘[01m[Kstd::vector<_Tp, _Alloc>& std::vector<_Tp, _Alloc>::operator=(const std::vector<_Tp, _Alloc>&) [with _Tp = int; _Alloc = std::allocator<int>][m[K’
  198 |     [01;36m[Kvector<_Tp, _Alloc>[m[K::
      |     [01;36m[K^~~~~~~~~~~~~~~~~~~[m[K
[01m[K/usr/include/c++/9/bits/vector.tcc:199:42:[m[K [01;36m[Knote: [m[K  no known conversion for argument 1 from ‘[01m[Kstd::vector<int>*[m[K’ to ‘[01m[Kconst std::vector<int>&[m[K’
  199 |     operator=([01;36m[Kconst vector<_Tp, _Alloc>& __x[m[K)
      |               [01;36m[K~~~~~~~~~~~~~~~~~~~~~~~~~~~^~~[m[K
In file included from [01m[K/usr/include/c++/9/vector:67[m[K,
                 from [01m[K/home/conner/mechatronics/pid/dummy_sensor/src/dummy_sensor.cpp:5[m[K:
[01m[K/usr/include/c++/9/bits/stl_vector.h:706:7:[m[K [01;36m[Knote: [m[Kcandidate: ‘[01m[Kstd::vector<_Tp, _Alloc>& std::vector<_Tp, _Alloc>::operator=(std::vector<_Tp, _Alloc>&&) [with _Tp = int; _Alloc = std::allocator<int>][m[K’
  706 |       [01;36m[Koperator[m[K=(vector&& __x) noexcept(_Alloc_traits::_S_nothrow_move())
      |       [01;36m[K^~~~~~~~[m[K
[01m[K/usr/include/c++/9/bits/stl_vector.h:706:26:[m[K [01;36m[Knote: [m[K  no known conversion for argument 1 from ‘[01m[Kstd::vector<int>*[m[K’ to ‘[01m[Kstd::vector<int>&&[m[K’
  706 |       operator=([01;36m[Kvector&& __x[m[K) noexcept(_Alloc_traits::_S_nothrow_move())
      |                 [01;36m[K~~~~~~~~~^~~[m[K
[01m[K/usr/include/c++/9/bits/stl_vector.h:727:7:[m[K [01;36m[Knote: [m[Kcandidate: ‘[01m[Kstd::vector<_Tp, _Alloc>& std::vector<_Tp, _Alloc>::operator=(std::initializer_list<_Tp>) [with _Tp = int; _Alloc = std::allocator<int>][m[K’
  727 |       [01;36m[Koperator[m[K=(initializer_list<value_type> __l)
      |       [01;36m[K^~~~~~~~[m[K
[01m[K/usr/include/c++/9/bits/stl_vector.h:727:46:[m[K [01;36m[Knote: [m[K  no known conversion for argument 1 from ‘[01m[Kstd::vector<int>*[m[K’ to ‘[01m[Kstd::initializer_list<int>[m[K’
  727 |       operator=([01;36m[Kinitializer_list<value_type> __l[m[K)
      |                 [01;36m[K~~~~~~~~~~~~~~~~~~~~~~~~~~~~~^~~[m[K
make[2]: *** [CMakeFiles/position_data.dir/build.make:63: CMakeFiles/position_data.dir/src/dummy_sensor.cpp.o] Error 1
make[1]: *** [CMakeFiles/Makefile2:78: CMakeFiles/position_data.dir/all] Error 2
make: *** [Makefile:141: all] Error 2
