[0.048s] Invoking command in '/home/conner/mechatronics/pid/build/dummy_sensor': CMAKE_PREFIX_PATH=${CMAKE_PREFIX_PATH}:/opt/ros/foxy /usr/bin/cmake --build /home/conner/mechatronics/pid/build/dummy_sensor -- -j8 -l8
[0.112s] -- Found ament_cmake: 0.9.11 (/opt/ros/foxy/share/ament_cmake/cmake)
[0.161s] -- Using PYTHON_EXECUTABLE: /usr/bin/python3
[0.475s] -- Found rclcpp: 2.4.2 (/opt/ros/foxy/share/rclcpp/cmake)
[1.034s] -- Using all available rosidl_typesupport_c: rosidl_typesupport_fastrtps_c;rosidl_typesupport_introspection_c
[1.039s] -- Found rosidl_adapter: 1.3.0 (/opt/ros/foxy/share/rosidl_adapter/cmake)
[15.820s] -- Using all available rosidl_typesupport_cpp: rosidl_typesupport_fastrtps_cpp;rosidl_typesupport_introspection_cpp
[15.897s] -- Found rmw_implementation_cmake: 1.0.3 (/opt/ros/foxy/share/rmw_implementation_cmake/cmake)
[15.900s] -- Using RMW implementation 'rmw_fastrtps_cpp' as default
[16.118s] -- Found robot_types: 0.0.0 (/home/conner/mechatronics/pid/install/robot_types/share/robot_types/cmake)
[16.247s] -- Configuring done
[16.267s] -- Generating done
[16.273s] -- Build files have been written to: /home/conner/mechatronics/pid/build/dummy_sensor
[16.323s] [35m[1mScanning dependencies of target position_data[0m
[16.360s] [ 50%] [32mBuilding CXX object CMakeFiles/position_data.dir/src/dummy_sensor.cpp.o[0m
[22.305s] [01m[K/home/conner/mechatronics/pid/dummy_sensor/src/dummy_sensor.cpp:[m[K In member function ‘[01m[Kstd::vector<int>* DummySensor::generateRandomCoordinates()[m[K’:
[22.305s] [01m[K/home/conner/mechatronics/pid/dummy_sensor/src/dummy_sensor.cpp:51:16:[m[K [01;31m[Kerror: [m[Kcannot convert ‘[01m[Kstd::vector<int>[m[K’ to ‘[01m[Kstd::vector<int>*[m[K’ in return
[22.306s]    51 |         return [01;31m[KrandomPosition[m[K;
[22.306s]       |                [01;31m[K^~~~~~~~~~~~~~[m[K
[22.311s] [01m[K/home/conner/mechatronics/pid/dummy_sensor/src/dummy_sensor.cpp:[m[K In member function ‘[01m[Kvoid DummySensor::publishMessage()[m[K’:
[22.311s] [01m[K/home/conner/mechatronics/pid/dummy_sensor/src/dummy_sensor.cpp:69:67:[m[K [01;31m[Kerror: [m[Kno match for ‘[01m[Koperator=[m[K’ (operand types are ‘[01m[Krobot_types::msg::Position_<std::allocator<void> >::_position_vector_type[m[K’ {aka ‘[01m[Kstd::vector<int>[m[K’} and ‘[01m[Kstd::vector<int>*[m[K’)
[22.311s]    69 |         message.position_vector = this->generateRandomCoordinates([01;31m[K)[m[K;
[22.311s]       |                                                                   [01;31m[K^[m[K
[22.312s] In file included from [01m[K/usr/include/c++/9/vector:72[m[K,
[22.312s]                  from [01m[K/home/conner/mechatronics/pid/dummy_sensor/src/dummy_sensor.cpp:5[m[K:
[22.312s] [01m[K/usr/include/c++/9/bits/vector.tcc:198:5:[m[K [01;36m[Knote: [m[Kcandidate: ‘[01m[Kstd::vector<_Tp, _Alloc>& std::vector<_Tp, _Alloc>::operator=(const std::vector<_Tp, _Alloc>&) [with _Tp = int; _Alloc = std::allocator<int>][m[K’
[22.312s]   198 |     [01;36m[Kvector<_Tp, _Alloc>[m[K::
[22.312s]       |     [01;36m[K^~~~~~~~~~~~~~~~~~~[m[K
[22.312s] [01m[K/usr/include/c++/9/bits/vector.tcc:199:42:[m[K [01;36m[Knote: [m[K  no known conversion for argument 1 from ‘[01m[Kstd::vector<int>*[m[K’ to ‘[01m[Kconst std::vector<int>&[m[K’
[22.313s]   199 |     operator=([01;36m[Kconst vector<_Tp, _Alloc>& __x[m[K)
[22.313s]       |               [01;36m[K~~~~~~~~~~~~~~~~~~~~~~~~~~~^~~[m[K
[22.314s] In file included from [01m[K/usr/include/c++/9/vector:67[m[K,
[22.314s]                  from [01m[K/home/conner/mechatronics/pid/dummy_sensor/src/dummy_sensor.cpp:5[m[K:
[22.315s] [01m[K/usr/include/c++/9/bits/stl_vector.h:706:7:[m[K [01;36m[Knote: [m[Kcandidate: ‘[01m[Kstd::vector<_Tp, _Alloc>& std::vector<_Tp, _Alloc>::operator=(std::vector<_Tp, _Alloc>&&) [with _Tp = int; _Alloc = std::allocator<int>][m[K’
[22.315s]   706 |       [01;36m[Koperator[m[K=(vector&& __x) noexcept(_Alloc_traits::_S_nothrow_move())
[22.316s]       |       [01;36m[K^~~~~~~~[m[K
[22.317s] [01m[K/usr/include/c++/9/bits/stl_vector.h:706:26:[m[K [01;36m[Knote: [m[K  no known conversion for argument 1 from ‘[01m[Kstd::vector<int>*[m[K’ to ‘[01m[Kstd::vector<int>&&[m[K’
[22.317s]   706 |       operator=([01;36m[Kvector&& __x[m[K) noexcept(_Alloc_traits::_S_nothrow_move())
[22.318s]       |                 [01;36m[K~~~~~~~~~^~~[m[K
[22.319s] [01m[K/usr/include/c++/9/bits/stl_vector.h:727:7:[m[K [01;36m[Knote: [m[Kcandidate: ‘[01m[Kstd::vector<_Tp, _Alloc>& std::vector<_Tp, _Alloc>::operator=(std::initializer_list<_Tp>) [with _Tp = int; _Alloc = std::allocator<int>][m[K’
[22.319s]   727 |       [01;36m[Koperator[m[K=(initializer_list<value_type> __l)
[22.320s]       |       [01;36m[K^~~~~~~~[m[K
[22.321s] [01m[K/usr/include/c++/9/bits/stl_vector.h:727:46:[m[K [01;36m[Knote: [m[K  no known conversion for argument 1 from ‘[01m[Kstd::vector<int>*[m[K’ to ‘[01m[Kstd::initializer_list<int>[m[K’
[22.322s]   727 |       operator=([01;36m[Kinitializer_list<value_type> __l[m[K)
[22.322s]       |                 [01;36m[K~~~~~~~~~~~~~~~~~~~~~~~~~~~~~^~~[m[K
[29.152s] make[2]: *** [CMakeFiles/position_data.dir/build.make:63: CMakeFiles/position_data.dir/src/dummy_sensor.cpp.o] Error 1
[29.152s] make[1]: *** [CMakeFiles/Makefile2:78: CMakeFiles/position_data.dir/all] Error 2
[29.152s] make: *** [Makefile:141: all] Error 2
[29.157s] Invoked command in '/home/conner/mechatronics/pid/build/dummy_sensor' returned '2': CMAKE_PREFIX_PATH=${CMAKE_PREFIX_PATH}:/opt/ros/foxy /usr/bin/cmake --build /home/conner/mechatronics/pid/build/dummy_sensor -- -j8 -l8
