[0.398s] Invoking command in '/home/conner/mechatronics/pid/build/dummy_brain': CMAKE_PREFIX_PATH=/home/conner/mechatronics/pid/install/robot_types:/home/conner/mechatronics/pid/install/dummy_sensor:/home/conner/mechatronics/pid/install/dummy_brain:/opt/ros/foxy /usr/bin/cmake --build /home/conner/mechatronics/pid/build/dummy_brain -- -j8 -l8
[0.497s] [100%] Built target dummy_brain
[0.519s] Invoked command in '/home/conner/mechatronics/pid/build/dummy_brain' returned '0': CMAKE_PREFIX_PATH=/home/conner/mechatronics/pid/install/robot_types:/home/conner/mechatronics/pid/install/dummy_sensor:/home/conner/mechatronics/pid/install/dummy_brain:/opt/ros/foxy /usr/bin/cmake --build /home/conner/mechatronics/pid/build/dummy_brain -- -j8 -l8
[0.554s] Invoking command in '/home/conner/mechatronics/pid/build/dummy_brain': CMAKE_PREFIX_PATH=/home/conner/mechatronics/pid/install/robot_types:/home/conner/mechatronics/pid/install/dummy_sensor:/home/conner/mechatronics/pid/install/dummy_brain:/opt/ros/foxy /usr/bin/cmake --install /home/conner/mechatronics/pid/build/dummy_brain
[0.565s] -- Install configuration: ""
[0.567s] -- Up-to-date: /home/conner/mechatronics/pid/install/dummy_brain/lib/dummy_brain/dummy_brain
[0.568s] -- Up-to-date: /home/conner/mechatronics/pid/install/dummy_brain/share/ament_index/resource_index/package_run_dependencies/dummy_brain
[0.569s] -- Up-to-date: /home/conner/mechatronics/pid/install/dummy_brain/share/ament_index/resource_index/parent_prefix_path/dummy_brain
[0.569s] -- Up-to-date: /home/conner/mechatronics/pid/install/dummy_brain/share/dummy_brain/environment/ament_prefix_path.sh
[0.570s] -- Up-to-date: /home/conner/mechatronics/pid/install/dummy_brain/share/dummy_brain/environment/ament_prefix_path.dsv
[0.570s] -- Up-to-date: /home/conner/mechatronics/pid/install/dummy_brain/share/dummy_brain/environment/path.sh
[0.571s] -- Up-to-date: /home/conner/mechatronics/pid/install/dummy_brain/share/dummy_brain/environment/path.dsv
[0.571s] -- Up-to-date: /home/conner/mechatronics/pid/install/dummy_brain/share/dummy_brain/local_setup.bash
[0.572s] -- Up-to-date: /home/conner/mechatronics/pid/install/dummy_brain/share/dummy_brain/local_setup.sh
[0.572s] -- Up-to-date: /home/conner/mechatronics/pid/install/dummy_brain/share/dummy_brain/local_setup.zsh
[0.574s] -- Up-to-date: /home/conner/mechatronics/pid/install/dummy_brain/share/dummy_brain/local_setup.dsv
[0.574s] -- Installing: /home/conner/mechatronics/pid/install/dummy_brain/share/dummy_brain/package.dsv
[0.574s] -- Up-to-date: /home/conner/mechatronics/pid/install/dummy_brain/share/ament_index/resource_index/packages/dummy_brain
[0.574s] -- Up-to-date: /home/conner/mechatronics/pid/install/dummy_brain/share/dummy_brain/cmake/dummy_brainConfig.cmake
[0.575s] -- Up-to-date: /home/conner/mechatronics/pid/install/dummy_brain/share/dummy_brain/cmake/dummy_brainConfig-version.cmake
[0.575s] -- Up-to-date: /home/conner/mechatronics/pid/install/dummy_brain/share/dummy_brain/package.xml
[0.587s] Invoked command in '/home/conner/mechatronics/pid/build/dummy_brain' returned '0': CMAKE_PREFIX_PATH=/home/conner/mechatronics/pid/install/robot_types:/home/conner/mechatronics/pid/install/dummy_sensor:/home/conner/mechatronics/pid/install/dummy_brain:/opt/ros/foxy /usr/bin/cmake --install /home/conner/mechatronics/pid/build/dummy_brain
