[0.035s] Invoking command in '/home/conner/mechatronics/pid/build/robot_types': CMAKE_PREFIX_PATH=${CMAKE_PREFIX_PATH}:/opt/ros/foxy /usr/bin/cmake --build /home/conner/mechatronics/pid/build/robot_types -- -j8 -l8
[0.152s] [  3%] Built target robot_types__cpp
[0.154s] [ 12%] Built target robot_types__rosidl_generator_c
[0.199s] [ 22%] Built target robot_types__rosidl_typesupport_cpp
[0.200s] [ 32%] Built target robot_types__rosidl_typesupport_introspection_cpp
[0.204s] [ 54%] Built target robot_types__rosidl_typesupport_c
[0.205s] [ 54%] Built target robot_types__rosidl_typesupport_fastrtps_cpp
[0.205s] [ 61%] Built target robot_types__rosidl_typesupport_introspection_c
[0.268s] [ 70%] Built target robot_types__rosidl_typesupport_fastrtps_c
[0.321s] [ 70%] Built target robot_types
[0.353s] [ 74%] Built target robot_types__py
[0.395s] [ 80%] Built target robot_types__python
[0.440s] [ 90%] Built target robot_types__rosidl_typesupport_c__pyext
[0.440s] [ 93%] Built target robot_types__rosidl_typesupport_introspection_c__pyext
[0.442s] [100%] Built target robot_types__rosidl_typesupport_fastrtps_c__pyext
[0.467s] Invoked command in '/home/conner/mechatronics/pid/build/robot_types' returned '0': CMAKE_PREFIX_PATH=${CMAKE_PREFIX_PATH}:/opt/ros/foxy /usr/bin/cmake --build /home/conner/mechatronics/pid/build/robot_types -- -j8 -l8
[0.576s] Invoking command in '/home/conner/mechatronics/pid/build/robot_types': CMAKE_PREFIX_PATH=${CMAKE_PREFIX_PATH}:/opt/ros/foxy /usr/bin/cmake --install /home/conner/mechatronics/pid/build/robot_types
[0.588s] -- Install configuration: ""
[0.589s] -- Up-to-date: /home/conner/mechatronics/pid/install/robot_types/share/ament_index/resource_index/rosidl_interfaces/robot_types
[0.590s] -- Up-to-date: /home/conner/mechatronics/pid/install/robot_types/include/robot_types
[0.591s] -- Up-to-date: /home/conner/mechatronics/pid/install/robot_types/include/robot_types/msg
[0.591s] -- Up-to-date: /home/conner/mechatronics/pid/install/robot_types/include/robot_types/msg/rosidl_generator_c__visibility_control.h
[0.592s] -- Up-to-date: /home/conner/mechatronics/pid/install/robot_types/include/robot_types/msg/detail
[0.592s] -- Up-to-date: /home/conner/mechatronics/pid/install/robot_types/include/robot_types/msg/detail/position__functions.c
[0.592s] -- Up-to-date: /home/conner/mechatronics/pid/install/robot_types/include/robot_types/msg/detail/position__functions.h
[0.593s] -- Up-to-date: /home/conner/mechatronics/pid/install/robot_types/include/robot_types/msg/detail/position__struct.h
[0.593s] -- Up-to-date: /home/conner/mechatronics/pid/install/robot_types/include/robot_types/msg/detail/position__type_support.h
[0.594s] -- Up-to-date: /home/conner/mechatronics/pid/install/robot_types/include/robot_types/msg/position.h
[0.594s] -- Up-to-date: /home/conner/mechatronics/pid/install/robot_types/share/robot_types/environment/library_path.sh
[0.594s] -- Up-to-date: /home/conner/mechatronics/pid/install/robot_types/share/robot_types/environment/library_path.dsv
[0.595s] -- Up-to-date: /home/conner/mechatronics/pid/install/robot_types/lib/librobot_types__rosidl_generator_c.so
[0.595s] -- Up-to-date: /home/conner/mechatronics/pid/install/robot_types/include/robot_types
[0.596s] -- Up-to-date: /home/conner/mechatronics/pid/install/robot_types/include/robot_types/msg
[0.596s] -- Up-to-date: /home/conner/mechatronics/pid/install/robot_types/include/robot_types/msg/rosidl_typesupport_fastrtps_c__visibility_control.h
[0.597s] -- Up-to-date: /home/conner/mechatronics/pid/install/robot_types/include/robot_types/msg/detail
[0.597s] -- Up-to-date: /home/conner/mechatronics/pid/install/robot_types/include/robot_types/msg/detail/position__rosidl_typesupport_fastrtps_c.h
[0.597s] -- Up-to-date: /home/conner/mechatronics/pid/install/robot_types/lib/librobot_types__rosidl_typesupport_fastrtps_c.so
[0.598s] -- Up-to-date: /home/conner/mechatronics/pid/install/robot_types/include/robot_types
[0.598s] -- Up-to-date: /home/conner/mechatronics/pid/install/robot_types/include/robot_types/msg
[0.599s] -- Up-to-date: /home/conner/mechatronics/pid/install/robot_types/include/robot_types/msg/rosidl_typesupport_fastrtps_cpp__visibility_control.h
[0.599s] -- Up-to-date: /home/conner/mechatronics/pid/install/robot_types/include/robot_types/msg/detail
[0.599s] -- Up-to-date: /home/conner/mechatronics/pid/install/robot_types/include/robot_types/msg/detail/position__rosidl_typesupport_fastrtps_cpp.hpp
[0.599s] -- Up-to-date: /home/conner/mechatronics/pid/install/robot_types/include/robot_types/msg/detail/dds_fastrtps
[0.599s] -- Up-to-date: /home/conner/mechatronics/pid/install/robot_types/lib/librobot_types__rosidl_typesupport_fastrtps_cpp.so
[0.600s] -- Up-to-date: /home/conner/mechatronics/pid/install/robot_types/include/robot_types
[0.600s] -- Up-to-date: /home/conner/mechatronics/pid/install/robot_types/include/robot_types/msg
[0.600s] -- Up-to-date: /home/conner/mechatronics/pid/install/robot_types/include/robot_types/msg/rosidl_typesupport_introspection_c__visibility_control.h
[0.600s] -- Up-to-date: /home/conner/mechatronics/pid/install/robot_types/include/robot_types/msg/detail
[0.600s] -- Up-to-date: /home/conner/mechatronics/pid/install/robot_types/include/robot_types/msg/detail/position__type_support.c
[0.600s] -- Up-to-date: /home/conner/mechatronics/pid/install/robot_types/include/robot_types/msg/detail/position__rosidl_typesupport_introspection_c.h
[0.600s] -- Up-to-date: /home/conner/mechatronics/pid/install/robot_types/lib/librobot_types__rosidl_typesupport_introspection_c.so
[0.600s] -- Up-to-date: /home/conner/mechatronics/pid/install/robot_types/lib/librobot_types__rosidl_typesupport_c.so
[0.600s] -- Up-to-date: /home/conner/mechatronics/pid/install/robot_types/include/robot_types
[0.600s] -- Up-to-date: /home/conner/mechatronics/pid/install/robot_types/include/robot_types/msg
[0.601s] -- Up-to-date: /home/conner/mechatronics/pid/install/robot_types/include/robot_types/msg/detail
[0.601s] -- Up-to-date: /home/conner/mechatronics/pid/install/robot_types/include/robot_types/msg/detail/position__traits.hpp
[0.601s] -- Up-to-date: /home/conner/mechatronics/pid/install/robot_types/include/robot_types/msg/detail/position__struct.hpp
[0.601s] -- Up-to-date: /home/conner/mechatronics/pid/install/robot_types/include/robot_types/msg/detail/position__builder.hpp
[0.601s] -- Up-to-date: /home/conner/mechatronics/pid/install/robot_types/include/robot_types/msg/position.hpp
[0.601s] -- Up-to-date: /home/conner/mechatronics/pid/install/robot_types/include/robot_types
[0.601s] -- Up-to-date: /home/conner/mechatronics/pid/install/robot_types/include/robot_types/msg
[0.601s] -- Up-to-date: /home/conner/mechatronics/pid/install/robot_types/include/robot_types/msg/detail
[0.601s] -- Up-to-date: /home/conner/mechatronics/pid/install/robot_types/include/robot_types/msg/detail/position__type_support.cpp
[0.602s] -- Up-to-date: /home/conner/mechatronics/pid/install/robot_types/include/robot_types/msg/detail/position__rosidl_typesupport_introspection_cpp.hpp
[0.602s] -- Up-to-date: /home/conner/mechatronics/pid/install/robot_types/lib/librobot_types__rosidl_typesupport_introspection_cpp.so
[0.602s] -- Up-to-date: /home/conner/mechatronics/pid/install/robot_types/lib/librobot_types__rosidl_typesupport_cpp.so
[0.602s] -- Up-to-date: /home/conner/mechatronics/pid/install/robot_types/share/robot_types/environment/pythonpath.sh
[0.602s] -- Up-to-date: /home/conner/mechatronics/pid/install/robot_types/share/robot_types/environment/pythonpath.dsv
[0.602s] -- Up-to-date: /home/conner/mechatronics/pid/install/robot_types/lib/python3.8/site-packages/robot_types/__init__.py
[0.662s] -- Up-to-date: /home/conner/mechatronics/pid/install/robot_types/lib/python3.8/site-packages/robot_types/msg
[0.663s] -- Up-to-date: /home/conner/mechatronics/pid/install/robot_types/lib/python3.8/site-packages/robot_types/msg/_position.py
[0.664s] -- Up-to-date: /home/conner/mechatronics/pid/install/robot_types/lib/python3.8/site-packages/robot_types/msg/_position_s.c
[0.664s] -- Up-to-date: /home/conner/mechatronics/pid/install/robot_types/lib/python3.8/site-packages/robot_types/msg/__init__.py
[0.664s] -- Up-to-date: /home/conner/mechatronics/pid/install/robot_types/lib/python3.8/site-packages/robot_types/robot_types_s__rosidl_typesupport_fastrtps_c.cpython-38-x86_64-linux-gnu.so
[0.665s] -- Up-to-date: /home/conner/mechatronics/pid/install/robot_types/lib/python3.8/site-packages/robot_types/robot_types_s__rosidl_typesupport_introspection_c.cpython-38-x86_64-linux-gnu.so
[0.666s] -- Up-to-date: /home/conner/mechatronics/pid/install/robot_types/lib/python3.8/site-packages/robot_types/robot_types_s__rosidl_typesupport_c.cpython-38-x86_64-linux-gnu.so
[0.667s] -- Up-to-date: /home/conner/mechatronics/pid/install/robot_types/lib/librobot_types__python.so
[0.668s] -- Up-to-date: /home/conner/mechatronics/pid/install/robot_types/share/robot_types/msg/Position.idl
[0.668s] -- Up-to-date: /home/conner/mechatronics/pid/install/robot_types/share/robot_types/msg/Position.msg
[0.669s] -- Up-to-date: /home/conner/mechatronics/pid/install/robot_types/share/ament_index/resource_index/package_run_dependencies/robot_types
[0.669s] -- Up-to-date: /home/conner/mechatronics/pid/install/robot_types/share/ament_index/resource_index/parent_prefix_path/robot_types
[0.670s] -- Up-to-date: /home/conner/mechatronics/pid/install/robot_types/share/robot_types/environment/ament_prefix_path.sh
[0.670s] -- Up-to-date: /home/conner/mechatronics/pid/install/robot_types/share/robot_types/environment/ament_prefix_path.dsv
[0.671s] -- Up-to-date: /home/conner/mechatronics/pid/install/robot_types/share/robot_types/environment/path.sh
[0.671s] -- Up-to-date: /home/conner/mechatronics/pid/install/robot_types/share/robot_types/environment/path.dsv
[0.671s] -- Up-to-date: /home/conner/mechatronics/pid/install/robot_types/share/robot_types/local_setup.bash
[0.671s] -- Up-to-date: /home/conner/mechatronics/pid/install/robot_types/share/robot_types/local_setup.sh
[0.671s] -- Up-to-date: /home/conner/mechatronics/pid/install/robot_types/share/robot_types/local_setup.zsh
[0.671s] -- Up-to-date: /home/conner/mechatronics/pid/install/robot_types/share/robot_types/local_setup.dsv
[0.671s] -- Installing: /home/conner/mechatronics/pid/install/robot_types/share/robot_types/package.dsv
[0.677s] -- Up-to-date: /home/conner/mechatronics/pid/install/robot_types/share/ament_index/resource_index/packages/robot_types
[0.678s] -- Up-to-date: /home/conner/mechatronics/pid/install/robot_types/share/robot_types/cmake/robot_types__rosidl_generator_cExport.cmake
[0.678s] -- Up-to-date: /home/conner/mechatronics/pid/install/robot_types/share/robot_types/cmake/robot_types__rosidl_generator_cExport-noconfig.cmake
[0.679s] -- Up-to-date: /home/conner/mechatronics/pid/install/robot_types/share/robot_types/cmake/robot_types__rosidl_typesupport_introspection_cExport.cmake
[0.680s] -- Up-to-date: /home/conner/mechatronics/pid/install/robot_types/share/robot_types/cmake/robot_types__rosidl_typesupport_introspection_cExport-noconfig.cmake
[0.680s] -- Up-to-date: /home/conner/mechatronics/pid/install/robot_types/share/robot_types/cmake/robot_types__rosidl_typesupport_cExport.cmake
[0.681s] -- Up-to-date: /home/conner/mechatronics/pid/install/robot_types/share/robot_types/cmake/robot_types__rosidl_typesupport_cExport-noconfig.cmake
[0.681s] -- Up-to-date: /home/conner/mechatronics/pid/install/robot_types/share/robot_types/cmake/robot_types__rosidl_generator_cppExport.cmake
[0.682s] -- Up-to-date: /home/conner/mechatronics/pid/install/robot_types/share/robot_types/cmake/robot_types__rosidl_typesupport_introspection_cppExport.cmake
[0.682s] -- Up-to-date: /home/conner/mechatronics/pid/install/robot_types/share/robot_types/cmake/robot_types__rosidl_typesupport_introspection_cppExport-noconfig.cmake
[0.683s] -- Up-to-date: /home/conner/mechatronics/pid/install/robot_types/share/robot_types/cmake/robot_types__rosidl_typesupport_cppExport.cmake
[0.683s] -- Up-to-date: /home/conner/mechatronics/pid/install/robot_types/share/robot_types/cmake/robot_types__rosidl_typesupport_cppExport-noconfig.cmake
[0.684s] -- Up-to-date: /home/conner/mechatronics/pid/install/robot_types/share/robot_types/cmake/rosidl_cmake-extras.cmake
[0.684s] -- Up-to-date: /home/conner/mechatronics/pid/install/robot_types/share/robot_types/cmake/ament_cmake_export_dependencies-extras.cmake
[0.685s] -- Up-to-date: /home/conner/mechatronics/pid/install/robot_types/share/robot_types/cmake/ament_cmake_export_libraries-extras.cmake
[0.685s] -- Up-to-date: /home/conner/mechatronics/pid/install/robot_types/share/robot_types/cmake/ament_cmake_export_targets-extras.cmake
[0.685s] -- Up-to-date: /home/conner/mechatronics/pid/install/robot_types/share/robot_types/cmake/ament_cmake_export_include_directories-extras.cmake
[0.685s] -- Up-to-date: /home/conner/mechatronics/pid/install/robot_types/share/robot_types/cmake/rosidl_cmake_export_typesupport_libraries-extras.cmake
[0.685s] -- Up-to-date: /home/conner/mechatronics/pid/install/robot_types/share/robot_types/cmake/rosidl_cmake_export_typesupport_targets-extras.cmake
[0.686s] -- Up-to-date: /home/conner/mechatronics/pid/install/robot_types/share/robot_types/cmake/robot_typesConfig.cmake
[0.686s] -- Up-to-date: /home/conner/mechatronics/pid/install/robot_types/share/robot_types/cmake/robot_typesConfig-version.cmake
[0.686s] -- Up-to-date: /home/conner/mechatronics/pid/install/robot_types/share/robot_types/package.xml
[0.693s] Invoked command in '/home/conner/mechatronics/pid/build/robot_types' returned '0': CMAKE_PREFIX_PATH=${CMAKE_PREFIX_PATH}:/opt/ros/foxy /usr/bin/cmake --install /home/conner/mechatronics/pid/build/robot_types
