[0.862s] DEBUG:colcon:Command line arguments: ['/usr/bin/colcon', 'build']
[0.862s] DEBUG:colcon:Parsed command line arguments: Namespace(allow_overriding=[], ament_cmake_args=None, base_paths=['.'], build_base='build', catkin_cmake_args=None, catkin_skip_building_tests=False, cmake_args=None, cmake_clean_cache=False, cmake_clean_first=False, cmake_force_configure=False, cmake_target=None, cmake_target_skip_unavailable=False, continue_on_error=False, event_handlers=None, executor='parallel', ignore_user_meta=False, install_base='install', log_base=None, log_level=None, main=<bound method BuildVerb.main of <colcon_core.verb.build.BuildVerb object at 0x7fdf160ae040>>, merge_install=False, metas=['./colcon.meta'], packages_above=None, packages_above_and_dependencies=None, packages_above_depth=None, packages_end=None, packages_ignore=None, packages_ignore_regex=None, packages_select=None, packages_select_build_failed=False, packages_select_by_dep=None, packages_select_regex=None, packages_select_test_failures=False, packages_skip=None, packages_skip_build_finished=False, packages_skip_by_dep=None, packages_skip_regex=None, packages_skip_test_passed=False, packages_skip_up_to=None, packages_start=None, packages_up_to=None, packages_up_to_regex=None, parallel_workers=8, paths=None, symlink_install=False, test_result_base=None, verb_extension=<colcon_core.verb.build.BuildVerb object at 0x7fdf160ae040>, verb_name='build', verb_parser=<colcon_defaults.argument_parser.defaults.DefaultArgumentsDecorator object at 0x7fdf160ae550>)
[0.938s] Level 1:colcon.colcon_core.package_discovery:discover_packages(colcon_meta) check parameters
[0.939s] Level 1:colcon.colcon_core.package_discovery:discover_packages(recursive) check parameters
[0.939s] Level 1:colcon.colcon_core.package_discovery:discover_packages(ignore) check parameters
[0.939s] Level 1:colcon.colcon_core.package_discovery:discover_packages(path) check parameters
[0.939s] Level 1:colcon.colcon_core.package_discovery:discover_packages(colcon_meta) discover
[0.939s] Level 1:colcon.colcon_core.package_discovery:discover_packages(recursive) discover
[0.939s] INFO:colcon.colcon_core.package_discovery:Crawling recursively for packages in '/home/conner/mechatronics/pid'
[0.939s] Level 1:colcon.colcon_core.package_identification:_identify(.) by extensions ['ignore', 'ignore_ament_install']
[0.940s] Level 1:colcon.colcon_core.package_identification:_identify(.) by extension 'ignore'
[0.940s] Level 1:colcon.colcon_core.package_identification:_identify(.) by extension 'ignore_ament_install'
[0.940s] Level 1:colcon.colcon_core.package_identification:_identify(.) by extensions ['colcon_pkg']
[0.940s] Level 1:colcon.colcon_core.package_identification:_identify(.) by extension 'colcon_pkg'
[0.940s] Level 1:colcon.colcon_core.package_identification:_identify(.) by extensions ['colcon_meta']
[0.940s] Level 1:colcon.colcon_core.package_identification:_identify(.) by extension 'colcon_meta'
[0.940s] Level 1:colcon.colcon_core.package_identification:_identify(.) by extensions ['ros']
[0.940s] Level 1:colcon.colcon_core.package_identification:_identify(.) by extension 'ros'
[0.980s] Level 1:colcon.colcon_core.package_identification:_identify(.) by extensions ['cmake', 'python']
[0.980s] Level 1:colcon.colcon_core.package_identification:_identify(.) by extension 'cmake'
[0.981s] Level 1:colcon.colcon_core.package_identification:_identify(.) by extension 'python'
[0.981s] Level 1:colcon.colcon_core.package_identification:_identify(.) by extensions ['python_setup_py']
[0.981s] Level 1:colcon.colcon_core.package_identification:_identify(.) by extension 'python_setup_py'
[0.981s] Level 1:colcon.colcon_core.package_identification:_identify(build) by extensions ['ignore', 'ignore_ament_install']
[0.981s] Level 1:colcon.colcon_core.package_identification:_identify(build) by extension 'ignore'
[0.981s] Level 1:colcon.colcon_core.package_identification:_identify(build) ignored
[0.982s] Level 1:colcon.colcon_core.package_identification:_identify(dummy_brain) by extensions ['ignore', 'ignore_ament_install']
[0.982s] Level 1:colcon.colcon_core.package_identification:_identify(dummy_brain) by extension 'ignore'
[0.982s] Level 1:colcon.colcon_core.package_identification:_identify(dummy_brain) by extension 'ignore_ament_install'
[0.982s] Level 1:colcon.colcon_core.package_identification:_identify(dummy_brain) by extensions ['colcon_pkg']
[0.982s] Level 1:colcon.colcon_core.package_identification:_identify(dummy_brain) by extension 'colcon_pkg'
[0.982s] Level 1:colcon.colcon_core.package_identification:_identify(dummy_brain) by extensions ['colcon_meta']
[0.982s] Level 1:colcon.colcon_core.package_identification:_identify(dummy_brain) by extension 'colcon_meta'
[0.982s] Level 1:colcon.colcon_core.package_identification:_identify(dummy_brain) by extensions ['ros']
[0.982s] Level 1:colcon.colcon_core.package_identification:_identify(dummy_brain) by extension 'ros'
[0.990s] DEBUG:colcon.colcon_core.package_identification:Package 'dummy_brain' with type 'ros.ament_cmake' and name 'dummy_brain'
[0.990s] Level 1:colcon.colcon_core.package_identification:_identify(dummy_sensor) by extensions ['ignore', 'ignore_ament_install']
[0.990s] Level 1:colcon.colcon_core.package_identification:_identify(dummy_sensor) by extension 'ignore'
[0.990s] Level 1:colcon.colcon_core.package_identification:_identify(dummy_sensor) by extension 'ignore_ament_install'
[0.990s] Level 1:colcon.colcon_core.package_identification:_identify(dummy_sensor) by extensions ['colcon_pkg']
[0.990s] Level 1:colcon.colcon_core.package_identification:_identify(dummy_sensor) by extension 'colcon_pkg'
[0.990s] Level 1:colcon.colcon_core.package_identification:_identify(dummy_sensor) by extensions ['colcon_meta']
[0.990s] Level 1:colcon.colcon_core.package_identification:_identify(dummy_sensor) by extension 'colcon_meta'
[0.991s] Level 1:colcon.colcon_core.package_identification:_identify(dummy_sensor) by extensions ['ros']
[0.991s] Level 1:colcon.colcon_core.package_identification:_identify(dummy_sensor) by extension 'ros'
[0.992s] DEBUG:colcon.colcon_core.package_identification:Package 'dummy_sensor' with type 'ros.ament_cmake' and name 'dummy_sensor'
[0.992s] Level 1:colcon.colcon_core.package_identification:_identify(install) by extensions ['ignore', 'ignore_ament_install']
[0.993s] Level 1:colcon.colcon_core.package_identification:_identify(install) by extension 'ignore'
[0.993s] Level 1:colcon.colcon_core.package_identification:_identify(install) ignored
[0.993s] Level 1:colcon.colcon_core.package_identification:_identify(log) by extensions ['ignore', 'ignore_ament_install']
[0.993s] Level 1:colcon.colcon_core.package_identification:_identify(log) by extension 'ignore'
[0.993s] Level 1:colcon.colcon_core.package_identification:_identify(log) ignored
[0.993s] Level 1:colcon.colcon_core.package_identification:_identify(pid_controller) by extensions ['ignore', 'ignore_ament_install']
[0.994s] Level 1:colcon.colcon_core.package_identification:_identify(pid_controller) by extension 'ignore'
[0.994s] Level 1:colcon.colcon_core.package_identification:_identify(pid_controller) by extension 'ignore_ament_install'
[0.994s] Level 1:colcon.colcon_core.package_identification:_identify(pid_controller) by extensions ['colcon_pkg']
[0.994s] Level 1:colcon.colcon_core.package_identification:_identify(pid_controller) by extension 'colcon_pkg'
[0.994s] Level 1:colcon.colcon_core.package_identification:_identify(pid_controller) by extensions ['colcon_meta']
[0.994s] Level 1:colcon.colcon_core.package_identification:_identify(pid_controller) by extension 'colcon_meta'
[0.994s] Level 1:colcon.colcon_core.package_identification:_identify(pid_controller) by extensions ['ros']
[0.994s] Level 1:colcon.colcon_core.package_identification:_identify(pid_controller) by extension 'ros'
[0.995s] DEBUG:colcon.colcon_core.package_identification:Package 'pid_controller' with type 'ros.ament_cmake' and name 'pid_controller'
[0.995s] Level 1:colcon.colcon_core.package_identification:_identify(robot_types) by extensions ['ignore', 'ignore_ament_install']
[0.995s] Level 1:colcon.colcon_core.package_identification:_identify(robot_types) by extension 'ignore'
[0.996s] Level 1:colcon.colcon_core.package_identification:_identify(robot_types) by extension 'ignore_ament_install'
[0.996s] Level 1:colcon.colcon_core.package_identification:_identify(robot_types) by extensions ['colcon_pkg']
[0.996s] Level 1:colcon.colcon_core.package_identification:_identify(robot_types) by extension 'colcon_pkg'
[0.996s] Level 1:colcon.colcon_core.package_identification:_identify(robot_types) by extensions ['colcon_meta']
[0.996s] Level 1:colcon.colcon_core.package_identification:_identify(robot_types) by extension 'colcon_meta'
[0.996s] Level 1:colcon.colcon_core.package_identification:_identify(robot_types) by extensions ['ros']
[0.996s] Level 1:colcon.colcon_core.package_identification:_identify(robot_types) by extension 'ros'
[0.996s] DEBUG:colcon.colcon_core.package_identification:Package 'robot_types' with type 'ros.ament_cmake' and name 'robot_types'
[0.996s] Level 1:colcon.colcon_core.package_discovery:discover_packages(recursive) using defaults
[0.996s] Level 1:colcon.colcon_core.package_discovery:discover_packages(ignore) discover
[0.997s] Level 1:colcon.colcon_core.package_discovery:discover_packages(ignore) using defaults
[0.997s] Level 1:colcon.colcon_core.package_discovery:discover_packages(path) discover
[0.997s] Level 1:colcon.colcon_core.package_discovery:discover_packages(path) using defaults
[1.046s] Level 1:colcon.colcon_core.package_discovery:discover_packages(prefix_path) check parameters
[1.046s] Level 1:colcon.colcon_core.package_discovery:discover_packages(prefix_path) discover
[1.053s] DEBUG:colcon.colcon_installed_package_information.package_discovery:Found 4 installed packages in /home/conner/mechatronics/pid/install
[1.056s] DEBUG:colcon.colcon_installed_package_information.package_discovery:Found 256 installed packages in /opt/ros/foxy
[1.058s] Level 1:colcon.colcon_core.package_discovery:discover_packages(prefix_path) using defaults
[1.172s] Level 5:colcon.colcon_core.verb:set package 'robot_types' build argument 'cmake_args' from command line to 'None'
[1.172s] Level 5:colcon.colcon_core.verb:set package 'robot_types' build argument 'cmake_target' from command line to 'None'
[1.172s] Level 5:colcon.colcon_core.verb:set package 'robot_types' build argument 'cmake_target_skip_unavailable' from command line to 'False'
[1.172s] Level 5:colcon.colcon_core.verb:set package 'robot_types' build argument 'cmake_clean_cache' from command line to 'False'
[1.172s] Level 5:colcon.colcon_core.verb:set package 'robot_types' build argument 'cmake_clean_first' from command line to 'False'
[1.172s] Level 5:colcon.colcon_core.verb:set package 'robot_types' build argument 'cmake_force_configure' from command line to 'False'
[1.172s] Level 5:colcon.colcon_core.verb:set package 'robot_types' build argument 'ament_cmake_args' from command line to 'None'
[1.172s] Level 5:colcon.colcon_core.verb:set package 'robot_types' build argument 'catkin_cmake_args' from command line to 'None'
[1.172s] Level 5:colcon.colcon_core.verb:set package 'robot_types' build argument 'catkin_skip_building_tests' from command line to 'False'
[1.172s] DEBUG:colcon.colcon_core.verb:Building package 'robot_types' with the following arguments: {'ament_cmake_args': None, 'build_base': '/home/conner/mechatronics/pid/build/robot_types', 'catkin_cmake_args': None, 'catkin_skip_building_tests': False, 'cmake_args': None, 'cmake_clean_cache': False, 'cmake_clean_first': False, 'cmake_force_configure': False, 'cmake_target': None, 'cmake_target_skip_unavailable': False, 'install_base': '/home/conner/mechatronics/pid/install/robot_types', 'merge_install': False, 'path': '/home/conner/mechatronics/pid/robot_types', 'symlink_install': False, 'test_result_base': None}
[1.174s] Level 5:colcon.colcon_core.verb:set package 'dummy_brain' build argument 'cmake_args' from command line to 'None'
[1.174s] Level 5:colcon.colcon_core.verb:set package 'dummy_brain' build argument 'cmake_target' from command line to 'None'
[1.174s] Level 5:colcon.colcon_core.verb:set package 'dummy_brain' build argument 'cmake_target_skip_unavailable' from command line to 'False'
[1.174s] Level 5:colcon.colcon_core.verb:set package 'dummy_brain' build argument 'cmake_clean_cache' from command line to 'False'
[1.174s] Level 5:colcon.colcon_core.verb:set package 'dummy_brain' build argument 'cmake_clean_first' from command line to 'False'
[1.174s] Level 5:colcon.colcon_core.verb:set package 'dummy_brain' build argument 'cmake_force_configure' from command line to 'False'
[1.174s] Level 5:colcon.colcon_core.verb:set package 'dummy_brain' build argument 'ament_cmake_args' from command line to 'None'
[1.174s] Level 5:colcon.colcon_core.verb:set package 'dummy_brain' build argument 'catkin_cmake_args' from command line to 'None'
[1.174s] Level 5:colcon.colcon_core.verb:set package 'dummy_brain' build argument 'catkin_skip_building_tests' from command line to 'False'
[1.174s] DEBUG:colcon.colcon_core.verb:Building package 'dummy_brain' with the following arguments: {'ament_cmake_args': None, 'build_base': '/home/conner/mechatronics/pid/build/dummy_brain', 'catkin_cmake_args': None, 'catkin_skip_building_tests': False, 'cmake_args': None, 'cmake_clean_cache': False, 'cmake_clean_first': False, 'cmake_force_configure': False, 'cmake_target': None, 'cmake_target_skip_unavailable': False, 'install_base': '/home/conner/mechatronics/pid/install/dummy_brain', 'merge_install': False, 'path': '/home/conner/mechatronics/pid/dummy_brain', 'symlink_install': False, 'test_result_base': None}
[1.175s] Level 5:colcon.colcon_core.verb:set package 'dummy_sensor' build argument 'cmake_args' from command line to 'None'
[1.175s] Level 5:colcon.colcon_core.verb:set package 'dummy_sensor' build argument 'cmake_target' from command line to 'None'
[1.175s] Level 5:colcon.colcon_core.verb:set package 'dummy_sensor' build argument 'cmake_target_skip_unavailable' from command line to 'False'
[1.175s] Level 5:colcon.colcon_core.verb:set package 'dummy_sensor' build argument 'cmake_clean_cache' from command line to 'False'
[1.175s] Level 5:colcon.colcon_core.verb:set package 'dummy_sensor' build argument 'cmake_clean_first' from command line to 'False'
[1.175s] Level 5:colcon.colcon_core.verb:set package 'dummy_sensor' build argument 'cmake_force_configure' from command line to 'False'
[1.175s] Level 5:colcon.colcon_core.verb:set package 'dummy_sensor' build argument 'ament_cmake_args' from command line to 'None'
[1.175s] Level 5:colcon.colcon_core.verb:set package 'dummy_sensor' build argument 'catkin_cmake_args' from command line to 'None'
[1.175s] Level 5:colcon.colcon_core.verb:set package 'dummy_sensor' build argument 'catkin_skip_building_tests' from command line to 'False'
[1.175s] DEBUG:colcon.colcon_core.verb:Building package 'dummy_sensor' with the following arguments: {'ament_cmake_args': None, 'build_base': '/home/conner/mechatronics/pid/build/dummy_sensor', 'catkin_cmake_args': None, 'catkin_skip_building_tests': False, 'cmake_args': None, 'cmake_clean_cache': False, 'cmake_clean_first': False, 'cmake_force_configure': False, 'cmake_target': None, 'cmake_target_skip_unavailable': False, 'install_base': '/home/conner/mechatronics/pid/install/dummy_sensor', 'merge_install': False, 'path': '/home/conner/mechatronics/pid/dummy_sensor', 'symlink_install': False, 'test_result_base': None}
[1.176s] Level 5:colcon.colcon_core.verb:set package 'pid_controller' build argument 'cmake_args' from command line to 'None'
[1.176s] Level 5:colcon.colcon_core.verb:set package 'pid_controller' build argument 'cmake_target' from command line to 'None'
[1.176s] Level 5:colcon.colcon_core.verb:set package 'pid_controller' build argument 'cmake_target_skip_unavailable' from command line to 'False'
[1.176s] Level 5:colcon.colcon_core.verb:set package 'pid_controller' build argument 'cmake_clean_cache' from command line to 'False'
[1.176s] Level 5:colcon.colcon_core.verb:set package 'pid_controller' build argument 'cmake_clean_first' from command line to 'False'
[1.176s] Level 5:colcon.colcon_core.verb:set package 'pid_controller' build argument 'cmake_force_configure' from command line to 'False'
[1.177s] Level 5:colcon.colcon_core.verb:set package 'pid_controller' build argument 'ament_cmake_args' from command line to 'None'
[1.177s] Level 5:colcon.colcon_core.verb:set package 'pid_controller' build argument 'catkin_cmake_args' from command line to 'None'
[1.177s] Level 5:colcon.colcon_core.verb:set package 'pid_controller' build argument 'catkin_skip_building_tests' from command line to 'False'
[1.177s] DEBUG:colcon.colcon_core.verb:Building package 'pid_controller' with the following arguments: {'ament_cmake_args': None, 'build_base': '/home/conner/mechatronics/pid/build/pid_controller', 'catkin_cmake_args': None, 'catkin_skip_building_tests': False, 'cmake_args': None, 'cmake_clean_cache': False, 'cmake_clean_first': False, 'cmake_force_configure': False, 'cmake_target': None, 'cmake_target_skip_unavailable': False, 'install_base': '/home/conner/mechatronics/pid/install/pid_controller', 'merge_install': False, 'path': '/home/conner/mechatronics/pid/pid_controller', 'symlink_install': False, 'test_result_base': None}
[1.177s] INFO:colcon.colcon_core.executor:Executing jobs using 'parallel' executor
[1.182s] DEBUG:colcon.colcon_parallel_executor.executor.parallel:run_until_complete
[1.183s] INFO:colcon.colcon_ros.task.ament_cmake.build:Building ROS package in '/home/conner/mechatronics/pid/robot_types' with build type 'ament_cmake'
[1.183s] INFO:colcon.colcon_cmake.task.cmake.build:Building CMake package in '/home/conner/mechatronics/pid/robot_types'
[1.193s] INFO:colcon.colcon_core.plugin_system:Skipping extension 'colcon_core.shell.bat': Not used on non-Windows systems
[1.193s] INFO:colcon.colcon_core.shell:Skip shell extension 'powershell' for command environment: Not usable outside of PowerShell
[1.194s] DEBUG:colcon.colcon_core.shell:Skip shell extension 'dsv' for command environment
[1.221s] DEBUG:colcon.colcon_core.event_handler.log_command:Invoking command in '/home/conner/mechatronics/pid/build/robot_types': CMAKE_PREFIX_PATH=${CMAKE_PREFIX_PATH}:/opt/ros/foxy /usr/bin/cmake --build /home/conner/mechatronics/pid/build/robot_types -- -j8 -l8
[1.633s] DEBUG:colcon.colcon_core.event_handler.log_command:Invoked command in '/home/conner/mechatronics/pid/build/robot_types' returned '0': CMAKE_PREFIX_PATH=${CMAKE_PREFIX_PATH}:/opt/ros/foxy /usr/bin/cmake --build /home/conner/mechatronics/pid/build/robot_types -- -j8 -l8
[1.699s] DEBUG:colcon.colcon_core.event_handler.log_command:Invoking command in '/home/conner/mechatronics/pid/build/robot_types': CMAKE_PREFIX_PATH=${CMAKE_PREFIX_PATH}:/opt/ros/foxy /usr/bin/cmake --install /home/conner/mechatronics/pid/build/robot_types
[1.788s] Level 1:colcon.colcon_core.environment:create_environment_scripts_only(robot_types)
[1.789s] DEBUG:colcon.colcon_core.event_handler.log_command:Invoked command in '/home/conner/mechatronics/pid/build/robot_types' returned '0': CMAKE_PREFIX_PATH=${CMAKE_PREFIX_PATH}:/opt/ros/foxy /usr/bin/cmake --install /home/conner/mechatronics/pid/build/robot_types
[1.797s] Level 1:colcon.colcon_core.environment:checking '/home/conner/mechatronics/pid/install/robot_types' for CMake module files
[1.797s] Level 1:colcon.colcon_core.environment:checking '/home/conner/mechatronics/pid/install/robot_types' for CMake config files
[1.798s] Level 1:colcon.colcon_core.shell:create_environment_hook('robot_types', 'cmake_prefix_path')
[1.800s] INFO:colcon.colcon_core.shell:Creating environment hook '/home/conner/mechatronics/pid/install/robot_types/share/robot_types/hook/cmake_prefix_path.ps1'
[1.801s] INFO:colcon.colcon_core.shell:Creating environment descriptor '/home/conner/mechatronics/pid/install/robot_types/share/robot_types/hook/cmake_prefix_path.dsv'
[1.802s] INFO:colcon.colcon_core.shell:Creating environment hook '/home/conner/mechatronics/pid/install/robot_types/share/robot_types/hook/cmake_prefix_path.sh'
[1.804s] Level 1:colcon.colcon_core.environment:checking '/home/conner/mechatronics/pid/install/robot_types/lib'
[1.804s] Level 1:colcon.colcon_core.shell:create_environment_hook('robot_types', 'ld_library_path_lib')
[1.806s] INFO:colcon.colcon_core.shell:Creating environment hook '/home/conner/mechatronics/pid/install/robot_types/share/robot_types/hook/ld_library_path_lib.ps1'
[1.807s] INFO:colcon.colcon_core.shell:Creating environment descriptor '/home/conner/mechatronics/pid/install/robot_types/share/robot_types/hook/ld_library_path_lib.dsv'
[1.807s] INFO:colcon.colcon_core.shell:Creating environment hook '/home/conner/mechatronics/pid/install/robot_types/share/robot_types/hook/ld_library_path_lib.sh'
[1.808s] Level 1:colcon.colcon_core.environment:checking '/home/conner/mechatronics/pid/install/robot_types/bin'
[1.808s] Level 1:colcon.colcon_core.environment:checking '/home/conner/mechatronics/pid/install/robot_types/lib/pkgconfig/robot_types.pc'
[1.808s] Level 1:colcon.colcon_core.environment:checking '/home/conner/mechatronics/pid/install/robot_types/lib/python3.8/site-packages'
[1.808s] Level 1:colcon.colcon_core.shell:create_environment_hook('robot_types', 'pythonpath')
[1.810s] INFO:colcon.colcon_core.shell:Creating environment hook '/home/conner/mechatronics/pid/install/robot_types/share/robot_types/hook/pythonpath.ps1'
[1.810s] INFO:colcon.colcon_core.shell:Creating environment descriptor '/home/conner/mechatronics/pid/install/robot_types/share/robot_types/hook/pythonpath.dsv'
[1.811s] INFO:colcon.colcon_core.shell:Creating environment hook '/home/conner/mechatronics/pid/install/robot_types/share/robot_types/hook/pythonpath.sh'
[1.812s] Level 1:colcon.colcon_core.environment:checking '/home/conner/mechatronics/pid/install/robot_types/bin'
[1.814s] INFO:colcon.colcon_core.shell:Creating package script '/home/conner/mechatronics/pid/install/robot_types/share/robot_types/package.ps1'
[1.815s] INFO:colcon.colcon_core.shell:Creating package descriptor '/home/conner/mechatronics/pid/install/robot_types/share/robot_types/package.dsv'
[1.816s] INFO:colcon.colcon_core.shell:Creating package script '/home/conner/mechatronics/pid/install/robot_types/share/robot_types/package.sh'
[1.817s] INFO:colcon.colcon_core.shell:Creating package script '/home/conner/mechatronics/pid/install/robot_types/share/robot_types/package.bash'
[1.819s] INFO:colcon.colcon_core.shell:Creating package script '/home/conner/mechatronics/pid/install/robot_types/share/robot_types/package.zsh'
[1.820s] Level 1:colcon.colcon_core.environment:create_file_with_runtime_dependencies(/home/conner/mechatronics/pid/install/robot_types/share/colcon-core/packages/robot_types)
[1.873s] Level 1:colcon.colcon_core.environment:create_environment_scripts_only(robot_types)
[1.875s] Level 1:colcon.colcon_core.environment:checking '/home/conner/mechatronics/pid/install/robot_types' for CMake module files
[1.876s] Level 1:colcon.colcon_core.environment:checking '/home/conner/mechatronics/pid/install/robot_types' for CMake config files
[1.876s] Level 1:colcon.colcon_core.shell:create_environment_hook('robot_types', 'cmake_prefix_path')
[1.878s] INFO:colcon.colcon_core.shell:Creating environment hook '/home/conner/mechatronics/pid/install/robot_types/share/robot_types/hook/cmake_prefix_path.ps1'
[1.879s] INFO:colcon.colcon_core.shell:Creating environment descriptor '/home/conner/mechatronics/pid/install/robot_types/share/robot_types/hook/cmake_prefix_path.dsv'
[1.879s] INFO:colcon.colcon_core.shell:Creating environment hook '/home/conner/mechatronics/pid/install/robot_types/share/robot_types/hook/cmake_prefix_path.sh'
[1.880s] Level 1:colcon.colcon_core.environment:checking '/home/conner/mechatronics/pid/install/robot_types/lib'
[1.880s] Level 1:colcon.colcon_core.shell:create_environment_hook('robot_types', 'ld_library_path_lib')
[1.881s] INFO:colcon.colcon_core.shell:Creating environment hook '/home/conner/mechatronics/pid/install/robot_types/share/robot_types/hook/ld_library_path_lib.ps1'
[1.882s] INFO:colcon.colcon_core.shell:Creating environment descriptor '/home/conner/mechatronics/pid/install/robot_types/share/robot_types/hook/ld_library_path_lib.dsv'
[1.882s] INFO:colcon.colcon_core.shell:Creating environment hook '/home/conner/mechatronics/pid/install/robot_types/share/robot_types/hook/ld_library_path_lib.sh'
[1.883s] Level 1:colcon.colcon_core.environment:checking '/home/conner/mechatronics/pid/install/robot_types/bin'
[1.883s] Level 1:colcon.colcon_core.environment:checking '/home/conner/mechatronics/pid/install/robot_types/lib/pkgconfig/robot_types.pc'
[1.883s] Level 1:colcon.colcon_core.environment:checking '/home/conner/mechatronics/pid/install/robot_types/lib/python3.8/site-packages'
[1.883s] Level 1:colcon.colcon_core.shell:create_environment_hook('robot_types', 'pythonpath')
[1.885s] INFO:colcon.colcon_core.shell:Creating environment hook '/home/conner/mechatronics/pid/install/robot_types/share/robot_types/hook/pythonpath.ps1'
[1.885s] INFO:colcon.colcon_core.shell:Creating environment descriptor '/home/conner/mechatronics/pid/install/robot_types/share/robot_types/hook/pythonpath.dsv'
[1.886s] INFO:colcon.colcon_core.shell:Creating environment hook '/home/conner/mechatronics/pid/install/robot_types/share/robot_types/hook/pythonpath.sh'
[1.886s] Level 1:colcon.colcon_core.environment:checking '/home/conner/mechatronics/pid/install/robot_types/bin'
[1.888s] INFO:colcon.colcon_core.shell:Creating package script '/home/conner/mechatronics/pid/install/robot_types/share/robot_types/package.ps1'
[1.889s] INFO:colcon.colcon_core.shell:Creating package descriptor '/home/conner/mechatronics/pid/install/robot_types/share/robot_types/package.dsv'
[1.889s] INFO:colcon.colcon_core.shell:Creating package script '/home/conner/mechatronics/pid/install/robot_types/share/robot_types/package.sh'
[1.890s] INFO:colcon.colcon_core.shell:Creating package script '/home/conner/mechatronics/pid/install/robot_types/share/robot_types/package.bash'
[1.891s] INFO:colcon.colcon_core.shell:Creating package script '/home/conner/mechatronics/pid/install/robot_types/share/robot_types/package.zsh'
[1.891s] Level 1:colcon.colcon_core.environment:create_file_with_runtime_dependencies(/home/conner/mechatronics/pid/install/robot_types/share/colcon-core/packages/robot_types)
[1.892s] INFO:colcon.colcon_ros.task.ament_cmake.build:Building ROS package in '/home/conner/mechatronics/pid/dummy_brain' with build type 'ament_cmake'
[1.892s] INFO:colcon.colcon_cmake.task.cmake.build:Building CMake package in '/home/conner/mechatronics/pid/dummy_brain'
[1.894s] INFO:colcon.colcon_core.shell:Skip shell extension 'powershell' for command environment: Not usable outside of PowerShell
[1.894s] DEBUG:colcon.colcon_core.shell:Skip shell extension 'dsv' for command environment
[1.903s] INFO:colcon.colcon_ros.task.ament_cmake.build:Building ROS package in '/home/conner/mechatronics/pid/dummy_sensor' with build type 'ament_cmake'
[1.903s] INFO:colcon.colcon_cmake.task.cmake.build:Building CMake package in '/home/conner/mechatronics/pid/dummy_sensor'
[1.908s] INFO:colcon.colcon_core.shell:Skip shell extension 'powershell' for command environment: Not usable outside of PowerShell
[1.908s] DEBUG:colcon.colcon_core.shell:Skip shell extension 'dsv' for command environment
[1.916s] INFO:colcon.colcon_ros.task.ament_cmake.build:Building ROS package in '/home/conner/mechatronics/pid/pid_controller' with build type 'ament_cmake'
[1.917s] INFO:colcon.colcon_cmake.task.cmake.build:Building CMake package in '/home/conner/mechatronics/pid/pid_controller'
[1.920s] INFO:colcon.colcon_core.shell:Skip shell extension 'powershell' for command environment: Not usable outside of PowerShell
[1.921s] DEBUG:colcon.colcon_core.shell:Skip shell extension 'dsv' for command environment
[2.124s] DEBUG:colcon.colcon_core.event_handler.log_command:Invoking command in '/home/conner/mechatronics/pid/build/dummy_brain': CMAKE_PREFIX_PATH=/home/conner/mechatronics/pid/install/robot_types:/home/conner/mechatronics/pid/install/dummy_sensor:/home/conner/mechatronics/pid/install/dummy_brain:/opt/ros/foxy /usr/bin/cmake --build /home/conner/mechatronics/pid/build/dummy_brain -- -j8 -l8
[2.135s] DEBUG:colcon.colcon_core.event_handler.log_command:Invoking command in '/home/conner/mechatronics/pid/build/dummy_sensor': CMAKE_PREFIX_PATH=/home/conner/mechatronics/pid/install/robot_types:/home/conner/mechatronics/pid/install/dummy_sensor:/home/conner/mechatronics/pid/install/dummy_brain:/opt/ros/foxy /usr/bin/cmake --build /home/conner/mechatronics/pid/build/dummy_sensor -- -j8 -l8
[2.144s] DEBUG:colcon.colcon_core.event_handler.log_command:Invoking command in '/home/conner/mechatronics/pid/build/pid_controller': CMAKE_PREFIX_PATH=/home/conner/mechatronics/pid/install/robot_types:/home/conner/mechatronics/pid/install/dummy_sensor:/home/conner/mechatronics/pid/install/dummy_brain:/opt/ros/foxy /usr/bin/cmake --build /home/conner/mechatronics/pid/build/pid_controller -- -j8 -l8
[2.225s] DEBUG:colcon.colcon_core.event_handler.log_command:Invoked command in '/home/conner/mechatronics/pid/build/dummy_brain' returned '0': CMAKE_PREFIX_PATH=/home/conner/mechatronics/pid/install/robot_types:/home/conner/mechatronics/pid/install/dummy_sensor:/home/conner/mechatronics/pid/install/dummy_brain:/opt/ros/foxy /usr/bin/cmake --build /home/conner/mechatronics/pid/build/dummy_brain -- -j8 -l8
[2.234s] DEBUG:colcon.colcon_core.event_handler.log_command:Invoked command in '/home/conner/mechatronics/pid/build/dummy_sensor' returned '0': CMAKE_PREFIX_PATH=/home/conner/mechatronics/pid/install/robot_types:/home/conner/mechatronics/pid/install/dummy_sensor:/home/conner/mechatronics/pid/install/dummy_brain:/opt/ros/foxy /usr/bin/cmake --build /home/conner/mechatronics/pid/build/dummy_sensor -- -j8 -l8
[2.258s] DEBUG:colcon.colcon_core.event_handler.log_command:Invoking command in '/home/conner/mechatronics/pid/build/dummy_brain': CMAKE_PREFIX_PATH=/home/conner/mechatronics/pid/install/robot_types:/home/conner/mechatronics/pid/install/dummy_sensor:/home/conner/mechatronics/pid/install/dummy_brain:/opt/ros/foxy /usr/bin/cmake --install /home/conner/mechatronics/pid/build/dummy_brain
[2.269s] DEBUG:colcon.colcon_core.event_handler.log_command:Invoking command in '/home/conner/mechatronics/pid/build/dummy_sensor': CMAKE_PREFIX_PATH=/home/conner/mechatronics/pid/install/robot_types:/home/conner/mechatronics/pid/install/dummy_sensor:/home/conner/mechatronics/pid/install/dummy_brain:/opt/ros/foxy /usr/bin/cmake --install /home/conner/mechatronics/pid/build/dummy_sensor
[2.276s] Level 1:colcon.colcon_core.environment:create_environment_scripts_only(dummy_brain)
[2.278s] Level 1:colcon.colcon_core.environment:checking '/home/conner/mechatronics/pid/install/dummy_brain' for CMake module files
[2.279s] DEBUG:colcon.colcon_core.event_handler.log_command:Invoked command in '/home/conner/mechatronics/pid/build/dummy_brain' returned '0': CMAKE_PREFIX_PATH=/home/conner/mechatronics/pid/install/robot_types:/home/conner/mechatronics/pid/install/dummy_sensor:/home/conner/mechatronics/pid/install/dummy_brain:/opt/ros/foxy /usr/bin/cmake --install /home/conner/mechatronics/pid/build/dummy_brain
[2.286s] Level 1:colcon.colcon_core.environment:checking '/home/conner/mechatronics/pid/install/dummy_brain' for CMake config files
[2.286s] Level 1:colcon.colcon_core.shell:create_environment_hook('dummy_brain', 'cmake_prefix_path')
[2.288s] INFO:colcon.colcon_core.shell:Creating environment hook '/home/conner/mechatronics/pid/install/dummy_brain/share/dummy_brain/hook/cmake_prefix_path.ps1'
[2.288s] INFO:colcon.colcon_core.shell:Creating environment descriptor '/home/conner/mechatronics/pid/install/dummy_brain/share/dummy_brain/hook/cmake_prefix_path.dsv'
[2.289s] INFO:colcon.colcon_core.shell:Creating environment hook '/home/conner/mechatronics/pid/install/dummy_brain/share/dummy_brain/hook/cmake_prefix_path.sh'
[2.290s] Level 1:colcon.colcon_core.environment:checking '/home/conner/mechatronics/pid/install/dummy_brain/lib'
[2.290s] Level 1:colcon.colcon_core.environment:checking '/home/conner/mechatronics/pid/install/dummy_brain/bin'
[2.290s] Level 1:colcon.colcon_core.environment:checking '/home/conner/mechatronics/pid/install/dummy_brain/lib/pkgconfig/dummy_brain.pc'
[2.290s] Level 1:colcon.colcon_core.environment:checking '/home/conner/mechatronics/pid/install/dummy_brain/lib/python3.8/site-packages'
[2.291s] Level 1:colcon.colcon_core.environment:checking '/home/conner/mechatronics/pid/install/dummy_brain/bin'
[2.292s] INFO:colcon.colcon_core.shell:Creating package script '/home/conner/mechatronics/pid/install/dummy_brain/share/dummy_brain/package.ps1'
[2.293s] INFO:colcon.colcon_core.shell:Creating package descriptor '/home/conner/mechatronics/pid/install/dummy_brain/share/dummy_brain/package.dsv'
[2.293s] INFO:colcon.colcon_core.shell:Creating package script '/home/conner/mechatronics/pid/install/dummy_brain/share/dummy_brain/package.sh'
[2.294s] INFO:colcon.colcon_core.shell:Creating package script '/home/conner/mechatronics/pid/install/dummy_brain/share/dummy_brain/package.bash'
[2.295s] INFO:colcon.colcon_core.shell:Creating package script '/home/conner/mechatronics/pid/install/dummy_brain/share/dummy_brain/package.zsh'
[2.296s] Level 1:colcon.colcon_core.environment:create_file_with_runtime_dependencies(/home/conner/mechatronics/pid/install/dummy_brain/share/colcon-core/packages/dummy_brain)
[2.301s] Level 1:colcon.colcon_core.environment:create_environment_scripts_only(dummy_sensor)
[2.304s] Level 1:colcon.colcon_core.environment:checking '/home/conner/mechatronics/pid/install/dummy_sensor' for CMake module files
[2.305s] DEBUG:colcon.colcon_core.event_handler.log_command:Invoked command in '/home/conner/mechatronics/pid/build/dummy_sensor' returned '0': CMAKE_PREFIX_PATH=/home/conner/mechatronics/pid/install/robot_types:/home/conner/mechatronics/pid/install/dummy_sensor:/home/conner/mechatronics/pid/install/dummy_brain:/opt/ros/foxy /usr/bin/cmake --install /home/conner/mechatronics/pid/build/dummy_sensor
[2.305s] Level 1:colcon.colcon_core.environment:checking '/home/conner/mechatronics/pid/install/dummy_sensor' for CMake config files
[2.306s] Level 1:colcon.colcon_core.shell:create_environment_hook('dummy_sensor', 'cmake_prefix_path')
[2.307s] INFO:colcon.colcon_core.shell:Creating environment hook '/home/conner/mechatronics/pid/install/dummy_sensor/share/dummy_sensor/hook/cmake_prefix_path.ps1'
[2.309s] INFO:colcon.colcon_core.shell:Creating environment descriptor '/home/conner/mechatronics/pid/install/dummy_sensor/share/dummy_sensor/hook/cmake_prefix_path.dsv'
[2.309s] INFO:colcon.colcon_core.shell:Creating environment hook '/home/conner/mechatronics/pid/install/dummy_sensor/share/dummy_sensor/hook/cmake_prefix_path.sh'
[2.310s] Level 1:colcon.colcon_core.environment:checking '/home/conner/mechatronics/pid/install/dummy_sensor/lib'
[2.311s] Level 1:colcon.colcon_core.environment:checking '/home/conner/mechatronics/pid/install/dummy_sensor/bin'
[2.311s] Level 1:colcon.colcon_core.environment:checking '/home/conner/mechatronics/pid/install/dummy_sensor/lib/pkgconfig/dummy_sensor.pc'
[2.311s] Level 1:colcon.colcon_core.environment:checking '/home/conner/mechatronics/pid/install/dummy_sensor/lib/python3.8/site-packages'
[2.311s] Level 1:colcon.colcon_core.environment:checking '/home/conner/mechatronics/pid/install/dummy_sensor/bin'
[2.313s] INFO:colcon.colcon_core.shell:Creating package script '/home/conner/mechatronics/pid/install/dummy_sensor/share/dummy_sensor/package.ps1'
[2.314s] INFO:colcon.colcon_core.shell:Creating package descriptor '/home/conner/mechatronics/pid/install/dummy_sensor/share/dummy_sensor/package.dsv'
[2.315s] INFO:colcon.colcon_core.shell:Creating package script '/home/conner/mechatronics/pid/install/dummy_sensor/share/dummy_sensor/package.sh'
[2.316s] INFO:colcon.colcon_core.shell:Creating package script '/home/conner/mechatronics/pid/install/dummy_sensor/share/dummy_sensor/package.bash'
[2.317s] INFO:colcon.colcon_core.shell:Creating package script '/home/conner/mechatronics/pid/install/dummy_sensor/share/dummy_sensor/package.zsh'
[2.318s] Level 1:colcon.colcon_core.environment:create_file_with_runtime_dependencies(/home/conner/mechatronics/pid/install/dummy_sensor/share/colcon-core/packages/dummy_sensor)
[2.332s] Level 1:colcon.colcon_core.environment:create_environment_scripts_only(dummy_brain)
[2.334s] Level 1:colcon.colcon_core.environment:checking '/home/conner/mechatronics/pid/install/dummy_brain' for CMake module files
[2.335s] Level 1:colcon.colcon_core.environment:checking '/home/conner/mechatronics/pid/install/dummy_brain' for CMake config files
[2.335s] Level 1:colcon.colcon_core.shell:create_environment_hook('dummy_brain', 'cmake_prefix_path')
[2.337s] INFO:colcon.colcon_core.shell:Creating environment hook '/home/conner/mechatronics/pid/install/dummy_brain/share/dummy_brain/hook/cmake_prefix_path.ps1'
[2.338s] INFO:colcon.colcon_core.shell:Creating environment descriptor '/home/conner/mechatronics/pid/install/dummy_brain/share/dummy_brain/hook/cmake_prefix_path.dsv'
[2.339s] INFO:colcon.colcon_core.shell:Creating environment hook '/home/conner/mechatronics/pid/install/dummy_brain/share/dummy_brain/hook/cmake_prefix_path.sh'
[2.340s] Level 1:colcon.colcon_core.environment:checking '/home/conner/mechatronics/pid/install/dummy_brain/lib'
[2.340s] Level 1:colcon.colcon_core.environment:checking '/home/conner/mechatronics/pid/install/dummy_brain/bin'
[2.340s] Level 1:colcon.colcon_core.environment:checking '/home/conner/mechatronics/pid/install/dummy_brain/lib/pkgconfig/dummy_brain.pc'
[2.341s] Level 1:colcon.colcon_core.environment:checking '/home/conner/mechatronics/pid/install/dummy_brain/lib/python3.8/site-packages'
[2.341s] Level 1:colcon.colcon_core.environment:checking '/home/conner/mechatronics/pid/install/dummy_brain/bin'
[2.343s] INFO:colcon.colcon_core.shell:Creating package script '/home/conner/mechatronics/pid/install/dummy_brain/share/dummy_brain/package.ps1'
[2.344s] INFO:colcon.colcon_core.shell:Creating package descriptor '/home/conner/mechatronics/pid/install/dummy_brain/share/dummy_brain/package.dsv'
[2.345s] INFO:colcon.colcon_core.shell:Creating package script '/home/conner/mechatronics/pid/install/dummy_brain/share/dummy_brain/package.sh'
[2.346s] INFO:colcon.colcon_core.shell:Creating package script '/home/conner/mechatronics/pid/install/dummy_brain/share/dummy_brain/package.bash'
[2.347s] INFO:colcon.colcon_core.shell:Creating package script '/home/conner/mechatronics/pid/install/dummy_brain/share/dummy_brain/package.zsh'
[2.348s] Level 1:colcon.colcon_core.environment:create_file_with_runtime_dependencies(/home/conner/mechatronics/pid/install/dummy_brain/share/colcon-core/packages/dummy_brain)
[2.358s] Level 1:colcon.colcon_core.environment:create_environment_scripts_only(dummy_sensor)
[2.360s] Level 1:colcon.colcon_core.environment:checking '/home/conner/mechatronics/pid/install/dummy_sensor' for CMake module files
[2.360s] Level 1:colcon.colcon_core.environment:checking '/home/conner/mechatronics/pid/install/dummy_sensor' for CMake config files
[2.361s] Level 1:colcon.colcon_core.shell:create_environment_hook('dummy_sensor', 'cmake_prefix_path')
[2.362s] INFO:colcon.colcon_core.shell:Creating environment hook '/home/conner/mechatronics/pid/install/dummy_sensor/share/dummy_sensor/hook/cmake_prefix_path.ps1'
[2.362s] INFO:colcon.colcon_core.shell:Creating environment descriptor '/home/conner/mechatronics/pid/install/dummy_sensor/share/dummy_sensor/hook/cmake_prefix_path.dsv'
[2.363s] INFO:colcon.colcon_core.shell:Creating environment hook '/home/conner/mechatronics/pid/install/dummy_sensor/share/dummy_sensor/hook/cmake_prefix_path.sh'
[2.363s] Level 1:colcon.colcon_core.environment:checking '/home/conner/mechatronics/pid/install/dummy_sensor/lib'
[2.364s] Level 1:colcon.colcon_core.environment:checking '/home/conner/mechatronics/pid/install/dummy_sensor/bin'
[2.364s] Level 1:colcon.colcon_core.environment:checking '/home/conner/mechatronics/pid/install/dummy_sensor/lib/pkgconfig/dummy_sensor.pc'
[2.364s] Level 1:colcon.colcon_core.environment:checking '/home/conner/mechatronics/pid/install/dummy_sensor/lib/python3.8/site-packages'
[2.364s] Level 1:colcon.colcon_core.environment:checking '/home/conner/mechatronics/pid/install/dummy_sensor/bin'
[2.366s] INFO:colcon.colcon_core.shell:Creating package script '/home/conner/mechatronics/pid/install/dummy_sensor/share/dummy_sensor/package.ps1'
[2.366s] INFO:colcon.colcon_core.shell:Creating package descriptor '/home/conner/mechatronics/pid/install/dummy_sensor/share/dummy_sensor/package.dsv'
[2.367s] INFO:colcon.colcon_core.shell:Creating package script '/home/conner/mechatronics/pid/install/dummy_sensor/share/dummy_sensor/package.sh'
[2.368s] INFO:colcon.colcon_core.shell:Creating package script '/home/conner/mechatronics/pid/install/dummy_sensor/share/dummy_sensor/package.bash'
[2.369s] INFO:colcon.colcon_core.shell:Creating package script '/home/conner/mechatronics/pid/install/dummy_sensor/share/dummy_sensor/package.zsh'
[2.369s] Level 1:colcon.colcon_core.environment:create_file_with_runtime_dependencies(/home/conner/mechatronics/pid/install/dummy_sensor/share/colcon-core/packages/dummy_sensor)
[5.681s] DEBUG:colcon.colcon_core.event_handler.log_command:Invoked command in '/home/conner/mechatronics/pid/build/pid_controller' returned '2': CMAKE_PREFIX_PATH=/home/conner/mechatronics/pid/install/robot_types:/home/conner/mechatronics/pid/install/dummy_sensor:/home/conner/mechatronics/pid/install/dummy_brain:/opt/ros/foxy /usr/bin/cmake --build /home/conner/mechatronics/pid/build/pid_controller -- -j8 -l8
[5.715s] Level 1:colcon.colcon_core.environment:create_environment_scripts_only(pid_controller)
[5.719s] Level 1:colcon.colcon_core.environment:checking '/home/conner/mechatronics/pid/install/pid_controller' for CMake module files
[5.723s] Level 1:colcon.colcon_core.environment:checking '/home/conner/mechatronics/pid/install/pid_controller' for CMake config files
[5.724s] Level 1:colcon.colcon_core.shell:create_environment_hook('pid_controller', 'cmake_prefix_path')
[5.726s] INFO:colcon.colcon_core.shell:Creating environment hook '/home/conner/mechatronics/pid/install/pid_controller/share/pid_controller/hook/cmake_prefix_path.ps1'
[5.728s] INFO:colcon.colcon_core.shell:Creating environment descriptor '/home/conner/mechatronics/pid/install/pid_controller/share/pid_controller/hook/cmake_prefix_path.dsv'
[5.729s] INFO:colcon.colcon_core.shell:Creating environment hook '/home/conner/mechatronics/pid/install/pid_controller/share/pid_controller/hook/cmake_prefix_path.sh'
[5.730s] Level 1:colcon.colcon_core.environment:checking '/home/conner/mechatronics/pid/install/pid_controller/lib'
[5.730s] Level 1:colcon.colcon_core.environment:checking '/home/conner/mechatronics/pid/install/pid_controller/bin'
[5.730s] Level 1:colcon.colcon_core.environment:checking '/home/conner/mechatronics/pid/install/pid_controller/lib/pkgconfig/pid_controller.pc'
[5.731s] Level 1:colcon.colcon_core.environment:checking '/home/conner/mechatronics/pid/install/pid_controller/lib/python3.8/site-packages'
[5.731s] Level 1:colcon.colcon_core.environment:checking '/home/conner/mechatronics/pid/install/pid_controller/bin'
[5.734s] INFO:colcon.colcon_core.shell:Creating package script '/home/conner/mechatronics/pid/install/pid_controller/share/pid_controller/package.ps1'
[5.735s] INFO:colcon.colcon_core.shell:Creating package descriptor '/home/conner/mechatronics/pid/install/pid_controller/share/pid_controller/package.dsv'
[5.737s] INFO:colcon.colcon_core.shell:Creating package script '/home/conner/mechatronics/pid/install/pid_controller/share/pid_controller/package.sh'
[5.739s] INFO:colcon.colcon_core.shell:Creating package script '/home/conner/mechatronics/pid/install/pid_controller/share/pid_controller/package.bash'
[5.741s] INFO:colcon.colcon_core.shell:Creating package script '/home/conner/mechatronics/pid/install/pid_controller/share/pid_controller/package.zsh'
[5.744s] Level 1:colcon.colcon_core.environment:create_file_with_runtime_dependencies(/home/conner/mechatronics/pid/install/pid_controller/share/colcon-core/packages/pid_controller)
[5.775s] DEBUG:colcon.colcon_parallel_executor.executor.parallel:closing loop
[5.776s] DEBUG:colcon.colcon_parallel_executor.executor.parallel:loop closed
[5.776s] DEBUG:colcon.colcon_parallel_executor.executor.parallel:run_until_complete finished with '2'
[5.777s] DEBUG:colcon.colcon_core.event_reactor:joining thread
[5.878s] INFO:colcon.colcon_core.plugin_system:Skipping extension 'colcon_notification.desktop_notification.notify_send': Could not find 'notify-send'
[5.879s] INFO:colcon.colcon_core.plugin_system:Skipping extension 'colcon_notification.desktop_notification.terminal_notifier': Not used on non-Darwin systems
[5.879s] INFO:colcon.colcon_core.plugin_system:Skipping extension 'colcon_notification.desktop_notification.win32': Not used on non-Windows systems
[5.879s] INFO:colcon.colcon_notification.desktop_notification:Sending desktop notification using 'notify2'
[5.953s] DEBUG:colcon.colcon_notification.desktop_notification.notify2:Failed to initialize notify2: org.freedesktop.DBus.Error.ServiceUnknown: The name org.freedesktop.Notifications was not provided by any .service files
[5.953s] DEBUG:colcon.colcon_core.event_reactor:joined thread
[5.957s] INFO:colcon.colcon_core.shell:Creating prefix script '/home/conner/mechatronics/pid/install/local_setup.ps1'
[5.960s] INFO:colcon.colcon_core.shell:Creating prefix util module '/home/conner/mechatronics/pid/install/_local_setup_util_ps1.py'
[5.963s] INFO:colcon.colcon_core.shell:Creating prefix chain script '/home/conner/mechatronics/pid/install/setup.ps1'
[5.965s] INFO:colcon.colcon_core.shell:Creating prefix script '/home/conner/mechatronics/pid/install/local_setup.sh'
[5.967s] INFO:colcon.colcon_core.shell:Creating prefix util module '/home/conner/mechatronics/pid/install/_local_setup_util_sh.py'
[5.968s] INFO:colcon.colcon_core.shell:Creating prefix chain script '/home/conner/mechatronics/pid/install/setup.sh'
[5.971s] INFO:colcon.colcon_core.shell:Creating prefix script '/home/conner/mechatronics/pid/install/local_setup.bash'
[5.972s] INFO:colcon.colcon_core.shell:Creating prefix chain script '/home/conner/mechatronics/pid/install/setup.bash'
[5.975s] INFO:colcon.colcon_core.shell:Creating prefix script '/home/conner/mechatronics/pid/install/local_setup.zsh'
[5.977s] INFO:colcon.colcon_core.shell:Creating prefix chain script '/home/conner/mechatronics/pid/install/setup.zsh'
