[0.469s] Invoking command in '/home/conner/mechatronics/pid/build/pid_controller': CMAKE_PREFIX_PATH=/home/conner/mechatronics/pid/install/robot_types:/home/conner/mechatronics/pid/install/pid_controller:/home/conner/mechatronics/pid/install/dummy_sensor:/home/conner/mechatronics/pid/install/dummy_brain:/opt/ros/foxy LD_LIBRARY_PATH=/home/conner/mechatronics/pid/install/robot_types/lib:/opt/ros/foxy/opt/yaml_cpp_vendor/lib:/opt/ros/foxy/opt/rviz_ogre_vendor/lib:/opt/ros/foxy/lib/x86_64-linux-gnu:/opt/ros/foxy/lib PYTHONPATH=/home/conner/mechatronics/pid/install/robot_types/lib/python3.8/site-packages:/opt/ros/foxy/lib/python3.8/site-packages /usr/bin/cmake --build /home/conner/mechatronics/pid/build/pid_controller -- -j8 -l8
[0.563s] [35m[1mScanning dependencies of target pid_controller[0m
[0.790s] [ 20%] [32mBuilding CXX object CMakeFiles/pid_controller.dir/src/scion_pid_controller.cpp.o[0m
[0.791s] [ 40%] [32mBuilding CXX object CMakeFiles/pid_controller.dir/src/pid_controller_node.cpp.o[0m
[0.791s] [ 60%] [32mBuilding CXX object CMakeFiles/pid_controller.dir/src/pid_params.cpp.o[0m
[9.136s] [ 80%] [32m[1mLinking CXX executable pid_controller[0m
[9.710s] [100%] Built target pid_controller
[9.740s] Invoked command in '/home/conner/mechatronics/pid/build/pid_controller' returned '0': CMAKE_PREFIX_PATH=/home/conner/mechatronics/pid/install/robot_types:/home/conner/mechatronics/pid/install/pid_controller:/home/conner/mechatronics/pid/install/dummy_sensor:/home/conner/mechatronics/pid/install/dummy_brain:/opt/ros/foxy LD_LIBRARY_PATH=/home/conner/mechatronics/pid/install/robot_types/lib:/opt/ros/foxy/opt/yaml_cpp_vendor/lib:/opt/ros/foxy/opt/rviz_ogre_vendor/lib:/opt/ros/foxy/lib/x86_64-linux-gnu:/opt/ros/foxy/lib PYTHONPATH=/home/conner/mechatronics/pid/install/robot_types/lib/python3.8/site-packages:/opt/ros/foxy/lib/python3.8/site-packages /usr/bin/cmake --build /home/conner/mechatronics/pid/build/pid_controller -- -j8 -l8
[9.785s] Invoking command in '/home/conner/mechatronics/pid/build/pid_controller': CMAKE_PREFIX_PATH=/home/conner/mechatronics/pid/install/robot_types:/home/conner/mechatronics/pid/install/pid_controller:/home/conner/mechatronics/pid/install/dummy_sensor:/home/conner/mechatronics/pid/install/dummy_brain:/opt/ros/foxy LD_LIBRARY_PATH=/home/conner/mechatronics/pid/install/robot_types/lib:/opt/ros/foxy/opt/yaml_cpp_vendor/lib:/opt/ros/foxy/opt/rviz_ogre_vendor/lib:/opt/ros/foxy/lib/x86_64-linux-gnu:/opt/ros/foxy/lib PYTHONPATH=/home/conner/mechatronics/pid/install/robot_types/lib/python3.8/site-packages:/opt/ros/foxy/lib/python3.8/site-packages /usr/bin/cmake --install /home/conner/mechatronics/pid/build/pid_controller
[9.796s] -- Install configuration: ""
[9.797s] -- Installing: /home/conner/mechatronics/pid/install/pid_controller/lib/pid_controller/pid_controller
[9.801s] -- Set runtime path of "/home/conner/mechatronics/pid/install/pid_controller/lib/pid_controller/pid_controller" to ""
[9.801s] -- Up-to-date: /home/conner/mechatronics/pid/install/pid_controller/share/ament_index/resource_index/package_run_dependencies/pid_controller
[9.802s] -- Up-to-date: /home/conner/mechatronics/pid/install/pid_controller/share/ament_index/resource_index/parent_prefix_path/pid_controller
[9.802s] -- Up-to-date: /home/conner/mechatronics/pid/install/pid_controller/share/pid_controller/environment/ament_prefix_path.sh
[9.803s] -- Up-to-date: /home/conner/mechatronics/pid/install/pid_controller/share/pid_controller/environment/ament_prefix_path.dsv
[9.803s] -- Up-to-date: /home/conner/mechatronics/pid/install/pid_controller/share/pid_controller/environment/path.sh
[9.804s] -- Up-to-date: /home/conner/mechatronics/pid/install/pid_controller/share/pid_controller/environment/path.dsv
[9.804s] -- Up-to-date: /home/conner/mechatronics/pid/install/pid_controller/share/pid_controller/local_setup.bash
[9.804s] -- Up-to-date: /home/conner/mechatronics/pid/install/pid_controller/share/pid_controller/local_setup.sh
[9.804s] -- Up-to-date: /home/conner/mechatronics/pid/install/pid_controller/share/pid_controller/local_setup.zsh
[9.804s] -- Up-to-date: /home/conner/mechatronics/pid/install/pid_controller/share/pid_controller/local_setup.dsv
[9.804s] -- Installing: /home/conner/mechatronics/pid/install/pid_controller/share/pid_controller/package.dsv
[9.804s] -- Up-to-date: /home/conner/mechatronics/pid/install/pid_controller/share/ament_index/resource_index/packages/pid_controller
[9.804s] -- Up-to-date: /home/conner/mechatronics/pid/install/pid_controller/share/pid_controller/cmake/pid_controllerConfig.cmake
[9.805s] -- Up-to-date: /home/conner/mechatronics/pid/install/pid_controller/share/pid_controller/cmake/pid_controllerConfig-version.cmake
[9.806s] -- Up-to-date: /home/conner/mechatronics/pid/install/pid_controller/share/pid_controller/package.xml
[9.812s] Invoked command in '/home/conner/mechatronics/pid/build/pid_controller' returned '0': CMAKE_PREFIX_PATH=/home/conner/mechatronics/pid/install/robot_types:/home/conner/mechatronics/pid/install/pid_controller:/home/conner/mechatronics/pid/install/dummy_sensor:/home/conner/mechatronics/pid/install/dummy_brain:/opt/ros/foxy LD_LIBRARY_PATH=/home/conner/mechatronics/pid/install/robot_types/lib:/opt/ros/foxy/opt/yaml_cpp_vendor/lib:/opt/ros/foxy/opt/rviz_ogre_vendor/lib:/opt/ros/foxy/lib/x86_64-linux-gnu:/opt/ros/foxy/lib PYTHONPATH=/home/conner/mechatronics/pid/install/robot_types/lib/python3.8/site-packages:/opt/ros/foxy/lib/python3.8/site-packages /usr/bin/cmake --install /home/conner/mechatronics/pid/build/pid_controller
