[0.034s] Invoking command in '/home/conner/mechatronics/pid/build/robot_types': CMAKE_PREFIX_PATH=/opt/ros/foxy /usr/bin/cmake /home/conner/mechatronics/pid/robot_types -DCMAKE_INSTALL_PREFIX=/home/conner/mechatronics/pid/install/robot_types
[0.554s] -- The C compiler identification is GNU 9.4.0
[1.442s] -- The CXX compiler identification is GNU 9.4.0
[1.859s] -- Check for working C compiler: /usr/bin/cc
[2.320s] -- Check for working C compiler: /usr/bin/cc -- works
[2.322s] -- Detecting C compiler ABI info
[2.729s] -- Detecting C compiler ABI info - done
[2.753s] -- Detecting C compile features
[2.754s] -- Detecting C compile features - done
[2.761s] -- Check for working CXX compiler: /usr/bin/c++
[3.209s] -- Check for working CXX compiler: /usr/bin/c++ -- works
[3.212s] -- Detecting CXX compiler ABI info
[3.624s] -- Detecting CXX compiler ABI info - done
[3.647s] -- Detecting CXX compile features
[3.648s] -- Detecting CXX compile features - done
[3.653s] -- Found ament_cmake: 0.9.11 (/opt/ros/foxy/share/ament_cmake/cmake)
[3.703s] -- Found PythonInterp: /usr/bin/python3 (found suitable version "3.8.10", minimum required is "3") 
[3.704s] -- Using PYTHON_EXECUTABLE: /usr/bin/python3
[4.004s] -- Found rosidl_default_generators: 1.0.1 (/opt/ros/foxy/share/rosidl_default_generators/cmake)
[4.011s] -- Using all available rosidl_typesupport_c: rosidl_typesupport_fastrtps_c;rosidl_typesupport_introspection_c
[4.024s] -- Found rosidl_adapter: 1.3.0 (/opt/ros/foxy/share/rosidl_adapter/cmake)
[8.387s] -- Found OpenSSL: /usr/lib/x86_64-linux-gnu/libcrypto.so (found version "1.1.1f")  
[12.585s] -- Found FastRTPS: /opt/ros/foxy/include  
[20.166s] -- Using all available rosidl_typesupport_cpp: rosidl_typesupport_fastrtps_cpp;rosidl_typesupport_introspection_cpp
[20.234s] -- Found PythonInterp: /usr/bin/python3 (found version "3.8.10") 
[20.432s] -- Found ament_cmake_ros: 0.9.2 (/opt/ros/foxy/share/ament_cmake_ros/cmake)
[35.416s] -- Using all available rosidl_typesupport_c: rosidl_typesupport_fastrtps_c;rosidl_typesupport_introspection_c
[35.427s] -- Using all available rosidl_typesupport_cpp: rosidl_typesupport_fastrtps_cpp;rosidl_typesupport_introspection_cpp
[35.475s] -- Found PythonInterp: /usr/bin/python3 (found suitable version "3.8.10", minimum required is "3.5") 
[35.477s] -- Found python_cmake_module: 0.8.1 (/opt/ros/foxy/share/python_cmake_module/cmake)
[36.764s] -- Found PythonLibs: /usr/lib/x86_64-linux-gnu/libpython3.8.so (found suitable version "3.8.10", minimum required is "3.5") 
[36.764s] -- Using PYTHON_EXECUTABLE: /usr/bin/python3
[36.765s] -- Using PYTHON_INCLUDE_DIRS: /usr/include/python3.8
[36.765s] -- Using PYTHON_LIBRARIES: /usr/lib/x86_64-linux-gnu/libpython3.8.so
[36.811s] -- Found PythonExtra: .so  
[37.045s] -- Configuring done
[37.101s] -- Generating done
[37.108s] -- Build files have been written to: /home/conner/mechatronics/pid/build/robot_types
[37.124s] Invoked command in '/home/conner/mechatronics/pid/build/robot_types' returned '0': CMAKE_PREFIX_PATH=/opt/ros/foxy /usr/bin/cmake /home/conner/mechatronics/pid/robot_types -DCMAKE_INSTALL_PREFIX=/home/conner/mechatronics/pid/install/robot_types
[37.131s] Invoking command in '/home/conner/mechatronics/pid/build/robot_types': CMAKE_PREFIX_PATH=/opt/ros/foxy /usr/bin/cmake --build /home/conner/mechatronics/pid/build/robot_types -- -j8 -l8
[37.201s] [  3%] [34m[1mGenerating C code for ROS interfaces[0m
[37.202s] [35m[1mScanning dependencies of target robot_types__cpp[0m
[37.223s] [  6%] [34m[1mGenerating C++ code for ROS interfaces[0m
[37.586s] [35m[1mScanning dependencies of target robot_types__rosidl_generator_c[0m
[37.594s] [  6%] Built target robot_types__cpp
[37.609s] [  9%] [32mBuilding C object CMakeFiles/robot_types__rosidl_generator_c.dir/rosidl_generator_c/robot_types/msg/detail/position__functions.c.o[0m
[37.613s] [ 12%] [34m[1mGenerating C++ type support for eProsima Fast-RTPS[0m
[37.614s] [ 19%] [34m[1mGenerating C++ type support dispatch for ROS interfaces[0m
[37.614s] [ 19%] [34m[1mGenerating C++ introspection for ROS interfaces[0m
[37.706s] [ 22%] [32m[1mLinking C shared library librobot_types__rosidl_generator_c.so[0m
[38.007s] [35m[1mScanning dependencies of target robot_types__rosidl_typesupport_cpp[0m
[38.028s] [ 22%] Built target robot_types__rosidl_generator_c
[38.035s] [ 25%] [32mBuilding CXX object CMakeFiles/robot_types__rosidl_typesupport_cpp.dir/rosidl_typesupport_cpp/robot_types/msg/position__type_support.cpp.o[0m
[38.049s] [ 29%] [34m[1mGenerating C introspection for ROS interfaces[0m
[38.050s] [ 32%] [34m[1mGenerating C type support dispatch for ROS interfaces[0m
[38.242s] [35m[1mScanning dependencies of target robot_types__rosidl_typesupport_introspection_cpp[0m
[38.255s] [35m[1mScanning dependencies of target robot_types__rosidl_typesupport_fastrtps_cpp[0m
[38.268s] [ 35%] [32mBuilding CXX object CMakeFiles/robot_types__rosidl_typesupport_introspection_cpp.dir/rosidl_typesupport_introspection_cpp/robot_types/msg/detail/position__type_support.cpp.o[0m
[38.288s] [ 38%] [32mBuilding CXX object CMakeFiles/robot_types__rosidl_typesupport_fastrtps_cpp.dir/rosidl_typesupport_fastrtps_cpp/robot_types/msg/detail/dds_fastrtps/position__type_support.cpp.o[0m
[38.656s] [35m[1mScanning dependencies of target robot_types__rosidl_typesupport_introspection_c[0m
[38.681s] [ 41%] [32mBuilding C object CMakeFiles/robot_types__rosidl_typesupport_introspection_c.dir/rosidl_typesupport_introspection_c/robot_types/msg/detail/position__type_support.c.o[0m
[38.681s] [35m[1mScanning dependencies of target robot_types__rosidl_typesupport_c[0m
[38.704s] [ 45%] [32mBuilding CXX object CMakeFiles/robot_types__rosidl_typesupport_c.dir/rosidl_typesupport_c/robot_types/msg/position__type_support.cpp.o[0m
[38.772s] [ 48%] [32m[1mLinking C shared library librobot_types__rosidl_typesupport_introspection_c.so[0m
[38.782s] [ 51%] [32m[1mLinking CXX shared library librobot_types__rosidl_typesupport_c.so[0m
[38.852s] [ 54%] [32m[1mLinking CXX shared library librobot_types__rosidl_typesupport_cpp.so[0m
[39.048s] [ 54%] Built target robot_types__rosidl_typesupport_introspection_c
[39.093s] [ 54%] Built target robot_types__rosidl_typesupport_c
[39.141s] [ 58%] [32m[1mLinking CXX shared library librobot_types__rosidl_typesupport_introspection_cpp.so[0m
[39.163s] [ 58%] Built target robot_types__rosidl_typesupport_cpp
[39.495s] [ 58%] Built target robot_types__rosidl_typesupport_introspection_cpp
[39.595s] [ 61%] [32m[1mLinking CXX shared library librobot_types__rosidl_typesupport_fastrtps_cpp.so[0m
[39.987s] [ 61%] Built target robot_types__rosidl_typesupport_fastrtps_cpp
[40.005s] [ 64%] [34m[1mGenerating C type support for eProsima Fast-RTPS[0m
[40.306s] [35m[1mScanning dependencies of target robot_types__rosidl_typesupport_fastrtps_c[0m
[40.330s] [ 67%] [32mBuilding CXX object CMakeFiles/robot_types__rosidl_typesupport_fastrtps_c.dir/rosidl_typesupport_fastrtps_c/robot_types/msg/detail/position__type_support_c.cpp.o[0m
[40.819s] [ 70%] [32m[1mLinking CXX shared library librobot_types__rosidl_typesupport_fastrtps_c.so[0m
[41.255s] [ 70%] Built target robot_types__rosidl_typesupport_fastrtps_c
[41.269s] [35m[1mScanning dependencies of target robot_types[0m
[41.287s] [ 70%] Built target robot_types
[41.307s] [35m[1mScanning dependencies of target robot_types__py[0m
[41.330s] [ 74%] [34m[1mGenerating Python code for ROS interfaces[0m
[41.823s] [ 74%] Built target robot_types__py
[41.846s] [35m[1mScanning dependencies of target robot_types__python[0m
[41.880s] [ 77%] [32mBuilding C object CMakeFiles/robot_types__python.dir/rosidl_generator_py/robot_types/msg/_position_s.c.o[0m
[42.028s] [ 80%] [32m[1mLinking C shared library rosidl_generator_py/robot_types/librobot_types__python.so[0m
[42.373s] [ 80%] Built target robot_types__python
[42.390s] [35m[1mScanning dependencies of target robot_types__rosidl_typesupport_c__pyext[0m
[42.390s] [35m[1mScanning dependencies of target robot_types__rosidl_typesupport_introspection_c__pyext[0m
[42.390s] [35m[1mScanning dependencies of target robot_types__rosidl_typesupport_fastrtps_c__pyext[0m
[42.418s] [ 83%] [32mBuilding C object CMakeFiles/robot_types__rosidl_typesupport_introspection_c__pyext.dir/rosidl_generator_py/robot_types/_robot_types_s.ep.rosidl_typesupport_introspection_c.c.o[0m
[42.419s] [ 87%] [32mBuilding C object CMakeFiles/robot_types__rosidl_typesupport_c__pyext.dir/rosidl_generator_py/robot_types/_robot_types_s.ep.rosidl_typesupport_c.c.o[0m
[42.423s] [ 90%] [32mBuilding C object CMakeFiles/robot_types__rosidl_typesupport_fastrtps_c__pyext.dir/rosidl_generator_py/robot_types/_robot_types_s.ep.rosidl_typesupport_fastrtps_c.c.o[0m
[42.562s] [ 93%] [32m[1mLinking CXX shared library rosidl_generator_py/robot_types/robot_types_s__rosidl_typesupport_fastrtps_c.cpython-38-x86_64-linux-gnu.so[0m
[42.613s] [ 96%] [32m[1mLinking C shared library rosidl_generator_py/robot_types/robot_types_s__rosidl_typesupport_introspection_c.cpython-38-x86_64-linux-gnu.so[0m
[42.616s] [100%] [32m[1mLinking C shared library rosidl_generator_py/robot_types/robot_types_s__rosidl_typesupport_c.cpython-38-x86_64-linux-gnu.so[0m
[42.863s] [100%] Built target robot_types__rosidl_typesupport_c__pyext
[42.869s] [100%] Built target robot_types__rosidl_typesupport_introspection_c__pyext
[42.909s] [100%] Built target robot_types__rosidl_typesupport_fastrtps_c__pyext
[42.931s] Invoked command in '/home/conner/mechatronics/pid/build/robot_types' returned '0': CMAKE_PREFIX_PATH=/opt/ros/foxy /usr/bin/cmake --build /home/conner/mechatronics/pid/build/robot_types -- -j8 -l8
[43.035s] Invoking command in '/home/conner/mechatronics/pid/build/robot_types': CMAKE_PREFIX_PATH=/opt/ros/foxy /usr/bin/cmake --install /home/conner/mechatronics/pid/build/robot_types
[43.049s] -- Install configuration: ""
[43.050s] -- Installing: /home/conner/mechatronics/pid/install/robot_types/share/ament_index/resource_index/rosidl_interfaces/robot_types
[43.051s] -- Installing: /home/conner/mechatronics/pid/install/robot_types/include/robot_types
[43.051s] -- Installing: /home/conner/mechatronics/pid/install/robot_types/include/robot_types/msg
[43.052s] -- Installing: /home/conner/mechatronics/pid/install/robot_types/include/robot_types/msg/rosidl_generator_c__visibility_control.h
[43.052s] -- Installing: /home/conner/mechatronics/pid/install/robot_types/include/robot_types/msg/detail
[43.053s] -- Installing: /home/conner/mechatronics/pid/install/robot_types/include/robot_types/msg/detail/position__functions.c
[43.054s] -- Installing: /home/conner/mechatronics/pid/install/robot_types/include/robot_types/msg/detail/position__functions.h
[43.054s] -- Installing: /home/conner/mechatronics/pid/install/robot_types/include/robot_types/msg/detail/position__struct.h
[43.055s] -- Installing: /home/conner/mechatronics/pid/install/robot_types/include/robot_types/msg/detail/position__type_support.h
[43.056s] -- Installing: /home/conner/mechatronics/pid/install/robot_types/include/robot_types/msg/position.h
[43.057s] -- Installing: /home/conner/mechatronics/pid/install/robot_types/share/robot_types/environment/library_path.sh
[43.057s] -- Installing: /home/conner/mechatronics/pid/install/robot_types/share/robot_types/environment/library_path.dsv
[43.058s] -- Installing: /home/conner/mechatronics/pid/install/robot_types/lib/librobot_types__rosidl_generator_c.so
[43.060s] -- Set runtime path of "/home/conner/mechatronics/pid/install/robot_types/lib/librobot_types__rosidl_generator_c.so" to ""
[43.061s] -- Up-to-date: /home/conner/mechatronics/pid/install/robot_types/include/robot_types
[43.062s] -- Up-to-date: /home/conner/mechatronics/pid/install/robot_types/include/robot_types/msg
[43.063s] -- Installing: /home/conner/mechatronics/pid/install/robot_types/include/robot_types/msg/rosidl_typesupport_fastrtps_c__visibility_control.h
[43.064s] -- Up-to-date: /home/conner/mechatronics/pid/install/robot_types/include/robot_types/msg/detail
[43.065s] -- Installing: /home/conner/mechatronics/pid/install/robot_types/include/robot_types/msg/detail/position__rosidl_typesupport_fastrtps_c.h
[43.065s] -- Installing: /home/conner/mechatronics/pid/install/robot_types/lib/librobot_types__rosidl_typesupport_fastrtps_c.so
[43.066s] -- Set runtime path of "/home/conner/mechatronics/pid/install/robot_types/lib/librobot_types__rosidl_typesupport_fastrtps_c.so" to ""
[43.067s] -- Up-to-date: /home/conner/mechatronics/pid/install/robot_types/include/robot_types
[43.068s] -- Up-to-date: /home/conner/mechatronics/pid/install/robot_types/include/robot_types/msg
[43.068s] -- Installing: /home/conner/mechatronics/pid/install/robot_types/include/robot_types/msg/rosidl_typesupport_fastrtps_cpp__visibility_control.h
[43.069s] -- Up-to-date: /home/conner/mechatronics/pid/install/robot_types/include/robot_types/msg/detail
[43.070s] -- Installing: /home/conner/mechatronics/pid/install/robot_types/include/robot_types/msg/detail/position__rosidl_typesupport_fastrtps_cpp.hpp
[43.071s] -- Installing: /home/conner/mechatronics/pid/install/robot_types/include/robot_types/msg/detail/dds_fastrtps
[43.071s] -- Installing: /home/conner/mechatronics/pid/install/robot_types/lib/librobot_types__rosidl_typesupport_fastrtps_cpp.so
[43.071s] -- Set runtime path of "/home/conner/mechatronics/pid/install/robot_types/lib/librobot_types__rosidl_typesupport_fastrtps_cpp.so" to ""
[43.071s] -- Up-to-date: /home/conner/mechatronics/pid/install/robot_types/include/robot_types
[43.072s] -- Up-to-date: /home/conner/mechatronics/pid/install/robot_types/include/robot_types/msg
[43.072s] -- Installing: /home/conner/mechatronics/pid/install/robot_types/include/robot_types/msg/rosidl_typesupport_introspection_c__visibility_control.h
[43.073s] -- Up-to-date: /home/conner/mechatronics/pid/install/robot_types/include/robot_types/msg/detail
[43.073s] -- Installing: /home/conner/mechatronics/pid/install/robot_types/include/robot_types/msg/detail/position__type_support.c
[43.074s] -- Installing: /home/conner/mechatronics/pid/install/robot_types/include/robot_types/msg/detail/position__rosidl_typesupport_introspection_c.h
[43.074s] -- Installing: /home/conner/mechatronics/pid/install/robot_types/lib/librobot_types__rosidl_typesupport_introspection_c.so
[43.075s] -- Set runtime path of "/home/conner/mechatronics/pid/install/robot_types/lib/librobot_types__rosidl_typesupport_introspection_c.so" to ""
[43.076s] -- Installing: /home/conner/mechatronics/pid/install/robot_types/lib/librobot_types__rosidl_typesupport_c.so
[43.077s] -- Set runtime path of "/home/conner/mechatronics/pid/install/robot_types/lib/librobot_types__rosidl_typesupport_c.so" to ""
[43.077s] -- Up-to-date: /home/conner/mechatronics/pid/install/robot_types/include/robot_types
[43.077s] -- Up-to-date: /home/conner/mechatronics/pid/install/robot_types/include/robot_types/msg
[43.078s] -- Up-to-date: /home/conner/mechatronics/pid/install/robot_types/include/robot_types/msg/detail
[43.078s] -- Installing: /home/conner/mechatronics/pid/install/robot_types/include/robot_types/msg/detail/position__traits.hpp
[43.079s] -- Installing: /home/conner/mechatronics/pid/install/robot_types/include/robot_types/msg/detail/position__struct.hpp
[43.079s] -- Installing: /home/conner/mechatronics/pid/install/robot_types/include/robot_types/msg/detail/position__builder.hpp
[43.080s] -- Installing: /home/conner/mechatronics/pid/install/robot_types/include/robot_types/msg/position.hpp
[43.081s] -- Up-to-date: /home/conner/mechatronics/pid/install/robot_types/include/robot_types
[43.081s] -- Up-to-date: /home/conner/mechatronics/pid/install/robot_types/include/robot_types/msg
[43.082s] -- Up-to-date: /home/conner/mechatronics/pid/install/robot_types/include/robot_types/msg/detail
[43.082s] -- Installing: /home/conner/mechatronics/pid/install/robot_types/include/robot_types/msg/detail/position__type_support.cpp
[43.082s] -- Installing: /home/conner/mechatronics/pid/install/robot_types/include/robot_types/msg/detail/position__rosidl_typesupport_introspection_cpp.hpp
[43.083s] -- Installing: /home/conner/mechatronics/pid/install/robot_types/lib/librobot_types__rosidl_typesupport_introspection_cpp.so
[43.083s] -- Set runtime path of "/home/conner/mechatronics/pid/install/robot_types/lib/librobot_types__rosidl_typesupport_introspection_cpp.so" to ""
[43.083s] -- Installing: /home/conner/mechatronics/pid/install/robot_types/lib/librobot_types__rosidl_typesupport_cpp.so
[43.083s] -- Set runtime path of "/home/conner/mechatronics/pid/install/robot_types/lib/librobot_types__rosidl_typesupport_cpp.so" to ""
[43.084s] -- Installing: /home/conner/mechatronics/pid/install/robot_types/share/robot_types/environment/pythonpath.sh
[43.084s] -- Installing: /home/conner/mechatronics/pid/install/robot_types/share/robot_types/environment/pythonpath.dsv
[43.084s] -- Installing: /home/conner/mechatronics/pid/install/robot_types/lib/python3.8/site-packages/robot_types/__init__.py
[43.119s] Compiling '/home/conner/mechatronics/pid/install/robot_types/lib/python3.8/site-packages/robot_types/__init__.py'...
[43.125s] -- Installing: /home/conner/mechatronics/pid/install/robot_types/lib/python3.8/site-packages/robot_types/msg
[43.130s] -- Installing: /home/conner/mechatronics/pid/install/robot_types/lib/python3.8/site-packages/robot_types/msg/_position.py
[43.131s] -- Installing: /home/conner/mechatronics/pid/install/robot_types/lib/python3.8/site-packages/robot_types/msg/_position_s.c
[43.132s] -- Installing: /home/conner/mechatronics/pid/install/robot_types/lib/python3.8/site-packages/robot_types/msg/__init__.py
[43.132s] -- Installing: /home/conner/mechatronics/pid/install/robot_types/lib/python3.8/site-packages/robot_types/robot_types_s__rosidl_typesupport_fastrtps_c.cpython-38-x86_64-linux-gnu.so
[43.134s] -- Set runtime path of "/home/conner/mechatronics/pid/install/robot_types/lib/python3.8/site-packages/robot_types/robot_types_s__rosidl_typesupport_fastrtps_c.cpython-38-x86_64-linux-gnu.so" to ""
[43.134s] -- Installing: /home/conner/mechatronics/pid/install/robot_types/lib/python3.8/site-packages/robot_types/robot_types_s__rosidl_typesupport_introspection_c.cpython-38-x86_64-linux-gnu.so
[43.135s] -- Set runtime path of "/home/conner/mechatronics/pid/install/robot_types/lib/python3.8/site-packages/robot_types/robot_types_s__rosidl_typesupport_introspection_c.cpython-38-x86_64-linux-gnu.so" to ""
[43.135s] -- Installing: /home/conner/mechatronics/pid/install/robot_types/lib/python3.8/site-packages/robot_types/robot_types_s__rosidl_typesupport_c.cpython-38-x86_64-linux-gnu.so
[43.139s] -- Set runtime path of "/home/conner/mechatronics/pid/install/robot_types/lib/python3.8/site-packages/robot_types/robot_types_s__rosidl_typesupport_c.cpython-38-x86_64-linux-gnu.so" to ""
[43.139s] -- Installing: /home/conner/mechatronics/pid/install/robot_types/lib/librobot_types__python.so
[43.140s] -- Set runtime path of "/home/conner/mechatronics/pid/install/robot_types/lib/librobot_types__python.so" to ""
[43.141s] -- Installing: /home/conner/mechatronics/pid/install/robot_types/share/robot_types/msg/Position.idl
[43.142s] -- Installing: /home/conner/mechatronics/pid/install/robot_types/share/robot_types/msg/Position.msg
[43.143s] -- Installing: /home/conner/mechatronics/pid/install/robot_types/share/ament_index/resource_index/package_run_dependencies/robot_types
[43.144s] -- Installing: /home/conner/mechatronics/pid/install/robot_types/share/ament_index/resource_index/parent_prefix_path/robot_types
[43.145s] -- Installing: /home/conner/mechatronics/pid/install/robot_types/share/robot_types/environment/ament_prefix_path.sh
[43.145s] -- Installing: /home/conner/mechatronics/pid/install/robot_types/share/robot_types/environment/ament_prefix_path.dsv
[43.146s] -- Installing: /home/conner/mechatronics/pid/install/robot_types/share/robot_types/environment/path.sh
[43.146s] -- Installing: /home/conner/mechatronics/pid/install/robot_types/share/robot_types/environment/path.dsv
[43.148s] -- Installing: /home/conner/mechatronics/pid/install/robot_types/share/robot_types/local_setup.bash
[43.148s] -- Installing: /home/conner/mechatronics/pid/install/robot_types/share/robot_types/local_setup.sh
[43.149s] -- Installing: /home/conner/mechatronics/pid/install/robot_types/share/robot_types/local_setup.zsh
[43.150s] -- Installing: /home/conner/mechatronics/pid/install/robot_types/share/robot_types/local_setup.dsv
[43.151s] -- Installing: /home/conner/mechatronics/pid/install/robot_types/share/robot_types/package.dsv
[43.151s] -- Installing: /home/conner/mechatronics/pid/install/robot_types/share/ament_index/resource_index/packages/robot_types
[43.152s] -- Installing: /home/conner/mechatronics/pid/install/robot_types/share/robot_types/cmake/robot_types__rosidl_generator_cExport.cmake
[43.152s] -- Installing: /home/conner/mechatronics/pid/install/robot_types/share/robot_types/cmake/robot_types__rosidl_generator_cExport-noconfig.cmake
[43.152s] -- Installing: /home/conner/mechatronics/pid/install/robot_types/share/robot_types/cmake/robot_types__rosidl_typesupport_introspection_cExport.cmake
[43.152s] -- Installing: /home/conner/mechatronics/pid/install/robot_types/share/robot_types/cmake/robot_types__rosidl_typesupport_introspection_cExport-noconfig.cmake
[43.153s] -- Installing: /home/conner/mechatronics/pid/install/robot_types/share/robot_types/cmake/robot_types__rosidl_typesupport_cExport.cmake
[43.155s] -- Installing: /home/conner/mechatronics/pid/install/robot_types/share/robot_types/cmake/robot_types__rosidl_typesupport_cExport-noconfig.cmake
[43.156s] -- Installing: /home/conner/mechatronics/pid/install/robot_types/share/robot_types/cmake/robot_types__rosidl_generator_cppExport.cmake
[43.157s] -- Installing: /home/conner/mechatronics/pid/install/robot_types/share/robot_types/cmake/robot_types__rosidl_typesupport_introspection_cppExport.cmake
[43.158s] -- Installing: /home/conner/mechatronics/pid/install/robot_types/share/robot_types/cmake/robot_types__rosidl_typesupport_introspection_cppExport-noconfig.cmake
[43.160s] -- Installing: /home/conner/mechatronics/pid/install/robot_types/share/robot_types/cmake/robot_types__rosidl_typesupport_cppExport.cmake
[43.161s] -- Installing: /home/conner/mechatronics/pid/install/robot_types/share/robot_types/cmake/robot_types__rosidl_typesupport_cppExport-noconfig.cmake
[43.161s] -- Installing: /home/conner/mechatronics/pid/install/robot_types/share/robot_types/cmake/rosidl_cmake-extras.cmake
[43.162s] -- Installing: /home/conner/mechatronics/pid/install/robot_types/share/robot_types/cmake/ament_cmake_export_dependencies-extras.cmake
[43.163s] -- Installing: /home/conner/mechatronics/pid/install/robot_types/share/robot_types/cmake/ament_cmake_export_libraries-extras.cmake
[43.163s] -- Installing: /home/conner/mechatronics/pid/install/robot_types/share/robot_types/cmake/ament_cmake_export_targets-extras.cmake
[43.164s] -- Installing: /home/conner/mechatronics/pid/install/robot_types/share/robot_types/cmake/ament_cmake_export_include_directories-extras.cmake
[43.164s] -- Installing: /home/conner/mechatronics/pid/install/robot_types/share/robot_types/cmake/rosidl_cmake_export_typesupport_libraries-extras.cmake
[43.165s] -- Installing: /home/conner/mechatronics/pid/install/robot_types/share/robot_types/cmake/rosidl_cmake_export_typesupport_targets-extras.cmake
[43.165s] -- Installing: /home/conner/mechatronics/pid/install/robot_types/share/robot_types/cmake/robot_typesConfig.cmake
[43.166s] -- Installing: /home/conner/mechatronics/pid/install/robot_types/share/robot_types/cmake/robot_typesConfig-version.cmake
[43.166s] -- Installing: /home/conner/mechatronics/pid/install/robot_types/share/robot_types/package.xml
[43.172s] Invoked command in '/home/conner/mechatronics/pid/build/robot_types' returned '0': CMAKE_PREFIX_PATH=/opt/ros/foxy /usr/bin/cmake --install /home/conner/mechatronics/pid/build/robot_types
