[0.519s] DEBUG:colcon:Command line arguments: ['/usr/bin/colcon', 'build']
[0.520s] DEBUG:colcon:Parsed command line arguments: Namespace(allow_overriding=[], ament_cmake_args=None, base_paths=['.'], build_base='build', catkin_cmake_args=None, catkin_skip_building_tests=False, cmake_args=None, cmake_clean_cache=False, cmake_clean_first=False, cmake_force_configure=False, cmake_target=None, cmake_target_skip_unavailable=False, continue_on_error=False, event_handlers=None, executor='parallel', ignore_user_meta=False, install_base='install', log_base=None, log_level=None, main=<bound method BuildVerb.main of <colcon_core.verb.build.BuildVerb object at 0x7f3872ce7310>>, merge_install=False, metas=['./colcon.meta'], packages_above=None, packages_above_and_dependencies=None, packages_above_depth=None, packages_end=None, packages_ignore=None, packages_ignore_regex=None, packages_select=None, packages_select_build_failed=False, packages_select_by_dep=None, packages_select_regex=None, packages_select_test_failures=False, packages_skip=None, packages_skip_build_finished=False, packages_skip_by_dep=None, packages_skip_regex=None, packages_skip_test_passed=False, packages_skip_up_to=None, packages_start=None, packages_up_to=None, packages_up_to_regex=None, parallel_workers=8, paths=None, symlink_install=False, test_result_base=None, verb_extension=<colcon_core.verb.build.BuildVerb object at 0x7f3872ce7310>, verb_name='build', verb_parser=<colcon_defaults.argument_parser.defaults.DefaultArgumentsDecorator object at 0x7f3872ce7850>)
[0.554s] Level 1:colcon.colcon_core.package_discovery:discover_packages(colcon_meta) check parameters
[0.554s] Level 1:colcon.colcon_core.package_discovery:discover_packages(recursive) check parameters
[0.554s] Level 1:colcon.colcon_core.package_discovery:discover_packages(ignore) check parameters
[0.554s] Level 1:colcon.colcon_core.package_discovery:discover_packages(path) check parameters
[0.554s] Level 1:colcon.colcon_core.package_discovery:discover_packages(colcon_meta) discover
[0.554s] Level 1:colcon.colcon_core.package_discovery:discover_packages(recursive) discover
[0.554s] INFO:colcon.colcon_core.package_discovery:Crawling recursively for packages in '/home/conner/mechatronics/pid'
[0.554s] Level 1:colcon.colcon_core.package_identification:_identify(.) by extensions ['ignore', 'ignore_ament_install']
[0.555s] Level 1:colcon.colcon_core.package_identification:_identify(.) by extension 'ignore'
[0.555s] Level 1:colcon.colcon_core.package_identification:_identify(.) by extension 'ignore_ament_install'
[0.555s] Level 1:colcon.colcon_core.package_identification:_identify(.) by extensions ['colcon_pkg']
[0.555s] Level 1:colcon.colcon_core.package_identification:_identify(.) by extension 'colcon_pkg'
[0.555s] Level 1:colcon.colcon_core.package_identification:_identify(.) by extensions ['colcon_meta']
[0.555s] Level 1:colcon.colcon_core.package_identification:_identify(.) by extension 'colcon_meta'
[0.555s] Level 1:colcon.colcon_core.package_identification:_identify(.) by extensions ['ros']
[0.555s] Level 1:colcon.colcon_core.package_identification:_identify(.) by extension 'ros'
[0.570s] Level 1:colcon.colcon_core.package_identification:_identify(.) by extensions ['cmake', 'python']
[0.570s] Level 1:colcon.colcon_core.package_identification:_identify(.) by extension 'cmake'
[0.570s] Level 1:colcon.colcon_core.package_identification:_identify(.) by extension 'python'
[0.570s] Level 1:colcon.colcon_core.package_identification:_identify(.) by extensions ['python_setup_py']
[0.570s] Level 1:colcon.colcon_core.package_identification:_identify(.) by extension 'python_setup_py'
[0.571s] Level 1:colcon.colcon_core.package_identification:_identify(__pycache__) by extensions ['ignore', 'ignore_ament_install']
[0.571s] Level 1:colcon.colcon_core.package_identification:_identify(__pycache__) by extension 'ignore'
[0.571s] Level 1:colcon.colcon_core.package_identification:_identify(__pycache__) by extension 'ignore_ament_install'
[0.571s] Level 1:colcon.colcon_core.package_identification:_identify(__pycache__) by extensions ['colcon_pkg']
[0.571s] Level 1:colcon.colcon_core.package_identification:_identify(__pycache__) by extension 'colcon_pkg'
[0.571s] Level 1:colcon.colcon_core.package_identification:_identify(__pycache__) by extensions ['colcon_meta']
[0.571s] Level 1:colcon.colcon_core.package_identification:_identify(__pycache__) by extension 'colcon_meta'
[0.571s] Level 1:colcon.colcon_core.package_identification:_identify(__pycache__) by extensions ['ros']
[0.571s] Level 1:colcon.colcon_core.package_identification:_identify(__pycache__) by extension 'ros'
[0.572s] Level 1:colcon.colcon_core.package_identification:_identify(__pycache__) by extensions ['cmake', 'python']
[0.572s] Level 1:colcon.colcon_core.package_identification:_identify(__pycache__) by extension 'cmake'
[0.572s] Level 1:colcon.colcon_core.package_identification:_identify(__pycache__) by extension 'python'
[0.572s] Level 1:colcon.colcon_core.package_identification:_identify(__pycache__) by extensions ['python_setup_py']
[0.572s] Level 1:colcon.colcon_core.package_identification:_identify(__pycache__) by extension 'python_setup_py'
[0.572s] Level 1:colcon.colcon_core.package_identification:_identify(build) by extensions ['ignore', 'ignore_ament_install']
[0.572s] Level 1:colcon.colcon_core.package_identification:_identify(build) by extension 'ignore'
[0.573s] Level 1:colcon.colcon_core.package_identification:_identify(build) ignored
[0.573s] Level 1:colcon.colcon_core.package_identification:_identify(controller) by extensions ['ignore', 'ignore_ament_install']
[0.573s] Level 1:colcon.colcon_core.package_identification:_identify(controller) by extension 'ignore'
[0.573s] Level 1:colcon.colcon_core.package_identification:_identify(controller) by extension 'ignore_ament_install'
[0.573s] Level 1:colcon.colcon_core.package_identification:_identify(controller) by extensions ['colcon_pkg']
[0.573s] Level 1:colcon.colcon_core.package_identification:_identify(controller) by extension 'colcon_pkg'
[0.573s] Level 1:colcon.colcon_core.package_identification:_identify(controller) by extensions ['colcon_meta']
[0.574s] Level 1:colcon.colcon_core.package_identification:_identify(controller) by extension 'colcon_meta'
[0.574s] Level 1:colcon.colcon_core.package_identification:_identify(controller) by extensions ['ros']
[0.574s] Level 1:colcon.colcon_core.package_identification:_identify(controller) by extension 'ros'
[0.574s] Level 1:colcon.colcon_core.package_identification:_identify(controller) by extensions ['cmake', 'python']
[0.574s] Level 1:colcon.colcon_core.package_identification:_identify(controller) by extension 'cmake'
[0.574s] Level 1:colcon.colcon_core.package_identification:_identify(controller) by extension 'python'
[0.574s] Level 1:colcon.colcon_core.package_identification:_identify(controller) by extensions ['python_setup_py']
[0.574s] Level 1:colcon.colcon_core.package_identification:_identify(controller) by extension 'python_setup_py'
[0.574s] Level 1:colcon.colcon_core.package_identification:_identify(dummy_brain) by extensions ['ignore', 'ignore_ament_install']
[0.574s] Level 1:colcon.colcon_core.package_identification:_identify(dummy_brain) by extension 'ignore'
[0.574s] Level 1:colcon.colcon_core.package_identification:_identify(dummy_brain) by extension 'ignore_ament_install'
[0.575s] Level 1:colcon.colcon_core.package_identification:_identify(dummy_brain) by extensions ['colcon_pkg']
[0.575s] Level 1:colcon.colcon_core.package_identification:_identify(dummy_brain) by extension 'colcon_pkg'
[0.575s] Level 1:colcon.colcon_core.package_identification:_identify(dummy_brain) by extensions ['colcon_meta']
[0.575s] Level 1:colcon.colcon_core.package_identification:_identify(dummy_brain) by extension 'colcon_meta'
[0.575s] Level 1:colcon.colcon_core.package_identification:_identify(dummy_brain) by extensions ['ros']
[0.575s] Level 1:colcon.colcon_core.package_identification:_identify(dummy_brain) by extension 'ros'
[0.580s] DEBUG:colcon.colcon_core.package_identification:Package 'dummy_brain' with type 'ros.ament_cmake' and name 'dummy_brain'
[0.581s] Level 1:colcon.colcon_core.package_identification:_identify(dummy_sensor) by extensions ['ignore', 'ignore_ament_install']
[0.581s] Level 1:colcon.colcon_core.package_identification:_identify(dummy_sensor) by extension 'ignore'
[0.581s] Level 1:colcon.colcon_core.package_identification:_identify(dummy_sensor) by extension 'ignore_ament_install'
[0.581s] Level 1:colcon.colcon_core.package_identification:_identify(dummy_sensor) by extensions ['colcon_pkg']
[0.582s] Level 1:colcon.colcon_core.package_identification:_identify(dummy_sensor) by extension 'colcon_pkg'
[0.582s] Level 1:colcon.colcon_core.package_identification:_identify(dummy_sensor) by extensions ['colcon_meta']
[0.582s] Level 1:colcon.colcon_core.package_identification:_identify(dummy_sensor) by extension 'colcon_meta'
[0.582s] Level 1:colcon.colcon_core.package_identification:_identify(dummy_sensor) by extensions ['ros']
[0.582s] Level 1:colcon.colcon_core.package_identification:_identify(dummy_sensor) by extension 'ros'
[0.583s] DEBUG:colcon.colcon_core.package_identification:Package 'dummy_sensor' with type 'ros.ament_cmake' and name 'dummy_sensor'
[0.583s] Level 1:colcon.colcon_core.package_identification:_identify(helpers) by extensions ['ignore', 'ignore_ament_install']
[0.583s] Level 1:colcon.colcon_core.package_identification:_identify(helpers) by extension 'ignore'
[0.583s] Level 1:colcon.colcon_core.package_identification:_identify(helpers) by extension 'ignore_ament_install'
[0.583s] Level 1:colcon.colcon_core.package_identification:_identify(helpers) by extensions ['colcon_pkg']
[0.583s] Level 1:colcon.colcon_core.package_identification:_identify(helpers) by extension 'colcon_pkg'
[0.583s] Level 1:colcon.colcon_core.package_identification:_identify(helpers) by extensions ['colcon_meta']
[0.583s] Level 1:colcon.colcon_core.package_identification:_identify(helpers) by extension 'colcon_meta'
[0.584s] Level 1:colcon.colcon_core.package_identification:_identify(helpers) by extensions ['ros']
[0.584s] Level 1:colcon.colcon_core.package_identification:_identify(helpers) by extension 'ros'
[0.584s] Level 1:colcon.colcon_core.package_identification:_identify(helpers) by extensions ['cmake', 'python']
[0.584s] Level 1:colcon.colcon_core.package_identification:_identify(helpers) by extension 'cmake'
[0.584s] Level 1:colcon.colcon_core.package_identification:_identify(helpers) by extension 'python'
[0.584s] Level 1:colcon.colcon_core.package_identification:_identify(helpers) by extensions ['python_setup_py']
[0.584s] Level 1:colcon.colcon_core.package_identification:_identify(helpers) by extension 'python_setup_py'
[0.584s] Level 1:colcon.colcon_core.package_identification:_identify(install) by extensions ['ignore', 'ignore_ament_install']
[0.584s] Level 1:colcon.colcon_core.package_identification:_identify(install) by extension 'ignore'
[0.584s] Level 1:colcon.colcon_core.package_identification:_identify(install) ignored
[0.585s] Level 1:colcon.colcon_core.package_identification:_identify(linker_studying) by extensions ['ignore', 'ignore_ament_install']
[0.585s] Level 1:colcon.colcon_core.package_identification:_identify(linker_studying) by extension 'ignore'
[0.585s] Level 1:colcon.colcon_core.package_identification:_identify(linker_studying) by extension 'ignore_ament_install'
[0.585s] Level 1:colcon.colcon_core.package_identification:_identify(linker_studying) by extensions ['colcon_pkg']
[0.585s] Level 1:colcon.colcon_core.package_identification:_identify(linker_studying) by extension 'colcon_pkg'
[0.585s] Level 1:colcon.colcon_core.package_identification:_identify(linker_studying) by extensions ['colcon_meta']
[0.585s] Level 1:colcon.colcon_core.package_identification:_identify(linker_studying) by extension 'colcon_meta'
[0.585s] Level 1:colcon.colcon_core.package_identification:_identify(linker_studying) by extensions ['ros']
[0.585s] Level 1:colcon.colcon_core.package_identification:_identify(linker_studying) by extension 'ros'
[0.585s] Level 1:colcon.colcon_core.package_identification:_identify(linker_studying) by extensions ['cmake', 'python']
[0.585s] Level 1:colcon.colcon_core.package_identification:_identify(linker_studying) by extension 'cmake'
[0.585s] Level 1:colcon.colcon_core.package_identification:_identify(linker_studying) by extension 'python'
[0.585s] Level 1:colcon.colcon_core.package_identification:_identify(linker_studying) by extensions ['python_setup_py']
[0.586s] Level 1:colcon.colcon_core.package_identification:_identify(linker_studying) by extension 'python_setup_py'
[0.586s] Level 1:colcon.colcon_core.package_identification:_identify(log) by extensions ['ignore', 'ignore_ament_install']
[0.586s] Level 1:colcon.colcon_core.package_identification:_identify(log) by extension 'ignore'
[0.586s] Level 1:colcon.colcon_core.package_identification:_identify(log) ignored
[0.586s] Level 1:colcon.colcon_core.package_identification:_identify(pid_controller) by extensions ['ignore', 'ignore_ament_install']
[0.586s] Level 1:colcon.colcon_core.package_identification:_identify(pid_controller) by extension 'ignore'
[0.587s] Level 1:colcon.colcon_core.package_identification:_identify(pid_controller) by extension 'ignore_ament_install'
[0.587s] Level 1:colcon.colcon_core.package_identification:_identify(pid_controller) by extensions ['colcon_pkg']
[0.587s] Level 1:colcon.colcon_core.package_identification:_identify(pid_controller) by extension 'colcon_pkg'
[0.587s] Level 1:colcon.colcon_core.package_identification:_identify(pid_controller) by extensions ['colcon_meta']
[0.587s] Level 1:colcon.colcon_core.package_identification:_identify(pid_controller) by extension 'colcon_meta'
[0.587s] Level 1:colcon.colcon_core.package_identification:_identify(pid_controller) by extensions ['ros']
[0.587s] Level 1:colcon.colcon_core.package_identification:_identify(pid_controller) by extension 'ros'
[0.588s] DEBUG:colcon.colcon_core.package_identification:Package 'pid_controller' with type 'ros.ament_cmake' and name 'pid_controller'
[0.588s] Level 1:colcon.colcon_core.package_identification:_identify(robot_types) by extensions ['ignore', 'ignore_ament_install']
[0.588s] Level 1:colcon.colcon_core.package_identification:_identify(robot_types) by extension 'ignore'
[0.588s] Level 1:colcon.colcon_core.package_identification:_identify(robot_types) by extension 'ignore_ament_install'
[0.588s] Level 1:colcon.colcon_core.package_identification:_identify(robot_types) by extensions ['colcon_pkg']
[0.589s] Level 1:colcon.colcon_core.package_identification:_identify(robot_types) by extension 'colcon_pkg'
[0.589s] Level 1:colcon.colcon_core.package_identification:_identify(robot_types) by extensions ['colcon_meta']
[0.589s] Level 1:colcon.colcon_core.package_identification:_identify(robot_types) by extension 'colcon_meta'
[0.589s] Level 1:colcon.colcon_core.package_identification:_identify(robot_types) by extensions ['ros']
[0.589s] Level 1:colcon.colcon_core.package_identification:_identify(robot_types) by extension 'ros'
[0.589s] DEBUG:colcon.colcon_core.package_identification:Package 'robot_types' with type 'ros.ament_cmake' and name 'robot_types'
[0.590s] Level 1:colcon.colcon_core.package_discovery:discover_packages(recursive) using defaults
[0.590s] Level 1:colcon.colcon_core.package_discovery:discover_packages(ignore) discover
[0.590s] Level 1:colcon.colcon_core.package_discovery:discover_packages(ignore) using defaults
[0.590s] Level 1:colcon.colcon_core.package_discovery:discover_packages(path) discover
[0.590s] Level 1:colcon.colcon_core.package_discovery:discover_packages(path) using defaults
[0.629s] Level 1:colcon.colcon_core.package_discovery:discover_packages(prefix_path) check parameters
[0.629s] Level 1:colcon.colcon_core.package_discovery:discover_packages(prefix_path) discover
[0.633s] DEBUG:colcon.colcon_installed_package_information.package_discovery:Found 4 installed packages in /home/conner/mechatronics/pid/install
[0.634s] Level 1:colcon.colcon_core.package_discovery:discover_packages(prefix_path) using defaults
[0.637s] Level 5:colcon.colcon_core.verb:set package 'robot_types' build argument 'cmake_args' from command line to 'None'
[0.637s] Level 5:colcon.colcon_core.verb:set package 'robot_types' build argument 'cmake_target' from command line to 'None'
[0.637s] Level 5:colcon.colcon_core.verb:set package 'robot_types' build argument 'cmake_target_skip_unavailable' from command line to 'False'
[0.637s] Level 5:colcon.colcon_core.verb:set package 'robot_types' build argument 'cmake_clean_cache' from command line to 'False'
[0.637s] Level 5:colcon.colcon_core.verb:set package 'robot_types' build argument 'cmake_clean_first' from command line to 'False'
[0.637s] Level 5:colcon.colcon_core.verb:set package 'robot_types' build argument 'cmake_force_configure' from command line to 'False'
[0.637s] Level 5:colcon.colcon_core.verb:set package 'robot_types' build argument 'ament_cmake_args' from command line to 'None'
[0.638s] Level 5:colcon.colcon_core.verb:set package 'robot_types' build argument 'catkin_cmake_args' from command line to 'None'
[0.638s] Level 5:colcon.colcon_core.verb:set package 'robot_types' build argument 'catkin_skip_building_tests' from command line to 'False'
[0.638s] DEBUG:colcon.colcon_core.verb:Building package 'robot_types' with the following arguments: {'ament_cmake_args': None, 'build_base': '/home/conner/mechatronics/pid/build/robot_types', 'catkin_cmake_args': None, 'catkin_skip_building_tests': False, 'cmake_args': None, 'cmake_clean_cache': False, 'cmake_clean_first': False, 'cmake_force_configure': False, 'cmake_target': None, 'cmake_target_skip_unavailable': False, 'install_base': '/home/conner/mechatronics/pid/install/robot_types', 'merge_install': False, 'path': '/home/conner/mechatronics/pid/robot_types', 'symlink_install': False, 'test_result_base': None}
[0.639s] Level 5:colcon.colcon_core.verb:set package 'dummy_brain' build argument 'cmake_args' from command line to 'None'
[0.640s] Level 5:colcon.colcon_core.verb:set package 'dummy_brain' build argument 'cmake_target' from command line to 'None'
[0.640s] Level 5:colcon.colcon_core.verb:set package 'dummy_brain' build argument 'cmake_target_skip_unavailable' from command line to 'False'
[0.640s] Level 5:colcon.colcon_core.verb:set package 'dummy_brain' build argument 'cmake_clean_cache' from command line to 'False'
[0.640s] Level 5:colcon.colcon_core.verb:set package 'dummy_brain' build argument 'cmake_clean_first' from command line to 'False'
[0.640s] Level 5:colcon.colcon_core.verb:set package 'dummy_brain' build argument 'cmake_force_configure' from command line to 'False'
[0.640s] Level 5:colcon.colcon_core.verb:set package 'dummy_brain' build argument 'ament_cmake_args' from command line to 'None'
[0.640s] Level 5:colcon.colcon_core.verb:set package 'dummy_brain' build argument 'catkin_cmake_args' from command line to 'None'
[0.640s] Level 5:colcon.colcon_core.verb:set package 'dummy_brain' build argument 'catkin_skip_building_tests' from command line to 'False'
[0.640s] DEBUG:colcon.colcon_core.verb:Building package 'dummy_brain' with the following arguments: {'ament_cmake_args': None, 'build_base': '/home/conner/mechatronics/pid/build/dummy_brain', 'catkin_cmake_args': None, 'catkin_skip_building_tests': False, 'cmake_args': None, 'cmake_clean_cache': False, 'cmake_clean_first': False, 'cmake_force_configure': False, 'cmake_target': None, 'cmake_target_skip_unavailable': False, 'install_base': '/home/conner/mechatronics/pid/install/dummy_brain', 'merge_install': False, 'path': '/home/conner/mechatronics/pid/dummy_brain', 'symlink_install': False, 'test_result_base': None}
[0.642s] Level 5:colcon.colcon_core.verb:set package 'dummy_sensor' build argument 'cmake_args' from command line to 'None'
[0.642s] Level 5:colcon.colcon_core.verb:set package 'dummy_sensor' build argument 'cmake_target' from command line to 'None'
[0.642s] Level 5:colcon.colcon_core.verb:set package 'dummy_sensor' build argument 'cmake_target_skip_unavailable' from command line to 'False'
[0.642s] Level 5:colcon.colcon_core.verb:set package 'dummy_sensor' build argument 'cmake_clean_cache' from command line to 'False'
[0.642s] Level 5:colcon.colcon_core.verb:set package 'dummy_sensor' build argument 'cmake_clean_first' from command line to 'False'
[0.642s] Level 5:colcon.colcon_core.verb:set package 'dummy_sensor' build argument 'cmake_force_configure' from command line to 'False'
[0.642s] Level 5:colcon.colcon_core.verb:set package 'dummy_sensor' build argument 'ament_cmake_args' from command line to 'None'
[0.642s] Level 5:colcon.colcon_core.verb:set package 'dummy_sensor' build argument 'catkin_cmake_args' from command line to 'None'
[0.642s] Level 5:colcon.colcon_core.verb:set package 'dummy_sensor' build argument 'catkin_skip_building_tests' from command line to 'False'
[0.642s] DEBUG:colcon.colcon_core.verb:Building package 'dummy_sensor' with the following arguments: {'ament_cmake_args': None, 'build_base': '/home/conner/mechatronics/pid/build/dummy_sensor', 'catkin_cmake_args': None, 'catkin_skip_building_tests': False, 'cmake_args': None, 'cmake_clean_cache': False, 'cmake_clean_first': False, 'cmake_force_configure': False, 'cmake_target': None, 'cmake_target_skip_unavailable': False, 'install_base': '/home/conner/mechatronics/pid/install/dummy_sensor', 'merge_install': False, 'path': '/home/conner/mechatronics/pid/dummy_sensor', 'symlink_install': False, 'test_result_base': None}
[0.644s] Level 5:colcon.colcon_core.verb:set package 'pid_controller' build argument 'cmake_args' from command line to 'None'
[0.644s] Level 5:colcon.colcon_core.verb:set package 'pid_controller' build argument 'cmake_target' from command line to 'None'
[0.644s] Level 5:colcon.colcon_core.verb:set package 'pid_controller' build argument 'cmake_target_skip_unavailable' from command line to 'False'
[0.644s] Level 5:colcon.colcon_core.verb:set package 'pid_controller' build argument 'cmake_clean_cache' from command line to 'False'
[0.644s] Level 5:colcon.colcon_core.verb:set package 'pid_controller' build argument 'cmake_clean_first' from command line to 'False'
[0.644s] Level 5:colcon.colcon_core.verb:set package 'pid_controller' build argument 'cmake_force_configure' from command line to 'False'
[0.644s] Level 5:colcon.colcon_core.verb:set package 'pid_controller' build argument 'ament_cmake_args' from command line to 'None'
[0.644s] Level 5:colcon.colcon_core.verb:set package 'pid_controller' build argument 'catkin_cmake_args' from command line to 'None'
[0.644s] Level 5:colcon.colcon_core.verb:set package 'pid_controller' build argument 'catkin_skip_building_tests' from command line to 'False'
[0.644s] DEBUG:colcon.colcon_core.verb:Building package 'pid_controller' with the following arguments: {'ament_cmake_args': None, 'build_base': '/home/conner/mechatronics/pid/build/pid_controller', 'catkin_cmake_args': None, 'catkin_skip_building_tests': False, 'cmake_args': None, 'cmake_clean_cache': False, 'cmake_clean_first': False, 'cmake_force_configure': False, 'cmake_target': None, 'cmake_target_skip_unavailable': False, 'install_base': '/home/conner/mechatronics/pid/install/pid_controller', 'merge_install': False, 'path': '/home/conner/mechatronics/pid/pid_controller', 'symlink_install': False, 'test_result_base': None}
[0.645s] INFO:colcon.colcon_core.executor:Executing jobs using 'parallel' executor
[0.651s] DEBUG:colcon.colcon_parallel_executor.executor.parallel:run_until_complete
[0.651s] INFO:colcon.colcon_ros.task.ament_cmake.build:Building ROS package in '/home/conner/mechatronics/pid/robot_types' with build type 'ament_cmake'
[0.652s] INFO:colcon.colcon_cmake.task.cmake.build:Building CMake package in '/home/conner/mechatronics/pid/robot_types'
[0.658s] INFO:colcon.colcon_core.plugin_system:Skipping extension 'colcon_core.shell.bat': Not used on non-Windows systems
[0.658s] INFO:colcon.colcon_core.shell:Skip shell extension 'powershell' for command environment: Not usable outside of PowerShell
[0.659s] DEBUG:colcon.colcon_core.shell:Skip shell extension 'dsv' for command environment
[0.686s] DEBUG:colcon.colcon_core.event_handler.log_command:Invoking command in '/home/conner/mechatronics/pid/build/robot_types': /usr/bin/cmake --build /home/conner/mechatronics/pid/build/robot_types -- -j8 -l8
[1.039s] DEBUG:colcon.colcon_core.event_handler.log_command:Invoked command in '/home/conner/mechatronics/pid/build/robot_types' returned '0': /usr/bin/cmake --build /home/conner/mechatronics/pid/build/robot_types -- -j8 -l8
[1.121s] DEBUG:colcon.colcon_core.event_handler.log_command:Invoking command in '/home/conner/mechatronics/pid/build/robot_types': /usr/bin/cmake --install /home/conner/mechatronics/pid/build/robot_types
[1.222s] Level 1:colcon.colcon_core.environment:create_environment_scripts_only(robot_types)
[1.223s] DEBUG:colcon.colcon_core.event_handler.log_command:Invoked command in '/home/conner/mechatronics/pid/build/robot_types' returned '0': /usr/bin/cmake --install /home/conner/mechatronics/pid/build/robot_types
[1.234s] Level 1:colcon.colcon_core.environment:checking '/home/conner/mechatronics/pid/install/robot_types' for CMake module files
[1.235s] Level 1:colcon.colcon_core.environment:checking '/home/conner/mechatronics/pid/install/robot_types' for CMake config files
[1.235s] Level 1:colcon.colcon_core.shell:create_environment_hook('robot_types', 'cmake_prefix_path')
[1.237s] INFO:colcon.colcon_core.shell:Creating environment hook '/home/conner/mechatronics/pid/install/robot_types/share/robot_types/hook/cmake_prefix_path.ps1'
[1.238s] INFO:colcon.colcon_core.shell:Creating environment descriptor '/home/conner/mechatronics/pid/install/robot_types/share/robot_types/hook/cmake_prefix_path.dsv'
[1.239s] INFO:colcon.colcon_core.shell:Creating environment hook '/home/conner/mechatronics/pid/install/robot_types/share/robot_types/hook/cmake_prefix_path.sh'
[1.241s] Level 1:colcon.colcon_core.environment:checking '/home/conner/mechatronics/pid/install/robot_types/lib'
[1.242s] Level 1:colcon.colcon_core.shell:create_environment_hook('robot_types', 'ld_library_path_lib')
[1.243s] INFO:colcon.colcon_core.shell:Creating environment hook '/home/conner/mechatronics/pid/install/robot_types/share/robot_types/hook/ld_library_path_lib.ps1'
[1.244s] INFO:colcon.colcon_core.shell:Creating environment descriptor '/home/conner/mechatronics/pid/install/robot_types/share/robot_types/hook/ld_library_path_lib.dsv'
[1.245s] INFO:colcon.colcon_core.shell:Creating environment hook '/home/conner/mechatronics/pid/install/robot_types/share/robot_types/hook/ld_library_path_lib.sh'
[1.245s] Level 1:colcon.colcon_core.environment:checking '/home/conner/mechatronics/pid/install/robot_types/bin'
[1.246s] Level 1:colcon.colcon_core.environment:checking '/home/conner/mechatronics/pid/install/robot_types/lib/pkgconfig/robot_types.pc'
[1.247s] Level 1:colcon.colcon_core.environment:checking '/home/conner/mechatronics/pid/install/robot_types/lib/python3.8/site-packages'
[1.247s] Level 1:colcon.colcon_core.shell:create_environment_hook('robot_types', 'pythonpath')
[1.250s] INFO:colcon.colcon_core.shell:Creating environment hook '/home/conner/mechatronics/pid/install/robot_types/share/robot_types/hook/pythonpath.ps1'
[1.251s] INFO:colcon.colcon_core.shell:Creating environment descriptor '/home/conner/mechatronics/pid/install/robot_types/share/robot_types/hook/pythonpath.dsv'
[1.252s] INFO:colcon.colcon_core.shell:Creating environment hook '/home/conner/mechatronics/pid/install/robot_types/share/robot_types/hook/pythonpath.sh'
[1.253s] Level 1:colcon.colcon_core.environment:checking '/home/conner/mechatronics/pid/install/robot_types/bin'
[1.258s] INFO:colcon.colcon_core.shell:Creating package script '/home/conner/mechatronics/pid/install/robot_types/share/robot_types/package.ps1'
[1.260s] INFO:colcon.colcon_core.shell:Creating package descriptor '/home/conner/mechatronics/pid/install/robot_types/share/robot_types/package.dsv'
[1.261s] INFO:colcon.colcon_core.shell:Creating package script '/home/conner/mechatronics/pid/install/robot_types/share/robot_types/package.sh'
[1.263s] INFO:colcon.colcon_core.shell:Creating package script '/home/conner/mechatronics/pid/install/robot_types/share/robot_types/package.bash'
[1.264s] INFO:colcon.colcon_core.shell:Creating package script '/home/conner/mechatronics/pid/install/robot_types/share/robot_types/package.zsh'
[1.265s] Level 1:colcon.colcon_core.environment:create_file_with_runtime_dependencies(/home/conner/mechatronics/pid/install/robot_types/share/colcon-core/packages/robot_types)
[1.350s] Level 1:colcon.colcon_core.environment:create_environment_scripts_only(robot_types)
[1.353s] Level 1:colcon.colcon_core.environment:checking '/home/conner/mechatronics/pid/install/robot_types' for CMake module files
[1.354s] Level 1:colcon.colcon_core.environment:checking '/home/conner/mechatronics/pid/install/robot_types' for CMake config files
[1.355s] Level 1:colcon.colcon_core.shell:create_environment_hook('robot_types', 'cmake_prefix_path')
[1.356s] INFO:colcon.colcon_core.shell:Creating environment hook '/home/conner/mechatronics/pid/install/robot_types/share/robot_types/hook/cmake_prefix_path.ps1'
[1.357s] INFO:colcon.colcon_core.shell:Creating environment descriptor '/home/conner/mechatronics/pid/install/robot_types/share/robot_types/hook/cmake_prefix_path.dsv'
[1.358s] INFO:colcon.colcon_core.shell:Creating environment hook '/home/conner/mechatronics/pid/install/robot_types/share/robot_types/hook/cmake_prefix_path.sh'
[1.359s] Level 1:colcon.colcon_core.environment:checking '/home/conner/mechatronics/pid/install/robot_types/lib'
[1.359s] Level 1:colcon.colcon_core.shell:create_environment_hook('robot_types', 'ld_library_path_lib')
[1.361s] INFO:colcon.colcon_core.shell:Creating environment hook '/home/conner/mechatronics/pid/install/robot_types/share/robot_types/hook/ld_library_path_lib.ps1'
[1.362s] INFO:colcon.colcon_core.shell:Creating environment descriptor '/home/conner/mechatronics/pid/install/robot_types/share/robot_types/hook/ld_library_path_lib.dsv'
[1.363s] INFO:colcon.colcon_core.shell:Creating environment hook '/home/conner/mechatronics/pid/install/robot_types/share/robot_types/hook/ld_library_path_lib.sh'
[1.364s] Level 1:colcon.colcon_core.environment:checking '/home/conner/mechatronics/pid/install/robot_types/bin'
[1.364s] Level 1:colcon.colcon_core.environment:checking '/home/conner/mechatronics/pid/install/robot_types/lib/pkgconfig/robot_types.pc'
[1.365s] Level 1:colcon.colcon_core.environment:checking '/home/conner/mechatronics/pid/install/robot_types/lib/python3.8/site-packages'
[1.365s] Level 1:colcon.colcon_core.shell:create_environment_hook('robot_types', 'pythonpath')
[1.366s] INFO:colcon.colcon_core.shell:Creating environment hook '/home/conner/mechatronics/pid/install/robot_types/share/robot_types/hook/pythonpath.ps1'
[1.367s] INFO:colcon.colcon_core.shell:Creating environment descriptor '/home/conner/mechatronics/pid/install/robot_types/share/robot_types/hook/pythonpath.dsv'
[1.368s] INFO:colcon.colcon_core.shell:Creating environment hook '/home/conner/mechatronics/pid/install/robot_types/share/robot_types/hook/pythonpath.sh'
[1.368s] Level 1:colcon.colcon_core.environment:checking '/home/conner/mechatronics/pid/install/robot_types/bin'
[1.370s] INFO:colcon.colcon_core.shell:Creating package script '/home/conner/mechatronics/pid/install/robot_types/share/robot_types/package.ps1'
[1.371s] INFO:colcon.colcon_core.shell:Creating package descriptor '/home/conner/mechatronics/pid/install/robot_types/share/robot_types/package.dsv'
[1.372s] INFO:colcon.colcon_core.shell:Creating package script '/home/conner/mechatronics/pid/install/robot_types/share/robot_types/package.sh'
[1.373s] INFO:colcon.colcon_core.shell:Creating package script '/home/conner/mechatronics/pid/install/robot_types/share/robot_types/package.bash'
[1.373s] INFO:colcon.colcon_core.shell:Creating package script '/home/conner/mechatronics/pid/install/robot_types/share/robot_types/package.zsh'
[1.374s] Level 1:colcon.colcon_core.environment:create_file_with_runtime_dependencies(/home/conner/mechatronics/pid/install/robot_types/share/colcon-core/packages/robot_types)
[1.375s] INFO:colcon.colcon_ros.task.ament_cmake.build:Building ROS package in '/home/conner/mechatronics/pid/dummy_brain' with build type 'ament_cmake'
[1.377s] INFO:colcon.colcon_cmake.task.cmake.build:Building CMake package in '/home/conner/mechatronics/pid/dummy_brain'
[1.379s] INFO:colcon.colcon_core.shell:Skip shell extension 'powershell' for command environment: Not usable outside of PowerShell
[1.379s] DEBUG:colcon.colcon_core.shell:Skip shell extension 'dsv' for command environment
[1.388s] INFO:colcon.colcon_ros.task.ament_cmake.build:Building ROS package in '/home/conner/mechatronics/pid/dummy_sensor' with build type 'ament_cmake'
[1.389s] INFO:colcon.colcon_cmake.task.cmake.build:Building CMake package in '/home/conner/mechatronics/pid/dummy_sensor'
[1.394s] INFO:colcon.colcon_core.shell:Skip shell extension 'powershell' for command environment: Not usable outside of PowerShell
[1.394s] DEBUG:colcon.colcon_core.shell:Skip shell extension 'dsv' for command environment
[1.406s] INFO:colcon.colcon_ros.task.ament_cmake.build:Building ROS package in '/home/conner/mechatronics/pid/pid_controller' with build type 'ament_cmake'
[1.407s] INFO:colcon.colcon_cmake.task.cmake.build:Building CMake package in '/home/conner/mechatronics/pid/pid_controller'
[1.411s] INFO:colcon.colcon_core.shell:Skip shell extension 'powershell' for command environment: Not usable outside of PowerShell
[1.411s] DEBUG:colcon.colcon_core.shell:Skip shell extension 'dsv' for command environment
[1.689s] DEBUG:colcon.colcon_core.event_handler.log_command:Invoking command in '/home/conner/mechatronics/pid/build/dummy_brain': CMAKE_PREFIX_PATH=/home/conner/mechatronics/pid/install/robot_types:/home/conner/mechatronics/pid/install/pid_controller:/home/conner/mechatronics/pid/install/dummy_sensor:/home/conner/mechatronics/pid/install/dummy_brain /usr/bin/cmake --build /home/conner/mechatronics/pid/build/dummy_brain -- -j8 -l8
[1.711s] DEBUG:colcon.colcon_core.event_handler.log_command:Invoking command in '/home/conner/mechatronics/pid/build/dummy_sensor': CMAKE_PREFIX_PATH=/home/conner/mechatronics/pid/install/robot_types:/home/conner/mechatronics/pid/install/pid_controller:/home/conner/mechatronics/pid/install/dummy_sensor:/home/conner/mechatronics/pid/install/dummy_brain /usr/bin/cmake --build /home/conner/mechatronics/pid/build/dummy_sensor -- -j8 -l8
[1.789s] DEBUG:colcon.colcon_core.event_handler.log_command:Invoking command in '/home/conner/mechatronics/pid/build/pid_controller': CMAKE_PREFIX_PATH=/home/conner/mechatronics/pid/install/robot_types:/home/conner/mechatronics/pid/install/pid_controller:/home/conner/mechatronics/pid/install/dummy_sensor:/home/conner/mechatronics/pid/install/dummy_brain /usr/bin/cmake --build /home/conner/mechatronics/pid/build/pid_controller -- -j8 -l8
[1.840s] DEBUG:colcon.colcon_core.event_handler.log_command:Invoked command in '/home/conner/mechatronics/pid/build/dummy_sensor' returned '0': CMAKE_PREFIX_PATH=/home/conner/mechatronics/pid/install/robot_types:/home/conner/mechatronics/pid/install/pid_controller:/home/conner/mechatronics/pid/install/dummy_sensor:/home/conner/mechatronics/pid/install/dummy_brain /usr/bin/cmake --build /home/conner/mechatronics/pid/build/dummy_sensor -- -j8 -l8
[1.848s] DEBUG:colcon.colcon_core.event_handler.log_command:Invoked command in '/home/conner/mechatronics/pid/build/dummy_brain' returned '0': CMAKE_PREFIX_PATH=/home/conner/mechatronics/pid/install/robot_types:/home/conner/mechatronics/pid/install/pid_controller:/home/conner/mechatronics/pid/install/dummy_sensor:/home/conner/mechatronics/pid/install/dummy_brain /usr/bin/cmake --build /home/conner/mechatronics/pid/build/dummy_brain -- -j8 -l8
[1.894s] DEBUG:colcon.colcon_core.event_handler.log_command:Invoking command in '/home/conner/mechatronics/pid/build/dummy_sensor': CMAKE_PREFIX_PATH=/home/conner/mechatronics/pid/install/robot_types:/home/conner/mechatronics/pid/install/pid_controller:/home/conner/mechatronics/pid/install/dummy_sensor:/home/conner/mechatronics/pid/install/dummy_brain /usr/bin/cmake --install /home/conner/mechatronics/pid/build/dummy_sensor
[1.896s] DEBUG:colcon.colcon_core.event_handler.log_command:Invoking command in '/home/conner/mechatronics/pid/build/dummy_brain': CMAKE_PREFIX_PATH=/home/conner/mechatronics/pid/install/robot_types:/home/conner/mechatronics/pid/install/pid_controller:/home/conner/mechatronics/pid/install/dummy_sensor:/home/conner/mechatronics/pid/install/dummy_brain /usr/bin/cmake --install /home/conner/mechatronics/pid/build/dummy_brain
[1.907s] Level 1:colcon.colcon_core.environment:create_environment_scripts_only(dummy_sensor)
[1.908s] DEBUG:colcon.colcon_core.event_handler.log_command:Invoked command in '/home/conner/mechatronics/pid/build/dummy_sensor' returned '0': CMAKE_PREFIX_PATH=/home/conner/mechatronics/pid/install/robot_types:/home/conner/mechatronics/pid/install/pid_controller:/home/conner/mechatronics/pid/install/dummy_sensor:/home/conner/mechatronics/pid/install/dummy_brain /usr/bin/cmake --install /home/conner/mechatronics/pid/build/dummy_sensor
[1.912s] Level 1:colcon.colcon_core.environment:checking '/home/conner/mechatronics/pid/install/dummy_sensor' for CMake module files
[1.922s] Level 1:colcon.colcon_core.environment:checking '/home/conner/mechatronics/pid/install/dummy_sensor' for CMake config files
[1.923s] Level 1:colcon.colcon_core.shell:create_environment_hook('dummy_sensor', 'cmake_prefix_path')
[1.924s] INFO:colcon.colcon_core.shell:Creating environment hook '/home/conner/mechatronics/pid/install/dummy_sensor/share/dummy_sensor/hook/cmake_prefix_path.ps1'
[1.925s] INFO:colcon.colcon_core.shell:Creating environment descriptor '/home/conner/mechatronics/pid/install/dummy_sensor/share/dummy_sensor/hook/cmake_prefix_path.dsv'
[1.926s] INFO:colcon.colcon_core.shell:Creating environment hook '/home/conner/mechatronics/pid/install/dummy_sensor/share/dummy_sensor/hook/cmake_prefix_path.sh'
[1.927s] Level 1:colcon.colcon_core.environment:checking '/home/conner/mechatronics/pid/install/dummy_sensor/lib'
[1.927s] Level 1:colcon.colcon_core.environment:checking '/home/conner/mechatronics/pid/install/dummy_sensor/bin'
[1.927s] Level 1:colcon.colcon_core.environment:checking '/home/conner/mechatronics/pid/install/dummy_sensor/lib/pkgconfig/dummy_sensor.pc'
[1.928s] Level 1:colcon.colcon_core.environment:checking '/home/conner/mechatronics/pid/install/dummy_sensor/lib/python3.8/site-packages'
[1.929s] Level 1:colcon.colcon_core.environment:checking '/home/conner/mechatronics/pid/install/dummy_sensor/bin'
[1.931s] INFO:colcon.colcon_core.shell:Creating package script '/home/conner/mechatronics/pid/install/dummy_sensor/share/dummy_sensor/package.ps1'
[1.932s] INFO:colcon.colcon_core.shell:Creating package descriptor '/home/conner/mechatronics/pid/install/dummy_sensor/share/dummy_sensor/package.dsv'
[1.933s] INFO:colcon.colcon_core.shell:Creating package script '/home/conner/mechatronics/pid/install/dummy_sensor/share/dummy_sensor/package.sh'
[1.934s] INFO:colcon.colcon_core.shell:Creating package script '/home/conner/mechatronics/pid/install/dummy_sensor/share/dummy_sensor/package.bash'
[1.934s] INFO:colcon.colcon_core.shell:Creating package script '/home/conner/mechatronics/pid/install/dummy_sensor/share/dummy_sensor/package.zsh'
[1.935s] Level 1:colcon.colcon_core.environment:create_file_with_runtime_dependencies(/home/conner/mechatronics/pid/install/dummy_sensor/share/colcon-core/packages/dummy_sensor)
[1.941s] Level 1:colcon.colcon_core.environment:create_environment_scripts_only(dummy_brain)
[1.946s] Level 1:colcon.colcon_core.environment:checking '/home/conner/mechatronics/pid/install/dummy_brain' for CMake module files
[1.948s] DEBUG:colcon.colcon_core.event_handler.log_command:Invoked command in '/home/conner/mechatronics/pid/build/dummy_brain' returned '0': CMAKE_PREFIX_PATH=/home/conner/mechatronics/pid/install/robot_types:/home/conner/mechatronics/pid/install/pid_controller:/home/conner/mechatronics/pid/install/dummy_sensor:/home/conner/mechatronics/pid/install/dummy_brain /usr/bin/cmake --install /home/conner/mechatronics/pid/build/dummy_brain
[1.949s] Level 1:colcon.colcon_core.environment:checking '/home/conner/mechatronics/pid/install/dummy_brain' for CMake config files
[1.949s] Level 1:colcon.colcon_core.shell:create_environment_hook('dummy_brain', 'cmake_prefix_path')
[1.953s] INFO:colcon.colcon_core.shell:Creating environment hook '/home/conner/mechatronics/pid/install/dummy_brain/share/dummy_brain/hook/cmake_prefix_path.ps1'
[1.954s] INFO:colcon.colcon_core.shell:Creating environment descriptor '/home/conner/mechatronics/pid/install/dummy_brain/share/dummy_brain/hook/cmake_prefix_path.dsv'
[1.956s] INFO:colcon.colcon_core.shell:Creating environment hook '/home/conner/mechatronics/pid/install/dummy_brain/share/dummy_brain/hook/cmake_prefix_path.sh'
[1.957s] Level 1:colcon.colcon_core.environment:checking '/home/conner/mechatronics/pid/install/dummy_brain/lib'
[1.958s] Level 1:colcon.colcon_core.environment:checking '/home/conner/mechatronics/pid/install/dummy_brain/bin'
[1.958s] Level 1:colcon.colcon_core.environment:checking '/home/conner/mechatronics/pid/install/dummy_brain/lib/pkgconfig/dummy_brain.pc'
[1.958s] Level 1:colcon.colcon_core.environment:checking '/home/conner/mechatronics/pid/install/dummy_brain/lib/python3.8/site-packages'
[1.959s] Level 1:colcon.colcon_core.environment:checking '/home/conner/mechatronics/pid/install/dummy_brain/bin'
[1.961s] INFO:colcon.colcon_core.shell:Creating package script '/home/conner/mechatronics/pid/install/dummy_brain/share/dummy_brain/package.ps1'
[1.963s] INFO:colcon.colcon_core.shell:Creating package descriptor '/home/conner/mechatronics/pid/install/dummy_brain/share/dummy_brain/package.dsv'
[1.964s] INFO:colcon.colcon_core.shell:Creating package script '/home/conner/mechatronics/pid/install/dummy_brain/share/dummy_brain/package.sh'
[1.965s] INFO:colcon.colcon_core.shell:Creating package script '/home/conner/mechatronics/pid/install/dummy_brain/share/dummy_brain/package.bash'
[1.966s] INFO:colcon.colcon_core.shell:Creating package script '/home/conner/mechatronics/pid/install/dummy_brain/share/dummy_brain/package.zsh'
[1.968s] Level 1:colcon.colcon_core.environment:create_file_with_runtime_dependencies(/home/conner/mechatronics/pid/install/dummy_brain/share/colcon-core/packages/dummy_brain)
[1.978s] Level 1:colcon.colcon_core.environment:create_environment_scripts_only(dummy_sensor)
[1.982s] Level 1:colcon.colcon_core.environment:checking '/home/conner/mechatronics/pid/install/dummy_sensor' for CMake module files
[1.983s] Level 1:colcon.colcon_core.environment:checking '/home/conner/mechatronics/pid/install/dummy_sensor' for CMake config files
[1.984s] Level 1:colcon.colcon_core.shell:create_environment_hook('dummy_sensor', 'cmake_prefix_path')
[1.986s] INFO:colcon.colcon_core.shell:Creating environment hook '/home/conner/mechatronics/pid/install/dummy_sensor/share/dummy_sensor/hook/cmake_prefix_path.ps1'
[1.988s] INFO:colcon.colcon_core.shell:Creating environment descriptor '/home/conner/mechatronics/pid/install/dummy_sensor/share/dummy_sensor/hook/cmake_prefix_path.dsv'
[1.989s] INFO:colcon.colcon_core.shell:Creating environment hook '/home/conner/mechatronics/pid/install/dummy_sensor/share/dummy_sensor/hook/cmake_prefix_path.sh'
[1.990s] Level 1:colcon.colcon_core.environment:checking '/home/conner/mechatronics/pid/install/dummy_sensor/lib'
[1.991s] Level 1:colcon.colcon_core.environment:checking '/home/conner/mechatronics/pid/install/dummy_sensor/bin'
[1.991s] Level 1:colcon.colcon_core.environment:checking '/home/conner/mechatronics/pid/install/dummy_sensor/lib/pkgconfig/dummy_sensor.pc'
[1.991s] Level 1:colcon.colcon_core.environment:checking '/home/conner/mechatronics/pid/install/dummy_sensor/lib/python3.8/site-packages'
[1.992s] Level 1:colcon.colcon_core.environment:checking '/home/conner/mechatronics/pid/install/dummy_sensor/bin'
[1.995s] INFO:colcon.colcon_core.shell:Creating package script '/home/conner/mechatronics/pid/install/dummy_sensor/share/dummy_sensor/package.ps1'
[1.997s] INFO:colcon.colcon_core.shell:Creating package descriptor '/home/conner/mechatronics/pid/install/dummy_sensor/share/dummy_sensor/package.dsv'
[1.999s] INFO:colcon.colcon_core.shell:Creating package script '/home/conner/mechatronics/pid/install/dummy_sensor/share/dummy_sensor/package.sh'
[2.000s] INFO:colcon.colcon_core.shell:Creating package script '/home/conner/mechatronics/pid/install/dummy_sensor/share/dummy_sensor/package.bash'
[2.002s] INFO:colcon.colcon_core.shell:Creating package script '/home/conner/mechatronics/pid/install/dummy_sensor/share/dummy_sensor/package.zsh'
[2.003s] Level 1:colcon.colcon_core.environment:create_file_with_runtime_dependencies(/home/conner/mechatronics/pid/install/dummy_sensor/share/colcon-core/packages/dummy_sensor)
[2.008s] Level 1:colcon.colcon_core.environment:create_environment_scripts_only(dummy_brain)
[2.013s] Level 1:colcon.colcon_core.environment:checking '/home/conner/mechatronics/pid/install/dummy_brain' for CMake module files
[2.016s] Level 1:colcon.colcon_core.environment:checking '/home/conner/mechatronics/pid/install/dummy_brain' for CMake config files
[2.017s] Level 1:colcon.colcon_core.shell:create_environment_hook('dummy_brain', 'cmake_prefix_path')
[2.019s] INFO:colcon.colcon_core.shell:Creating environment hook '/home/conner/mechatronics/pid/install/dummy_brain/share/dummy_brain/hook/cmake_prefix_path.ps1'
[2.020s] INFO:colcon.colcon_core.shell:Creating environment descriptor '/home/conner/mechatronics/pid/install/dummy_brain/share/dummy_brain/hook/cmake_prefix_path.dsv'
[2.021s] INFO:colcon.colcon_core.shell:Creating environment hook '/home/conner/mechatronics/pid/install/dummy_brain/share/dummy_brain/hook/cmake_prefix_path.sh'
[2.022s] Level 1:colcon.colcon_core.environment:checking '/home/conner/mechatronics/pid/install/dummy_brain/lib'
[2.022s] Level 1:colcon.colcon_core.environment:checking '/home/conner/mechatronics/pid/install/dummy_brain/bin'
[2.023s] Level 1:colcon.colcon_core.environment:checking '/home/conner/mechatronics/pid/install/dummy_brain/lib/pkgconfig/dummy_brain.pc'
[2.023s] Level 1:colcon.colcon_core.environment:checking '/home/conner/mechatronics/pid/install/dummy_brain/lib/python3.8/site-packages'
[2.023s] Level 1:colcon.colcon_core.environment:checking '/home/conner/mechatronics/pid/install/dummy_brain/bin'
[2.026s] INFO:colcon.colcon_core.shell:Creating package script '/home/conner/mechatronics/pid/install/dummy_brain/share/dummy_brain/package.ps1'
[2.028s] INFO:colcon.colcon_core.shell:Creating package descriptor '/home/conner/mechatronics/pid/install/dummy_brain/share/dummy_brain/package.dsv'
[2.029s] INFO:colcon.colcon_core.shell:Creating package script '/home/conner/mechatronics/pid/install/dummy_brain/share/dummy_brain/package.sh'
[2.030s] INFO:colcon.colcon_core.shell:Creating package script '/home/conner/mechatronics/pid/install/dummy_brain/share/dummy_brain/package.bash'
[2.032s] INFO:colcon.colcon_core.shell:Creating package script '/home/conner/mechatronics/pid/install/dummy_brain/share/dummy_brain/package.zsh'
[2.033s] Level 1:colcon.colcon_core.environment:create_file_with_runtime_dependencies(/home/conner/mechatronics/pid/install/dummy_brain/share/colcon-core/packages/dummy_brain)
[2.176s] DEBUG:colcon.colcon_core.event_handler.log_command:Invoked command in '/home/conner/mechatronics/pid/build/pid_controller' returned '2': CMAKE_PREFIX_PATH=/home/conner/mechatronics/pid/install/robot_types:/home/conner/mechatronics/pid/install/pid_controller:/home/conner/mechatronics/pid/install/dummy_sensor:/home/conner/mechatronics/pid/install/dummy_brain /usr/bin/cmake --build /home/conner/mechatronics/pid/build/pid_controller -- -j8 -l8
[2.207s] Level 1:colcon.colcon_core.environment:create_environment_scripts_only(pid_controller)
[2.209s] Level 1:colcon.colcon_core.environment:checking '/home/conner/mechatronics/pid/install/pid_controller' for CMake module files
[2.210s] Level 1:colcon.colcon_core.environment:checking '/home/conner/mechatronics/pid/install/pid_controller' for CMake config files
[2.210s] Level 1:colcon.colcon_core.shell:create_environment_hook('pid_controller', 'cmake_prefix_path')
[2.212s] INFO:colcon.colcon_core.shell:Creating environment hook '/home/conner/mechatronics/pid/install/pid_controller/share/pid_controller/hook/cmake_prefix_path.ps1'
[2.213s] INFO:colcon.colcon_core.shell:Creating environment descriptor '/home/conner/mechatronics/pid/install/pid_controller/share/pid_controller/hook/cmake_prefix_path.dsv'
[2.214s] INFO:colcon.colcon_core.shell:Creating environment hook '/home/conner/mechatronics/pid/install/pid_controller/share/pid_controller/hook/cmake_prefix_path.sh'
[2.215s] Level 1:colcon.colcon_core.environment:checking '/home/conner/mechatronics/pid/install/pid_controller/lib'
[2.215s] Level 1:colcon.colcon_core.environment:checking '/home/conner/mechatronics/pid/install/pid_controller/bin'
[2.215s] Level 1:colcon.colcon_core.environment:checking '/home/conner/mechatronics/pid/install/pid_controller/lib/pkgconfig/pid_controller.pc'
[2.216s] Level 1:colcon.colcon_core.environment:checking '/home/conner/mechatronics/pid/install/pid_controller/lib/python3.8/site-packages'
[2.216s] Level 1:colcon.colcon_core.environment:checking '/home/conner/mechatronics/pid/install/pid_controller/bin'
[2.218s] INFO:colcon.colcon_core.shell:Creating package script '/home/conner/mechatronics/pid/install/pid_controller/share/pid_controller/package.ps1'
[2.219s] INFO:colcon.colcon_core.shell:Creating package descriptor '/home/conner/mechatronics/pid/install/pid_controller/share/pid_controller/package.dsv'
[2.219s] INFO:colcon.colcon_core.shell:Creating package script '/home/conner/mechatronics/pid/install/pid_controller/share/pid_controller/package.sh'
[2.220s] INFO:colcon.colcon_core.shell:Creating package script '/home/conner/mechatronics/pid/install/pid_controller/share/pid_controller/package.bash'
[2.221s] INFO:colcon.colcon_core.shell:Creating package script '/home/conner/mechatronics/pid/install/pid_controller/share/pid_controller/package.zsh'
[2.222s] Level 1:colcon.colcon_core.environment:create_file_with_runtime_dependencies(/home/conner/mechatronics/pid/install/pid_controller/share/colcon-core/packages/pid_controller)
[2.245s] DEBUG:colcon.colcon_parallel_executor.executor.parallel:closing loop
[2.248s] DEBUG:colcon.colcon_parallel_executor.executor.parallel:loop closed
[2.248s] DEBUG:colcon.colcon_parallel_executor.executor.parallel:run_until_complete finished with '2'
[2.249s] DEBUG:colcon.colcon_core.event_reactor:joining thread
[2.372s] INFO:colcon.colcon_core.plugin_system:Skipping extension 'colcon_notification.desktop_notification.notify_send': Could not find 'notify-send'
[2.372s] INFO:colcon.colcon_core.plugin_system:Skipping extension 'colcon_notification.desktop_notification.terminal_notifier': Not used on non-Darwin systems
[2.372s] INFO:colcon.colcon_core.plugin_system:Skipping extension 'colcon_notification.desktop_notification.win32': Not used on non-Windows systems
[2.372s] INFO:colcon.colcon_notification.desktop_notification:Sending desktop notification using 'notify2'
[2.385s] DEBUG:colcon.colcon_notification.desktop_notification.notify2:Failed to initialize notify2: org.freedesktop.DBus.Error.ServiceUnknown: The name org.freedesktop.Notifications was not provided by any .service files
[2.385s] DEBUG:colcon.colcon_core.event_reactor:joined thread
[2.387s] INFO:colcon.colcon_core.shell:Creating prefix script '/home/conner/mechatronics/pid/install/local_setup.ps1'
[2.389s] INFO:colcon.colcon_core.shell:Creating prefix util module '/home/conner/mechatronics/pid/install/_local_setup_util_ps1.py'
[2.391s] INFO:colcon.colcon_core.shell:Creating prefix chain script '/home/conner/mechatronics/pid/install/setup.ps1'
[2.393s] INFO:colcon.colcon_core.shell:Creating prefix script '/home/conner/mechatronics/pid/install/local_setup.sh'
[2.394s] INFO:colcon.colcon_core.shell:Creating prefix util module '/home/conner/mechatronics/pid/install/_local_setup_util_sh.py'
[2.395s] INFO:colcon.colcon_core.shell:Creating prefix chain script '/home/conner/mechatronics/pid/install/setup.sh'
[2.397s] INFO:colcon.colcon_core.shell:Creating prefix script '/home/conner/mechatronics/pid/install/local_setup.bash'
[2.398s] INFO:colcon.colcon_core.shell:Creating prefix chain script '/home/conner/mechatronics/pid/install/setup.bash'
[2.400s] INFO:colcon.colcon_core.shell:Creating prefix script '/home/conner/mechatronics/pid/install/local_setup.zsh'
[2.401s] INFO:colcon.colcon_core.shell:Creating prefix chain script '/home/conner/mechatronics/pid/install/setup.zsh'
