[0.690s] Invoking command in '/home/conner/mechatronics/pid/build/pid_controller': CMAKE_PREFIX_PATH=/home/conner/mechatronics/pid/install/robot_types:/home/conner/mechatronics/pid/install/dummy_sensor:/home/conner/mechatronics/pid/install/dummy_brain:/opt/ros/foxy /usr/bin/cmake /home/conner/mechatronics/pid/pid_controller -DCMAKE_INSTALL_PREFIX=/home/conner/mechatronics/pid/install/pid_controller
[1.733s] -- The C compiler identification is GNU 9.4.0
[2.906s] -- The CXX compiler identification is GNU 9.4.0
[3.391s] -- Check for working C compiler: /usr/bin/cc
[3.971s] -- Check for working C compiler: /usr/bin/cc -- works
[3.981s] -- Detecting C compiler ABI info
[4.696s] -- Detecting C compiler ABI info - done
[4.757s] -- Detecting C compile features
[4.760s] -- Detecting C compile features - done
[4.773s] -- Check for working CXX compiler: /usr/bin/c++
[5.288s] -- Check for working CXX compiler: /usr/bin/c++ -- works
[5.292s] -- Detecting CXX compiler ABI info
[5.854s] -- Detecting CXX compiler ABI info - done
[5.892s] -- Detecting CXX compile features
[5.895s] -- Detecting CXX compile features - done
[5.912s] -- Found ament_cmake: 0.9.11 (/opt/ros/foxy/share/ament_cmake/cmake)
[6.001s] -- Found PythonInterp: /usr/bin/python3 (found suitable version "3.8.10", minimum required is "3") 
[6.002s] -- Using PYTHON_EXECUTABLE: /usr/bin/python3
[6.723s] -- Found rclcpp: 2.4.2 (/opt/ros/foxy/share/rclcpp/cmake)
[7.302s] -- Using all available rosidl_typesupport_c: rosidl_typesupport_fastrtps_c;rosidl_typesupport_introspection_c
[7.330s] -- Found rosidl_adapter: 1.3.0 (/opt/ros/foxy/share/rosidl_adapter/cmake)
[10.730s] -- Found OpenSSL: /usr/lib/x86_64-linux-gnu/libcrypto.so (found version "1.1.1f")  
[14.921s] -- Found FastRTPS: /opt/ros/foxy/include  
[23.036s] -- Using all available rosidl_typesupport_cpp: rosidl_typesupport_fastrtps_cpp;rosidl_typesupport_introspection_cpp
[23.176s] -- Found rmw_implementation_cmake: 1.0.3 (/opt/ros/foxy/share/rmw_implementation_cmake/cmake)
[23.182s] -- Using RMW implementation 'rmw_fastrtps_cpp' as default
[23.187s] -- Looking for pthread.h
[23.662s] -- Looking for pthread.h - found
[23.664s] -- Performing Test CMAKE_HAVE_LIBC_PTHREAD
[24.225s] -- Performing Test CMAKE_HAVE_LIBC_PTHREAD - Failed
[24.226s] -- Looking for pthread_create in pthreads
[24.723s] -- Looking for pthread_create in pthreads - not found
[24.724s] -- Looking for pthread_create in pthread
[25.202s] -- Looking for pthread_create in pthread - found
[25.204s] -- Found Threads: TRUE  
[25.695s] -- Found robot_types: 0.0.0 (/home/conner/mechatronics/pid/install/robot_types/share/robot_types/cmake)
[25.883s] -- Configuring done
[25.887s] CMake Error at CMakeLists.txt:19 (add_executable):
[25.887s]   Cannot find source file:
[25.888s] 
[25.888s]     src/dummy_sensor.cpp
[25.889s] 
[25.889s]   Tried extensions .c .C .c++ .cc .cpp .cxx .cu .m .M .mm .h .hh .h++ .hm
[25.890s]   .hpp .hxx .in .txx
[25.890s] 
[25.892s] 
[25.892s] CMake Error at CMakeLists.txt:19 (add_executable):
[25.892s]   No SOURCES given to target: pid_controller
[25.892s] 
[25.893s] 
[25.893s] CMake Generate step failed.  Build files cannot be regenerated correctly.
[25.926s] Invoked command in '/home/conner/mechatronics/pid/build/pid_controller' returned '1': CMAKE_PREFIX_PATH=/home/conner/mechatronics/pid/install/robot_types:/home/conner/mechatronics/pid/install/dummy_sensor:/home/conner/mechatronics/pid/install/dummy_brain:/opt/ros/foxy /usr/bin/cmake /home/conner/mechatronics/pid/pid_controller -DCMAKE_INSTALL_PREFIX=/home/conner/mechatronics/pid/install/pid_controller
