-- Found ament_cmake: 0.9.11 (/opt/ros/foxy/share/ament_cmake/cmake)
-- Using PYTHON_EXECUTABLE: /usr/bin/python3
-- Found rclcpp: 2.4.2 (/opt/ros/foxy/share/rclcpp/cmake)
-- Using all available rosidl_typesupport_c: rosidl_typesupport_fastrtps_c;rosidl_typesupport_introspection_c
-- Found rosidl_adapter: 1.3.0 (/opt/ros/foxy/share/rosidl_adapter/cmake)
-- Using all available rosidl_typesupport_cpp: rosidl_typesupport_fastrtps_cpp;rosidl_typesupport_introspection_cpp
-- Found rmw_implementation_cmake: 1.0.3 (/opt/ros/foxy/share/rmw_implementation_cmake/cmake)
-- Using RMW implementation 'rmw_fastrtps_cpp' as default
-- Found robot_types: 0.0.0 (/home/conner/mechatronics/pid/install/robot_types/share/robot_types/cmake)
-- Configuring done
-- Generating done
-- Build files have been written to: /home/conner/mechatronics/pid/build/pid_controller
[35m[1mScanning dependencies of target pid_controller[0m
[ 20%] [32mBuilding CXX object CMakeFiles/pid_controller.dir/src/pid_controller.cpp.o[0m
[ 40%] [32mBuilding CXX object CMakeFiles/pid_controller.dir/src/pid_params.cpp.o[0m
[ 60%] [32mBuilding CXX object CMakeFiles/pid_controller.dir/src/scion_pid_controller.cpp.o[0m
[ 80%] [32mBuilding CXX object CMakeFiles/pid_controller.dir/src/pid_controller_node.cpp.o[0m
In file included from [01m[K/home/conner/mechatronics/pid/pid_controller/include/scion_pid_controller.hpp:8[m[K,
                 from [01m[K/home/conner/mechatronics/pid/pid_controller/src/scion_pid_controller.cpp:1[m[K:
/home/conner/mechatronics/pid/pid_controller/include/../../helpers/vector_operations.hpp: In instantiation of ‘[01m[Kstd::vector<T> operator*(std::vector<std::vector<T> >, const std::vector<T>&) [with T = double][m[K’:
[01m[K/home/conner/mechatronics/pid/pid_controller/src/scion_pid_controller.cpp:140:60:[m[K   required from here
[01m[K/home/conner/mechatronics/pid/pid_controller/include/../../helpers/vector_operations.hpp:125:28:[m[K [01;35m[Kwarning: [m[Kcomparison of integer expressions of different signedness: ‘[01m[Kint[m[K’ and ‘[01m[Kstd::vector<double>::size_type[m[K’ {aka ‘[01m[Klong unsigned int[m[K’} [[01;35m[K-Wsign-compare[m[K]
  125 |         for (auto i = 0; i < rhs.size(); i++)
[100%] [32m[1mLinking CXX executable pid_controller[0m
/usr/bin/ld: CMakeFiles/pid_controller.dir/src/scion_pid_controller.cpp.o: in function `main':
scion_pid_controller.cpp:(.text+0x2230): multiple definition of `main'; CMakeFiles/pid_controller.dir/src/pid_controller_node.cpp.o:pid_controller_node.cpp:(.text+0x180): first defined here
collect2: error: ld returned 1 exit status
make[2]: *** [CMakeFiles/pid_controller.dir/build.make:181: pid_controller] Error 1
make[1]: *** [CMakeFiles/Makefile2:78: CMakeFiles/pid_controller.dir/all] Error 2
make: *** [Makefile:141: all] Error 2
