[0.356s] Invoking command in '/home/conner/mechatronics/pid/build/pid_controller': CMAKE_PREFIX_PATH=/home/conner/mechatronics/pid/install/robot_types:/home/conner/mechatronics/pid/install/pid_controller:/home/conner/mechatronics/pid/install/dummy_sensor:/home/conner/mechatronics/pid/install/dummy_brain:/opt/ros/foxy LD_LIBRARY_PATH=/home/conner/mechatronics/pid/install/robot_types/lib:/opt/ros/foxy/opt/yaml_cpp_vendor/lib:/opt/ros/foxy/opt/rviz_ogre_vendor/lib:/opt/ros/foxy/lib/x86_64-linux-gnu:/opt/ros/foxy/lib PYTHONPATH=/home/conner/mechatronics/pid/install/robot_types/lib/python3.8/site-packages:/opt/ros/foxy/lib/python3.8/site-packages /usr/bin/cmake --build /home/conner/mechatronics/pid/build/pid_controller -- -j8 -l8
[0.457s] -- Found ament_cmake: 0.9.11 (/opt/ros/foxy/share/ament_cmake/cmake)
[0.498s] -- Using PYTHON_EXECUTABLE: /usr/bin/python3
[0.893s] -- Found rclcpp: 2.4.2 (/opt/ros/foxy/share/rclcpp/cmake)
[1.569s] -- Using all available rosidl_typesupport_c: rosidl_typesupport_fastrtps_c;rosidl_typesupport_introspection_c
[1.578s] -- Found rosidl_adapter: 1.3.0 (/opt/ros/foxy/share/rosidl_adapter/cmake)
[12.310s] -- Using all available rosidl_typesupport_cpp: rosidl_typesupport_fastrtps_cpp;rosidl_typesupport_introspection_cpp
[12.398s] -- Found rmw_implementation_cmake: 1.0.3 (/opt/ros/foxy/share/rmw_implementation_cmake/cmake)
[12.402s] -- Using RMW implementation 'rmw_fastrtps_cpp' as default
[12.596s] -- Found robot_types: 0.0.0 (/home/conner/mechatronics/pid/install/robot_types/share/robot_types/cmake)
[12.706s] -- Configuring done
[12.745s] -- Generating done
[12.753s] -- Build files have been written to: /home/conner/mechatronics/pid/build/pid_controller
[12.814s] [35m[1mScanning dependencies of target pid_controller[0m
[12.885s] [ 20%] [32mBuilding CXX object CMakeFiles/pid_controller.dir/src/pid_controller.cpp.o[0m
[12.890s] [ 40%] [32mBuilding CXX object CMakeFiles/pid_controller.dir/src/pid_params.cpp.o[0m
[12.891s] [ 60%] [32mBuilding CXX object CMakeFiles/pid_controller.dir/src/scion_pid_controller.cpp.o[0m
[12.892s] [ 80%] [32mBuilding CXX object CMakeFiles/pid_controller.dir/src/pid_controller_node.cpp.o[0m
[14.220s] In file included from [01m[K/home/conner/mechatronics/pid/pid_controller/include/scion_pid_controller.hpp:8[m[K,
[14.220s]                  from [01m[K/home/conner/mechatronics/pid/pid_controller/src/scion_pid_controller.cpp:1[m[K:
[14.220s] /home/conner/mechatronics/pid/pid_controller/include/../../helpers/vector_operations.hpp: In instantiation of ‘[01m[Kstd::vector<T> operator*(std::vector<std::vector<T> >, const std::vector<T>&) [with T = double][m[K’:
[14.221s] [01m[K/home/conner/mechatronics/pid/pid_controller/src/scion_pid_controller.cpp:140:60:[m[K   required from here
[14.221s] [01m[K/home/conner/mechatronics/pid/pid_controller/include/../../helpers/vector_operations.hpp:125:28:[m[K [01;35m[Kwarning: [m[Kcomparison of integer expressions of different signedness: ‘[01m[Kint[m[K’ and ‘[01m[Kstd::vector<double>::size_type[m[K’ {aka ‘[01m[Klong unsigned int[m[K’} [[01;35m[K-Wsign-compare[m[K]
[14.222s]   125 |         for (auto i = 0; i < rhs.size(); i++)
[22.032s] [100%] [32m[1mLinking CXX executable pid_controller[0m
[22.765s] /usr/bin/ld: CMakeFiles/pid_controller.dir/src/scion_pid_controller.cpp.o: in function `main':
[22.766s] scion_pid_controller.cpp:(.text+0x2230): multiple definition of `main'; CMakeFiles/pid_controller.dir/src/pid_controller_node.cpp.o:pid_controller_node.cpp:(.text+0x180): first defined here
[22.769s] collect2: error: ld returned 1 exit status
[22.772s] make[2]: *** [CMakeFiles/pid_controller.dir/build.make:181: pid_controller] Error 1
[22.773s] make[1]: *** [CMakeFiles/Makefile2:78: CMakeFiles/pid_controller.dir/all] Error 2
[22.773s] make: *** [Makefile:141: all] Error 2
[22.784s] Invoked command in '/home/conner/mechatronics/pid/build/pid_controller' returned '2': CMAKE_PREFIX_PATH=/home/conner/mechatronics/pid/install/robot_types:/home/conner/mechatronics/pid/install/pid_controller:/home/conner/mechatronics/pid/install/dummy_sensor:/home/conner/mechatronics/pid/install/dummy_brain:/opt/ros/foxy LD_LIBRARY_PATH=/home/conner/mechatronics/pid/install/robot_types/lib:/opt/ros/foxy/opt/yaml_cpp_vendor/lib:/opt/ros/foxy/opt/rviz_ogre_vendor/lib:/opt/ros/foxy/lib/x86_64-linux-gnu:/opt/ros/foxy/lib PYTHONPATH=/home/conner/mechatronics/pid/install/robot_types/lib/python3.8/site-packages:/opt/ros/foxy/lib/python3.8/site-packages /usr/bin/cmake --build /home/conner/mechatronics/pid/build/pid_controller -- -j8 -l8
