[35m[1mScanning dependencies of target pid_controller[0m
[ 50%] [32mBuilding CXX object CMakeFiles/pid_controller.dir/src/pid_controller.cpp.o[0m
[01m[K/home/conner/mechatronics/pid/pid_controller/src/pid_controller.cpp:[m[K In member function ‘[01m[Kvoid Controller::position_sensor_callback(robot_types::msg::Position_<std::allocator<void> >::SharedPtr) const[m[K’:
[01m[K/home/conner/mechatronics/pid/pid_controller/src/pid_controller.cpp:49:42:[m[K [01;31m[Kerror: [m[Kpassing ‘[01m[Kconst Controller[m[K’ as ‘[01m[Kthis[m[K’ argument discards qualifiers [[01;31m[K-fpermissive[m[K]
   49 |          printVector(msg->position_vector[01;31m[K)[m[K;
      |                                          [01;31m[K^[m[K
[01m[K/home/conner/mechatronics/pid/pid_controller/src/pid_controller.cpp:64:10:[m[K [01;36m[Knote: [m[K  in call to ‘[01m[Kvoid Controller::printVector(std::vector<int>)[m[K’
   64 |     void [01;36m[KprintVector[m[K(vector<int> intVector)
      |          [01;36m[K^~~~~~~~~~~[m[K
[01m[K/home/conner/mechatronics/pid/pid_controller/src/pid_controller.cpp:51:84:[m[K [01;31m[Kerror: [m[Kpassing ‘[01m[Kconst Controller[m[K’ as ‘[01m[Kthis[m[K’ argument discards qualifiers [[01;31m[K-fpermissive[m[K]
   51 |          printVector(getError(this->current_desired_position_, msg->position_vector[01;31m[K)[m[K);
      |                                                                                    [01;31m[K^[m[K
[01m[K/home/conner/mechatronics/pid/pid_controller/src/pid_controller.cpp:72:17:[m[K [01;36m[Knote: [m[K  in call to ‘[01m[Kstd::vector<int> Controller::getError(std::vector<int>, std::vector<int>)[m[K’
   72 |     vector<int> [01;36m[KgetError[m[K(vector<int> desired_position, vector<int> current_position)
      |                 [01;36m[K^~~~~~~~[m[K
[01m[K/home/conner/mechatronics/pid/pid_controller/src/pid_controller.cpp:51:85:[m[K [01;31m[Kerror: [m[Kpassing ‘[01m[Kconst Controller[m[K’ as ‘[01m[Kthis[m[K’ argument discards qualifiers [[01;31m[K-fpermissive[m[K]
   51 |          printVector(getError(this->current_desired_position_, msg->position_vector)[01;31m[K)[m[K;
      |                                                                                     [01;31m[K^[m[K
[01m[K/home/conner/mechatronics/pid/pid_controller/src/pid_controller.cpp:64:10:[m[K [01;36m[Knote: [m[K  in call to ‘[01m[Kvoid Controller::printVector(std::vector<int>)[m[K’
   64 |     void [01;36m[KprintVector[m[K(vector<int> intVector)
      |          [01;36m[K^~~~~~~~~~~[m[K
[01m[K/home/conner/mechatronics/pid/pid_controller/src/pid_controller.cpp:[m[K In member function ‘[01m[Kvoid Controller::desired_position_callback(robot_types::msg::Position_<std::allocator<void> >::SharedPtr) const[m[K’:
[01m[K/home/conner/mechatronics/pid/pid_controller/src/pid_controller.cpp:60:42:[m[K [01;31m[Kerror: [m[Kpassing ‘[01m[Kconst Controller[m[K’ as ‘[01m[Kthis[m[K’ argument discards qualifiers [[01;31m[K-fpermissive[m[K]
   60 |          printVector(msg->position_vector[01;31m[K)[m[K;
      |                                          [01;31m[K^[m[K
[01m[K/home/conner/mechatronics/pid/pid_controller/src/pid_controller.cpp:64:10:[m[K [01;36m[Knote: [m[K  in call to ‘[01m[Kvoid Controller::printVector(std::vector<int>)[m[K’
   64 |     void [01;36m[KprintVector[m[K(vector<int> intVector)
      |          [01;36m[K^~~~~~~~~~~[m[K
[01m[K/home/conner/mechatronics/pid/pid_controller/src/pid_controller.cpp:61:49:[m[K [01;31m[Kerror: [m[Kpassing ‘[01m[Kconst std::vector<int>[m[K’ as ‘[01m[Kthis[m[K’ argument discards qualifiers [[01;31m[K-fpermissive[m[K]
   61 |          this->current_desired_position_ = msg->[01;31m[Kposition_vector[m[K;
      |                                                 [01;31m[K^~~~~~~~~~~~~~~[m[K
In file included from [01m[K/usr/include/c++/9/vector:72[m[K,
                 from [01m[K/home/conner/mechatronics/pid/pid_controller/src/pid_controller.cpp:8[m[K:
[01m[K/usr/include/c++/9/bits/vector.tcc:198:5:[m[K [01;36m[Knote: [m[K  in call to ‘[01m[Kstd::vector<_Tp, _Alloc>& std::vector<_Tp, _Alloc>::operator=(const std::vector<_Tp, _Alloc>&) [with _Tp = int; _Alloc = std::allocator<int>][m[K’
  198 |     [01;36m[Kvector<_Tp, _Alloc>[m[K::
      |     [01;36m[K^~~~~~~~~~~~~~~~~~~[m[K
make[2]: *** [CMakeFiles/pid_controller.dir/build.make:63: CMakeFiles/pid_controller.dir/src/pid_controller.cpp.o] Error 1
make[1]: *** [CMakeFiles/Makefile2:78: CMakeFiles/pid_controller.dir/all] Error 2
make: *** [Makefile:141: all] Error 2
