-- Found ament_cmake: 0.9.11 (/opt/ros/foxy/share/ament_cmake/cmake)
-- Using PYTHON_EXECUTABLE: /usr/bin/python3
-- Found rclcpp: 2.4.2 (/opt/ros/foxy/share/rclcpp/cmake)
-- Using all available rosidl_typesupport_c: rosidl_typesupport_fastrtps_c;rosidl_typesupport_introspection_c
-- Found rosidl_adapter: 1.3.0 (/opt/ros/foxy/share/rosidl_adapter/cmake)
-- Using all available rosidl_typesupport_cpp: rosidl_typesupport_fastrtps_cpp;rosidl_typesupport_introspection_cpp
-- Found rmw_implementation_cmake: 1.0.3 (/opt/ros/foxy/share/rmw_implementation_cmake/cmake)
-- Using RMW implementation 'rmw_fastrtps_cpp' as default
-- Found robot_types: 0.0.0 (/home/conner/mechatronics/pid/install/robot_types/share/robot_types/cmake)
-- Configuring done
-- Generating done
-- Build files have been written to: /home/conner/mechatronics/pid/pid_controller/build/pid_controller
[35m[1mScanning dependencies of target pid_controller[0m
[ 50%] [32mBuilding CXX object CMakeFiles/pid_controller.dir/src/pid_controller_node.cpp.o[0m
[100%] [32m[1mLinking CXX executable pid_controller[0m
[100%] Built target pid_controller
-- Install configuration: ""
-- Installing: /home/conner/mechatronics/pid/pid_controller/install/pid_controller/lib/pid_controller/pid_controller
-- Set runtime path of "/home/conner/mechatronics/pid/pid_controller/install/pid_controller/lib/pid_controller/pid_controller" to ""
-- Installing: /home/conner/mechatronics/pid/pid_controller/install/pid_controller/share/ament_index/resource_index/package_run_dependencies/pid_controller
-- Installing: /home/conner/mechatronics/pid/pid_controller/install/pid_controller/share/ament_index/resource_index/parent_prefix_path/pid_controller
-- Installing: /home/conner/mechatronics/pid/pid_controller/install/pid_controller/share/pid_controller/environment/ament_prefix_path.sh
-- Installing: /home/conner/mechatronics/pid/pid_controller/install/pid_controller/share/pid_controller/environment/ament_prefix_path.dsv
-- Installing: /home/conner/mechatronics/pid/pid_controller/install/pid_controller/share/pid_controller/environment/path.sh
-- Installing: /home/conner/mechatronics/pid/pid_controller/install/pid_controller/share/pid_controller/environment/path.dsv
-- Installing: /home/conner/mechatronics/pid/pid_controller/install/pid_controller/share/pid_controller/local_setup.bash
-- Installing: /home/conner/mechatronics/pid/pid_controller/install/pid_controller/share/pid_controller/local_setup.sh
-- Installing: /home/conner/mechatronics/pid/pid_controller/install/pid_controller/share/pid_controller/local_setup.zsh
-- Installing: /home/conner/mechatronics/pid/pid_controller/install/pid_controller/share/pid_controller/local_setup.dsv
-- Installing: /home/conner/mechatronics/pid/pid_controller/install/pid_controller/share/pid_controller/package.dsv
-- Installing: /home/conner/mechatronics/pid/pid_controller/install/pid_controller/share/ament_index/resource_index/packages/pid_controller
-- Installing: /home/conner/mechatronics/pid/pid_controller/install/pid_controller/share/pid_controller/cmake/pid_controllerConfig.cmake
-- Installing: /home/conner/mechatronics/pid/pid_controller/install/pid_controller/share/pid_controller/cmake/pid_controllerConfig-version.cmake
-- Installing: /home/conner/mechatronics/pid/pid_controller/install/pid_controller/share/pid_controller/package.xml
