[0.047s] Invoking command in '/home/conner/mechatronics/pid/pid_controller/build/pid_controller': CMAKE_PREFIX_PATH=${CMAKE_PREFIX_PATH}:/opt/ros/foxy /usr/bin/cmake /home/conner/mechatronics/pid/pid_controller -DCMAKE_INSTALL_PREFIX=/home/conner/mechatronics/pid/pid_controller/install/pid_controller
[0.070s] -- Found ament_cmake: 0.9.11 (/opt/ros/foxy/share/ament_cmake/cmake)
[0.104s] -- Using PYTHON_EXECUTABLE: /usr/bin/python3
[0.393s] -- Found rclcpp: 2.4.2 (/opt/ros/foxy/share/rclcpp/cmake)
[0.777s] -- Using all available rosidl_typesupport_c: rosidl_typesupport_fastrtps_c;rosidl_typesupport_introspection_c
[0.785s] -- Found rosidl_adapter: 1.3.0 (/opt/ros/foxy/share/rosidl_adapter/cmake)
[11.202s] -- Using all available rosidl_typesupport_cpp: rosidl_typesupport_fastrtps_cpp;rosidl_typesupport_introspection_cpp
[11.260s] -- Found rmw_implementation_cmake: 1.0.3 (/opt/ros/foxy/share/rmw_implementation_cmake/cmake)
[11.263s] -- Using RMW implementation 'rmw_fastrtps_cpp' as default
[11.437s] -- Found robot_types: 0.0.0 (/home/conner/mechatronics/pid/install/robot_types/share/robot_types/cmake)
[11.535s] -- Configuring done
[11.562s] -- Generating done
[11.566s] -- Build files have been written to: /home/conner/mechatronics/pid/pid_controller/build/pid_controller
[11.582s] Invoked command in '/home/conner/mechatronics/pid/pid_controller/build/pid_controller' returned '0': CMAKE_PREFIX_PATH=${CMAKE_PREFIX_PATH}:/opt/ros/foxy /usr/bin/cmake /home/conner/mechatronics/pid/pid_controller -DCMAKE_INSTALL_PREFIX=/home/conner/mechatronics/pid/pid_controller/install/pid_controller
[11.586s] Invoking command in '/home/conner/mechatronics/pid/pid_controller/build/pid_controller': CMAKE_PREFIX_PATH=${CMAKE_PREFIX_PATH}:/opt/ros/foxy /usr/bin/cmake --build /home/conner/mechatronics/pid/pid_controller/build/pid_controller -- -j8 -l8
[11.655s] [35m[1mScanning dependencies of target pid_controller[0m
[11.886s] [ 50%] [32mBuilding CXX object CMakeFiles/pid_controller.dir/src/pid_controller_node.cpp.o[0m
[19.876s] [100%] [32m[1mLinking CXX executable pid_controller[0m
[20.514s] [100%] Built target pid_controller
[20.536s] Invoked command in '/home/conner/mechatronics/pid/pid_controller/build/pid_controller' returned '0': CMAKE_PREFIX_PATH=${CMAKE_PREFIX_PATH}:/opt/ros/foxy /usr/bin/cmake --build /home/conner/mechatronics/pid/pid_controller/build/pid_controller -- -j8 -l8
[20.600s] Invoking command in '/home/conner/mechatronics/pid/pid_controller/build/pid_controller': CMAKE_PREFIX_PATH=${CMAKE_PREFIX_PATH}:/opt/ros/foxy /usr/bin/cmake --install /home/conner/mechatronics/pid/pid_controller/build/pid_controller
[20.613s] -- Install configuration: ""
[20.615s] -- Installing: /home/conner/mechatronics/pid/pid_controller/install/pid_controller/lib/pid_controller/pid_controller
[20.620s] -- Set runtime path of "/home/conner/mechatronics/pid/pid_controller/install/pid_controller/lib/pid_controller/pid_controller" to ""
[20.621s] -- Installing: /home/conner/mechatronics/pid/pid_controller/install/pid_controller/share/ament_index/resource_index/package_run_dependencies/pid_controller
[20.622s] -- Installing: /home/conner/mechatronics/pid/pid_controller/install/pid_controller/share/ament_index/resource_index/parent_prefix_path/pid_controller
[20.623s] -- Installing: /home/conner/mechatronics/pid/pid_controller/install/pid_controller/share/pid_controller/environment/ament_prefix_path.sh
[20.623s] -- Installing: /home/conner/mechatronics/pid/pid_controller/install/pid_controller/share/pid_controller/environment/ament_prefix_path.dsv
[20.623s] -- Installing: /home/conner/mechatronics/pid/pid_controller/install/pid_controller/share/pid_controller/environment/path.sh
[20.624s] -- Installing: /home/conner/mechatronics/pid/pid_controller/install/pid_controller/share/pid_controller/environment/path.dsv
[20.624s] -- Installing: /home/conner/mechatronics/pid/pid_controller/install/pid_controller/share/pid_controller/local_setup.bash
[20.625s] -- Installing: /home/conner/mechatronics/pid/pid_controller/install/pid_controller/share/pid_controller/local_setup.sh
[20.625s] -- Installing: /home/conner/mechatronics/pid/pid_controller/install/pid_controller/share/pid_controller/local_setup.zsh
[20.626s] -- Installing: /home/conner/mechatronics/pid/pid_controller/install/pid_controller/share/pid_controller/local_setup.dsv
[20.627s] -- Installing: /home/conner/mechatronics/pid/pid_controller/install/pid_controller/share/pid_controller/package.dsv
[20.627s] -- Installing: /home/conner/mechatronics/pid/pid_controller/install/pid_controller/share/ament_index/resource_index/packages/pid_controller
[20.628s] -- Installing: /home/conner/mechatronics/pid/pid_controller/install/pid_controller/share/pid_controller/cmake/pid_controllerConfig.cmake
[20.629s] -- Installing: /home/conner/mechatronics/pid/pid_controller/install/pid_controller/share/pid_controller/cmake/pid_controllerConfig-version.cmake
[20.629s] -- Installing: /home/conner/mechatronics/pid/pid_controller/install/pid_controller/share/pid_controller/package.xml
[20.637s] Invoked command in '/home/conner/mechatronics/pid/pid_controller/build/pid_controller' returned '0': CMAKE_PREFIX_PATH=${CMAKE_PREFIX_PATH}:/opt/ros/foxy /usr/bin/cmake --install /home/conner/mechatronics/pid/pid_controller/build/pid_controller
