[0.043s] Invoking command in '/home/conner/mechatronics/pid/build/robot_types': CMAKE_PREFIX_PATH=${CMAKE_PREFIX_PATH}:/opt/ros/foxy /usr/bin/cmake --build /home/conner/mechatronics/pid/build/robot_types -- -j8 -l8
[0.065s] -- Found ament_cmake: 0.9.11 (/opt/ros/foxy/share/ament_cmake/cmake)
[0.121s] -- Found PythonInterp: /usr/bin/python3 (found suitable version "3.8.10", minimum required is "3") 
[0.121s] -- Using PYTHON_EXECUTABLE: /usr/bin/python3
[0.356s] -- Found rosidl_default_generators: 1.0.1 (/opt/ros/foxy/share/rosidl_default_generators/cmake)
[0.358s] -- Using all available rosidl_typesupport_c: rosidl_typesupport_fastrtps_c;rosidl_typesupport_introspection_c
[0.363s] -- Found rosidl_adapter: 1.3.0 (/opt/ros/foxy/share/rosidl_adapter/cmake)
[3.800s] -- Using all available rosidl_typesupport_cpp: rosidl_typesupport_fastrtps_cpp;rosidl_typesupport_introspection_cpp
[3.845s] -- Found PythonInterp: /usr/bin/python3 (found version "3.8.10") 
[4.007s] -- Found ament_cmake_ros: 0.9.2 (/opt/ros/foxy/share/ament_cmake_ros/cmake)
[7.513s] -- Using all available rosidl_typesupport_c: rosidl_typesupport_fastrtps_c;rosidl_typesupport_introspection_c
[7.527s] -- Using all available rosidl_typesupport_cpp: rosidl_typesupport_fastrtps_cpp;rosidl_typesupport_introspection_cpp
[7.553s] -- Found PythonInterp: /usr/bin/python3 (found suitable version "3.8.10", minimum required is "3.5") 
[7.556s] -- Found python_cmake_module: 0.8.1 (/opt/ros/foxy/share/python_cmake_module/cmake)
[7.588s] -- Using PYTHON_EXECUTABLE: /usr/bin/python3
[7.588s] -- Using PYTHON_INCLUDE_DIRS: /usr/include/python3.8
[7.589s] -- Using PYTHON_LIBRARIES: /usr/lib/x86_64-linux-gnu/libpython3.8.so
[7.643s] -- Configuring done
[7.765s] -- Generating done
[7.777s] -- Build files have been written to: /home/conner/mechatronics/pid/build/robot_types
[7.808s] [  3%] [34m[1mGenerating C code for ROS interfaces[0m
[7.822s] [  6%] [34m[1mGenerating C++ code for ROS interfaces[0m
[8.080s] [  6%] Built target robot_types__cpp
[8.096s] [ 12%] [34m[1mGenerating C++ introspection for ROS interfaces[0m
[8.096s] [ 12%] [34m[1mGenerating C++ type support for eProsima Fast-RTPS[0m
[8.098s] [ 16%] [34m[1mGenerating C++ type support dispatch for ROS interfaces[0m
[8.102s] [35m[1mScanning dependencies of target robot_types__rosidl_generator_c[0m
[8.128s] [ 19%] [32mBuilding C object CMakeFiles/robot_types__rosidl_generator_c.dir/rosidl_generator_c/robot_types/msg/detail/position__functions.c.o[0m
[8.425s] [35m[1mScanning dependencies of target robot_types__rosidl_typesupport_cpp[0m
[8.427s] [35m[1mScanning dependencies of target robot_types__rosidl_typesupport_introspection_cpp[0m
[8.444s] [ 22%] [32mBuilding CXX object CMakeFiles/robot_types__rosidl_typesupport_cpp.dir/rosidl_typesupport_cpp/robot_types/msg/position__type_support.cpp.o[0m
[8.448s] [ 25%] [32mBuilding CXX object CMakeFiles/robot_types__rosidl_typesupport_introspection_cpp.dir/rosidl_typesupport_introspection_cpp/robot_types/msg/detail/position__type_support.cpp.o[0m
[8.466s] [35m[1mScanning dependencies of target robot_types__rosidl_typesupport_fastrtps_cpp[0m
[8.484s] [ 29%] [32mBuilding CXX object CMakeFiles/robot_types__rosidl_typesupport_fastrtps_cpp.dir/rosidl_typesupport_fastrtps_cpp/robot_types/msg/detail/dds_fastrtps/position__type_support.cpp.o[0m
[8.554s] [ 32%] [32m[1mLinking C shared library librobot_types__rosidl_generator_c.so[0m
[8.714s] [ 32%] Built target robot_types__rosidl_generator_c
[8.728s] [ 38%] [34m[1mGenerating C type support dispatch for ROS interfaces[0m
[8.728s] [ 38%] [34m[1mGenerating C introspection for ROS interfaces[0m
[9.077s] [35m[1mScanning dependencies of target robot_types__rosidl_typesupport_c[0m
[9.096s] [ 41%] [32mBuilding CXX object CMakeFiles/robot_types__rosidl_typesupport_c.dir/rosidl_typesupport_c/robot_types/msg/position__type_support.cpp.o[0m
[9.126s] [35m[1mScanning dependencies of target robot_types__rosidl_typesupport_introspection_c[0m
[9.143s] [ 45%] [32mBuilding C object CMakeFiles/robot_types__rosidl_typesupport_introspection_c.dir/rosidl_typesupport_introspection_c/robot_types/msg/detail/position__type_support.c.o[0m
[9.209s] [ 48%] [32m[1mLinking C shared library librobot_types__rosidl_typesupport_introspection_c.so[0m
[9.240s] [ 51%] [32m[1mLinking CXX shared library librobot_types__rosidl_typesupport_c.so[0m
[9.242s] [ 54%] [32m[1mLinking CXX shared library librobot_types__rosidl_typesupport_cpp.so[0m
[9.319s] [ 58%] [32m[1mLinking CXX shared library librobot_types__rosidl_typesupport_introspection_cpp.so[0m
[9.364s] [ 58%] Built target robot_types__rosidl_typesupport_introspection_c
[9.374s] [ 58%] Built target robot_types__rosidl_typesupport_c
[9.375s] [ 58%] Built target robot_types__rosidl_typesupport_cpp
[9.455s] [ 61%] [32m[1mLinking CXX shared library librobot_types__rosidl_typesupport_fastrtps_cpp.so[0m
[9.482s] [ 61%] Built target robot_types__rosidl_typesupport_introspection_cpp
[9.647s] [ 61%] Built target robot_types__rosidl_typesupport_fastrtps_cpp
[9.659s] [ 64%] [34m[1mGenerating C type support for eProsima Fast-RTPS[0m
[9.898s] [35m[1mScanning dependencies of target robot_types__rosidl_typesupport_fastrtps_c[0m
[9.918s] [ 67%] [32mBuilding CXX object CMakeFiles/robot_types__rosidl_typesupport_fastrtps_c.dir/rosidl_typesupport_fastrtps_c/robot_types/msg/detail/position__type_support_c.cpp.o[0m
[10.267s] [ 70%] [32m[1mLinking CXX shared library librobot_types__rosidl_typesupport_fastrtps_c.so[0m
[10.434s] [ 70%] Built target robot_types__rosidl_typesupport_fastrtps_c
[10.462s] [ 70%] Built target robot_types
[10.502s] [ 74%] [34m[1mGenerating Python code for ROS interfaces[0m
[11.149s] [ 74%] Built target robot_types__py
[11.163s] [35m[1mScanning dependencies of target robot_types__python[0m
[11.182s] [ 77%] [32mBuilding C object CMakeFiles/robot_types__python.dir/rosidl_generator_py/robot_types/msg/_position_s.c.o[0m
[11.382s] [ 80%] [32m[1mLinking C shared library rosidl_generator_py/robot_types/librobot_types__python.so[0m
[11.502s] [ 80%] Built target robot_types__python
[11.517s] [35m[1mScanning dependencies of target robot_types__rosidl_typesupport_introspection_c__pyext[0m
[11.517s] [35m[1mScanning dependencies of target robot_types__rosidl_typesupport_c__pyext[0m
[11.518s] [35m[1mScanning dependencies of target robot_types__rosidl_typesupport_fastrtps_c__pyext[0m
[11.535s] [ 83%] [32mBuilding C object CMakeFiles/robot_types__rosidl_typesupport_c__pyext.dir/rosidl_generator_py/robot_types/_robot_types_s.ep.rosidl_typesupport_c.c.o[0m
[11.536s] [ 87%] [32mBuilding C object CMakeFiles/robot_types__rosidl_typesupport_introspection_c__pyext.dir/rosidl_generator_py/robot_types/_robot_types_s.ep.rosidl_typesupport_introspection_c.c.o[0m
[11.536s] [ 90%] [32mBuilding C object CMakeFiles/robot_types__rosidl_typesupport_fastrtps_c__pyext.dir/rosidl_generator_py/robot_types/_robot_types_s.ep.rosidl_typesupport_fastrtps_c.c.o[0m
[11.648s] [ 93%] [32m[1mLinking C shared library rosidl_generator_py/robot_types/robot_types_s__rosidl_typesupport_c.cpython-38-x86_64-linux-gnu.so[0m
[11.649s] [ 96%] [32m[1mLinking CXX shared library rosidl_generator_py/robot_types/robot_types_s__rosidl_typesupport_fastrtps_c.cpython-38-x86_64-linux-gnu.so[0m
[11.658s] [100%] [32m[1mLinking C shared library rosidl_generator_py/robot_types/robot_types_s__rosidl_typesupport_introspection_c.cpython-38-x86_64-linux-gnu.so[0m
[11.745s] [100%] Built target robot_types__rosidl_typesupport_c__pyext
[11.779s] [100%] Built target robot_types__rosidl_typesupport_introspection_c__pyext
[11.788s] [100%] Built target robot_types__rosidl_typesupport_fastrtps_c__pyext
[11.809s] Invoked command in '/home/conner/mechatronics/pid/build/robot_types' returned '0': CMAKE_PREFIX_PATH=${CMAKE_PREFIX_PATH}:/opt/ros/foxy /usr/bin/cmake --build /home/conner/mechatronics/pid/build/robot_types -- -j8 -l8
[11.882s] Invoking command in '/home/conner/mechatronics/pid/build/robot_types': CMAKE_PREFIX_PATH=${CMAKE_PREFIX_PATH}:/opt/ros/foxy /usr/bin/cmake --install /home/conner/mechatronics/pid/build/robot_types
[11.891s] -- Install configuration: ""
[11.892s] -- Up-to-date: /home/conner/mechatronics/pid/install/robot_types/share/ament_index/resource_index/rosidl_interfaces/robot_types
[11.892s] -- Up-to-date: /home/conner/mechatronics/pid/install/robot_types/include/robot_types
[11.892s] -- Up-to-date: /home/conner/mechatronics/pid/install/robot_types/include/robot_types/msg
[11.892s] -- Up-to-date: /home/conner/mechatronics/pid/install/robot_types/include/robot_types/msg/rosidl_generator_c__visibility_control.h
[11.893s] -- Up-to-date: /home/conner/mechatronics/pid/install/robot_types/include/robot_types/msg/detail
[11.893s] -- Installing: /home/conner/mechatronics/pid/install/robot_types/include/robot_types/msg/detail/position__functions.c
[11.893s] -- Installing: /home/conner/mechatronics/pid/install/robot_types/include/robot_types/msg/detail/position__functions.h
[11.894s] -- Installing: /home/conner/mechatronics/pid/install/robot_types/include/robot_types/msg/detail/position__struct.h
[11.894s] -- Installing: /home/conner/mechatronics/pid/install/robot_types/include/robot_types/msg/detail/position__type_support.h
[11.894s] -- Installing: /home/conner/mechatronics/pid/install/robot_types/include/robot_types/msg/position.h
[11.895s] -- Up-to-date: /home/conner/mechatronics/pid/install/robot_types/share/robot_types/environment/library_path.sh
[11.895s] -- Installing: /home/conner/mechatronics/pid/install/robot_types/share/robot_types/environment/library_path.dsv
[11.896s] -- Installing: /home/conner/mechatronics/pid/install/robot_types/lib/librobot_types__rosidl_generator_c.so
[11.897s] -- Set runtime path of "/home/conner/mechatronics/pid/install/robot_types/lib/librobot_types__rosidl_generator_c.so" to ""
[11.897s] -- Up-to-date: /home/conner/mechatronics/pid/install/robot_types/include/robot_types
[11.898s] -- Up-to-date: /home/conner/mechatronics/pid/install/robot_types/include/robot_types/msg
[11.898s] -- Up-to-date: /home/conner/mechatronics/pid/install/robot_types/include/robot_types/msg/rosidl_typesupport_fastrtps_c__visibility_control.h
[11.898s] -- Up-to-date: /home/conner/mechatronics/pid/install/robot_types/include/robot_types/msg/detail
[11.898s] -- Installing: /home/conner/mechatronics/pid/install/robot_types/include/robot_types/msg/detail/position__rosidl_typesupport_fastrtps_c.h
[11.899s] -- Installing: /home/conner/mechatronics/pid/install/robot_types/lib/librobot_types__rosidl_typesupport_fastrtps_c.so
[11.900s] -- Set runtime path of "/home/conner/mechatronics/pid/install/robot_types/lib/librobot_types__rosidl_typesupport_fastrtps_c.so" to ""
[11.900s] -- Up-to-date: /home/conner/mechatronics/pid/install/robot_types/include/robot_types
[11.900s] -- Up-to-date: /home/conner/mechatronics/pid/install/robot_types/include/robot_types/msg
[11.900s] -- Up-to-date: /home/conner/mechatronics/pid/install/robot_types/include/robot_types/msg/rosidl_typesupport_fastrtps_cpp__visibility_control.h
[11.900s] -- Up-to-date: /home/conner/mechatronics/pid/install/robot_types/include/robot_types/msg/detail
[11.901s] -- Installing: /home/conner/mechatronics/pid/install/robot_types/include/robot_types/msg/detail/position__rosidl_typesupport_fastrtps_cpp.hpp
[11.901s] -- Up-to-date: /home/conner/mechatronics/pid/install/robot_types/include/robot_types/msg/detail/dds_fastrtps
[11.902s] -- Installing: /home/conner/mechatronics/pid/install/robot_types/lib/librobot_types__rosidl_typesupport_fastrtps_cpp.so
[11.903s] -- Set runtime path of "/home/conner/mechatronics/pid/install/robot_types/lib/librobot_types__rosidl_typesupport_fastrtps_cpp.so" to ""
[11.904s] -- Up-to-date: /home/conner/mechatronics/pid/install/robot_types/include/robot_types
[11.904s] -- Up-to-date: /home/conner/mechatronics/pid/install/robot_types/include/robot_types/msg
[11.904s] -- Up-to-date: /home/conner/mechatronics/pid/install/robot_types/include/robot_types/msg/rosidl_typesupport_introspection_c__visibility_control.h
[11.904s] -- Up-to-date: /home/conner/mechatronics/pid/install/robot_types/include/robot_types/msg/detail
[11.904s] -- Installing: /home/conner/mechatronics/pid/install/robot_types/include/robot_types/msg/detail/position__type_support.c
[11.904s] -- Installing: /home/conner/mechatronics/pid/install/robot_types/include/robot_types/msg/detail/position__rosidl_typesupport_introspection_c.h
[11.905s] -- Installing: /home/conner/mechatronics/pid/install/robot_types/lib/librobot_types__rosidl_typesupport_introspection_c.so
[11.906s] -- Set runtime path of "/home/conner/mechatronics/pid/install/robot_types/lib/librobot_types__rosidl_typesupport_introspection_c.so" to ""
[11.906s] -- Installing: /home/conner/mechatronics/pid/install/robot_types/lib/librobot_types__rosidl_typesupport_c.so
[11.907s] -- Set runtime path of "/home/conner/mechatronics/pid/install/robot_types/lib/librobot_types__rosidl_typesupport_c.so" to ""
[11.907s] -- Up-to-date: /home/conner/mechatronics/pid/install/robot_types/include/robot_types
[11.907s] -- Up-to-date: /home/conner/mechatronics/pid/install/robot_types/include/robot_types/msg
[11.907s] -- Up-to-date: /home/conner/mechatronics/pid/install/robot_types/include/robot_types/msg/detail
[11.908s] -- Installing: /home/conner/mechatronics/pid/install/robot_types/include/robot_types/msg/detail/position__traits.hpp
[11.908s] -- Installing: /home/conner/mechatronics/pid/install/robot_types/include/robot_types/msg/detail/position__struct.hpp
[11.908s] -- Installing: /home/conner/mechatronics/pid/install/robot_types/include/robot_types/msg/detail/position__builder.hpp
[11.908s] -- Installing: /home/conner/mechatronics/pid/install/robot_types/include/robot_types/msg/position.hpp
[11.908s] -- Up-to-date: /home/conner/mechatronics/pid/install/robot_types/include/robot_types
[11.908s] -- Up-to-date: /home/conner/mechatronics/pid/install/robot_types/include/robot_types/msg
[11.909s] -- Up-to-date: /home/conner/mechatronics/pid/install/robot_types/include/robot_types/msg/detail
[11.909s] -- Installing: /home/conner/mechatronics/pid/install/robot_types/include/robot_types/msg/detail/position__type_support.cpp
[11.909s] -- Installing: /home/conner/mechatronics/pid/install/robot_types/include/robot_types/msg/detail/position__rosidl_typesupport_introspection_cpp.hpp
[11.911s] -- Installing: /home/conner/mechatronics/pid/install/robot_types/lib/librobot_types__rosidl_typesupport_introspection_cpp.so
[11.913s] -- Set runtime path of "/home/conner/mechatronics/pid/install/robot_types/lib/librobot_types__rosidl_typesupport_introspection_cpp.so" to ""
[11.914s] -- Installing: /home/conner/mechatronics/pid/install/robot_types/lib/librobot_types__rosidl_typesupport_cpp.so
[11.914s] -- Set runtime path of "/home/conner/mechatronics/pid/install/robot_types/lib/librobot_types__rosidl_typesupport_cpp.so" to ""
[11.914s] -- Up-to-date: /home/conner/mechatronics/pid/install/robot_types/share/robot_types/environment/pythonpath.sh
[11.915s] -- Installing: /home/conner/mechatronics/pid/install/robot_types/share/robot_types/environment/pythonpath.dsv
[11.915s] -- Installing: /home/conner/mechatronics/pid/install/robot_types/lib/python3.8/site-packages/robot_types/__init__.py
[11.964s] Compiling '/home/conner/mechatronics/pid/install/robot_types/lib/python3.8/site-packages/robot_types/__init__.py'...
[11.971s] -- Up-to-date: /home/conner/mechatronics/pid/install/robot_types/lib/python3.8/site-packages/robot_types/msg
[11.971s] -- Installing: /home/conner/mechatronics/pid/install/robot_types/lib/python3.8/site-packages/robot_types/msg/_position.py
[11.972s] -- Installing: /home/conner/mechatronics/pid/install/robot_types/lib/python3.8/site-packages/robot_types/msg/_position_s.c
[11.974s] -- Installing: /home/conner/mechatronics/pid/install/robot_types/lib/python3.8/site-packages/robot_types/msg/__init__.py
[11.976s] -- Installing: /home/conner/mechatronics/pid/install/robot_types/lib/python3.8/site-packages/robot_types/robot_types_s__rosidl_typesupport_fastrtps_c.cpython-38-x86_64-linux-gnu.so
[11.977s] -- Set runtime path of "/home/conner/mechatronics/pid/install/robot_types/lib/python3.8/site-packages/robot_types/robot_types_s__rosidl_typesupport_fastrtps_c.cpython-38-x86_64-linux-gnu.so" to ""
[11.979s] -- Installing: /home/conner/mechatronics/pid/install/robot_types/lib/python3.8/site-packages/robot_types/robot_types_s__rosidl_typesupport_introspection_c.cpython-38-x86_64-linux-gnu.so
[11.980s] -- Set runtime path of "/home/conner/mechatronics/pid/install/robot_types/lib/python3.8/site-packages/robot_types/robot_types_s__rosidl_typesupport_introspection_c.cpython-38-x86_64-linux-gnu.so" to ""
[11.982s] -- Installing: /home/conner/mechatronics/pid/install/robot_types/lib/python3.8/site-packages/robot_types/robot_types_s__rosidl_typesupport_c.cpython-38-x86_64-linux-gnu.so
[11.983s] -- Set runtime path of "/home/conner/mechatronics/pid/install/robot_types/lib/python3.8/site-packages/robot_types/robot_types_s__rosidl_typesupport_c.cpython-38-x86_64-linux-gnu.so" to ""
[11.984s] -- Installing: /home/conner/mechatronics/pid/install/robot_types/lib/librobot_types__python.so
[11.984s] -- Set runtime path of "/home/conner/mechatronics/pid/install/robot_types/lib/librobot_types__python.so" to ""
[11.985s] -- Installing: /home/conner/mechatronics/pid/install/robot_types/share/robot_types/msg/Position.idl
[11.985s] -- Installing: /home/conner/mechatronics/pid/install/robot_types/share/robot_types/msg/Position.msg
[11.986s] -- Up-to-date: /home/conner/mechatronics/pid/install/robot_types/share/ament_index/resource_index/package_run_dependencies/robot_types
[11.987s] -- Installing: /home/conner/mechatronics/pid/install/robot_types/share/ament_index/resource_index/parent_prefix_path/robot_types
[11.987s] -- Up-to-date: /home/conner/mechatronics/pid/install/robot_types/share/robot_types/environment/ament_prefix_path.sh
[11.988s] -- Installing: /home/conner/mechatronics/pid/install/robot_types/share/robot_types/environment/ament_prefix_path.dsv
[11.989s] -- Up-to-date: /home/conner/mechatronics/pid/install/robot_types/share/robot_types/environment/path.sh
[11.989s] -- Installing: /home/conner/mechatronics/pid/install/robot_types/share/robot_types/environment/path.dsv
[11.990s] -- Up-to-date: /home/conner/mechatronics/pid/install/robot_types/share/robot_types/local_setup.bash
[11.990s] -- Up-to-date: /home/conner/mechatronics/pid/install/robot_types/share/robot_types/local_setup.sh
[11.991s] -- Up-to-date: /home/conner/mechatronics/pid/install/robot_types/share/robot_types/local_setup.zsh
[11.991s] -- Installing: /home/conner/mechatronics/pid/install/robot_types/share/robot_types/local_setup.dsv
[11.992s] -- Installing: /home/conner/mechatronics/pid/install/robot_types/share/robot_types/package.dsv
[11.992s] -- Up-to-date: /home/conner/mechatronics/pid/install/robot_types/share/ament_index/resource_index/packages/robot_types
[11.992s] -- Up-to-date: /home/conner/mechatronics/pid/install/robot_types/share/robot_types/cmake/robot_types__rosidl_generator_cExport.cmake
[11.993s] -- Installing: /home/conner/mechatronics/pid/install/robot_types/share/robot_types/cmake/robot_types__rosidl_generator_cExport-noconfig.cmake
[11.995s] -- Up-to-date: /home/conner/mechatronics/pid/install/robot_types/share/robot_types/cmake/robot_types__rosidl_typesupport_introspection_cExport.cmake
[11.995s] -- Installing: /home/conner/mechatronics/pid/install/robot_types/share/robot_types/cmake/robot_types__rosidl_typesupport_introspection_cExport-noconfig.cmake
[11.996s] -- Up-to-date: /home/conner/mechatronics/pid/install/robot_types/share/robot_types/cmake/robot_types__rosidl_typesupport_cExport.cmake
[11.996s] -- Installing: /home/conner/mechatronics/pid/install/robot_types/share/robot_types/cmake/robot_types__rosidl_typesupport_cExport-noconfig.cmake
[11.997s] -- Up-to-date: /home/conner/mechatronics/pid/install/robot_types/share/robot_types/cmake/robot_types__rosidl_generator_cppExport.cmake
[11.997s] -- Up-to-date: /home/conner/mechatronics/pid/install/robot_types/share/robot_types/cmake/robot_types__rosidl_typesupport_introspection_cppExport.cmake
[11.997s] -- Installing: /home/conner/mechatronics/pid/install/robot_types/share/robot_types/cmake/robot_types__rosidl_typesupport_introspection_cppExport-noconfig.cmake
[11.998s] -- Up-to-date: /home/conner/mechatronics/pid/install/robot_types/share/robot_types/cmake/robot_types__rosidl_typesupport_cppExport.cmake
[11.998s] -- Installing: /home/conner/mechatronics/pid/install/robot_types/share/robot_types/cmake/robot_types__rosidl_typesupport_cppExport-noconfig.cmake
[11.999s] -- Up-to-date: /home/conner/mechatronics/pid/install/robot_types/share/robot_types/cmake/rosidl_cmake-extras.cmake
[12.000s] -- Up-to-date: /home/conner/mechatronics/pid/install/robot_types/share/robot_types/cmake/ament_cmake_export_dependencies-extras.cmake
[12.000s] -- Up-to-date: /home/conner/mechatronics/pid/install/robot_types/share/robot_types/cmake/ament_cmake_export_libraries-extras.cmake
[12.000s] -- Up-to-date: /home/conner/mechatronics/pid/install/robot_types/share/robot_types/cmake/ament_cmake_export_targets-extras.cmake
[12.000s] -- Up-to-date: /home/conner/mechatronics/pid/install/robot_types/share/robot_types/cmake/ament_cmake_export_include_directories-extras.cmake
[12.000s] -- Up-to-date: /home/conner/mechatronics/pid/install/robot_types/share/robot_types/cmake/rosidl_cmake_export_typesupport_libraries-extras.cmake
[12.000s] -- Up-to-date: /home/conner/mechatronics/pid/install/robot_types/share/robot_types/cmake/rosidl_cmake_export_typesupport_targets-extras.cmake
[12.000s] -- Up-to-date: /home/conner/mechatronics/pid/install/robot_types/share/robot_types/cmake/robot_typesConfig.cmake
[12.000s] -- Up-to-date: /home/conner/mechatronics/pid/install/robot_types/share/robot_types/cmake/robot_typesConfig-version.cmake
[12.001s] -- Up-to-date: /home/conner/mechatronics/pid/install/robot_types/share/robot_types/package.xml
[12.005s] Invoked command in '/home/conner/mechatronics/pid/build/robot_types' returned '0': CMAKE_PREFIX_PATH=${CMAKE_PREFIX_PATH}:/opt/ros/foxy /usr/bin/cmake --install /home/conner/mechatronics/pid/build/robot_types
