[0.490s] Invoking command in '/home/conner/mechatronics/pid/build/dummy_brain': CMAKE_PREFIX_PATH=/home/conner/mechatronics/pid/install/robot_types:/home/conner/mechatronics/pid/install/pid_controller:/home/conner/mechatronics/pid/install/dummy_sensor:/home/conner/mechatronics/pid/install/dummy_brain:/opt/ros/foxy LD_LIBRARY_PATH=/home/conner/mechatronics/pid/install/robot_types/lib:/opt/ros/foxy/opt/yaml_cpp_vendor/lib:/opt/ros/foxy/opt/rviz_ogre_vendor/lib:/opt/ros/foxy/lib/x86_64-linux-gnu:/opt/ros/foxy/lib PYTHONPATH=/home/conner/mechatronics/pid/install/robot_types/lib/python3.8/site-packages:/opt/ros/foxy/lib/python3.8/site-packages /usr/bin/cmake --build /home/conner/mechatronics/pid/build/dummy_brain -- -j8 -l8
[1.677s] [100%] Built target dummy_brain
[1.758s] Invoked command in '/home/conner/mechatronics/pid/build/dummy_brain' returned '0': CMAKE_PREFIX_PATH=/home/conner/mechatronics/pid/install/robot_types:/home/conner/mechatronics/pid/install/pid_controller:/home/conner/mechatronics/pid/install/dummy_sensor:/home/conner/mechatronics/pid/install/dummy_brain:/opt/ros/foxy LD_LIBRARY_PATH=/home/conner/mechatronics/pid/install/robot_types/lib:/opt/ros/foxy/opt/yaml_cpp_vendor/lib:/opt/ros/foxy/opt/rviz_ogre_vendor/lib:/opt/ros/foxy/lib/x86_64-linux-gnu:/opt/ros/foxy/lib PYTHONPATH=/home/conner/mechatronics/pid/install/robot_types/lib/python3.8/site-packages:/opt/ros/foxy/lib/python3.8/site-packages /usr/bin/cmake --build /home/conner/mechatronics/pid/build/dummy_brain -- -j8 -l8
[1.913s] Invoking command in '/home/conner/mechatronics/pid/build/dummy_brain': CMAKE_PREFIX_PATH=/home/conner/mechatronics/pid/install/robot_types:/home/conner/mechatronics/pid/install/pid_controller:/home/conner/mechatronics/pid/install/dummy_sensor:/home/conner/mechatronics/pid/install/dummy_brain:/opt/ros/foxy LD_LIBRARY_PATH=/home/conner/mechatronics/pid/install/robot_types/lib:/opt/ros/foxy/opt/yaml_cpp_vendor/lib:/opt/ros/foxy/opt/rviz_ogre_vendor/lib:/opt/ros/foxy/lib/x86_64-linux-gnu:/opt/ros/foxy/lib PYTHONPATH=/home/conner/mechatronics/pid/install/robot_types/lib/python3.8/site-packages:/opt/ros/foxy/lib/python3.8/site-packages /usr/bin/cmake --install /home/conner/mechatronics/pid/build/dummy_brain
[1.977s] -- Install configuration: ""
[1.983s] -- Up-to-date: /home/conner/mechatronics/pid/install/dummy_brain/lib/dummy_brain/dummy_brain
[1.989s] -- Up-to-date: /home/conner/mechatronics/pid/install/dummy_brain/share/ament_index/resource_index/package_run_dependencies/dummy_brain
[1.990s] -- Up-to-date: /home/conner/mechatronics/pid/install/dummy_brain/share/ament_index/resource_index/parent_prefix_path/dummy_brain
[1.991s] -- Up-to-date: /home/conner/mechatronics/pid/install/dummy_brain/share/dummy_brain/environment/ament_prefix_path.sh
[1.992s] -- Up-to-date: /home/conner/mechatronics/pid/install/dummy_brain/share/dummy_brain/environment/ament_prefix_path.dsv
[1.993s] -- Up-to-date: /home/conner/mechatronics/pid/install/dummy_brain/share/dummy_brain/environment/path.sh
[1.993s] -- Up-to-date: /home/conner/mechatronics/pid/install/dummy_brain/share/dummy_brain/environment/path.dsv
[1.993s] -- Up-to-date: /home/conner/mechatronics/pid/install/dummy_brain/share/dummy_brain/local_setup.bash
[1.994s] -- Up-to-date: /home/conner/mechatronics/pid/install/dummy_brain/share/dummy_brain/local_setup.sh
[1.994s] -- Up-to-date: /home/conner/mechatronics/pid/install/dummy_brain/share/dummy_brain/local_setup.zsh
[1.994s] -- Up-to-date: /home/conner/mechatronics/pid/install/dummy_brain/share/dummy_brain/local_setup.dsv
[1.994s] -- Installing: /home/conner/mechatronics/pid/install/dummy_brain/share/dummy_brain/package.dsv
[2.013s] -- Up-to-date: /home/conner/mechatronics/pid/install/dummy_brain/share/ament_index/resource_index/packages/dummy_brain
[2.013s] -- Up-to-date: /home/conner/mechatronics/pid/install/dummy_brain/share/dummy_brain/cmake/dummy_brainConfig.cmake
[2.014s] -- Up-to-date: /home/conner/mechatronics/pid/install/dummy_brain/share/dummy_brain/cmake/dummy_brainConfig-version.cmake
[2.014s] -- Up-to-date: /home/conner/mechatronics/pid/install/dummy_brain/share/dummy_brain/package.xml
[2.039s] Invoked command in '/home/conner/mechatronics/pid/build/dummy_brain' returned '0': CMAKE_PREFIX_PATH=/home/conner/mechatronics/pid/install/robot_types:/home/conner/mechatronics/pid/install/pid_controller:/home/conner/mechatronics/pid/install/dummy_sensor:/home/conner/mechatronics/pid/install/dummy_brain:/opt/ros/foxy LD_LIBRARY_PATH=/home/conner/mechatronics/pid/install/robot_types/lib:/opt/ros/foxy/opt/yaml_cpp_vendor/lib:/opt/ros/foxy/opt/rviz_ogre_vendor/lib:/opt/ros/foxy/lib/x86_64-linux-gnu:/opt/ros/foxy/lib PYTHONPATH=/home/conner/mechatronics/pid/install/robot_types/lib/python3.8/site-packages:/opt/ros/foxy/lib/python3.8/site-packages /usr/bin/cmake --install /home/conner/mechatronics/pid/build/dummy_brain
