[0.061s] Invoking command in '/home/conner/mechatronics/pid/pid_controller/build/pid_controller': CMAKE_PREFIX_PATH=${CMAKE_PREFIX_PATH}:/opt/ros/foxy /usr/bin/cmake /home/conner/mechatronics/pid/pid_controller -DCMAKE_INSTALL_PREFIX=/home/conner/mechatronics/pid/pid_controller/install/pid_controller
[1.569s] -- The C compiler identification is GNU 9.4.0
[2.822s] -- The CXX compiler identification is GNU 9.4.0
[3.190s] -- Check for working C compiler: /usr/bin/cc
[3.619s] -- Check for working C compiler: /usr/bin/cc -- works
[3.625s] -- Detecting C compiler ABI info
[3.982s] -- Detecting C compiler ABI info - done
[4.007s] -- Detecting C compile features
[4.011s] -- Detecting C compile features - done
[4.018s] -- Check for working CXX compiler: /usr/bin/c++
[4.388s] -- Check for working CXX compiler: /usr/bin/c++ -- works
[4.390s] -- Detecting CXX compiler ABI info
[4.748s] -- Detecting CXX compiler ABI info - done
[4.769s] -- Detecting CXX compile features
[4.770s] -- Detecting CXX compile features - done
[4.800s] -- Found ament_cmake: 0.9.11 (/opt/ros/foxy/share/ament_cmake/cmake)
[4.838s] -- Found PythonInterp: /usr/bin/python3 (found suitable version "3.8.10", minimum required is "3") 
[4.838s] -- Using PYTHON_EXECUTABLE: /usr/bin/python3
[5.209s] -- Found rclcpp: 2.4.2 (/opt/ros/foxy/share/rclcpp/cmake)
[5.689s] -- Using all available rosidl_typesupport_c: rosidl_typesupport_fastrtps_c;rosidl_typesupport_introspection_c
[5.708s] -- Found rosidl_adapter: 1.3.0 (/opt/ros/foxy/share/rosidl_adapter/cmake)
[8.546s] -- Found OpenSSL: /usr/lib/x86_64-linux-gnu/libcrypto.so (found version "1.1.1f")  
[11.292s] -- Found FastRTPS: /opt/ros/foxy/include  
[16.196s] -- Using all available rosidl_typesupport_cpp: rosidl_typesupport_fastrtps_cpp;rosidl_typesupport_introspection_cpp
[16.270s] -- Found rmw_implementation_cmake: 1.0.3 (/opt/ros/foxy/share/rmw_implementation_cmake/cmake)
[16.273s] -- Using RMW implementation 'rmw_fastrtps_cpp' as default
[16.277s] -- Looking for pthread.h
[16.626s] -- Looking for pthread.h - found
[16.627s] -- Performing Test CMAKE_HAVE_LIBC_PTHREAD
[16.934s] -- Performing Test CMAKE_HAVE_LIBC_PTHREAD - Failed
[16.934s] -- Looking for pthread_create in pthreads
[17.193s] -- Looking for pthread_create in pthreads - not found
[17.193s] -- Looking for pthread_create in pthread
[17.525s] -- Looking for pthread_create in pthread - found
[17.527s] -- Found Threads: TRUE  
[17.820s] -- Found robot_types: 0.0.0 (/home/conner/mechatronics/pid/install/robot_types/share/robot_types/cmake)
[17.838s] CMake Error at CMakeLists.txt:18 (target_link_directories):
[17.838s]   target_link_directories called with incorrect number of arguments
[17.839s] 
[17.839s] 
[17.839s] CMake Error at CMakeLists.txt:19 (target_link_directories):
[17.839s]   target_link_directories called with incorrect number of arguments
[17.840s] 
[17.840s] 
[17.926s] -- Configuring incomplete, errors occurred!
[17.926s] See also "/home/conner/mechatronics/pid/pid_controller/build/pid_controller/CMakeFiles/CMakeOutput.log".
[17.927s] See also "/home/conner/mechatronics/pid/pid_controller/build/pid_controller/CMakeFiles/CMakeError.log".
[17.940s] Invoked command in '/home/conner/mechatronics/pid/pid_controller/build/pid_controller' returned '1': CMAKE_PREFIX_PATH=${CMAKE_PREFIX_PATH}:/opt/ros/foxy /usr/bin/cmake /home/conner/mechatronics/pid/pid_controller -DCMAKE_INSTALL_PREFIX=/home/conner/mechatronics/pid/pid_controller/install/pid_controller
