[0.524s] Invoking command in '/home/conner/mechatronics/pid/build/pid_controller': CMAKE_PREFIX_PATH=/home/conner/mechatronics/pid/install/robot_types:/home/conner/mechatronics/pid/install/dummy_sensor:/home/conner/mechatronics/pid/install/dummy_brain:/opt/ros/foxy /usr/bin/cmake /home/conner/mechatronics/pid/pid_controller -DCMAKE_INSTALL_PREFIX=/home/conner/mechatronics/pid/install/pid_controller
[0.567s] -- Found ament_cmake: 0.9.11 (/opt/ros/foxy/share/ament_cmake/cmake)
[0.633s] -- Using PYTHON_EXECUTABLE: /usr/bin/python3
[1.000s] -- Found rclcpp: 2.4.2 (/opt/ros/foxy/share/rclcpp/cmake)
[1.600s] -- Using all available rosidl_typesupport_c: rosidl_typesupport_fastrtps_c;rosidl_typesupport_introspection_c
[1.608s] -- Found rosidl_adapter: 1.3.0 (/opt/ros/foxy/share/rosidl_adapter/cmake)
[17.276s] -- Using all available rosidl_typesupport_cpp: rosidl_typesupport_fastrtps_cpp;rosidl_typesupport_introspection_cpp
[17.370s] -- Found rmw_implementation_cmake: 1.0.3 (/opt/ros/foxy/share/rmw_implementation_cmake/cmake)
[17.372s] -- Using RMW implementation 'rmw_fastrtps_cpp' as default
[17.644s] -- Found robot_types: 0.0.0 (/home/conner/mechatronics/pid/install/robot_types/share/robot_types/cmake)
[17.788s] -- Configuring done
[17.807s] -- Generating done
[17.810s] -- Build files have been written to: /home/conner/mechatronics/pid/build/pid_controller
[17.831s] Invoked command in '/home/conner/mechatronics/pid/build/pid_controller' returned '0': CMAKE_PREFIX_PATH=/home/conner/mechatronics/pid/install/robot_types:/home/conner/mechatronics/pid/install/dummy_sensor:/home/conner/mechatronics/pid/install/dummy_brain:/opt/ros/foxy /usr/bin/cmake /home/conner/mechatronics/pid/pid_controller -DCMAKE_INSTALL_PREFIX=/home/conner/mechatronics/pid/install/pid_controller
[17.842s] Invoking command in '/home/conner/mechatronics/pid/build/pid_controller': CMAKE_PREFIX_PATH=/home/conner/mechatronics/pid/install/robot_types:/home/conner/mechatronics/pid/install/dummy_sensor:/home/conner/mechatronics/pid/install/dummy_brain:/opt/ros/foxy /usr/bin/cmake --build /home/conner/mechatronics/pid/build/pid_controller -- -j8 -l8
[17.915s] [35m[1mScanning dependencies of target pid_controller[0m
[18.004s] [ 50%] [32mBuilding CXX object CMakeFiles/pid_controller.dir/src/pid_controller.cpp.o[0m
[18.364s] [01m[K/home/conner/mechatronics/pid/pid_controller/src/pid_controller.cpp:10:10:[m[K [01;31m[Kfatal error: [m[Krobot_types/msg/Position.hpp: No such file or directory
[18.365s]    10 | #include [01;31m[K"robot_types/msg/Position.hpp"[m[K          // Custom message types defined in robot_types pack
[18.365s]       |          [01;31m[K^~~~~~~~~~~~~~~~~~~~~~~~~~~~~~[m[K
[18.366s] compilation terminated.
[18.371s] make[2]: *** [CMakeFiles/pid_controller.dir/build.make:63: CMakeFiles/pid_controller.dir/src/pid_controller.cpp.o] Error 1
[18.372s] make[1]: *** [CMakeFiles/Makefile2:78: CMakeFiles/pid_controller.dir/all] Error 2
[18.372s] make: *** [Makefile:141: all] Error 2
[18.387s] Invoked command in '/home/conner/mechatronics/pid/build/pid_controller' returned '2': CMAKE_PREFIX_PATH=/home/conner/mechatronics/pid/install/robot_types:/home/conner/mechatronics/pid/install/dummy_sensor:/home/conner/mechatronics/pid/install/dummy_brain:/opt/ros/foxy /usr/bin/cmake --build /home/conner/mechatronics/pid/build/pid_controller -- -j8 -l8
