-- Found ament_cmake: 0.9.11 (/opt/ros/foxy/share/ament_cmake/cmake)
-- Using PYTHON_EXECUTABLE: /usr/bin/python3
-- Found rclcpp: 2.4.2 (/opt/ros/foxy/share/rclcpp/cmake)
-- Using all available rosidl_typesupport_c: rosidl_typesupport_fastrtps_c;rosidl_typesupport_introspection_c
-- Found rosidl_adapter: 1.3.0 (/opt/ros/foxy/share/rosidl_adapter/cmake)
-- Using all available rosidl_typesupport_cpp: rosidl_typesupport_fastrtps_cpp;rosidl_typesupport_introspection_cpp
-- Found rmw_implementation_cmake: 1.0.3 (/opt/ros/foxy/share/rmw_implementation_cmake/cmake)
-- Using RMW implementation 'rmw_fastrtps_cpp' as default
-- Found robot_types: 0.0.0 (/home/conner/mechatronics/pid/install/robot_types/share/robot_types/cmake)
CMake Error at CMakeLists.txt:18 (install):
  install TARGETS given target "pid_controller" which does not exist.


CMake Error at CMakeLists.txt:22 (target_link_directories):
  Cannot specify link directories for target "pid_controller" which is not
  built by this project.


CMake Error at CMakeLists.txt:23 (target_link_directories):
  Cannot specify link directories for target "pid_controller" which is not
  built by this project.


-- Configuring incomplete, errors occurred!
See also "/home/conner/mechatronics/pid/pid_controller/build/pid_controller/CMakeFiles/CMakeOutput.log".
See also "/home/conner/mechatronics/pid/pid_controller/build/pid_controller/CMakeFiles/CMakeError.log".
