[0.058s] Invoking command in '/home/conner/mechatronics/pid/pid_controller/build/pid_controller': CMAKE_PREFIX_PATH=${CMAKE_PREFIX_PATH}:/opt/ros/foxy /usr/bin/cmake /home/conner/mechatronics/pid/pid_controller -DCMAKE_INSTALL_PREFIX=/home/conner/mechatronics/pid/pid_controller/install/pid_controller
[0.071s] -- Found ament_cmake: 0.9.11 (/opt/ros/foxy/share/ament_cmake/cmake)
[0.108s] -- Using PYTHON_EXECUTABLE: /usr/bin/python3
[0.413s] -- Found rclcpp: 2.4.2 (/opt/ros/foxy/share/rclcpp/cmake)
[0.860s] -- Using all available rosidl_typesupport_c: rosidl_typesupport_fastrtps_c;rosidl_typesupport_introspection_c
[0.861s] -- Found rosidl_adapter: 1.3.0 (/opt/ros/foxy/share/rosidl_adapter/cmake)
[14.902s] -- Using all available rosidl_typesupport_cpp: rosidl_typesupport_fastrtps_cpp;rosidl_typesupport_introspection_cpp
[15.075s] -- Found rmw_implementation_cmake: 1.0.3 (/opt/ros/foxy/share/rmw_implementation_cmake/cmake)
[15.083s] -- Using RMW implementation 'rmw_fastrtps_cpp' as default
[15.522s] -- Found robot_types: 0.0.0 (/home/conner/mechatronics/pid/install/robot_types/share/robot_types/cmake)
[15.541s] CMake Error at CMakeLists.txt:18 (install):
[15.542s]   install TARGETS given target "pid_controller" which does not exist.
[15.542s] 
[15.543s] 
[15.543s] CMake Error at CMakeLists.txt:22 (target_link_directories):
[15.544s]   Cannot specify link directories for target "pid_controller" which is not
[15.544s]   built by this project.
[15.545s] 
[15.545s] 
[15.546s] CMake Error at CMakeLists.txt:23 (target_link_directories):
[15.546s]   Cannot specify link directories for target "pid_controller" which is not
[15.546s]   built by this project.
[15.547s] 
[15.547s] 
[15.784s] -- Configuring incomplete, errors occurred!
[15.785s] See also "/home/conner/mechatronics/pid/pid_controller/build/pid_controller/CMakeFiles/CMakeOutput.log".
[15.786s] See also "/home/conner/mechatronics/pid/pid_controller/build/pid_controller/CMakeFiles/CMakeError.log".
[15.807s] Invoked command in '/home/conner/mechatronics/pid/pid_controller/build/pid_controller' returned '1': CMAKE_PREFIX_PATH=${CMAKE_PREFIX_PATH}:/opt/ros/foxy /usr/bin/cmake /home/conner/mechatronics/pid/pid_controller -DCMAKE_INSTALL_PREFIX=/home/conner/mechatronics/pid/pid_controller/install/pid_controller
