[0.028s] Invoking command in '/home/conner/mechatronics/pid/build/robot_types': CMAKE_PREFIX_PATH=${CMAKE_PREFIX_PATH}:/opt/ros/foxy /usr/bin/cmake --build /home/conner/mechatronics/pid/build/robot_types -- -j8 -l8
[0.094s] [  3%] Built target robot_types__cpp
[0.098s] [ 12%] Built target robot_types__rosidl_generator_c
[0.127s] [ 22%] Built target robot_types__rosidl_typesupport_cpp
[0.131s] [ 32%] Built target robot_types__rosidl_typesupport_introspection_cpp
[0.134s] [ 41%] Built target robot_types__rosidl_typesupport_c
[0.134s] [ 51%] Built target robot_types__rosidl_typesupport_introspection_c
[0.136s] [ 61%] Built target robot_types__rosidl_typesupport_fastrtps_cpp
[0.177s] [ 70%] Built target robot_types__rosidl_typesupport_fastrtps_c
[0.215s] [ 70%] Built target robot_types
[0.251s] [ 74%] Built target robot_types__py
[0.288s] [ 80%] Built target robot_types__python
[0.321s] [ 87%] Built target robot_types__rosidl_typesupport_introspection_c__pyext
[0.323s] [100%] Built target robot_types__rosidl_typesupport_c__pyext
[0.323s] [100%] Built target robot_types__rosidl_typesupport_fastrtps_c__pyext
[0.344s] Invoked command in '/home/conner/mechatronics/pid/build/robot_types' returned '0': CMAKE_PREFIX_PATH=${CMAKE_PREFIX_PATH}:/opt/ros/foxy /usr/bin/cmake --build /home/conner/mechatronics/pid/build/robot_types -- -j8 -l8
[0.456s] Invoking command in '/home/conner/mechatronics/pid/build/robot_types': CMAKE_PREFIX_PATH=${CMAKE_PREFIX_PATH}:/opt/ros/foxy /usr/bin/cmake --install /home/conner/mechatronics/pid/build/robot_types
[0.472s] -- Install configuration: ""
[0.473s] -- Up-to-date: /home/conner/mechatronics/pid/install/robot_types/share/ament_index/resource_index/rosidl_interfaces/robot_types
[0.473s] -- Up-to-date: /home/conner/mechatronics/pid/install/robot_types/include/robot_types
[0.474s] -- Up-to-date: /home/conner/mechatronics/pid/install/robot_types/include/robot_types/msg
[0.478s] -- Up-to-date: /home/conner/mechatronics/pid/install/robot_types/include/robot_types/msg/rosidl_generator_c__visibility_control.h
[0.478s] -- Up-to-date: /home/conner/mechatronics/pid/install/robot_types/include/robot_types/msg/detail
[0.478s] -- Up-to-date: /home/conner/mechatronics/pid/install/robot_types/include/robot_types/msg/detail/position__functions.c
[0.479s] -- Up-to-date: /home/conner/mechatronics/pid/install/robot_types/include/robot_types/msg/detail/position__functions.h
[0.479s] -- Up-to-date: /home/conner/mechatronics/pid/install/robot_types/include/robot_types/msg/detail/position__struct.h
[0.479s] -- Up-to-date: /home/conner/mechatronics/pid/install/robot_types/include/robot_types/msg/detail/position__type_support.h
[0.480s] -- Up-to-date: /home/conner/mechatronics/pid/install/robot_types/include/robot_types/msg/position.h
[0.480s] -- Up-to-date: /home/conner/mechatronics/pid/install/robot_types/share/robot_types/environment/library_path.sh
[0.481s] -- Up-to-date: /home/conner/mechatronics/pid/install/robot_types/share/robot_types/environment/library_path.dsv
[0.481s] -- Up-to-date: /home/conner/mechatronics/pid/install/robot_types/lib/librobot_types__rosidl_generator_c.so
[0.482s] -- Up-to-date: /home/conner/mechatronics/pid/install/robot_types/include/robot_types
[0.482s] -- Up-to-date: /home/conner/mechatronics/pid/install/robot_types/include/robot_types/msg
[0.483s] -- Up-to-date: /home/conner/mechatronics/pid/install/robot_types/include/robot_types/msg/rosidl_typesupport_fastrtps_c__visibility_control.h
[0.483s] -- Up-to-date: /home/conner/mechatronics/pid/install/robot_types/include/robot_types/msg/detail
[0.483s] -- Up-to-date: /home/conner/mechatronics/pid/install/robot_types/include/robot_types/msg/detail/position__rosidl_typesupport_fastrtps_c.h
[0.484s] -- Up-to-date: /home/conner/mechatronics/pid/install/robot_types/lib/librobot_types__rosidl_typesupport_fastrtps_c.so
[0.484s] -- Up-to-date: /home/conner/mechatronics/pid/install/robot_types/include/robot_types
[0.484s] -- Up-to-date: /home/conner/mechatronics/pid/install/robot_types/include/robot_types/msg
[0.484s] -- Up-to-date: /home/conner/mechatronics/pid/install/robot_types/include/robot_types/msg/rosidl_typesupport_fastrtps_cpp__visibility_control.h
[0.485s] -- Up-to-date: /home/conner/mechatronics/pid/install/robot_types/include/robot_types/msg/detail
[0.485s] -- Up-to-date: /home/conner/mechatronics/pid/install/robot_types/include/robot_types/msg/detail/position__rosidl_typesupport_fastrtps_cpp.hpp
[0.485s] -- Up-to-date: /home/conner/mechatronics/pid/install/robot_types/include/robot_types/msg/detail/dds_fastrtps
[0.486s] -- Up-to-date: /home/conner/mechatronics/pid/install/robot_types/lib/librobot_types__rosidl_typesupport_fastrtps_cpp.so
[0.486s] -- Up-to-date: /home/conner/mechatronics/pid/install/robot_types/include/robot_types
[0.486s] -- Up-to-date: /home/conner/mechatronics/pid/install/robot_types/include/robot_types/msg
[0.487s] -- Up-to-date: /home/conner/mechatronics/pid/install/robot_types/include/robot_types/msg/rosidl_typesupport_introspection_c__visibility_control.h
[0.487s] -- Up-to-date: /home/conner/mechatronics/pid/install/robot_types/include/robot_types/msg/detail
[0.487s] -- Up-to-date: /home/conner/mechatronics/pid/install/robot_types/include/robot_types/msg/detail/position__type_support.c
[0.487s] -- Up-to-date: /home/conner/mechatronics/pid/install/robot_types/include/robot_types/msg/detail/position__rosidl_typesupport_introspection_c.h
[0.487s] -- Up-to-date: /home/conner/mechatronics/pid/install/robot_types/lib/librobot_types__rosidl_typesupport_introspection_c.so
[0.488s] -- Up-to-date: /home/conner/mechatronics/pid/install/robot_types/lib/librobot_types__rosidl_typesupport_c.so
[0.488s] -- Up-to-date: /home/conner/mechatronics/pid/install/robot_types/include/robot_types
[0.488s] -- Up-to-date: /home/conner/mechatronics/pid/install/robot_types/include/robot_types/msg
[0.489s] -- Up-to-date: /home/conner/mechatronics/pid/install/robot_types/include/robot_types/msg/detail
[0.489s] -- Up-to-date: /home/conner/mechatronics/pid/install/robot_types/include/robot_types/msg/detail/position__traits.hpp
[0.490s] -- Up-to-date: /home/conner/mechatronics/pid/install/robot_types/include/robot_types/msg/detail/position__struct.hpp
[0.490s] -- Up-to-date: /home/conner/mechatronics/pid/install/robot_types/include/robot_types/msg/detail/position__builder.hpp
[0.490s] -- Up-to-date: /home/conner/mechatronics/pid/install/robot_types/include/robot_types/msg/position.hpp
[0.490s] -- Up-to-date: /home/conner/mechatronics/pid/install/robot_types/include/robot_types
[0.491s] -- Up-to-date: /home/conner/mechatronics/pid/install/robot_types/include/robot_types/msg
[0.491s] -- Up-to-date: /home/conner/mechatronics/pid/install/robot_types/include/robot_types/msg/detail
[0.491s] -- Up-to-date: /home/conner/mechatronics/pid/install/robot_types/include/robot_types/msg/detail/position__type_support.cpp
[0.491s] -- Up-to-date: /home/conner/mechatronics/pid/install/robot_types/include/robot_types/msg/detail/position__rosidl_typesupport_introspection_cpp.hpp
[0.491s] -- Up-to-date: /home/conner/mechatronics/pid/install/robot_types/lib/librobot_types__rosidl_typesupport_introspection_cpp.so
[0.491s] -- Up-to-date: /home/conner/mechatronics/pid/install/robot_types/lib/librobot_types__rosidl_typesupport_cpp.so
[0.491s] -- Up-to-date: /home/conner/mechatronics/pid/install/robot_types/share/robot_types/environment/pythonpath.sh
[0.491s] -- Up-to-date: /home/conner/mechatronics/pid/install/robot_types/share/robot_types/environment/pythonpath.dsv
[0.491s] -- Up-to-date: /home/conner/mechatronics/pid/install/robot_types/lib/python3.8/site-packages/robot_types/__init__.py
[0.541s] -- Up-to-date: /home/conner/mechatronics/pid/install/robot_types/lib/python3.8/site-packages/robot_types/msg
[0.541s] -- Up-to-date: /home/conner/mechatronics/pid/install/robot_types/lib/python3.8/site-packages/robot_types/msg/_position.py
[0.542s] -- Up-to-date: /home/conner/mechatronics/pid/install/robot_types/lib/python3.8/site-packages/robot_types/msg/_position_s.c
[0.542s] -- Up-to-date: /home/conner/mechatronics/pid/install/robot_types/lib/python3.8/site-packages/robot_types/msg/__init__.py
[0.542s] -- Up-to-date: /home/conner/mechatronics/pid/install/robot_types/lib/python3.8/site-packages/robot_types/robot_types_s__rosidl_typesupport_fastrtps_c.cpython-38-x86_64-linux-gnu.so
[0.544s] -- Up-to-date: /home/conner/mechatronics/pid/install/robot_types/lib/python3.8/site-packages/robot_types/robot_types_s__rosidl_typesupport_introspection_c.cpython-38-x86_64-linux-gnu.so
[0.545s] -- Up-to-date: /home/conner/mechatronics/pid/install/robot_types/lib/python3.8/site-packages/robot_types/robot_types_s__rosidl_typesupport_c.cpython-38-x86_64-linux-gnu.so
[0.547s] -- Up-to-date: /home/conner/mechatronics/pid/install/robot_types/lib/librobot_types__python.so
[0.548s] -- Up-to-date: /home/conner/mechatronics/pid/install/robot_types/share/robot_types/msg/Position.idl
[0.548s] -- Up-to-date: /home/conner/mechatronics/pid/install/robot_types/share/robot_types/msg/Position.msg
[0.548s] -- Up-to-date: /home/conner/mechatronics/pid/install/robot_types/share/ament_index/resource_index/package_run_dependencies/robot_types
[0.549s] -- Up-to-date: /home/conner/mechatronics/pid/install/robot_types/share/ament_index/resource_index/parent_prefix_path/robot_types
[0.549s] -- Up-to-date: /home/conner/mechatronics/pid/install/robot_types/share/robot_types/environment/ament_prefix_path.sh
[0.550s] -- Up-to-date: /home/conner/mechatronics/pid/install/robot_types/share/robot_types/environment/ament_prefix_path.dsv
[0.550s] -- Up-to-date: /home/conner/mechatronics/pid/install/robot_types/share/robot_types/environment/path.sh
[0.550s] -- Up-to-date: /home/conner/mechatronics/pid/install/robot_types/share/robot_types/environment/path.dsv
[0.550s] -- Up-to-date: /home/conner/mechatronics/pid/install/robot_types/share/robot_types/local_setup.bash
[0.550s] -- Up-to-date: /home/conner/mechatronics/pid/install/robot_types/share/robot_types/local_setup.sh
[0.550s] -- Up-to-date: /home/conner/mechatronics/pid/install/robot_types/share/robot_types/local_setup.zsh
[0.551s] -- Up-to-date: /home/conner/mechatronics/pid/install/robot_types/share/robot_types/local_setup.dsv
[0.551s] -- Installing: /home/conner/mechatronics/pid/install/robot_types/share/robot_types/package.dsv
[0.552s] -- Up-to-date: /home/conner/mechatronics/pid/install/robot_types/share/ament_index/resource_index/packages/robot_types
[0.552s] -- Up-to-date: /home/conner/mechatronics/pid/install/robot_types/share/robot_types/cmake/robot_types__rosidl_generator_cExport.cmake
[0.553s] -- Up-to-date: /home/conner/mechatronics/pid/install/robot_types/share/robot_types/cmake/robot_types__rosidl_generator_cExport-noconfig.cmake
[0.553s] -- Up-to-date: /home/conner/mechatronics/pid/install/robot_types/share/robot_types/cmake/robot_types__rosidl_typesupport_introspection_cExport.cmake
[0.553s] -- Up-to-date: /home/conner/mechatronics/pid/install/robot_types/share/robot_types/cmake/robot_types__rosidl_typesupport_introspection_cExport-noconfig.cmake
[0.553s] -- Up-to-date: /home/conner/mechatronics/pid/install/robot_types/share/robot_types/cmake/robot_types__rosidl_typesupport_cExport.cmake
[0.554s] -- Up-to-date: /home/conner/mechatronics/pid/install/robot_types/share/robot_types/cmake/robot_types__rosidl_typesupport_cExport-noconfig.cmake
[0.554s] -- Up-to-date: /home/conner/mechatronics/pid/install/robot_types/share/robot_types/cmake/robot_types__rosidl_generator_cppExport.cmake
[0.555s] -- Up-to-date: /home/conner/mechatronics/pid/install/robot_types/share/robot_types/cmake/robot_types__rosidl_typesupport_introspection_cppExport.cmake
[0.555s] -- Up-to-date: /home/conner/mechatronics/pid/install/robot_types/share/robot_types/cmake/robot_types__rosidl_typesupport_introspection_cppExport-noconfig.cmake
[0.555s] -- Up-to-date: /home/conner/mechatronics/pid/install/robot_types/share/robot_types/cmake/robot_types__rosidl_typesupport_cppExport.cmake
[0.555s] -- Up-to-date: /home/conner/mechatronics/pid/install/robot_types/share/robot_types/cmake/robot_types__rosidl_typesupport_cppExport-noconfig.cmake
[0.555s] -- Up-to-date: /home/conner/mechatronics/pid/install/robot_types/share/robot_types/cmake/rosidl_cmake-extras.cmake
[0.555s] -- Up-to-date: /home/conner/mechatronics/pid/install/robot_types/share/robot_types/cmake/ament_cmake_export_dependencies-extras.cmake
[0.555s] -- Up-to-date: /home/conner/mechatronics/pid/install/robot_types/share/robot_types/cmake/ament_cmake_export_libraries-extras.cmake
[0.556s] -- Up-to-date: /home/conner/mechatronics/pid/install/robot_types/share/robot_types/cmake/ament_cmake_export_targets-extras.cmake
[0.556s] -- Up-to-date: /home/conner/mechatronics/pid/install/robot_types/share/robot_types/cmake/ament_cmake_export_include_directories-extras.cmake
[0.556s] -- Up-to-date: /home/conner/mechatronics/pid/install/robot_types/share/robot_types/cmake/rosidl_cmake_export_typesupport_libraries-extras.cmake
[0.556s] -- Up-to-date: /home/conner/mechatronics/pid/install/robot_types/share/robot_types/cmake/rosidl_cmake_export_typesupport_targets-extras.cmake
[0.556s] -- Up-to-date: /home/conner/mechatronics/pid/install/robot_types/share/robot_types/cmake/robot_typesConfig.cmake
[0.557s] -- Up-to-date: /home/conner/mechatronics/pid/install/robot_types/share/robot_types/cmake/robot_typesConfig-version.cmake
[0.557s] -- Up-to-date: /home/conner/mechatronics/pid/install/robot_types/share/robot_types/package.xml
[0.564s] Invoked command in '/home/conner/mechatronics/pid/build/robot_types' returned '0': CMAKE_PREFIX_PATH=${CMAKE_PREFIX_PATH}:/opt/ros/foxy /usr/bin/cmake --install /home/conner/mechatronics/pid/build/robot_types
