[0.851s] DEBUG:colcon:Command line arguments: ['/usr/bin/colcon', 'build', '--packages-select', 'pid_controller']
[0.851s] DEBUG:colcon:Parsed command line arguments: Namespace(allow_overriding=[], ament_cmake_args=None, base_paths=['.'], build_base='build', catkin_cmake_args=None, catkin_skip_building_tests=False, cmake_args=None, cmake_clean_cache=False, cmake_clean_first=False, cmake_force_configure=False, cmake_target=None, cmake_target_skip_unavailable=False, continue_on_error=False, event_handlers=None, executor='parallel', ignore_user_meta=False, install_base='install', log_base=None, log_level=None, main=<bound method BuildVerb.main of <colcon_core.verb.build.BuildVerb object at 0x7f55049cc9d0>>, merge_install=False, metas=['./colcon.meta'], packages_above=None, packages_above_and_dependencies=None, packages_above_depth=None, packages_end=None, packages_ignore=None, packages_ignore_regex=None, packages_select=['pid_controller'], packages_select_build_failed=False, packages_select_by_dep=None, packages_select_regex=None, packages_select_test_failures=False, packages_skip=None, packages_skip_build_finished=False, packages_skip_by_dep=None, packages_skip_regex=None, packages_skip_test_passed=False, packages_skip_up_to=None, packages_start=None, packages_up_to=None, packages_up_to_regex=None, parallel_workers=8, paths=None, symlink_install=False, test_result_base=None, verb_extension=<colcon_core.verb.build.BuildVerb object at 0x7f55049cc9d0>, verb_name='build', verb_parser=<colcon_defaults.argument_parser.defaults.DefaultArgumentsDecorator object at 0x7f55049ccf40>)
[0.922s] Level 1:colcon.colcon_core.package_discovery:discover_packages(colcon_meta) check parameters
[0.922s] Level 1:colcon.colcon_core.package_discovery:discover_packages(recursive) check parameters
[0.922s] Level 1:colcon.colcon_core.package_discovery:discover_packages(ignore) check parameters
[0.922s] Level 1:colcon.colcon_core.package_discovery:discover_packages(path) check parameters
[0.923s] Level 1:colcon.colcon_core.package_discovery:discover_packages(colcon_meta) discover
[0.923s] Level 1:colcon.colcon_core.package_discovery:discover_packages(recursive) discover
[0.923s] INFO:colcon.colcon_core.package_discovery:Crawling recursively for packages in '/home/conner/mechatronics/pid/pid_controller'
[0.923s] Level 1:colcon.colcon_core.package_identification:_identify(.) by extensions ['ignore', 'ignore_ament_install']
[0.924s] Level 1:colcon.colcon_core.package_identification:_identify(.) by extension 'ignore'
[0.924s] Level 1:colcon.colcon_core.package_identification:_identify(.) by extension 'ignore_ament_install'
[0.924s] Level 1:colcon.colcon_core.package_identification:_identify(.) by extensions ['colcon_pkg']
[0.924s] Level 1:colcon.colcon_core.package_identification:_identify(.) by extension 'colcon_pkg'
[0.924s] Level 1:colcon.colcon_core.package_identification:_identify(.) by extensions ['colcon_meta']
[0.924s] Level 1:colcon.colcon_core.package_identification:_identify(.) by extension 'colcon_meta'
[0.924s] Level 1:colcon.colcon_core.package_identification:_identify(.) by extensions ['ros']
[0.924s] Level 1:colcon.colcon_core.package_identification:_identify(.) by extension 'ros'
[0.989s] DEBUG:colcon.colcon_core.package_identification:Package '.' with type 'ros.ament_cmake' and name 'pid_controller'
[0.990s] Level 1:colcon.colcon_core.package_discovery:discover_packages(recursive) using defaults
[0.990s] Level 1:colcon.colcon_core.package_discovery:discover_packages(ignore) discover
[0.990s] Level 1:colcon.colcon_core.package_discovery:discover_packages(ignore) using defaults
[0.990s] Level 1:colcon.colcon_core.package_discovery:discover_packages(path) discover
[0.990s] Level 1:colcon.colcon_core.package_discovery:discover_packages(path) using defaults
[1.035s] Level 1:colcon.colcon_core.package_discovery:discover_packages(prefix_path) check parameters
[1.036s] Level 1:colcon.colcon_core.package_discovery:discover_packages(prefix_path) discover
[1.042s] DEBUG:colcon.colcon_installed_package_information.package_discovery:Found 4 installed packages in /home/conner/mechatronics/pid/install
[1.046s] DEBUG:colcon.colcon_installed_package_information.package_discovery:Found 256 installed packages in /opt/ros/foxy
[1.050s] Level 1:colcon.colcon_core.package_discovery:discover_packages(prefix_path) using defaults
[1.184s] Level 5:colcon.colcon_core.verb:set package 'pid_controller' build argument 'cmake_args' from command line to 'None'
[1.184s] Level 5:colcon.colcon_core.verb:set package 'pid_controller' build argument 'cmake_target' from command line to 'None'
[1.184s] Level 5:colcon.colcon_core.verb:set package 'pid_controller' build argument 'cmake_target_skip_unavailable' from command line to 'False'
[1.184s] Level 5:colcon.colcon_core.verb:set package 'pid_controller' build argument 'cmake_clean_cache' from command line to 'False'
[1.184s] Level 5:colcon.colcon_core.verb:set package 'pid_controller' build argument 'cmake_clean_first' from command line to 'False'
[1.184s] Level 5:colcon.colcon_core.verb:set package 'pid_controller' build argument 'cmake_force_configure' from command line to 'False'
[1.184s] Level 5:colcon.colcon_core.verb:set package 'pid_controller' build argument 'ament_cmake_args' from command line to 'None'
[1.184s] Level 5:colcon.colcon_core.verb:set package 'pid_controller' build argument 'catkin_cmake_args' from command line to 'None'
[1.184s] Level 5:colcon.colcon_core.verb:set package 'pid_controller' build argument 'catkin_skip_building_tests' from command line to 'False'
[1.184s] DEBUG:colcon.colcon_core.verb:Building package 'pid_controller' with the following arguments: {'ament_cmake_args': None, 'build_base': '/home/conner/mechatronics/pid/pid_controller/build/pid_controller', 'catkin_cmake_args': None, 'catkin_skip_building_tests': False, 'cmake_args': None, 'cmake_clean_cache': False, 'cmake_clean_first': False, 'cmake_force_configure': False, 'cmake_target': None, 'cmake_target_skip_unavailable': False, 'install_base': '/home/conner/mechatronics/pid/pid_controller/install/pid_controller', 'merge_install': False, 'path': '/home/conner/mechatronics/pid/pid_controller', 'symlink_install': False, 'test_result_base': None}
[1.185s] INFO:colcon.colcon_core.executor:Executing jobs using 'parallel' executor
[1.193s] DEBUG:colcon.colcon_parallel_executor.executor.parallel:run_until_complete
[1.193s] INFO:colcon.colcon_ros.task.ament_cmake.build:Building ROS package in '/home/conner/mechatronics/pid/pid_controller' with build type 'ament_cmake'
[1.194s] INFO:colcon.colcon_cmake.task.cmake.build:Building CMake package in '/home/conner/mechatronics/pid/pid_controller'
[1.204s] INFO:colcon.colcon_core.plugin_system:Skipping extension 'colcon_core.shell.bat': Not used on non-Windows systems
[1.205s] INFO:colcon.colcon_core.shell:Skip shell extension 'powershell' for command environment: Not usable outside of PowerShell
[1.205s] DEBUG:colcon.colcon_core.shell:Skip shell extension 'dsv' for command environment
[1.257s] DEBUG:colcon.colcon_core.event_handler.log_command:Invoking command in '/home/conner/mechatronics/pid/pid_controller/build/pid_controller': CMAKE_PREFIX_PATH=${CMAKE_PREFIX_PATH}:/opt/ros/foxy /usr/bin/cmake /home/conner/mechatronics/pid/pid_controller -DCMAKE_INSTALL_PREFIX=/home/conner/mechatronics/pid/pid_controller/install/pid_controller
[19.135s] DEBUG:colcon.colcon_core.event_handler.log_command:Invoked command in '/home/conner/mechatronics/pid/pid_controller/build/pid_controller' returned '1': CMAKE_PREFIX_PATH=${CMAKE_PREFIX_PATH}:/opt/ros/foxy /usr/bin/cmake /home/conner/mechatronics/pid/pid_controller -DCMAKE_INSTALL_PREFIX=/home/conner/mechatronics/pid/pid_controller/install/pid_controller
[19.161s] Level 1:colcon.colcon_core.environment:create_environment_scripts_only(pid_controller)
[19.176s] Level 1:colcon.colcon_core.environment:checking '/home/conner/mechatronics/pid/pid_controller/install/pid_controller' for CMake module files
[19.177s] Level 1:colcon.colcon_core.environment:checking '/home/conner/mechatronics/pid/pid_controller/install/pid_controller' for CMake config files
[19.178s] Level 1:colcon.colcon_core.environment:checking '/home/conner/mechatronics/pid/pid_controller/install/pid_controller/bin'
[19.178s] Level 1:colcon.colcon_core.environment:checking '/home/conner/mechatronics/pid/pid_controller/install/pid_controller/lib/pkgconfig/pid_controller.pc'
[19.179s] Level 1:colcon.colcon_core.environment:checking '/home/conner/mechatronics/pid/pid_controller/install/pid_controller/lib/python3.8/site-packages'
[19.179s] Level 1:colcon.colcon_core.environment:checking '/home/conner/mechatronics/pid/pid_controller/install/pid_controller/bin'
[19.182s] INFO:colcon.colcon_core.shell:Creating package script '/home/conner/mechatronics/pid/pid_controller/install/pid_controller/share/pid_controller/package.ps1'
[19.185s] INFO:colcon.colcon_core.shell:Creating package descriptor '/home/conner/mechatronics/pid/pid_controller/install/pid_controller/share/pid_controller/package.dsv'
[19.186s] INFO:colcon.colcon_core.shell:Creating package script '/home/conner/mechatronics/pid/pid_controller/install/pid_controller/share/pid_controller/package.sh'
[19.188s] INFO:colcon.colcon_core.shell:Creating package script '/home/conner/mechatronics/pid/pid_controller/install/pid_controller/share/pid_controller/package.bash'
[19.190s] INFO:colcon.colcon_core.shell:Creating package script '/home/conner/mechatronics/pid/pid_controller/install/pid_controller/share/pid_controller/package.zsh'
[19.192s] Level 1:colcon.colcon_core.environment:create_file_with_runtime_dependencies(/home/conner/mechatronics/pid/pid_controller/install/pid_controller/share/colcon-core/packages/pid_controller)
[19.253s] DEBUG:colcon.colcon_parallel_executor.executor.parallel:closing loop
[19.253s] DEBUG:colcon.colcon_parallel_executor.executor.parallel:loop closed
[19.254s] DEBUG:colcon.colcon_parallel_executor.executor.parallel:run_until_complete finished with '1'
[19.254s] DEBUG:colcon.colcon_core.event_reactor:joining thread
[19.407s] INFO:colcon.colcon_core.plugin_system:Skipping extension 'colcon_notification.desktop_notification.notify_send': Could not find 'notify-send'
[19.407s] INFO:colcon.colcon_core.plugin_system:Skipping extension 'colcon_notification.desktop_notification.terminal_notifier': Not used on non-Darwin systems
[19.407s] INFO:colcon.colcon_core.plugin_system:Skipping extension 'colcon_notification.desktop_notification.win32': Not used on non-Windows systems
[19.407s] INFO:colcon.colcon_notification.desktop_notification:Sending desktop notification using 'notify2'
[19.430s] DEBUG:colcon.colcon_notification.desktop_notification.notify2:Failed to initialize notify2: org.freedesktop.DBus.Error.ServiceUnknown: The name org.freedesktop.Notifications was not provided by any .service files
[19.430s] DEBUG:colcon.colcon_core.event_reactor:joined thread
[19.433s] INFO:colcon.colcon_core.shell:Creating prefix script '/home/conner/mechatronics/pid/pid_controller/install/local_setup.ps1'
[19.435s] INFO:colcon.colcon_core.shell:Creating prefix util module '/home/conner/mechatronics/pid/pid_controller/install/_local_setup_util_ps1.py'
[19.437s] INFO:colcon.colcon_core.shell:Creating prefix chain script '/home/conner/mechatronics/pid/pid_controller/install/setup.ps1'
[19.440s] INFO:colcon.colcon_core.shell:Creating prefix script '/home/conner/mechatronics/pid/pid_controller/install/local_setup.sh'
[19.441s] INFO:colcon.colcon_core.shell:Creating prefix util module '/home/conner/mechatronics/pid/pid_controller/install/_local_setup_util_sh.py'
[19.442s] INFO:colcon.colcon_core.shell:Creating prefix chain script '/home/conner/mechatronics/pid/pid_controller/install/setup.sh'
[19.444s] INFO:colcon.colcon_core.shell:Creating prefix script '/home/conner/mechatronics/pid/pid_controller/install/local_setup.bash'
[19.445s] INFO:colcon.colcon_core.shell:Creating prefix chain script '/home/conner/mechatronics/pid/pid_controller/install/setup.bash'
[19.446s] INFO:colcon.colcon_core.shell:Creating prefix script '/home/conner/mechatronics/pid/pid_controller/install/local_setup.zsh'
[19.452s] INFO:colcon.colcon_core.shell:Creating prefix chain script '/home/conner/mechatronics/pid/pid_controller/install/setup.zsh'
